[ 12%] [32mBuilding CXX object CMakeFiles/ldlidar_stl_ros2_node.dir/ldlidar_driver/src/logger/log_module.cpp.o[0m
[ 25%] [32m[1mLinking CXX executable ldlidar_stl_ros2_node[0m
[100%] Built target ldlidar_stl_ros2_node
-- Install configuration: ""
-- Installing: /home/ro01/workspace/ros2_ws/install/ldlidar_stl_ros2/lib/ldlidar_stl_ros2/ldlidar_stl_ros2_node
-- Set non-toolchain portion of runtime path of "/home/ro01/workspace/ros2_ws/install/ldlidar_stl_ros2/lib/ldlidar_stl_ros2/ldlidar_stl_ros2_node" to ""
-- Installing: /home/ro01/workspace/ros2_ws/install/ldlidar_stl_ros2/share/ldlidar_stl_ros2//launch
-- Installing: /home/ro01/workspace/ros2_ws/install/ldlidar_stl_ros2/share/ldlidar_stl_ros2//launch/stl27l.launch.py
-- Installing: /home/ro01/workspace/ros2_ws/install/ldlidar_stl_ros2/share/ldlidar_stl_ros2//launch/viewer_stl27l.launch.py
-- Installing: /home/ro01/workspace/ros2_ws/install/ldlidar_stl_ros2/share/ldlidar_stl_ros2//launch/__pycache__
-- Installing: /home/ro01/workspace/ros2_ws/install/ldlidar_stl_ros2/share/ldlidar_stl_ros2//launch/__pycache__/ld19.launch.cpython-310.pyc
-- Installing: /home/ro01/workspace/ros2_ws/install/ldlidar_stl_ros2/share/ldlidar_stl_ros2//launch/__pycache__/viewer_ld19.launch.cpython-310.pyc
-- Installing: /home/ro01/workspace/ros2_ws/install/ldlidar_stl_ros2/share/ldlidar_stl_ros2//launch/viewer_ld19.launch.py
-- Installing: /home/ro01/workspace/ros2_ws/install/ldlidar_stl_ros2/share/ldlidar_stl_ros2//launch/ld06.launch.py
-- Installing: /home/ro01/workspace/ros2_ws/install/ldlidar_stl_ros2/share/ldlidar_stl_ros2//launch/ld19.launch.py
-- Installing: /home/ro01/workspace/ros2_ws/install/ldlidar_stl_ros2/share/ldlidar_stl_ros2//launch/viewer_ld06.launch.py
-- Installing: /home/ro01/workspace/ros2_ws/install/ldlidar_stl_ros2/share/ldlidar_stl_ros2//rviz2
-- Installing: /home/ro01/workspace/ros2_ws/install/ldlidar_stl_ros2/share/ldlidar_stl_ros2//rviz2/ldlidar.rviz
-- Installing: /home/ro01/workspace/ros2_ws/install/ldlidar_stl_ros2/share/ament_index/resource_index/package_run_dependencies/ldlidar_stl_ros2
-- Installing: /home/ro01/workspace/ros2_ws/install/ldlidar_stl_ros2/share/ament_index/resource_index/parent_prefix_path/ldlidar_stl_ros2
-- Installing: /home/ro01/workspace/ros2_ws/install/ldlidar_stl_ros2/share/ldlidar_stl_ros2/environment/ament_prefix_path.sh
-- Installing: /home/ro01/workspace/ros2_ws/install/ldlidar_stl_ros2/share/ldlidar_stl_ros2/environment/ament_prefix_path.dsv
-- Installing: /home/ro01/workspace/ros2_ws/install/ldlidar_stl_ros2/share/ldlidar_stl_ros2/environment/path.sh
-- Installing: /home/ro01/workspace/ros2_ws/install/ldlidar_stl_ros2/share/ldlidar_stl_ros2/environment/path.dsv
-- Installing: /home/ro01/workspace/ros2_ws/install/ldlidar_stl_ros2/share/ldlidar_stl_ros2/local_setup.bash
-- Installing: /home/ro01/workspace/ros2_ws/install/ldlidar_stl_ros2/share/ldlidar_stl_ros2/local_setup.sh
-- Installing: /home/ro01/workspace/ros2_ws/install/ldlidar_stl_ros2/share/ldlidar_stl_ros2/local_setup.zsh
-- Installing: /home/ro01/workspace/ros2_ws/install/ldlidar_stl_ros2/share/ldlidar_stl_ros2/local_setup.dsv
-- Installing: /home/ro01/workspace/ros2_ws/install/ldlidar_stl_ros2/share/ldlidar_stl_ros2/package.dsv
-- Installing: /home/ro01/workspace/ros2_ws/install/ldlidar_stl_ros2/share/ament_index/resource_index/packages/ldlidar_stl_ros2
-- Installing: /home/ro01/workspace/ros2_ws/install/ldlidar_stl_ros2/share/ldlidar_stl_ros2/cmake/ldlidar_stl_ros2Config.cmake
-- Installing: /home/ro01/workspace/ros2_ws/install/ldlidar_stl_ros2/share/ldlidar_stl_ros2/cmake/ldlidar_stl_ros2Config-version.cmake
-- Installing: /home/ro01/workspace/ros2_ws/install/ldlidar_stl_ros2/share/ldlidar_stl_ros2/package.xml
