/home/oli/Desktop/Oliver/Uni/MA/RepoTrajektorienfolgeregelung/MA-Trajektorienfolgeregelung/workspace/ros2_ws/install/controller/lib/python3.12/site-packages/controller/odom_publisher_node.py
/home/oli/Desktop/Oliver/Uni/MA/RepoTrajektorienfolgeregelung/MA-Trajektorienfolgeregelung/workspace/ros2_ws/install/controller/lib/python3.12/site-packages/controller/mecanum.py
/home/oli/Desktop/Oliver/Uni/MA/RepoTrajektorienfolgeregelung/MA-Trajektorienfolgeregelung/workspace/ros2_ws/install/controller/lib/python3.12/site-packages/controller/ackermann.py
/home/oli/Desktop/Oliver/Uni/MA/RepoTrajektorienfolgeregelung/MA-Trajektorienfolgeregelung/workspace/ros2_ws/install/controller/lib/python3.12/site-packages/controller/__init__.py
/home/oli/Desktop/Oliver/Uni/MA/RepoTrajektorienfolgeregelung/MA-Trajektorienfolgeregelung/workspace/ros2_ws/install/controller/lib/python3.12/site-packages/controller/init_pose.py
/home/oli/Desktop/Oliver/Uni/MA/RepoTrajektorienfolgeregelung/MA-Trajektorienfolgeregelung/workspace/ros2_ws/install/controller/lib/python3.12/site-packages/controller/__pycache__/odom_publisher_node.cpython-312.pyc
/home/oli/Desktop/Oliver/Uni/MA/RepoTrajektorienfolgeregelung/MA-Trajektorienfolgeregelung/workspace/ros2_ws/install/controller/lib/python3.12/site-packages/controller/__pycache__/mecanum.cpython-312.pyc
/home/oli/Desktop/Oliver/Uni/MA/RepoTrajektorienfolgeregelung/MA-Trajektorienfolgeregelung/workspace/ros2_ws/install/controller/lib/python3.12/site-packages/controller/__pycache__/ackermann.cpython-312.pyc
/home/oli/Desktop/Oliver/Uni/MA/RepoTrajektorienfolgeregelung/MA-Trajektorienfolgeregelung/workspace/ros2_ws/install/controller/lib/python3.12/site-packages/controller/__pycache__/__init__.cpython-312.pyc
/home/oli/Desktop/Oliver/Uni/MA/RepoTrajektorienfolgeregelung/MA-Trajektorienfolgeregelung/workspace/ros2_ws/install/controller/lib/python3.12/site-packages/controller/__pycache__/init_pose.cpython-312.pyc
/home/oli/Desktop/Oliver/Uni/MA/RepoTrajektorienfolgeregelung/MA-Trajektorienfolgeregelung/workspace/ros2_ws/install/controller/share/ament_index/resource_index/packages/controller
/home/oli/Desktop/Oliver/Uni/MA/RepoTrajektorienfolgeregelung/MA-Trajektorienfolgeregelung/workspace/ros2_ws/install/controller/share/controller/package.xml
/home/oli/Desktop/Oliver/Uni/MA/RepoTrajektorienfolgeregelung/MA-Trajektorienfolgeregelung/workspace/ros2_ws/install/controller/share/controller/launch/rf2o_laser_odometry.launch.py
/home/oli/Desktop/Oliver/Uni/MA/RepoTrajektorienfolgeregelung/MA-Trajektorienfolgeregelung/workspace/ros2_ws/install/controller/share/controller/launch/odom_publisher.launch.py
/home/oli/Desktop/Oliver/Uni/MA/RepoTrajektorienfolgeregelung/MA-Trajektorienfolgeregelung/workspace/ros2_ws/install/controller/share/controller/launch/controller.launch.py
/home/oli/Desktop/Oliver/Uni/MA/RepoTrajektorienfolgeregelung/MA-Trajektorienfolgeregelung/workspace/ros2_ws/install/controller/share/controller/launch/init_pose.launch.py
/home/oli/Desktop/Oliver/Uni/MA/RepoTrajektorienfolgeregelung/MA-Trajektorienfolgeregelung/workspace/ros2_ws/install/controller/share/controller/config/calibrate_params.yaml
/home/oli/Desktop/Oliver/Uni/MA/RepoTrajektorienfolgeregelung/MA-Trajektorienfolgeregelung/workspace/ros2_ws/install/controller/share/controller/config/init_pose.yaml
/home/oli/Desktop/Oliver/Uni/MA/RepoTrajektorienfolgeregelung/MA-Trajektorienfolgeregelung/workspace/ros2_ws/install/controller/share/controller/config/ekf.yaml
/home/oli/Desktop/Oliver/Uni/MA/RepoTrajektorienfolgeregelung/MA-Trajektorienfolgeregelung/workspace/ros2_ws/install/controller/lib/python3.12/site-packages/controller-0.0.0-py3.12.egg-info/entry_points.txt
/home/oli/Desktop/Oliver/Uni/MA/RepoTrajektorienfolgeregelung/MA-Trajektorienfolgeregelung/workspace/ros2_ws/install/controller/lib/python3.12/site-packages/controller-0.0.0-py3.12.egg-info/zip-safe
/home/oli/Desktop/Oliver/Uni/MA/RepoTrajektorienfolgeregelung/MA-Trajektorienfolgeregelung/workspace/ros2_ws/install/controller/lib/python3.12/site-packages/controller-0.0.0-py3.12.egg-info/PKG-INFO
/home/oli/Desktop/Oliver/Uni/MA/RepoTrajektorienfolgeregelung/MA-Trajektorienfolgeregelung/workspace/ros2_ws/install/controller/lib/python3.12/site-packages/controller-0.0.0-py3.12.egg-info/top_level.txt
/home/oli/Desktop/Oliver/Uni/MA/RepoTrajektorienfolgeregelung/MA-Trajektorienfolgeregelung/workspace/ros2_ws/install/controller/lib/python3.12/site-packages/controller-0.0.0-py3.12.egg-info/dependency_links.txt
/home/oli/Desktop/Oliver/Uni/MA/RepoTrajektorienfolgeregelung/MA-Trajektorienfolgeregelung/workspace/ros2_ws/install/controller/lib/python3.12/site-packages/controller-0.0.0-py3.12.egg-info/SOURCES.txt
/home/oli/Desktop/Oliver/Uni/MA/RepoTrajektorienfolgeregelung/MA-Trajektorienfolgeregelung/workspace/ros2_ws/install/controller/lib/python3.12/site-packages/controller-0.0.0-py3.12.egg-info/requires.txt
/home/oli/Desktop/Oliver/Uni/MA/RepoTrajektorienfolgeregelung/MA-Trajektorienfolgeregelung/workspace/ros2_ws/install/controller/lib/controller/init_pose
/home/oli/Desktop/Oliver/Uni/MA/RepoTrajektorienfolgeregelung/MA-Trajektorienfolgeregelung/workspace/ros2_ws/install/controller/lib/controller/odom_publisher
