[4.362s] Invoking command in '/home/oli/Desktop/Oliver/Uni/MA/RepoTrajektorienfolgeregelung/MA-Trajektorienfolgeregelung/workspace/ros2_ws/build/mentorpi_description': DEBUGINFOD_URLS=https://debuginfod.ubuntu.com PYTHONPATH=/home/oli/Desktop/Oliver/Uni/MA/RepoTrajektorienfolgeregelung/MA-Trajektorienfolgeregelung/workspace/ros2_ws/build/mentorpi_description/prefix_override:/usr/lib/python3/dist-packages/colcon_core/task/python/colcon_distutils_commands:/home/oli/Desktop/Oliver/Uni/MA/RepoTrajektorienfolgeregelung/MA-Trajektorienfolgeregelung/workspace/ros2_ws/install/mentorpi_description/lib/python3.12/site-packages:${PYTHONPATH} VIRTUAL_ENV_PROMPT=(venv) /usr/bin/python3 -W ignore:setup.py install is deprecated -W ignore:easy_install command is deprecated setup.py develop --uninstall --editable --build-directory /home/oli/Desktop/Oliver/Uni/MA/RepoTrajektorienfolgeregelung/MA-Trajektorienfolgeregelung/workspace/ros2_ws/build/mentorpi_description/build
[6.546s] running develop
[7.789s] Removing /home/oli/Desktop/Oliver/Uni/MA/RepoTrajektorienfolgeregelung/MA-Trajektorienfolgeregelung/workspace/ros2_ws/install/mentorpi_description/lib/python3.12/site-packages/mentorpi-description.egg-link (link to .)
[8.020s] Invoked command in '/home/oli/Desktop/Oliver/Uni/MA/RepoTrajektorienfolgeregelung/MA-Trajektorienfolgeregelung/workspace/ros2_ws/build/mentorpi_description' returned '0': DEBUGINFOD_URLS=https://debuginfod.ubuntu.com PYTHONPATH=/home/oli/Desktop/Oliver/Uni/MA/RepoTrajektorienfolgeregelung/MA-Trajektorienfolgeregelung/workspace/ros2_ws/build/mentorpi_description/prefix_override:/usr/lib/python3/dist-packages/colcon_core/task/python/colcon_distutils_commands:/home/oli/Desktop/Oliver/Uni/MA/RepoTrajektorienfolgeregelung/MA-Trajektorienfolgeregelung/workspace/ros2_ws/install/mentorpi_description/lib/python3.12/site-packages:${PYTHONPATH} VIRTUAL_ENV_PROMPT=(venv) /usr/bin/python3 -W ignore:setup.py install is deprecated -W ignore:easy_install command is deprecated setup.py develop --uninstall --editable --build-directory /home/oli/Desktop/Oliver/Uni/MA/RepoTrajektorienfolgeregelung/MA-Trajektorienfolgeregelung/workspace/ros2_ws/build/mentorpi_description/build
[8.025s] Invoking command in '/home/oli/Desktop/Oliver/Uni/MA/RepoTrajektorienfolgeregelung/MA-Trajektorienfolgeregelung/workspace/ros2_ws/src/simulations/mentorpi_description': DEBUGINFOD_URLS=https://debuginfod.ubuntu.com PYTHONPATH=/home/oli/Desktop/Oliver/Uni/MA/RepoTrajektorienfolgeregelung/MA-Trajektorienfolgeregelung/workspace/ros2_ws/build/mentorpi_description/prefix_override:/usr/lib/python3/dist-packages/colcon_core/task/python/colcon_distutils_commands:/home/oli/Desktop/Oliver/Uni/MA/RepoTrajektorienfolgeregelung/MA-Trajektorienfolgeregelung/workspace/ros2_ws/install/mentorpi_description/lib/python3.12/site-packages:${PYTHONPATH} VIRTUAL_ENV_PROMPT=(venv) /usr/bin/python3 -W ignore:setup.py install is deprecated -W ignore:easy_install command is deprecated setup.py egg_info --egg-base ../../../build/mentorpi_description build --build-base /home/oli/Desktop/Oliver/Uni/MA/RepoTrajektorienfolgeregelung/MA-Trajektorienfolgeregelung/workspace/ros2_ws/build/mentorpi_description/build install --record /home/oli/Desktop/Oliver/Uni/MA/RepoTrajektorienfolgeregelung/MA-Trajektorienfolgeregelung/workspace/ros2_ws/build/mentorpi_description/install.log --single-version-externally-managed install_data --force
[9.824s] running egg_info
[9.824s] writing ../../../build/mentorpi_description/mentorpi_description.egg-info/PKG-INFO
[9.824s] writing dependency_links to ../../../build/mentorpi_description/mentorpi_description.egg-info/dependency_links.txt
[9.825s] writing requirements to ../../../build/mentorpi_description/mentorpi_description.egg-info/requires.txt
[9.825s] writing top-level names to ../../../build/mentorpi_description/mentorpi_description.egg-info/top_level.txt
[9.825s] reading manifest file '../../../build/mentorpi_description/mentorpi_description.egg-info/SOURCES.txt'
[9.825s] writing manifest file '../../../build/mentorpi_description/mentorpi_description.egg-info/SOURCES.txt'
[9.825s] running build
[9.826s] running build_py
[9.826s] creating /home/oli/Desktop/Oliver/Uni/MA/RepoTrajektorienfolgeregelung/MA-Trajektorienfolgeregelung/workspace/ros2_ws/build/mentorpi_description/build
[9.826s] creating /home/oli/Desktop/Oliver/Uni/MA/RepoTrajektorienfolgeregelung/MA-Trajektorienfolgeregelung/workspace/ros2_ws/build/mentorpi_description/build/lib
[9.826s] creating /home/oli/Desktop/Oliver/Uni/MA/RepoTrajektorienfolgeregelung/MA-Trajektorienfolgeregelung/workspace/ros2_ws/build/mentorpi_description/build/lib/mentorpi_description
[9.826s] copying mentorpi_description/__init__.py -> /home/oli/Desktop/Oliver/Uni/MA/RepoTrajektorienfolgeregelung/MA-Trajektorienfolgeregelung/workspace/ros2_ws/build/mentorpi_description/build/lib/mentorpi_description
[9.826s] running install
[9.827s] running install_lib
[9.837s] creating /home/oli/Desktop/Oliver/Uni/MA/RepoTrajektorienfolgeregelung/MA-Trajektorienfolgeregelung/workspace/ros2_ws/install/mentorpi_description/lib/python3.12/site-packages/mentorpi_description
[9.837s] copying /home/oli/Desktop/Oliver/Uni/MA/RepoTrajektorienfolgeregelung/MA-Trajektorienfolgeregelung/workspace/ros2_ws/build/mentorpi_description/build/lib/mentorpi_description/__init__.py -> /home/oli/Desktop/Oliver/Uni/MA/RepoTrajektorienfolgeregelung/MA-Trajektorienfolgeregelung/workspace/ros2_ws/install/mentorpi_description/lib/python3.12/site-packages/mentorpi_description
[9.838s] byte-compiling /home/oli/Desktop/Oliver/Uni/MA/RepoTrajektorienfolgeregelung/MA-Trajektorienfolgeregelung/workspace/ros2_ws/install/mentorpi_description/lib/python3.12/site-packages/mentorpi_description/__init__.py to __init__.cpython-312.pyc
[9.839s] running install_data
[9.839s] copying resource/mentorpi_description -> /home/oli/Desktop/Oliver/Uni/MA/RepoTrajektorienfolgeregelung/MA-Trajektorienfolgeregelung/workspace/ros2_ws/install/mentorpi_description/share/ament_index/resource_index/packages
[9.839s] copying package.xml -> /home/oli/Desktop/Oliver/Uni/MA/RepoTrajektorienfolgeregelung/MA-Trajektorienfolgeregelung/workspace/ros2_ws/install/mentorpi_description/share/mentorpi_description
[9.840s] copying launch/robot_description.launch.py -> /home/oli/Desktop/Oliver/Uni/MA/RepoTrajektorienfolgeregelung/MA-Trajektorienfolgeregelung/workspace/ros2_ws/install/mentorpi_description/share/mentorpi_description/launch
[9.841s] copying launch/rviz.launch.py -> /home/oli/Desktop/Oliver/Uni/MA/RepoTrajektorienfolgeregelung/MA-Trajektorienfolgeregelung/workspace/ros2_ws/install/mentorpi_description/share/mentorpi_description/launch
[9.841s] copying launch/display.launch.py -> /home/oli/Desktop/Oliver/Uni/MA/RepoTrajektorienfolgeregelung/MA-Trajektorienfolgeregelung/workspace/ros2_ws/install/mentorpi_description/share/mentorpi_description/launch
[9.842s] copying urdf/inertial_matrix.xacro -> /home/oli/Desktop/Oliver/Uni/MA/RepoTrajektorienfolgeregelung/MA-Trajektorienfolgeregelung/workspace/ros2_ws/install/mentorpi_description/share/mentorpi_description/urdf
[9.845s] copying urdf/imu.urdf.xacro -> /home/oli/Desktop/Oliver/Uni/MA/RepoTrajektorienfolgeregelung/MA-Trajektorienfolgeregelung/workspace/ros2_ws/install/mentorpi_description/share/mentorpi_description/urdf
[9.845s] copying urdf/materials.xacro -> /home/oli/Desktop/Oliver/Uni/MA/RepoTrajektorienfolgeregelung/MA-Trajektorienfolgeregelung/workspace/ros2_ws/install/mentorpi_description/share/mentorpi_description/urdf
[9.845s] copying urdf/mecanum.xacro -> /home/oli/Desktop/Oliver/Uni/MA/RepoTrajektorienfolgeregelung/MA-Trajektorienfolgeregelung/workspace/ros2_ws/install/mentorpi_description/share/mentorpi_description/urdf
[9.847s] copying urdf/ack.xacro -> /home/oli/Desktop/Oliver/Uni/MA/RepoTrajektorienfolgeregelung/MA-Trajektorienfolgeregelung/workspace/ros2_ws/install/mentorpi_description/share/mentorpi_description/urdf
[9.849s] copying urdf/mentorpi.xacro -> /home/oli/Desktop/Oliver/Uni/MA/RepoTrajektorienfolgeregelung/MA-Trajektorienfolgeregelung/workspace/ros2_ws/install/mentorpi_description/share/mentorpi_description/urdf
[9.849s] copying urdf/lidar.urdf.xacro -> /home/oli/Desktop/Oliver/Uni/MA/RepoTrajektorienfolgeregelung/MA-Trajektorienfolgeregelung/workspace/ros2_ws/install/mentorpi_description/share/mentorpi_description/urdf
[9.850s] copying rviz/view.rviz -> /home/oli/Desktop/Oliver/Uni/MA/RepoTrajektorienfolgeregelung/MA-Trajektorienfolgeregelung/workspace/ros2_ws/install/mentorpi_description/share/mentorpi_description/rviz
[9.851s] copying meshes/acker/wheel_lf_Link.STL -> /home/oli/Desktop/Oliver/Uni/MA/RepoTrajektorienfolgeregelung/MA-Trajektorienfolgeregelung/workspace/ros2_ws/install/mentorpi_description/share/mentorpi_description/meshes/acker
[9.872s] copying meshes/acker/imu_link.stl -> /home/oli/Desktop/Oliver/Uni/MA/RepoTrajektorienfolgeregelung/MA-Trajektorienfolgeregelung/workspace/ros2_ws/install/mentorpi_description/share/mentorpi_description/meshes/acker
[9.873s] copying meshes/acker/lidar_Link.STL -> /home/oli/Desktop/Oliver/Uni/MA/RepoTrajektorienfolgeregelung/MA-Trajektorienfolgeregelung/workspace/ros2_ws/install/mentorpi_description/share/mentorpi_description/meshes/acker
[9.880s] copying meshes/acker/base_link.STL -> /home/oli/Desktop/Oliver/Uni/MA/RepoTrajektorienfolgeregelung/MA-Trajektorienfolgeregelung/workspace/ros2_ws/install/mentorpi_description/share/mentorpi_description/meshes/acker
[9.882s] copying meshes/acker/wheel_rb_Link.STL -> /home/oli/Desktop/Oliver/Uni/MA/RepoTrajektorienfolgeregelung/MA-Trajektorienfolgeregelung/workspace/ros2_ws/install/mentorpi_description/share/mentorpi_description/meshes/acker
[9.893s] copying meshes/acker/wheel_lb_Link.STL -> /home/oli/Desktop/Oliver/Uni/MA/RepoTrajektorienfolgeregelung/MA-Trajektorienfolgeregelung/workspace/ros2_ws/install/mentorpi_description/share/mentorpi_description/meshes/acker
[9.927s] copying meshes/acker/cam_Link.STL -> /home/oli/Desktop/Oliver/Uni/MA/RepoTrajektorienfolgeregelung/MA-Trajektorienfolgeregelung/workspace/ros2_ws/install/mentorpi_description/share/mentorpi_description/meshes/acker
[9.957s] copying meshes/acker/wheel_rf_Link.STL -> /home/oli/Desktop/Oliver/Uni/MA/RepoTrajektorienfolgeregelung/MA-Trajektorienfolgeregelung/workspace/ros2_ws/install/mentorpi_description/share/mentorpi_description/meshes/acker
[9.972s] copying meshes/mecanum/wheel_lf_Link.STL -> /home/oli/Desktop/Oliver/Uni/MA/RepoTrajektorienfolgeregelung/MA-Trajektorienfolgeregelung/workspace/ros2_ws/install/mentorpi_description/share/mentorpi_description/meshes/mecanum
[10.031s] copying meshes/mecanum/lidar_Link.STL -> /home/oli/Desktop/Oliver/Uni/MA/RepoTrajektorienfolgeregelung/MA-Trajektorienfolgeregelung/workspace/ros2_ws/install/mentorpi_description/share/mentorpi_description/meshes/mecanum
[10.037s] copying meshes/mecanum/base_link.STL -> /home/oli/Desktop/Oliver/Uni/MA/RepoTrajektorienfolgeregelung/MA-Trajektorienfolgeregelung/workspace/ros2_ws/install/mentorpi_description/share/mentorpi_description/meshes/mecanum
[10.042s] copying meshes/mecanum/wheel_rb_Link.STL -> /home/oli/Desktop/Oliver/Uni/MA/RepoTrajektorienfolgeregelung/MA-Trajektorienfolgeregelung/workspace/ros2_ws/install/mentorpi_description/share/mentorpi_description/meshes/mecanum
[10.088s] copying meshes/mecanum/wheel_lb_Link.STL -> /home/oli/Desktop/Oliver/Uni/MA/RepoTrajektorienfolgeregelung/MA-Trajektorienfolgeregelung/workspace/ros2_ws/install/mentorpi_description/share/mentorpi_description/meshes/mecanum
[10.145s] copying meshes/mecanum/cam_Link.STL -> /home/oli/Desktop/Oliver/Uni/MA/RepoTrajektorienfolgeregelung/MA-Trajektorienfolgeregelung/workspace/ros2_ws/install/mentorpi_description/share/mentorpi_description/meshes/mecanum
[10.181s] copying meshes/mecanum/wheel_rf_Link.STL -> /home/oli/Desktop/Oliver/Uni/MA/RepoTrajektorienfolgeregelung/MA-Trajektorienfolgeregelung/workspace/ros2_ws/install/mentorpi_description/share/mentorpi_description/meshes/mecanum
[10.268s] running install_egg_info
[10.348s] Copying ../../../build/mentorpi_description/mentorpi_description.egg-info to /home/oli/Desktop/Oliver/Uni/MA/RepoTrajektorienfolgeregelung/MA-Trajektorienfolgeregelung/workspace/ros2_ws/install/mentorpi_description/lib/python3.12/site-packages/mentorpi_description-0.0.0-py3.12.egg-info
[10.367s] running install_scripts
[11.024s] writing list of installed files to '/home/oli/Desktop/Oliver/Uni/MA/RepoTrajektorienfolgeregelung/MA-Trajektorienfolgeregelung/workspace/ros2_ws/build/mentorpi_description/install.log'
[11.116s] Invoked command in '/home/oli/Desktop/Oliver/Uni/MA/RepoTrajektorienfolgeregelung/MA-Trajektorienfolgeregelung/workspace/ros2_ws/src/simulations/mentorpi_description' returned '0': DEBUGINFOD_URLS=https://debuginfod.ubuntu.com PYTHONPATH=/home/oli/Desktop/Oliver/Uni/MA/RepoTrajektorienfolgeregelung/MA-Trajektorienfolgeregelung/workspace/ros2_ws/build/mentorpi_description/prefix_override:/usr/lib/python3/dist-packages/colcon_core/task/python/colcon_distutils_commands:/home/oli/Desktop/Oliver/Uni/MA/RepoTrajektorienfolgeregelung/MA-Trajektorienfolgeregelung/workspace/ros2_ws/install/mentorpi_description/lib/python3.12/site-packages:${PYTHONPATH} VIRTUAL_ENV_PROMPT=(venv) /usr/bin/python3 -W ignore:setup.py install is deprecated -W ignore:easy_install command is deprecated setup.py egg_info --egg-base ../../../build/mentorpi_description build --build-base /home/oli/Desktop/Oliver/Uni/MA/RepoTrajektorienfolgeregelung/MA-Trajektorienfolgeregelung/workspace/ros2_ws/build/mentorpi_description/build install --record /home/oli/Desktop/Oliver/Uni/MA/RepoTrajektorienfolgeregelung/MA-Trajektorienfolgeregelung/workspace/ros2_ws/build/mentorpi_description/install.log --single-version-externally-managed install_data --force
