[2.347s] Invoking command in '/home/ro01/workspace/ros2_ws/src/driver/controller': DEBUGINFOD_URLS=https://debuginfod.ubuntu.com PYTHONPATH=/home/ro01/workspace/ros2_ws/build/controller/prefix_override:/usr/lib/python3/dist-packages/colcon_core/task/python/colcon_distutils_commands:/home/ro01/workspace/ros2_ws/install/controller/lib/python3.12/site-packages:${PYTHONPATH} /usr/bin/python3 -W ignore:setup.py install is deprecated -W ignore:easy_install command is deprecated setup.py egg_info --egg-base ../../../build/controller build --build-base /home/ro01/workspace/ros2_ws/build/controller/build install --record /home/ro01/workspace/ros2_ws/build/controller/install.log --single-version-externally-managed install_data
[2.797s] running egg_info
[2.824s] writing ../../../build/controller/controller.egg-info/PKG-INFO
[2.825s] writing dependency_links to ../../../build/controller/controller.egg-info/dependency_links.txt
[2.825s] writing entry points to ../../../build/controller/controller.egg-info/entry_points.txt
[2.826s] writing requirements to ../../../build/controller/controller.egg-info/requires.txt
[2.826s] writing top-level names to ../../../build/controller/controller.egg-info/top_level.txt
[2.888s] reading manifest file '../../../build/controller/controller.egg-info/SOURCES.txt'
[2.891s] writing manifest file '../../../build/controller/controller.egg-info/SOURCES.txt'
[2.897s] running build
[2.898s] running build_py
[2.898s] running install
[2.909s] running install_lib
[2.938s] running install_data
[2.940s] running install_egg_info
[2.973s] removing '/home/ro01/workspace/ros2_ws/install/controller/lib/python3.12/site-packages/controller-0.0.0-py3.12.egg-info' (and everything under it)
[2.975s] Copying ../../../build/controller/controller.egg-info to /home/ro01/workspace/ros2_ws/install/controller/lib/python3.12/site-packages/controller-0.0.0-py3.12.egg-info
[2.976s] running install_scripts
[3.286s] Installing init_pose script to /home/ro01/workspace/ros2_ws/install/controller/lib/controller
[3.293s] Installing odom_publisher script to /home/ro01/workspace/ros2_ws/install/controller/lib/controller
[3.296s] writing list of installed files to '/home/ro01/workspace/ros2_ws/build/controller/install.log'
[3.454s] Invoked command in '/home/ro01/workspace/ros2_ws/src/driver/controller' returned '0': DEBUGINFOD_URLS=https://debuginfod.ubuntu.com PYTHONPATH=/home/ro01/workspace/ros2_ws/build/controller/prefix_override:/usr/lib/python3/dist-packages/colcon_core/task/python/colcon_distutils_commands:/home/ro01/workspace/ros2_ws/install/controller/lib/python3.12/site-packages:${PYTHONPATH} /usr/bin/python3 -W ignore:setup.py install is deprecated -W ignore:easy_install command is deprecated setup.py egg_info --egg-base ../../../build/controller build --build-base /home/ro01/workspace/ros2_ws/build/controller/build install --record /home/ro01/workspace/ros2_ws/build/controller/install.log --single-version-externally-managed install_data
