running egg_info
creating ../../build/mpc_obstacle/mpc_obstacle.egg-info
writing ../../build/mpc_obstacle/mpc_obstacle.egg-info/PKG-INFO
writing dependency_links to ../../build/mpc_obstacle/mpc_obstacle.egg-info/dependency_links.txt
writing entry points to ../../build/mpc_obstacle/mpc_obstacle.egg-info/entry_points.txt
writing requirements to ../../build/mpc_obstacle/mpc_obstacle.egg-info/requires.txt
writing top-level names to ../../build/mpc_obstacle/mpc_obstacle.egg-info/top_level.txt
writing manifest file '../../build/mpc_obstacle/mpc_obstacle.egg-info/SOURCES.txt'
reading manifest file '../../build/mpc_obstacle/mpc_obstacle.egg-info/SOURCES.txt'
adding license file 'LICENSE'
writing manifest file '../../build/mpc_obstacle/mpc_obstacle.egg-info/SOURCES.txt'
running build
running build_py
creating /home/oli/Desktop/Oliver/Uni/MA/RepoTrajektorienfolgeregelung/MA-Trajektorienfolgeregelung/workspace/ros2_ws/build/mpc_obstacle/build
creating /home/oli/Desktop/Oliver/Uni/MA/RepoTrajektorienfolgeregelung/MA-Trajektorienfolgeregelung/workspace/ros2_ws/build/mpc_obstacle/build/lib
creating /home/oli/Desktop/Oliver/Uni/MA/RepoTrajektorienfolgeregelung/MA-Trajektorienfolgeregelung/workspace/ros2_ws/build/mpc_obstacle/build/lib/mpc_obstacle
copying mpc_obstacle/mpc_CL_dynObs2.py -> /home/oli/Desktop/Oliver/Uni/MA/RepoTrajektorienfolgeregelung/MA-Trajektorienfolgeregelung/workspace/ros2_ws/build/mpc_obstacle/build/lib/mpc_obstacle
copying mpc_obstacle/mpc_CL_obstacle.py -> /home/oli/Desktop/Oliver/Uni/MA/RepoTrajektorienfolgeregelung/MA-Trajektorienfolgeregelung/workspace/ros2_ws/build/mpc_obstacle/build/lib/mpc_obstacle
copying mpc_obstacle/slackMPC_CL.py -> /home/oli/Desktop/Oliver/Uni/MA/RepoTrajektorienfolgeregelung/MA-Trajektorienfolgeregelung/workspace/ros2_ws/build/mpc_obstacle/build/lib/mpc_obstacle
copying mpc_obstacle/adaptiveMPC_OL.py -> /home/oli/Desktop/Oliver/Uni/MA/RepoTrajektorienfolgeregelung/MA-Trajektorienfolgeregelung/workspace/ros2_ws/build/mpc_obstacle/build/lib/mpc_obstacle
copying mpc_obstacle/mpc_CL_dynObs.py -> /home/oli/Desktop/Oliver/Uni/MA/RepoTrajektorienfolgeregelung/MA-Trajektorienfolgeregelung/workspace/ros2_ws/build/mpc_obstacle/build/lib/mpc_obstacle
copying mpc_obstacle/mpc_OL_dynObs2.py -> /home/oli/Desktop/Oliver/Uni/MA/RepoTrajektorienfolgeregelung/MA-Trajektorienfolgeregelung/workspace/ros2_ws/build/mpc_obstacle/build/lib/mpc_obstacle
copying mpc_obstacle/slackMPC_OL.py -> /home/oli/Desktop/Oliver/Uni/MA/RepoTrajektorienfolgeregelung/MA-Trajektorienfolgeregelung/workspace/ros2_ws/build/mpc_obstacle/build/lib/mpc_obstacle
copying mpc_obstacle/adaptiveMPC_CL.py -> /home/oli/Desktop/Oliver/Uni/MA/RepoTrajektorienfolgeregelung/MA-Trajektorienfolgeregelung/workspace/ros2_ws/build/mpc_obstacle/build/lib/mpc_obstacle
copying mpc_obstacle/__init__.py -> /home/oli/Desktop/Oliver/Uni/MA/RepoTrajektorienfolgeregelung/MA-Trajektorienfolgeregelung/workspace/ros2_ws/build/mpc_obstacle/build/lib/mpc_obstacle
copying mpc_obstacle/mpc_OL_obstacle.py -> /home/oli/Desktop/Oliver/Uni/MA/RepoTrajektorienfolgeregelung/MA-Trajektorienfolgeregelung/workspace/ros2_ws/build/mpc_obstacle/build/lib/mpc_obstacle
copying mpc_obstacle/mpc_OL_dynObs.py -> /home/oli/Desktop/Oliver/Uni/MA/RepoTrajektorienfolgeregelung/MA-Trajektorienfolgeregelung/workspace/ros2_ws/build/mpc_obstacle/build/lib/mpc_obstacle
copying mpc_obstacle/mpc_OL_Nc.py -> /home/oli/Desktop/Oliver/Uni/MA/RepoTrajektorienfolgeregelung/MA-Trajektorienfolgeregelung/workspace/ros2_ws/build/mpc_obstacle/build/lib/mpc_obstacle
copying mpc_obstacle/mpc_CL_Nc.py -> /home/oli/Desktop/Oliver/Uni/MA/RepoTrajektorienfolgeregelung/MA-Trajektorienfolgeregelung/workspace/ros2_ws/build/mpc_obstacle/build/lib/mpc_obstacle
running install
running install_lib
creating /home/oli/Desktop/Oliver/Uni/MA/RepoTrajektorienfolgeregelung/MA-Trajektorienfolgeregelung/workspace/ros2_ws/install/mpc_obstacle/lib/python3.12/site-packages/mpc_obstacle
copying /home/oli/Desktop/Oliver/Uni/MA/RepoTrajektorienfolgeregelung/MA-Trajektorienfolgeregelung/workspace/ros2_ws/build/mpc_obstacle/build/lib/mpc_obstacle/mpc_CL_dynObs2.py -> /home/oli/Desktop/Oliver/Uni/MA/RepoTrajektorienfolgeregelung/MA-Trajektorienfolgeregelung/workspace/ros2_ws/install/mpc_obstacle/lib/python3.12/site-packages/mpc_obstacle
copying /home/oli/Desktop/Oliver/Uni/MA/RepoTrajektorienfolgeregelung/MA-Trajektorienfolgeregelung/workspace/ros2_ws/build/mpc_obstacle/build/lib/mpc_obstacle/mpc_CL_obstacle.py -> /home/oli/Desktop/Oliver/Uni/MA/RepoTrajektorienfolgeregelung/MA-Trajektorienfolgeregelung/workspace/ros2_ws/install/mpc_obstacle/lib/python3.12/site-packages/mpc_obstacle
copying /home/oli/Desktop/Oliver/Uni/MA/RepoTrajektorienfolgeregelung/MA-Trajektorienfolgeregelung/workspace/ros2_ws/build/mpc_obstacle/build/lib/mpc_obstacle/slackMPC_CL.py -> /home/oli/Desktop/Oliver/Uni/MA/RepoTrajektorienfolgeregelung/MA-Trajektorienfolgeregelung/workspace/ros2_ws/install/mpc_obstacle/lib/python3.12/site-packages/mpc_obstacle
copying /home/oli/Desktop/Oliver/Uni/MA/RepoTrajektorienfolgeregelung/MA-Trajektorienfolgeregelung/workspace/ros2_ws/build/mpc_obstacle/build/lib/mpc_obstacle/adaptiveMPC_OL.py -> /home/oli/Desktop/Oliver/Uni/MA/RepoTrajektorienfolgeregelung/MA-Trajektorienfolgeregelung/workspace/ros2_ws/install/mpc_obstacle/lib/python3.12/site-packages/mpc_obstacle
copying /home/oli/Desktop/Oliver/Uni/MA/RepoTrajektorienfolgeregelung/MA-Trajektorienfolgeregelung/workspace/ros2_ws/build/mpc_obstacle/build/lib/mpc_obstacle/mpc_CL_dynObs.py -> /home/oli/Desktop/Oliver/Uni/MA/RepoTrajektorienfolgeregelung/MA-Trajektorienfolgeregelung/workspace/ros2_ws/install/mpc_obstacle/lib/python3.12/site-packages/mpc_obstacle
copying /home/oli/Desktop/Oliver/Uni/MA/RepoTrajektorienfolgeregelung/MA-Trajektorienfolgeregelung/workspace/ros2_ws/build/mpc_obstacle/build/lib/mpc_obstacle/mpc_OL_dynObs2.py -> /home/oli/Desktop/Oliver/Uni/MA/RepoTrajektorienfolgeregelung/MA-Trajektorienfolgeregelung/workspace/ros2_ws/install/mpc_obstacle/lib/python3.12/site-packages/mpc_obstacle
copying /home/oli/Desktop/Oliver/Uni/MA/RepoTrajektorienfolgeregelung/MA-Trajektorienfolgeregelung/workspace/ros2_ws/build/mpc_obstacle/build/lib/mpc_obstacle/slackMPC_OL.py -> /home/oli/Desktop/Oliver/Uni/MA/RepoTrajektorienfolgeregelung/MA-Trajektorienfolgeregelung/workspace/ros2_ws/install/mpc_obstacle/lib/python3.12/site-packages/mpc_obstacle
copying /home/oli/Desktop/Oliver/Uni/MA/RepoTrajektorienfolgeregelung/MA-Trajektorienfolgeregelung/workspace/ros2_ws/build/mpc_obstacle/build/lib/mpc_obstacle/adaptiveMPC_CL.py -> /home/oli/Desktop/Oliver/Uni/MA/RepoTrajektorienfolgeregelung/MA-Trajektorienfolgeregelung/workspace/ros2_ws/install/mpc_obstacle/lib/python3.12/site-packages/mpc_obstacle
copying /home/oli/Desktop/Oliver/Uni/MA/RepoTrajektorienfolgeregelung/MA-Trajektorienfolgeregelung/workspace/ros2_ws/build/mpc_obstacle/build/lib/mpc_obstacle/__init__.py -> /home/oli/Desktop/Oliver/Uni/MA/RepoTrajektorienfolgeregelung/MA-Trajektorienfolgeregelung/workspace/ros2_ws/install/mpc_obstacle/lib/python3.12/site-packages/mpc_obstacle
copying /home/oli/Desktop/Oliver/Uni/MA/RepoTrajektorienfolgeregelung/MA-Trajektorienfolgeregelung/workspace/ros2_ws/build/mpc_obstacle/build/lib/mpc_obstacle/mpc_OL_obstacle.py -> /home/oli/Desktop/Oliver/Uni/MA/RepoTrajektorienfolgeregelung/MA-Trajektorienfolgeregelung/workspace/ros2_ws/install/mpc_obstacle/lib/python3.12/site-packages/mpc_obstacle
copying /home/oli/Desktop/Oliver/Uni/MA/RepoTrajektorienfolgeregelung/MA-Trajektorienfolgeregelung/workspace/ros2_ws/build/mpc_obstacle/build/lib/mpc_obstacle/mpc_OL_dynObs.py -> /home/oli/Desktop/Oliver/Uni/MA/RepoTrajektorienfolgeregelung/MA-Trajektorienfolgeregelung/workspace/ros2_ws/install/mpc_obstacle/lib/python3.12/site-packages/mpc_obstacle
copying /home/oli/Desktop/Oliver/Uni/MA/RepoTrajektorienfolgeregelung/MA-Trajektorienfolgeregelung/workspace/ros2_ws/build/mpc_obstacle/build/lib/mpc_obstacle/mpc_OL_Nc.py -> /home/oli/Desktop/Oliver/Uni/MA/RepoTrajektorienfolgeregelung/MA-Trajektorienfolgeregelung/workspace/ros2_ws/install/mpc_obstacle/lib/python3.12/site-packages/mpc_obstacle
copying /home/oli/Desktop/Oliver/Uni/MA/RepoTrajektorienfolgeregelung/MA-Trajektorienfolgeregelung/workspace/ros2_ws/build/mpc_obstacle/build/lib/mpc_obstacle/mpc_CL_Nc.py -> /home/oli/Desktop/Oliver/Uni/MA/RepoTrajektorienfolgeregelung/MA-Trajektorienfolgeregelung/workspace/ros2_ws/install/mpc_obstacle/lib/python3.12/site-packages/mpc_obstacle
byte-compiling /home/oli/Desktop/Oliver/Uni/MA/RepoTrajektorienfolgeregelung/MA-Trajektorienfolgeregelung/workspace/ros2_ws/install/mpc_obstacle/lib/python3.12/site-packages/mpc_obstacle/mpc_CL_dynObs2.py to mpc_CL_dynObs2.cpython-312.pyc
byte-compiling /home/oli/Desktop/Oliver/Uni/MA/RepoTrajektorienfolgeregelung/MA-Trajektorienfolgeregelung/workspace/ros2_ws/install/mpc_obstacle/lib/python3.12/site-packages/mpc_obstacle/mpc_CL_obstacle.py to mpc_CL_obstacle.cpython-312.pyc
byte-compiling /home/oli/Desktop/Oliver/Uni/MA/RepoTrajektorienfolgeregelung/MA-Trajektorienfolgeregelung/workspace/ros2_ws/install/mpc_obstacle/lib/python3.12/site-packages/mpc_obstacle/slackMPC_CL.py to slackMPC_CL.cpython-312.pyc
byte-compiling /home/oli/Desktop/Oliver/Uni/MA/RepoTrajektorienfolgeregelung/MA-Trajektorienfolgeregelung/workspace/ros2_ws/install/mpc_obstacle/lib/python3.12/site-packages/mpc_obstacle/adaptiveMPC_OL.py to adaptiveMPC_OL.cpython-312.pyc
byte-compiling /home/oli/Desktop/Oliver/Uni/MA/RepoTrajektorienfolgeregelung/MA-Trajektorienfolgeregelung/workspace/ros2_ws/install/mpc_obstacle/lib/python3.12/site-packages/mpc_obstacle/mpc_CL_dynObs.py to mpc_CL_dynObs.cpython-312.pyc
byte-compiling /home/oli/Desktop/Oliver/Uni/MA/RepoTrajektorienfolgeregelung/MA-Trajektorienfolgeregelung/workspace/ros2_ws/install/mpc_obstacle/lib/python3.12/site-packages/mpc_obstacle/mpc_OL_dynObs2.py to mpc_OL_dynObs2.cpython-312.pyc
byte-compiling /home/oli/Desktop/Oliver/Uni/MA/RepoTrajektorienfolgeregelung/MA-Trajektorienfolgeregelung/workspace/ros2_ws/install/mpc_obstacle/lib/python3.12/site-packages/mpc_obstacle/slackMPC_OL.py to slackMPC_OL.cpython-312.pyc
byte-compiling /home/oli/Desktop/Oliver/Uni/MA/RepoTrajektorienfolgeregelung/MA-Trajektorienfolgeregelung/workspace/ros2_ws/install/mpc_obstacle/lib/python3.12/site-packages/mpc_obstacle/adaptiveMPC_CL.py to adaptiveMPC_CL.cpython-312.pyc
byte-compiling /home/oli/Desktop/Oliver/Uni/MA/RepoTrajektorienfolgeregelung/MA-Trajektorienfolgeregelung/workspace/ros2_ws/install/mpc_obstacle/lib/python3.12/site-packages/mpc_obstacle/__init__.py to __init__.cpython-312.pyc
byte-compiling /home/oli/Desktop/Oliver/Uni/MA/RepoTrajektorienfolgeregelung/MA-Trajektorienfolgeregelung/workspace/ros2_ws/install/mpc_obstacle/lib/python3.12/site-packages/mpc_obstacle/mpc_OL_obstacle.py to mpc_OL_obstacle.cpython-312.pyc
byte-compiling /home/oli/Desktop/Oliver/Uni/MA/RepoTrajektorienfolgeregelung/MA-Trajektorienfolgeregelung/workspace/ros2_ws/install/mpc_obstacle/lib/python3.12/site-packages/mpc_obstacle/mpc_OL_dynObs.py to mpc_OL_dynObs.cpython-312.pyc
byte-compiling /home/oli/Desktop/Oliver/Uni/MA/RepoTrajektorienfolgeregelung/MA-Trajektorienfolgeregelung/workspace/ros2_ws/install/mpc_obstacle/lib/python3.12/site-packages/mpc_obstacle/mpc_OL_Nc.py to mpc_OL_Nc.cpython-312.pyc
byte-compiling /home/oli/Desktop/Oliver/Uni/MA/RepoTrajektorienfolgeregelung/MA-Trajektorienfolgeregelung/workspace/ros2_ws/install/mpc_obstacle/lib/python3.12/site-packages/mpc_obstacle/mpc_CL_Nc.py to mpc_CL_Nc.cpython-312.pyc
running install_data
creating /home/oli/Desktop/Oliver/Uni/MA/RepoTrajektorienfolgeregelung/MA-Trajektorienfolgeregelung/workspace/ros2_ws/install/mpc_obstacle/share/ament_index
creating /home/oli/Desktop/Oliver/Uni/MA/RepoTrajektorienfolgeregelung/MA-Trajektorienfolgeregelung/workspace/ros2_ws/install/mpc_obstacle/share/ament_index/resource_index
creating /home/oli/Desktop/Oliver/Uni/MA/RepoTrajektorienfolgeregelung/MA-Trajektorienfolgeregelung/workspace/ros2_ws/install/mpc_obstacle/share/ament_index/resource_index/packages
copying resource/mpc_obstacle -> /home/oli/Desktop/Oliver/Uni/MA/RepoTrajektorienfolgeregelung/MA-Trajektorienfolgeregelung/workspace/ros2_ws/install/mpc_obstacle/share/ament_index/resource_index/packages
copying package.xml -> /home/oli/Desktop/Oliver/Uni/MA/RepoTrajektorienfolgeregelung/MA-Trajektorienfolgeregelung/workspace/ros2_ws/install/mpc_obstacle/share/mpc_obstacle
running install_egg_info
Copying ../../build/mpc_obstacle/mpc_obstacle.egg-info to /home/oli/Desktop/Oliver/Uni/MA/RepoTrajektorienfolgeregelung/MA-Trajektorienfolgeregelung/workspace/ros2_ws/install/mpc_obstacle/lib/python3.12/site-packages/mpc_obstacle-0.0.0-py3.12.egg-info
running install_scripts
Installing adaptiveMPC_CL script to /home/oli/Desktop/Oliver/Uni/MA/RepoTrajektorienfolgeregelung/MA-Trajektorienfolgeregelung/workspace/ros2_ws/install/mpc_obstacle/lib/mpc_obstacle
Installing mpc_CL_Nc script to /home/oli/Desktop/Oliver/Uni/MA/RepoTrajektorienfolgeregelung/MA-Trajektorienfolgeregelung/workspace/ros2_ws/install/mpc_obstacle/lib/mpc_obstacle
Installing mpc_CL_dynObs script to /home/oli/Desktop/Oliver/Uni/MA/RepoTrajektorienfolgeregelung/MA-Trajektorienfolgeregelung/workspace/ros2_ws/install/mpc_obstacle/lib/mpc_obstacle
Installing mpc_CL_dynObs2 script to /home/oli/Desktop/Oliver/Uni/MA/RepoTrajektorienfolgeregelung/MA-Trajektorienfolgeregelung/workspace/ros2_ws/install/mpc_obstacle/lib/mpc_obstacle
Installing mpc_CL_obstacle script to /home/oli/Desktop/Oliver/Uni/MA/RepoTrajektorienfolgeregelung/MA-Trajektorienfolgeregelung/workspace/ros2_ws/install/mpc_obstacle/lib/mpc_obstacle
Installing slackMPC_CL script to /home/oli/Desktop/Oliver/Uni/MA/RepoTrajektorienfolgeregelung/MA-Trajektorienfolgeregelung/workspace/ros2_ws/install/mpc_obstacle/lib/mpc_obstacle
writing list of installed files to '/home/oli/Desktop/Oliver/Uni/MA/RepoTrajektorienfolgeregelung/MA-Trajektorienfolgeregelung/workspace/ros2_ws/build/mpc_obstacle/install.log'
