[4.451s] Invoking command in '/home/oli/Desktop/Oliver/Uni/MA/RepoTrajektorienfolgeregelung/MA-Trajektorienfolgeregelung/workspace/ros2_ws/src/mpc_obstacle': DEBUGINFOD_URLS=https://debuginfod.ubuntu.com PYTHONPATH=/home/oli/Desktop/Oliver/Uni/MA/RepoTrajektorienfolgeregelung/MA-Trajektorienfolgeregelung/workspace/ros2_ws/build/mpc_obstacle/prefix_override:/usr/lib/python3/dist-packages/colcon_core/task/python/colcon_distutils_commands:/home/oli/Desktop/Oliver/Uni/MA/RepoTrajektorienfolgeregelung/MA-Trajektorienfolgeregelung/workspace/ros2_ws/install/mpc_obstacle/lib/python3.12/site-packages:${PYTHONPATH} VIRTUAL_ENV_PROMPT=(venv) /usr/bin/python3 -W ignore:setup.py install is deprecated -W ignore:easy_install command is deprecated setup.py egg_info --egg-base ../../build/mpc_obstacle build --build-base /home/oli/Desktop/Oliver/Uni/MA/RepoTrajektorienfolgeregelung/MA-Trajektorienfolgeregelung/workspace/ros2_ws/build/mpc_obstacle/build install --record /home/oli/Desktop/Oliver/Uni/MA/RepoTrajektorienfolgeregelung/MA-Trajektorienfolgeregelung/workspace/ros2_ws/build/mpc_obstacle/install.log --single-version-externally-managed install_data
[6.229s] running egg_info
[6.231s] creating ../../build/mpc_obstacle/mpc_obstacle.egg-info
[6.315s] writing ../../build/mpc_obstacle/mpc_obstacle.egg-info/PKG-INFO
[6.317s] writing dependency_links to ../../build/mpc_obstacle/mpc_obstacle.egg-info/dependency_links.txt
[6.317s] writing entry points to ../../build/mpc_obstacle/mpc_obstacle.egg-info/entry_points.txt
[6.317s] writing requirements to ../../build/mpc_obstacle/mpc_obstacle.egg-info/requires.txt
[6.317s] writing top-level names to ../../build/mpc_obstacle/mpc_obstacle.egg-info/top_level.txt
[6.332s] writing manifest file '../../build/mpc_obstacle/mpc_obstacle.egg-info/SOURCES.txt'
[6.511s] reading manifest file '../../build/mpc_obstacle/mpc_obstacle.egg-info/SOURCES.txt'
[6.514s] adding license file 'LICENSE'
[6.517s] writing manifest file '../../build/mpc_obstacle/mpc_obstacle.egg-info/SOURCES.txt'
[6.519s] running build
[6.521s] running build_py
[6.522s] creating /home/oli/Desktop/Oliver/Uni/MA/RepoTrajektorienfolgeregelung/MA-Trajektorienfolgeregelung/workspace/ros2_ws/build/mpc_obstacle/build
[6.522s] creating /home/oli/Desktop/Oliver/Uni/MA/RepoTrajektorienfolgeregelung/MA-Trajektorienfolgeregelung/workspace/ros2_ws/build/mpc_obstacle/build/lib
[6.523s] creating /home/oli/Desktop/Oliver/Uni/MA/RepoTrajektorienfolgeregelung/MA-Trajektorienfolgeregelung/workspace/ros2_ws/build/mpc_obstacle/build/lib/mpc_obstacle
[6.523s] copying mpc_obstacle/mpc_CL_dynObs2.py -> /home/oli/Desktop/Oliver/Uni/MA/RepoTrajektorienfolgeregelung/MA-Trajektorienfolgeregelung/workspace/ros2_ws/build/mpc_obstacle/build/lib/mpc_obstacle
[6.523s] copying mpc_obstacle/mpc_CL_obstacle.py -> /home/oli/Desktop/Oliver/Uni/MA/RepoTrajektorienfolgeregelung/MA-Trajektorienfolgeregelung/workspace/ros2_ws/build/mpc_obstacle/build/lib/mpc_obstacle
[6.527s] copying mpc_obstacle/slackMPC_CL.py -> /home/oli/Desktop/Oliver/Uni/MA/RepoTrajektorienfolgeregelung/MA-Trajektorienfolgeregelung/workspace/ros2_ws/build/mpc_obstacle/build/lib/mpc_obstacle
[6.527s] copying mpc_obstacle/adaptiveMPC_OL.py -> /home/oli/Desktop/Oliver/Uni/MA/RepoTrajektorienfolgeregelung/MA-Trajektorienfolgeregelung/workspace/ros2_ws/build/mpc_obstacle/build/lib/mpc_obstacle
[6.527s] copying mpc_obstacle/mpc_CL_dynObs.py -> /home/oli/Desktop/Oliver/Uni/MA/RepoTrajektorienfolgeregelung/MA-Trajektorienfolgeregelung/workspace/ros2_ws/build/mpc_obstacle/build/lib/mpc_obstacle
[6.532s] copying mpc_obstacle/mpc_OL_dynObs2.py -> /home/oli/Desktop/Oliver/Uni/MA/RepoTrajektorienfolgeregelung/MA-Trajektorienfolgeregelung/workspace/ros2_ws/build/mpc_obstacle/build/lib/mpc_obstacle
[6.535s] copying mpc_obstacle/slackMPC_OL.py -> /home/oli/Desktop/Oliver/Uni/MA/RepoTrajektorienfolgeregelung/MA-Trajektorienfolgeregelung/workspace/ros2_ws/build/mpc_obstacle/build/lib/mpc_obstacle
[6.536s] copying mpc_obstacle/adaptiveMPC_CL.py -> /home/oli/Desktop/Oliver/Uni/MA/RepoTrajektorienfolgeregelung/MA-Trajektorienfolgeregelung/workspace/ros2_ws/build/mpc_obstacle/build/lib/mpc_obstacle
[6.536s] copying mpc_obstacle/__init__.py -> /home/oli/Desktop/Oliver/Uni/MA/RepoTrajektorienfolgeregelung/MA-Trajektorienfolgeregelung/workspace/ros2_ws/build/mpc_obstacle/build/lib/mpc_obstacle
[6.536s] copying mpc_obstacle/mpc_OL_obstacle.py -> /home/oli/Desktop/Oliver/Uni/MA/RepoTrajektorienfolgeregelung/MA-Trajektorienfolgeregelung/workspace/ros2_ws/build/mpc_obstacle/build/lib/mpc_obstacle
[6.539s] copying mpc_obstacle/mpc_OL_dynObs.py -> /home/oli/Desktop/Oliver/Uni/MA/RepoTrajektorienfolgeregelung/MA-Trajektorienfolgeregelung/workspace/ros2_ws/build/mpc_obstacle/build/lib/mpc_obstacle
[6.540s] copying mpc_obstacle/mpc_OL_Nc.py -> /home/oli/Desktop/Oliver/Uni/MA/RepoTrajektorienfolgeregelung/MA-Trajektorienfolgeregelung/workspace/ros2_ws/build/mpc_obstacle/build/lib/mpc_obstacle
[6.540s] copying mpc_obstacle/mpc_CL_Nc.py -> /home/oli/Desktop/Oliver/Uni/MA/RepoTrajektorienfolgeregelung/MA-Trajektorienfolgeregelung/workspace/ros2_ws/build/mpc_obstacle/build/lib/mpc_obstacle
[6.540s] running install
[6.565s] running install_lib
[6.716s] creating /home/oli/Desktop/Oliver/Uni/MA/RepoTrajektorienfolgeregelung/MA-Trajektorienfolgeregelung/workspace/ros2_ws/install/mpc_obstacle/lib/python3.12/site-packages/mpc_obstacle
[6.720s] copying /home/oli/Desktop/Oliver/Uni/MA/RepoTrajektorienfolgeregelung/MA-Trajektorienfolgeregelung/workspace/ros2_ws/build/mpc_obstacle/build/lib/mpc_obstacle/mpc_CL_dynObs2.py -> /home/oli/Desktop/Oliver/Uni/MA/RepoTrajektorienfolgeregelung/MA-Trajektorienfolgeregelung/workspace/ros2_ws/install/mpc_obstacle/lib/python3.12/site-packages/mpc_obstacle
[6.720s] copying /home/oli/Desktop/Oliver/Uni/MA/RepoTrajektorienfolgeregelung/MA-Trajektorienfolgeregelung/workspace/ros2_ws/build/mpc_obstacle/build/lib/mpc_obstacle/mpc_CL_obstacle.py -> /home/oli/Desktop/Oliver/Uni/MA/RepoTrajektorienfolgeregelung/MA-Trajektorienfolgeregelung/workspace/ros2_ws/install/mpc_obstacle/lib/python3.12/site-packages/mpc_obstacle
[6.722s] copying /home/oli/Desktop/Oliver/Uni/MA/RepoTrajektorienfolgeregelung/MA-Trajektorienfolgeregelung/workspace/ros2_ws/build/mpc_obstacle/build/lib/mpc_obstacle/slackMPC_CL.py -> /home/oli/Desktop/Oliver/Uni/MA/RepoTrajektorienfolgeregelung/MA-Trajektorienfolgeregelung/workspace/ros2_ws/install/mpc_obstacle/lib/python3.12/site-packages/mpc_obstacle
[6.722s] copying /home/oli/Desktop/Oliver/Uni/MA/RepoTrajektorienfolgeregelung/MA-Trajektorienfolgeregelung/workspace/ros2_ws/build/mpc_obstacle/build/lib/mpc_obstacle/adaptiveMPC_OL.py -> /home/oli/Desktop/Oliver/Uni/MA/RepoTrajektorienfolgeregelung/MA-Trajektorienfolgeregelung/workspace/ros2_ws/install/mpc_obstacle/lib/python3.12/site-packages/mpc_obstacle
[6.722s] copying /home/oli/Desktop/Oliver/Uni/MA/RepoTrajektorienfolgeregelung/MA-Trajektorienfolgeregelung/workspace/ros2_ws/build/mpc_obstacle/build/lib/mpc_obstacle/mpc_CL_dynObs.py -> /home/oli/Desktop/Oliver/Uni/MA/RepoTrajektorienfolgeregelung/MA-Trajektorienfolgeregelung/workspace/ros2_ws/install/mpc_obstacle/lib/python3.12/site-packages/mpc_obstacle
[6.723s] copying /home/oli/Desktop/Oliver/Uni/MA/RepoTrajektorienfolgeregelung/MA-Trajektorienfolgeregelung/workspace/ros2_ws/build/mpc_obstacle/build/lib/mpc_obstacle/mpc_OL_dynObs2.py -> /home/oli/Desktop/Oliver/Uni/MA/RepoTrajektorienfolgeregelung/MA-Trajektorienfolgeregelung/workspace/ros2_ws/install/mpc_obstacle/lib/python3.12/site-packages/mpc_obstacle
[6.723s] copying /home/oli/Desktop/Oliver/Uni/MA/RepoTrajektorienfolgeregelung/MA-Trajektorienfolgeregelung/workspace/ros2_ws/build/mpc_obstacle/build/lib/mpc_obstacle/slackMPC_OL.py -> /home/oli/Desktop/Oliver/Uni/MA/RepoTrajektorienfolgeregelung/MA-Trajektorienfolgeregelung/workspace/ros2_ws/install/mpc_obstacle/lib/python3.12/site-packages/mpc_obstacle
[6.727s] copying /home/oli/Desktop/Oliver/Uni/MA/RepoTrajektorienfolgeregelung/MA-Trajektorienfolgeregelung/workspace/ros2_ws/build/mpc_obstacle/build/lib/mpc_obstacle/adaptiveMPC_CL.py -> /home/oli/Desktop/Oliver/Uni/MA/RepoTrajektorienfolgeregelung/MA-Trajektorienfolgeregelung/workspace/ros2_ws/install/mpc_obstacle/lib/python3.12/site-packages/mpc_obstacle
[6.727s] copying /home/oli/Desktop/Oliver/Uni/MA/RepoTrajektorienfolgeregelung/MA-Trajektorienfolgeregelung/workspace/ros2_ws/build/mpc_obstacle/build/lib/mpc_obstacle/__init__.py -> /home/oli/Desktop/Oliver/Uni/MA/RepoTrajektorienfolgeregelung/MA-Trajektorienfolgeregelung/workspace/ros2_ws/install/mpc_obstacle/lib/python3.12/site-packages/mpc_obstacle
[6.728s] copying /home/oli/Desktop/Oliver/Uni/MA/RepoTrajektorienfolgeregelung/MA-Trajektorienfolgeregelung/workspace/ros2_ws/build/mpc_obstacle/build/lib/mpc_obstacle/mpc_OL_obstacle.py -> /home/oli/Desktop/Oliver/Uni/MA/RepoTrajektorienfolgeregelung/MA-Trajektorienfolgeregelung/workspace/ros2_ws/install/mpc_obstacle/lib/python3.12/site-packages/mpc_obstacle
[6.728s] copying /home/oli/Desktop/Oliver/Uni/MA/RepoTrajektorienfolgeregelung/MA-Trajektorienfolgeregelung/workspace/ros2_ws/build/mpc_obstacle/build/lib/mpc_obstacle/mpc_OL_dynObs.py -> /home/oli/Desktop/Oliver/Uni/MA/RepoTrajektorienfolgeregelung/MA-Trajektorienfolgeregelung/workspace/ros2_ws/install/mpc_obstacle/lib/python3.12/site-packages/mpc_obstacle
[6.729s] copying /home/oli/Desktop/Oliver/Uni/MA/RepoTrajektorienfolgeregelung/MA-Trajektorienfolgeregelung/workspace/ros2_ws/build/mpc_obstacle/build/lib/mpc_obstacle/mpc_OL_Nc.py -> /home/oli/Desktop/Oliver/Uni/MA/RepoTrajektorienfolgeregelung/MA-Trajektorienfolgeregelung/workspace/ros2_ws/install/mpc_obstacle/lib/python3.12/site-packages/mpc_obstacle
[6.730s] copying /home/oli/Desktop/Oliver/Uni/MA/RepoTrajektorienfolgeregelung/MA-Trajektorienfolgeregelung/workspace/ros2_ws/build/mpc_obstacle/build/lib/mpc_obstacle/mpc_CL_Nc.py -> /home/oli/Desktop/Oliver/Uni/MA/RepoTrajektorienfolgeregelung/MA-Trajektorienfolgeregelung/workspace/ros2_ws/install/mpc_obstacle/lib/python3.12/site-packages/mpc_obstacle
[6.730s] byte-compiling /home/oli/Desktop/Oliver/Uni/MA/RepoTrajektorienfolgeregelung/MA-Trajektorienfolgeregelung/workspace/ros2_ws/install/mpc_obstacle/lib/python3.12/site-packages/mpc_obstacle/mpc_CL_dynObs2.py to mpc_CL_dynObs2.cpython-312.pyc
[6.742s] byte-compiling /home/oli/Desktop/Oliver/Uni/MA/RepoTrajektorienfolgeregelung/MA-Trajektorienfolgeregelung/workspace/ros2_ws/install/mpc_obstacle/lib/python3.12/site-packages/mpc_obstacle/mpc_CL_obstacle.py to mpc_CL_obstacle.cpython-312.pyc
[6.743s] byte-compiling /home/oli/Desktop/Oliver/Uni/MA/RepoTrajektorienfolgeregelung/MA-Trajektorienfolgeregelung/workspace/ros2_ws/install/mpc_obstacle/lib/python3.12/site-packages/mpc_obstacle/slackMPC_CL.py to slackMPC_CL.cpython-312.pyc
[6.746s] byte-compiling /home/oli/Desktop/Oliver/Uni/MA/RepoTrajektorienfolgeregelung/MA-Trajektorienfolgeregelung/workspace/ros2_ws/install/mpc_obstacle/lib/python3.12/site-packages/mpc_obstacle/adaptiveMPC_OL.py to adaptiveMPC_OL.cpython-312.pyc
[6.749s] byte-compiling /home/oli/Desktop/Oliver/Uni/MA/RepoTrajektorienfolgeregelung/MA-Trajektorienfolgeregelung/workspace/ros2_ws/install/mpc_obstacle/lib/python3.12/site-packages/mpc_obstacle/mpc_CL_dynObs.py to mpc_CL_dynObs.cpython-312.pyc
[6.756s] byte-compiling /home/oli/Desktop/Oliver/Uni/MA/RepoTrajektorienfolgeregelung/MA-Trajektorienfolgeregelung/workspace/ros2_ws/install/mpc_obstacle/lib/python3.12/site-packages/mpc_obstacle/mpc_OL_dynObs2.py to mpc_OL_dynObs2.cpython-312.pyc
[6.762s] byte-compiling /home/oli/Desktop/Oliver/Uni/MA/RepoTrajektorienfolgeregelung/MA-Trajektorienfolgeregelung/workspace/ros2_ws/install/mpc_obstacle/lib/python3.12/site-packages/mpc_obstacle/slackMPC_OL.py to slackMPC_OL.cpython-312.pyc
[6.764s] byte-compiling /home/oli/Desktop/Oliver/Uni/MA/RepoTrajektorienfolgeregelung/MA-Trajektorienfolgeregelung/workspace/ros2_ws/install/mpc_obstacle/lib/python3.12/site-packages/mpc_obstacle/adaptiveMPC_CL.py to adaptiveMPC_CL.cpython-312.pyc
[6.771s] byte-compiling /home/oli/Desktop/Oliver/Uni/MA/RepoTrajektorienfolgeregelung/MA-Trajektorienfolgeregelung/workspace/ros2_ws/install/mpc_obstacle/lib/python3.12/site-packages/mpc_obstacle/__init__.py to __init__.cpython-312.pyc
[6.773s] byte-compiling /home/oli/Desktop/Oliver/Uni/MA/RepoTrajektorienfolgeregelung/MA-Trajektorienfolgeregelung/workspace/ros2_ws/install/mpc_obstacle/lib/python3.12/site-packages/mpc_obstacle/mpc_OL_obstacle.py to mpc_OL_obstacle.cpython-312.pyc
[6.780s] byte-compiling /home/oli/Desktop/Oliver/Uni/MA/RepoTrajektorienfolgeregelung/MA-Trajektorienfolgeregelung/workspace/ros2_ws/install/mpc_obstacle/lib/python3.12/site-packages/mpc_obstacle/mpc_OL_dynObs.py to mpc_OL_dynObs.cpython-312.pyc
[6.780s] byte-compiling /home/oli/Desktop/Oliver/Uni/MA/RepoTrajektorienfolgeregelung/MA-Trajektorienfolgeregelung/workspace/ros2_ws/install/mpc_obstacle/lib/python3.12/site-packages/mpc_obstacle/mpc_OL_Nc.py to mpc_OL_Nc.cpython-312.pyc
[6.784s] byte-compiling /home/oli/Desktop/Oliver/Uni/MA/RepoTrajektorienfolgeregelung/MA-Trajektorienfolgeregelung/workspace/ros2_ws/install/mpc_obstacle/lib/python3.12/site-packages/mpc_obstacle/mpc_CL_Nc.py to mpc_CL_Nc.cpython-312.pyc
[6.793s] running install_data
[6.794s] creating /home/oli/Desktop/Oliver/Uni/MA/RepoTrajektorienfolgeregelung/MA-Trajektorienfolgeregelung/workspace/ros2_ws/install/mpc_obstacle/share/ament_index
[6.794s] creating /home/oli/Desktop/Oliver/Uni/MA/RepoTrajektorienfolgeregelung/MA-Trajektorienfolgeregelung/workspace/ros2_ws/install/mpc_obstacle/share/ament_index/resource_index
[6.795s] creating /home/oli/Desktop/Oliver/Uni/MA/RepoTrajektorienfolgeregelung/MA-Trajektorienfolgeregelung/workspace/ros2_ws/install/mpc_obstacle/share/ament_index/resource_index/packages
[6.796s] copying resource/mpc_obstacle -> /home/oli/Desktop/Oliver/Uni/MA/RepoTrajektorienfolgeregelung/MA-Trajektorienfolgeregelung/workspace/ros2_ws/install/mpc_obstacle/share/ament_index/resource_index/packages
[6.796s] copying package.xml -> /home/oli/Desktop/Oliver/Uni/MA/RepoTrajektorienfolgeregelung/MA-Trajektorienfolgeregelung/workspace/ros2_ws/install/mpc_obstacle/share/mpc_obstacle
[6.801s] running install_egg_info
[6.873s] Copying ../../build/mpc_obstacle/mpc_obstacle.egg-info to /home/oli/Desktop/Oliver/Uni/MA/RepoTrajektorienfolgeregelung/MA-Trajektorienfolgeregelung/workspace/ros2_ws/install/mpc_obstacle/lib/python3.12/site-packages/mpc_obstacle-0.0.0-py3.12.egg-info
[6.875s] running install_scripts
[7.299s] Installing adaptiveMPC_CL script to /home/oli/Desktop/Oliver/Uni/MA/RepoTrajektorienfolgeregelung/MA-Trajektorienfolgeregelung/workspace/ros2_ws/install/mpc_obstacle/lib/mpc_obstacle
[7.299s] Installing mpc_CL_Nc script to /home/oli/Desktop/Oliver/Uni/MA/RepoTrajektorienfolgeregelung/MA-Trajektorienfolgeregelung/workspace/ros2_ws/install/mpc_obstacle/lib/mpc_obstacle
[7.300s] Installing mpc_CL_dynObs script to /home/oli/Desktop/Oliver/Uni/MA/RepoTrajektorienfolgeregelung/MA-Trajektorienfolgeregelung/workspace/ros2_ws/install/mpc_obstacle/lib/mpc_obstacle
[7.300s] Installing mpc_CL_dynObs2 script to /home/oli/Desktop/Oliver/Uni/MA/RepoTrajektorienfolgeregelung/MA-Trajektorienfolgeregelung/workspace/ros2_ws/install/mpc_obstacle/lib/mpc_obstacle
[7.300s] Installing mpc_CL_obstacle script to /home/oli/Desktop/Oliver/Uni/MA/RepoTrajektorienfolgeregelung/MA-Trajektorienfolgeregelung/workspace/ros2_ws/install/mpc_obstacle/lib/mpc_obstacle
[7.300s] Installing slackMPC_CL script to /home/oli/Desktop/Oliver/Uni/MA/RepoTrajektorienfolgeregelung/MA-Trajektorienfolgeregelung/workspace/ros2_ws/install/mpc_obstacle/lib/mpc_obstacle
[7.301s] writing list of installed files to '/home/oli/Desktop/Oliver/Uni/MA/RepoTrajektorienfolgeregelung/MA-Trajektorienfolgeregelung/workspace/ros2_ws/build/mpc_obstacle/install.log'
[7.380s] Invoked command in '/home/oli/Desktop/Oliver/Uni/MA/RepoTrajektorienfolgeregelung/MA-Trajektorienfolgeregelung/workspace/ros2_ws/src/mpc_obstacle' returned '0': DEBUGINFOD_URLS=https://debuginfod.ubuntu.com PYTHONPATH=/home/oli/Desktop/Oliver/Uni/MA/RepoTrajektorienfolgeregelung/MA-Trajektorienfolgeregelung/workspace/ros2_ws/build/mpc_obstacle/prefix_override:/usr/lib/python3/dist-packages/colcon_core/task/python/colcon_distutils_commands:/home/oli/Desktop/Oliver/Uni/MA/RepoTrajektorienfolgeregelung/MA-Trajektorienfolgeregelung/workspace/ros2_ws/install/mpc_obstacle/lib/python3.12/site-packages:${PYTHONPATH} VIRTUAL_ENV_PROMPT=(venv) /usr/bin/python3 -W ignore:setup.py install is deprecated -W ignore:easy_install command is deprecated setup.py egg_info --egg-base ../../build/mpc_obstacle build --build-base /home/oli/Desktop/Oliver/Uni/MA/RepoTrajektorienfolgeregelung/MA-Trajektorienfolgeregelung/workspace/ros2_ws/build/mpc_obstacle/build install --record /home/oli/Desktop/Oliver/Uni/MA/RepoTrajektorienfolgeregelung/MA-Trajektorienfolgeregelung/workspace/ros2_ws/build/mpc_obstacle/install.log --single-version-externally-managed install_data
