[1.106s] Invoking command in '/home/ro01/workspace/ros2_ws/build/imu_calib': CMAKE_PREFIX_PATH=${CMAKE_PREFIX_PATH}:/home/ro01/workspace/ros2_ws/install/sdk:/home/ro01/workspace/ros2_ws/install/ros_robot_controller:/home/ro01/workspace/ros2_ws/install/peripherals:/home/ro01/workspace/ros2_ws/install/mentorpi_description:/home/ro01/workspace/ros2_ws/install/controller:/home/ro01/workspace/ros2_ws/install/calibration:/opt/ros/jazzy DEBUGINFOD_URLS=https://debuginfod.ubuntu.com /usr/bin/cmake --build /home/ro01/workspace/ros2_ws/build/imu_calib -- -j4 -l4
[1.403s] [ 25%] Built target accel_calib
[1.554s] [ 62%] Built target apply_calib
[1.594s] [100%] Built target do_calib
[1.635s] Invoked command in '/home/ro01/workspace/ros2_ws/build/imu_calib' returned '0': CMAKE_PREFIX_PATH=${CMAKE_PREFIX_PATH}:/home/ro01/workspace/ros2_ws/install/sdk:/home/ro01/workspace/ros2_ws/install/ros_robot_controller:/home/ro01/workspace/ros2_ws/install/peripherals:/home/ro01/workspace/ros2_ws/install/mentorpi_description:/home/ro01/workspace/ros2_ws/install/controller:/home/ro01/workspace/ros2_ws/install/calibration:/opt/ros/jazzy DEBUGINFOD_URLS=https://debuginfod.ubuntu.com /usr/bin/cmake --build /home/ro01/workspace/ros2_ws/build/imu_calib -- -j4 -l4
[1.645s] Invoking command in '/home/ro01/workspace/ros2_ws/build/imu_calib': CMAKE_PREFIX_PATH=${CMAKE_PREFIX_PATH}:/home/ro01/workspace/ros2_ws/install/sdk:/home/ro01/workspace/ros2_ws/install/ros_robot_controller:/home/ro01/workspace/ros2_ws/install/peripherals:/home/ro01/workspace/ros2_ws/install/mentorpi_description:/home/ro01/workspace/ros2_ws/install/controller:/home/ro01/workspace/ros2_ws/install/calibration:/opt/ros/jazzy DEBUGINFOD_URLS=https://debuginfod.ubuntu.com /usr/bin/cmake --install /home/ro01/workspace/ros2_ws/build/imu_calib
[1.685s] -- Install configuration: ""
[1.685s] -- Up-to-date: /home/ro01/workspace/ros2_ws/install/imu_calib/lib/imu_calib/do_calib
[1.686s] -- Up-to-date: /home/ro01/workspace/ros2_ws/install/imu_calib/lib/imu_calib/apply_calib
[1.687s] -- Up-to-date: /home/ro01/workspace/ros2_ws/install/imu_calib/include/
[1.687s] -- Up-to-date: /home/ro01/workspace/ros2_ws/install/imu_calib/include//imu_calib
[1.687s] -- Up-to-date: /home/ro01/workspace/ros2_ws/install/imu_calib/include//imu_calib/do_calib.h
[1.687s] -- Up-to-date: /home/ro01/workspace/ros2_ws/install/imu_calib/include//imu_calib/accel_calib.h
[1.687s] -- Up-to-date: /home/ro01/workspace/ros2_ws/install/imu_calib/include//imu_calib/apply_calib.h
[1.688s] -- Up-to-date: /home/ro01/workspace/ros2_ws/install/imu_calib/share/ament_index/resource_index/package_run_dependencies/imu_calib
[1.688s] -- Up-to-date: /home/ro01/workspace/ros2_ws/install/imu_calib/share/ament_index/resource_index/parent_prefix_path/imu_calib
[1.688s] -- Up-to-date: /home/ro01/workspace/ros2_ws/install/imu_calib/share/imu_calib/environment/ament_prefix_path.sh
[1.688s] -- Up-to-date: /home/ro01/workspace/ros2_ws/install/imu_calib/share/imu_calib/environment/ament_prefix_path.dsv
[1.689s] -- Up-to-date: /home/ro01/workspace/ros2_ws/install/imu_calib/share/imu_calib/environment/path.sh
[1.689s] -- Up-to-date: /home/ro01/workspace/ros2_ws/install/imu_calib/share/imu_calib/environment/path.dsv
[1.690s] -- Up-to-date: /home/ro01/workspace/ros2_ws/install/imu_calib/share/imu_calib/local_setup.bash
[1.690s] -- Up-to-date: /home/ro01/workspace/ros2_ws/install/imu_calib/share/imu_calib/local_setup.sh
[1.690s] -- Up-to-date: /home/ro01/workspace/ros2_ws/install/imu_calib/share/imu_calib/local_setup.zsh
[1.690s] -- Up-to-date: /home/ro01/workspace/ros2_ws/install/imu_calib/share/imu_calib/local_setup.dsv
[1.690s] -- Installing: /home/ro01/workspace/ros2_ws/install/imu_calib/share/imu_calib/package.dsv
[1.690s] -- Up-to-date: /home/ro01/workspace/ros2_ws/install/imu_calib/share/ament_index/resource_index/packages/imu_calib
[1.690s] -- Up-to-date: /home/ro01/workspace/ros2_ws/install/imu_calib/share/imu_calib/cmake/ament_cmake_export_dependencies-extras.cmake
[1.690s] -- Up-to-date: /home/ro01/workspace/ros2_ws/install/imu_calib/share/imu_calib/cmake/ament_cmake_export_include_directories-extras.cmake
[1.691s] -- Up-to-date: /home/ro01/workspace/ros2_ws/install/imu_calib/share/imu_calib/cmake/imu_calibConfig.cmake
[1.691s] -- Up-to-date: /home/ro01/workspace/ros2_ws/install/imu_calib/share/imu_calib/cmake/imu_calibConfig-version.cmake
[1.691s] -- Up-to-date: /home/ro01/workspace/ros2_ws/install/imu_calib/share/imu_calib/package.xml
[1.751s] Invoked command in '/home/ro01/workspace/ros2_ws/build/imu_calib' returned '0': CMAKE_PREFIX_PATH=${CMAKE_PREFIX_PATH}:/home/ro01/workspace/ros2_ws/install/sdk:/home/ro01/workspace/ros2_ws/install/ros_robot_controller:/home/ro01/workspace/ros2_ws/install/peripherals:/home/ro01/workspace/ros2_ws/install/mentorpi_description:/home/ro01/workspace/ros2_ws/install/controller:/home/ro01/workspace/ros2_ws/install/calibration:/opt/ros/jazzy DEBUGINFOD_URLS=https://debuginfod.ubuntu.com /usr/bin/cmake --install /home/ro01/workspace/ros2_ws/build/imu_calib
