[ 25%] Built target accel_calib
[ 62%] Built target do_calib
[100%] Built target apply_calib
-- Install configuration: ""
-- Up-to-date: /home/ro01/workspace/ros2_ws/install/imu_calib/lib/imu_calib/do_calib
-- Up-to-date: /home/ro01/workspace/ros2_ws/install/imu_calib/lib/imu_calib/apply_calib
-- Up-to-date: /home/ro01/workspace/ros2_ws/install/imu_calib/include/
-- Up-to-date: /home/ro01/workspace/ros2_ws/install/imu_calib/include//imu_calib
-- Up-to-date: /home/ro01/workspace/ros2_ws/install/imu_calib/include//imu_calib/do_calib.h
-- Up-to-date: /home/ro01/workspace/ros2_ws/install/imu_calib/include//imu_calib/accel_calib.h
-- Up-to-date: /home/ro01/workspace/ros2_ws/install/imu_calib/include//imu_calib/apply_calib.h
-- Up-to-date: /home/ro01/workspace/ros2_ws/install/imu_calib/share/ament_index/resource_index/package_run_dependencies/imu_calib
-- Up-to-date: /home/ro01/workspace/ros2_ws/install/imu_calib/share/ament_index/resource_index/parent_prefix_path/imu_calib
-- Up-to-date: /home/ro01/workspace/ros2_ws/install/imu_calib/share/imu_calib/environment/ament_prefix_path.sh
-- Up-to-date: /home/ro01/workspace/ros2_ws/install/imu_calib/share/imu_calib/environment/ament_prefix_path.dsv
-- Up-to-date: /home/ro01/workspace/ros2_ws/install/imu_calib/share/imu_calib/environment/path.sh
-- Up-to-date: /home/ro01/workspace/ros2_ws/install/imu_calib/share/imu_calib/environment/path.dsv
-- Up-to-date: /home/ro01/workspace/ros2_ws/install/imu_calib/share/imu_calib/local_setup.bash
-- Up-to-date: /home/ro01/workspace/ros2_ws/install/imu_calib/share/imu_calib/local_setup.sh
-- Up-to-date: /home/ro01/workspace/ros2_ws/install/imu_calib/share/imu_calib/local_setup.zsh
-- Up-to-date: /home/ro01/workspace/ros2_ws/install/imu_calib/share/imu_calib/local_setup.dsv
-- Installing: /home/ro01/workspace/ros2_ws/install/imu_calib/share/imu_calib/package.dsv
-- Up-to-date: /home/ro01/workspace/ros2_ws/install/imu_calib/share/ament_index/resource_index/packages/imu_calib
-- Up-to-date: /home/ro01/workspace/ros2_ws/install/imu_calib/share/imu_calib/cmake/ament_cmake_export_dependencies-extras.cmake
-- Up-to-date: /home/ro01/workspace/ros2_ws/install/imu_calib/share/imu_calib/cmake/ament_cmake_export_include_directories-extras.cmake
-- Up-to-date: /home/ro01/workspace/ros2_ws/install/imu_calib/share/imu_calib/cmake/imu_calibConfig.cmake
-- Up-to-date: /home/ro01/workspace/ros2_ws/install/imu_calib/share/imu_calib/cmake/imu_calibConfig-version.cmake
-- Up-to-date: /home/ro01/workspace/ros2_ws/install/imu_calib/share/imu_calib/package.xml
