[3.086s] Invoking command in '/home/oli/Desktop/Oliver/Uni/MA/RepoTrajektorienfolgeregelung/MA-Trajektorienfolgeregelung/workspace/ros2_ws/src/trajektorienfolgeregelung': DEBUGINFOD_URLS=https://debuginfod.ubuntu.com PYTHONPATH=/home/oli/Desktop/Oliver/Uni/MA/RepoTrajektorienfolgeregelung/MA-Trajektorienfolgeregelung/workspace/ros2_ws/build/trajektorienfolgeregelung/prefix_override:/usr/lib/python3/dist-packages/colcon_core/task/python/colcon_distutils_commands:/home/oli/Desktop/Oliver/Uni/MA/RepoTrajektorienfolgeregelung/MA-Trajektorienfolgeregelung/workspace/ros2_ws/install/trajektorienfolgeregelung/lib/python3.12/site-packages:${PYTHONPATH} /usr/bin/python3 -W ignore:setup.py install is deprecated -W ignore:easy_install command is deprecated setup.py egg_info --egg-base ../../build/trajektorienfolgeregelung build --build-base /home/oli/Desktop/Oliver/Uni/MA/RepoTrajektorienfolgeregelung/MA-Trajektorienfolgeregelung/workspace/ros2_ws/build/trajektorienfolgeregelung/build install --record /home/oli/Desktop/Oliver/Uni/MA/RepoTrajektorienfolgeregelung/MA-Trajektorienfolgeregelung/workspace/ros2_ws/build/trajektorienfolgeregelung/install.log --single-version-externally-managed install_data
[3.776s] running egg_info
[3.816s] writing ../../build/trajektorienfolgeregelung/trajektorienfolgeregelung.egg-info/PKG-INFO
[3.817s] writing dependency_links to ../../build/trajektorienfolgeregelung/trajektorienfolgeregelung.egg-info/dependency_links.txt
[3.817s] writing entry points to ../../build/trajektorienfolgeregelung/trajektorienfolgeregelung.egg-info/entry_points.txt
[3.818s] writing requirements to ../../build/trajektorienfolgeregelung/trajektorienfolgeregelung.egg-info/requires.txt
[3.818s] writing top-level names to ../../build/trajektorienfolgeregelung/trajektorienfolgeregelung.egg-info/top_level.txt
[3.920s] reading manifest file '../../build/trajektorienfolgeregelung/trajektorienfolgeregelung.egg-info/SOURCES.txt'
[3.921s] adding license file 'LICENSE'
[3.922s] writing manifest file '../../build/trajektorienfolgeregelung/trajektorienfolgeregelung.egg-info/SOURCES.txt'
[3.922s] running build
[3.922s] running build_py
[3.922s] running install
[3.934s] running install_lib
[3.976s] running install_data
[3.976s] running install_egg_info
[4.018s] removing '/home/oli/Desktop/Oliver/Uni/MA/RepoTrajektorienfolgeregelung/MA-Trajektorienfolgeregelung/workspace/ros2_ws/install/trajektorienfolgeregelung/lib/python3.12/site-packages/trajektorienfolgeregelung-0.0.0-py3.12.egg-info' (and everything under it)
[4.019s] Copying ../../build/trajektorienfolgeregelung/trajektorienfolgeregelung.egg-info to /home/oli/Desktop/Oliver/Uni/MA/RepoTrajektorienfolgeregelung/MA-Trajektorienfolgeregelung/workspace/ros2_ws/install/trajektorienfolgeregelung/lib/python3.12/site-packages/trajektorienfolgeregelung-0.0.0-py3.12.egg-info
[4.021s] running install_scripts
[4.286s] Installing trajectory_p_controller script to /home/oli/Desktop/Oliver/Uni/MA/RepoTrajektorienfolgeregelung/MA-Trajektorienfolgeregelung/workspace/ros2_ws/install/trajektorienfolgeregelung/lib/trajektorienfolgeregelung
[4.287s] writing list of installed files to '/home/oli/Desktop/Oliver/Uni/MA/RepoTrajektorienfolgeregelung/MA-Trajektorienfolgeregelung/workspace/ros2_ws/build/trajektorienfolgeregelung/install.log'
[4.335s] Invoked command in '/home/oli/Desktop/Oliver/Uni/MA/RepoTrajektorienfolgeregelung/MA-Trajektorienfolgeregelung/workspace/ros2_ws/src/trajektorienfolgeregelung' returned '0': DEBUGINFOD_URLS=https://debuginfod.ubuntu.com PYTHONPATH=/home/oli/Desktop/Oliver/Uni/MA/RepoTrajektorienfolgeregelung/MA-Trajektorienfolgeregelung/workspace/ros2_ws/build/trajektorienfolgeregelung/prefix_override:/usr/lib/python3/dist-packages/colcon_core/task/python/colcon_distutils_commands:/home/oli/Desktop/Oliver/Uni/MA/RepoTrajektorienfolgeregelung/MA-Trajektorienfolgeregelung/workspace/ros2_ws/install/trajektorienfolgeregelung/lib/python3.12/site-packages:${PYTHONPATH} /usr/bin/python3 -W ignore:setup.py install is deprecated -W ignore:easy_install command is deprecated setup.py egg_info --egg-base ../../build/trajektorienfolgeregelung build --build-base /home/oli/Desktop/Oliver/Uni/MA/RepoTrajektorienfolgeregelung/MA-Trajektorienfolgeregelung/workspace/ros2_ws/build/trajektorienfolgeregelung/build install --record /home/oli/Desktop/Oliver/Uni/MA/RepoTrajektorienfolgeregelung/MA-Trajektorienfolgeregelung/workspace/ros2_ws/build/trajektorienfolgeregelung/install.log --single-version-externally-managed install_data
