/home/oli/Desktop/Oliver/Uni/MA/RepoTrajektorienfolgeregelung/MA-Trajektorienfolgeregelung/workspace/ros2_ws/install/MPC_Trajektorienfolgeregelung/lib/python3.12/site-packages/Trajektorienfolgeregelung/mpc_PD_controller.py
/home/oli/Desktop/Oliver/Uni/MA/RepoTrajektorienfolgeregelung/MA-Trajektorienfolgeregelung/workspace/ros2_ws/install/MPC_Trajektorienfolgeregelung/lib/python3.12/site-packages/Trajektorienfolgeregelung/trajectoryPControllerTime.py
/home/oli/Desktop/Oliver/Uni/MA/RepoTrajektorienfolgeregelung/MA-Trajektorienfolgeregelung/workspace/ros2_ws/install/MPC_Trajektorienfolgeregelung/lib/python3.12/site-packages/Trajektorienfolgeregelung/CreateTrajectory.py
/home/oli/Desktop/Oliver/Uni/MA/RepoTrajektorienfolgeregelung/MA-Trajektorienfolgeregelung/workspace/ros2_ws/install/MPC_Trajektorienfolgeregelung/lib/python3.12/site-packages/Trajektorienfolgeregelung/Trajectorytracking.py
/home/oli/Desktop/Oliver/Uni/MA/RepoTrajektorienfolgeregelung/MA-Trajektorienfolgeregelung/workspace/ros2_ws/install/MPC_Trajektorienfolgeregelung/lib/python3.12/site-packages/Trajektorienfolgeregelung/__init__.py
/home/oli/Desktop/Oliver/Uni/MA/RepoTrajektorienfolgeregelung/MA-Trajektorienfolgeregelung/workspace/ros2_ws/install/MPC_Trajektorienfolgeregelung/lib/python3.12/site-packages/Trajektorienfolgeregelung/PurePursuit.py
/home/oli/Desktop/Oliver/Uni/MA/RepoTrajektorienfolgeregelung/MA-Trajektorienfolgeregelung/workspace/ros2_ws/install/MPC_Trajektorienfolgeregelung/lib/python3.12/site-packages/Trajektorienfolgeregelung/mpc_trajectory.py
/home/oli/Desktop/Oliver/Uni/MA/RepoTrajektorienfolgeregelung/MA-Trajektorienfolgeregelung/workspace/ros2_ws/install/MPC_Trajektorienfolgeregelung/lib/python3.12/site-packages/Trajektorienfolgeregelung/__pycache__/mpc_PD_controller.cpython-312.pyc
/home/oli/Desktop/Oliver/Uni/MA/RepoTrajektorienfolgeregelung/MA-Trajektorienfolgeregelung/workspace/ros2_ws/install/MPC_Trajektorienfolgeregelung/lib/python3.12/site-packages/Trajektorienfolgeregelung/__pycache__/trajectoryPControllerTime.cpython-312.pyc
/home/oli/Desktop/Oliver/Uni/MA/RepoTrajektorienfolgeregelung/MA-Trajektorienfolgeregelung/workspace/ros2_ws/install/MPC_Trajektorienfolgeregelung/lib/python3.12/site-packages/Trajektorienfolgeregelung/__pycache__/CreateTrajectory.cpython-312.pyc
/home/oli/Desktop/Oliver/Uni/MA/RepoTrajektorienfolgeregelung/MA-Trajektorienfolgeregelung/workspace/ros2_ws/install/MPC_Trajektorienfolgeregelung/lib/python3.12/site-packages/Trajektorienfolgeregelung/__pycache__/Trajectorytracking.cpython-312.pyc
/home/oli/Desktop/Oliver/Uni/MA/RepoTrajektorienfolgeregelung/MA-Trajektorienfolgeregelung/workspace/ros2_ws/install/MPC_Trajektorienfolgeregelung/lib/python3.12/site-packages/Trajektorienfolgeregelung/__pycache__/__init__.cpython-312.pyc
/home/oli/Desktop/Oliver/Uni/MA/RepoTrajektorienfolgeregelung/MA-Trajektorienfolgeregelung/workspace/ros2_ws/install/MPC_Trajektorienfolgeregelung/lib/python3.12/site-packages/Trajektorienfolgeregelung/__pycache__/PurePursuit.cpython-312.pyc
/home/oli/Desktop/Oliver/Uni/MA/RepoTrajektorienfolgeregelung/MA-Trajektorienfolgeregelung/workspace/ros2_ws/install/MPC_Trajektorienfolgeregelung/lib/python3.12/site-packages/Trajektorienfolgeregelung/__pycache__/mpc_trajectory.cpython-312.pyc
/home/oli/Desktop/Oliver/Uni/MA/RepoTrajektorienfolgeregelung/MA-Trajektorienfolgeregelung/workspace/ros2_ws/install/MPC_Trajektorienfolgeregelung/share/ament_index/resource_index/packages/MPC_Trajektorienfolgeregelung
/home/oli/Desktop/Oliver/Uni/MA/RepoTrajektorienfolgeregelung/MA-Trajektorienfolgeregelung/workspace/ros2_ws/install/MPC_Trajektorienfolgeregelung/share/MPC_Trajektorienfolgeregelung/package.xml
/home/oli/Desktop/Oliver/Uni/MA/RepoTrajektorienfolgeregelung/MA-Trajektorienfolgeregelung/workspace/ros2_ws/install/MPC_Trajektorienfolgeregelung/lib/python3.12/site-packages/MPC_Trajektorienfolgeregelung-0.0.0-py3.12.egg-info/entry_points.txt
/home/oli/Desktop/Oliver/Uni/MA/RepoTrajektorienfolgeregelung/MA-Trajektorienfolgeregelung/workspace/ros2_ws/install/MPC_Trajektorienfolgeregelung/lib/python3.12/site-packages/MPC_Trajektorienfolgeregelung-0.0.0-py3.12.egg-info/zip-safe
/home/oli/Desktop/Oliver/Uni/MA/RepoTrajektorienfolgeregelung/MA-Trajektorienfolgeregelung/workspace/ros2_ws/install/MPC_Trajektorienfolgeregelung/lib/python3.12/site-packages/MPC_Trajektorienfolgeregelung-0.0.0-py3.12.egg-info/PKG-INFO
/home/oli/Desktop/Oliver/Uni/MA/RepoTrajektorienfolgeregelung/MA-Trajektorienfolgeregelung/workspace/ros2_ws/install/MPC_Trajektorienfolgeregelung/lib/python3.12/site-packages/MPC_Trajektorienfolgeregelung-0.0.0-py3.12.egg-info/top_level.txt
/home/oli/Desktop/Oliver/Uni/MA/RepoTrajektorienfolgeregelung/MA-Trajektorienfolgeregelung/workspace/ros2_ws/install/MPC_Trajektorienfolgeregelung/lib/python3.12/site-packages/MPC_Trajektorienfolgeregelung-0.0.0-py3.12.egg-info/dependency_links.txt
/home/oli/Desktop/Oliver/Uni/MA/RepoTrajektorienfolgeregelung/MA-Trajektorienfolgeregelung/workspace/ros2_ws/install/MPC_Trajektorienfolgeregelung/lib/python3.12/site-packages/MPC_Trajektorienfolgeregelung-0.0.0-py3.12.egg-info/SOURCES.txt
/home/oli/Desktop/Oliver/Uni/MA/RepoTrajektorienfolgeregelung/MA-Trajektorienfolgeregelung/workspace/ros2_ws/install/MPC_Trajektorienfolgeregelung/lib/python3.12/site-packages/MPC_Trajektorienfolgeregelung-0.0.0-py3.12.egg-info/requires.txt
/home/oli/Desktop/Oliver/Uni/MA/RepoTrajektorienfolgeregelung/MA-Trajektorienfolgeregelung/workspace/ros2_ws/install/MPC_Trajektorienfolgeregelung/lib/MPC_Trajektorienfolgeregelung/PurePursuit
/home/oli/Desktop/Oliver/Uni/MA/RepoTrajektorienfolgeregelung/MA-Trajektorienfolgeregelung/workspace/ros2_ws/install/MPC_Trajektorienfolgeregelung/lib/MPC_Trajektorienfolgeregelung/Trajectorytracking
/home/oli/Desktop/Oliver/Uni/MA/RepoTrajektorienfolgeregelung/MA-Trajektorienfolgeregelung/workspace/ros2_ws/install/MPC_Trajektorienfolgeregelung/lib/MPC_Trajektorienfolgeregelung/mpc_PD_controller
/home/oli/Desktop/Oliver/Uni/MA/RepoTrajektorienfolgeregelung/MA-Trajektorienfolgeregelung/workspace/ros2_ws/install/MPC_Trajektorienfolgeregelung/lib/MPC_Trajektorienfolgeregelung/trajectoryPControllerTime
