[2.020s] Invoking command in '/home/ro01/workspace/ros2_ws/src/calibration': DEBUGINFOD_URLS=https://debuginfod.ubuntu.com PYTHONPATH=/home/ro01/workspace/ros2_ws/build/calibration/prefix_override:/usr/lib/python3/dist-packages/colcon_core/task/python/colcon_distutils_commands:/home/ro01/workspace/ros2_ws/install/calibration/lib/python3.12/site-packages:${PYTHONPATH} /usr/bin/python3 -W ignore:setup.py install is deprecated -W ignore:easy_install command is deprecated setup.py egg_info --egg-base ../../build/calibration build --build-base /home/ro01/workspace/ros2_ws/build/calibration/build install --record /home/ro01/workspace/ros2_ws/build/calibration/install.log --single-version-externally-managed install_data
[2.480s] running egg_info
[2.511s] writing ../../build/calibration/calibration.egg-info/PKG-INFO
[2.512s] writing dependency_links to ../../build/calibration/calibration.egg-info/dependency_links.txt
[2.519s] writing entry points to ../../build/calibration/calibration.egg-info/entry_points.txt
[2.519s] writing requirements to ../../build/calibration/calibration.egg-info/requires.txt
[2.520s] writing top-level names to ../../build/calibration/calibration.egg-info/top_level.txt
[2.592s] reading manifest file '../../build/calibration/calibration.egg-info/SOURCES.txt'
[2.594s] writing manifest file '../../build/calibration/calibration.egg-info/SOURCES.txt'
[2.594s] running build
[2.596s] running build_py
[2.596s] running install
[2.609s] running install_lib
[2.653s] running install_data
[2.654s] running install_egg_info
[2.691s] removing '/home/ro01/workspace/ros2_ws/install/calibration/lib/python3.12/site-packages/calibration-0.0.0-py3.12.egg-info' (and everything under it)
[2.692s] Copying ../../build/calibration/calibration.egg-info to /home/ro01/workspace/ros2_ws/install/calibration/lib/python3.12/site-packages/calibration-0.0.0-py3.12.egg-info
[2.694s] running install_scripts
[2.920s] Installing calibrate_angular script to /home/ro01/workspace/ros2_ws/install/calibration/lib/calibration
[2.920s] Installing calibrate_linear script to /home/ro01/workspace/ros2_ws/install/calibration/lib/calibration
[2.927s] writing list of installed files to '/home/ro01/workspace/ros2_ws/build/calibration/install.log'
[3.070s] Invoked command in '/home/ro01/workspace/ros2_ws/src/calibration' returned '0': DEBUGINFOD_URLS=https://debuginfod.ubuntu.com PYTHONPATH=/home/ro01/workspace/ros2_ws/build/calibration/prefix_override:/usr/lib/python3/dist-packages/colcon_core/task/python/colcon_distutils_commands:/home/ro01/workspace/ros2_ws/install/calibration/lib/python3.12/site-packages:${PYTHONPATH} /usr/bin/python3 -W ignore:setup.py install is deprecated -W ignore:easy_install command is deprecated setup.py egg_info --egg-base ../../build/calibration build --build-base /home/ro01/workspace/ros2_ws/build/calibration/build install --record /home/ro01/workspace/ros2_ws/build/calibration/install.log --single-version-externally-managed install_data
