running egg_info
creating ../../build/MPC/MPC.egg-info
writing ../../build/MPC/MPC.egg-info/PKG-INFO
writing dependency_links to ../../build/MPC/MPC.egg-info/dependency_links.txt
writing entry points to ../../build/MPC/MPC.egg-info/entry_points.txt
writing requirements to ../../build/MPC/MPC.egg-info/requires.txt
writing top-level names to ../../build/MPC/MPC.egg-info/top_level.txt
writing manifest file '../../build/MPC/MPC.egg-info/SOURCES.txt'
reading manifest file '../../build/MPC/MPC.egg-info/SOURCES.txt'
adding license file 'LICENSE'
writing manifest file '../../build/MPC/MPC.egg-info/SOURCES.txt'
running build
running build_py
creating /home/oli/Desktop/Oliver/Uni/MA/RepoTrajektorienfolgeregelung/MA-Trajektorienfolgeregelung/workspace/ros2_ws/build/MPC/build
creating /home/oli/Desktop/Oliver/Uni/MA/RepoTrajektorienfolgeregelung/MA-Trajektorienfolgeregelung/workspace/ros2_ws/build/MPC/build/lib
creating /home/oli/Desktop/Oliver/Uni/MA/RepoTrajektorienfolgeregelung/MA-Trajektorienfolgeregelung/workspace/ros2_ws/build/MPC/build/lib/MPC
copying MPC/ActualPath.py -> /home/oli/Desktop/Oliver/Uni/MA/RepoTrajektorienfolgeregelung/MA-Trajektorienfolgeregelung/workspace/ros2_ws/build/MPC/build/lib/MPC
copying MPC/MPC_ClosedLoop.py -> /home/oli/Desktop/Oliver/Uni/MA/RepoTrajektorienfolgeregelung/MA-Trajektorienfolgeregelung/workspace/ros2_ws/build/MPC/build/lib/MPC
copying MPC/reformat_csv.py -> /home/oli/Desktop/Oliver/Uni/MA/RepoTrajektorienfolgeregelung/MA-Trajektorienfolgeregelung/workspace/ros2_ws/build/MPC/build/lib/MPC
copying MPC/SaveData.py -> /home/oli/Desktop/Oliver/Uni/MA/RepoTrajektorienfolgeregelung/MA-Trajektorienfolgeregelung/workspace/ros2_ws/build/MPC/build/lib/MPC
copying MPC/MPC_OpenLoopTrajectory.py -> /home/oli/Desktop/Oliver/Uni/MA/RepoTrajektorienfolgeregelung/MA-Trajektorienfolgeregelung/workspace/ros2_ws/build/MPC/build/lib/MPC
copying MPC/GifPurePursuit.py -> /home/oli/Desktop/Oliver/Uni/MA/RepoTrajektorienfolgeregelung/MA-Trajektorienfolgeregelung/workspace/ros2_ws/build/MPC/build/lib/MPC
copying MPC/MPC_ClosedLoopTrajectory.py -> /home/oli/Desktop/Oliver/Uni/MA/RepoTrajektorienfolgeregelung/MA-Trajektorienfolgeregelung/workspace/ros2_ws/build/MPC/build/lib/MPC
copying MPC/Abweichung.py -> /home/oli/Desktop/Oliver/Uni/MA/RepoTrajektorienfolgeregelung/MA-Trajektorienfolgeregelung/workspace/ros2_ws/build/MPC/build/lib/MPC
copying MPC/DynamicPlots.py -> /home/oli/Desktop/Oliver/Uni/MA/RepoTrajektorienfolgeregelung/MA-Trajektorienfolgeregelung/workspace/ros2_ws/build/MPC/build/lib/MPC
copying MPC/DynamicPlotsReference.py -> /home/oli/Desktop/Oliver/Uni/MA/RepoTrajektorienfolgeregelung/MA-Trajektorienfolgeregelung/workspace/ros2_ws/build/MPC/build/lib/MPC
copying MPC/MPC_OpenLoop.py -> /home/oli/Desktop/Oliver/Uni/MA/RepoTrajektorienfolgeregelung/MA-Trajektorienfolgeregelung/workspace/ros2_ws/build/MPC/build/lib/MPC
copying MPC/__init__.py -> /home/oli/Desktop/Oliver/Uni/MA/RepoTrajektorienfolgeregelung/MA-Trajektorienfolgeregelung/workspace/ros2_ws/build/MPC/build/lib/MPC
copying MPC/SystemModel.py -> /home/oli/Desktop/Oliver/Uni/MA/RepoTrajektorienfolgeregelung/MA-Trajektorienfolgeregelung/workspace/ros2_ws/build/MPC/build/lib/MPC
copying MPC/CreatePlot.py -> /home/oli/Desktop/Oliver/Uni/MA/RepoTrajektorienfolgeregelung/MA-Trajektorienfolgeregelung/workspace/ros2_ws/build/MPC/build/lib/MPC
running install
running install_lib
creating /home/oli/Desktop/Oliver/Uni/MA/RepoTrajektorienfolgeregelung/MA-Trajektorienfolgeregelung/workspace/ros2_ws/install/MPC/lib/python3.12/site-packages/MPC
copying /home/oli/Desktop/Oliver/Uni/MA/RepoTrajektorienfolgeregelung/MA-Trajektorienfolgeregelung/workspace/ros2_ws/build/MPC/build/lib/MPC/ActualPath.py -> /home/oli/Desktop/Oliver/Uni/MA/RepoTrajektorienfolgeregelung/MA-Trajektorienfolgeregelung/workspace/ros2_ws/install/MPC/lib/python3.12/site-packages/MPC
copying /home/oli/Desktop/Oliver/Uni/MA/RepoTrajektorienfolgeregelung/MA-Trajektorienfolgeregelung/workspace/ros2_ws/build/MPC/build/lib/MPC/MPC_ClosedLoop.py -> /home/oli/Desktop/Oliver/Uni/MA/RepoTrajektorienfolgeregelung/MA-Trajektorienfolgeregelung/workspace/ros2_ws/install/MPC/lib/python3.12/site-packages/MPC
copying /home/oli/Desktop/Oliver/Uni/MA/RepoTrajektorienfolgeregelung/MA-Trajektorienfolgeregelung/workspace/ros2_ws/build/MPC/build/lib/MPC/reformat_csv.py -> /home/oli/Desktop/Oliver/Uni/MA/RepoTrajektorienfolgeregelung/MA-Trajektorienfolgeregelung/workspace/ros2_ws/install/MPC/lib/python3.12/site-packages/MPC
copying /home/oli/Desktop/Oliver/Uni/MA/RepoTrajektorienfolgeregelung/MA-Trajektorienfolgeregelung/workspace/ros2_ws/build/MPC/build/lib/MPC/SaveData.py -> /home/oli/Desktop/Oliver/Uni/MA/RepoTrajektorienfolgeregelung/MA-Trajektorienfolgeregelung/workspace/ros2_ws/install/MPC/lib/python3.12/site-packages/MPC
copying /home/oli/Desktop/Oliver/Uni/MA/RepoTrajektorienfolgeregelung/MA-Trajektorienfolgeregelung/workspace/ros2_ws/build/MPC/build/lib/MPC/MPC_OpenLoopTrajectory.py -> /home/oli/Desktop/Oliver/Uni/MA/RepoTrajektorienfolgeregelung/MA-Trajektorienfolgeregelung/workspace/ros2_ws/install/MPC/lib/python3.12/site-packages/MPC
copying /home/oli/Desktop/Oliver/Uni/MA/RepoTrajektorienfolgeregelung/MA-Trajektorienfolgeregelung/workspace/ros2_ws/build/MPC/build/lib/MPC/GifPurePursuit.py -> /home/oli/Desktop/Oliver/Uni/MA/RepoTrajektorienfolgeregelung/MA-Trajektorienfolgeregelung/workspace/ros2_ws/install/MPC/lib/python3.12/site-packages/MPC
copying /home/oli/Desktop/Oliver/Uni/MA/RepoTrajektorienfolgeregelung/MA-Trajektorienfolgeregelung/workspace/ros2_ws/build/MPC/build/lib/MPC/MPC_ClosedLoopTrajectory.py -> /home/oli/Desktop/Oliver/Uni/MA/RepoTrajektorienfolgeregelung/MA-Trajektorienfolgeregelung/workspace/ros2_ws/install/MPC/lib/python3.12/site-packages/MPC
copying /home/oli/Desktop/Oliver/Uni/MA/RepoTrajektorienfolgeregelung/MA-Trajektorienfolgeregelung/workspace/ros2_ws/build/MPC/build/lib/MPC/Abweichung.py -> /home/oli/Desktop/Oliver/Uni/MA/RepoTrajektorienfolgeregelung/MA-Trajektorienfolgeregelung/workspace/ros2_ws/install/MPC/lib/python3.12/site-packages/MPC
copying /home/oli/Desktop/Oliver/Uni/MA/RepoTrajektorienfolgeregelung/MA-Trajektorienfolgeregelung/workspace/ros2_ws/build/MPC/build/lib/MPC/DynamicPlots.py -> /home/oli/Desktop/Oliver/Uni/MA/RepoTrajektorienfolgeregelung/MA-Trajektorienfolgeregelung/workspace/ros2_ws/install/MPC/lib/python3.12/site-packages/MPC
copying /home/oli/Desktop/Oliver/Uni/MA/RepoTrajektorienfolgeregelung/MA-Trajektorienfolgeregelung/workspace/ros2_ws/build/MPC/build/lib/MPC/DynamicPlotsReference.py -> /home/oli/Desktop/Oliver/Uni/MA/RepoTrajektorienfolgeregelung/MA-Trajektorienfolgeregelung/workspace/ros2_ws/install/MPC/lib/python3.12/site-packages/MPC
copying /home/oli/Desktop/Oliver/Uni/MA/RepoTrajektorienfolgeregelung/MA-Trajektorienfolgeregelung/workspace/ros2_ws/build/MPC/build/lib/MPC/MPC_OpenLoop.py -> /home/oli/Desktop/Oliver/Uni/MA/RepoTrajektorienfolgeregelung/MA-Trajektorienfolgeregelung/workspace/ros2_ws/install/MPC/lib/python3.12/site-packages/MPC
copying /home/oli/Desktop/Oliver/Uni/MA/RepoTrajektorienfolgeregelung/MA-Trajektorienfolgeregelung/workspace/ros2_ws/build/MPC/build/lib/MPC/__init__.py -> /home/oli/Desktop/Oliver/Uni/MA/RepoTrajektorienfolgeregelung/MA-Trajektorienfolgeregelung/workspace/ros2_ws/install/MPC/lib/python3.12/site-packages/MPC
copying /home/oli/Desktop/Oliver/Uni/MA/RepoTrajektorienfolgeregelung/MA-Trajektorienfolgeregelung/workspace/ros2_ws/build/MPC/build/lib/MPC/SystemModel.py -> /home/oli/Desktop/Oliver/Uni/MA/RepoTrajektorienfolgeregelung/MA-Trajektorienfolgeregelung/workspace/ros2_ws/install/MPC/lib/python3.12/site-packages/MPC
copying /home/oli/Desktop/Oliver/Uni/MA/RepoTrajektorienfolgeregelung/MA-Trajektorienfolgeregelung/workspace/ros2_ws/build/MPC/build/lib/MPC/CreatePlot.py -> /home/oli/Desktop/Oliver/Uni/MA/RepoTrajektorienfolgeregelung/MA-Trajektorienfolgeregelung/workspace/ros2_ws/install/MPC/lib/python3.12/site-packages/MPC
byte-compiling /home/oli/Desktop/Oliver/Uni/MA/RepoTrajektorienfolgeregelung/MA-Trajektorienfolgeregelung/workspace/ros2_ws/install/MPC/lib/python3.12/site-packages/MPC/ActualPath.py to ActualPath.cpython-312.pyc
byte-compiling /home/oli/Desktop/Oliver/Uni/MA/RepoTrajektorienfolgeregelung/MA-Trajektorienfolgeregelung/workspace/ros2_ws/install/MPC/lib/python3.12/site-packages/MPC/MPC_ClosedLoop.py to MPC_ClosedLoop.cpython-312.pyc
byte-compiling /home/oli/Desktop/Oliver/Uni/MA/RepoTrajektorienfolgeregelung/MA-Trajektorienfolgeregelung/workspace/ros2_ws/install/MPC/lib/python3.12/site-packages/MPC/reformat_csv.py to reformat_csv.cpython-312.pyc
byte-compiling /home/oli/Desktop/Oliver/Uni/MA/RepoTrajektorienfolgeregelung/MA-Trajektorienfolgeregelung/workspace/ros2_ws/install/MPC/lib/python3.12/site-packages/MPC/SaveData.py to SaveData.cpython-312.pyc
byte-compiling /home/oli/Desktop/Oliver/Uni/MA/RepoTrajektorienfolgeregelung/MA-Trajektorienfolgeregelung/workspace/ros2_ws/install/MPC/lib/python3.12/site-packages/MPC/MPC_OpenLoopTrajectory.py to MPC_OpenLoopTrajectory.cpython-312.pyc
byte-compiling /home/oli/Desktop/Oliver/Uni/MA/RepoTrajektorienfolgeregelung/MA-Trajektorienfolgeregelung/workspace/ros2_ws/install/MPC/lib/python3.12/site-packages/MPC/GifPurePursuit.py to GifPurePursuit.cpython-312.pyc
byte-compiling /home/oli/Desktop/Oliver/Uni/MA/RepoTrajektorienfolgeregelung/MA-Trajektorienfolgeregelung/workspace/ros2_ws/install/MPC/lib/python3.12/site-packages/MPC/MPC_ClosedLoopTrajectory.py to MPC_ClosedLoopTrajectory.cpython-312.pyc
byte-compiling /home/oli/Desktop/Oliver/Uni/MA/RepoTrajektorienfolgeregelung/MA-Trajektorienfolgeregelung/workspace/ros2_ws/install/MPC/lib/python3.12/site-packages/MPC/Abweichung.py to Abweichung.cpython-312.pyc
byte-compiling /home/oli/Desktop/Oliver/Uni/MA/RepoTrajektorienfolgeregelung/MA-Trajektorienfolgeregelung/workspace/ros2_ws/install/MPC/lib/python3.12/site-packages/MPC/DynamicPlots.py to DynamicPlots.cpython-312.pyc
byte-compiling /home/oli/Desktop/Oliver/Uni/MA/RepoTrajektorienfolgeregelung/MA-Trajektorienfolgeregelung/workspace/ros2_ws/install/MPC/lib/python3.12/site-packages/MPC/DynamicPlotsReference.py to DynamicPlotsReference.cpython-312.pyc
byte-compiling /home/oli/Desktop/Oliver/Uni/MA/RepoTrajektorienfolgeregelung/MA-Trajektorienfolgeregelung/workspace/ros2_ws/install/MPC/lib/python3.12/site-packages/MPC/MPC_OpenLoop.py to MPC_OpenLoop.cpython-312.pyc
byte-compiling /home/oli/Desktop/Oliver/Uni/MA/RepoTrajektorienfolgeregelung/MA-Trajektorienfolgeregelung/workspace/ros2_ws/install/MPC/lib/python3.12/site-packages/MPC/__init__.py to __init__.cpython-312.pyc
byte-compiling /home/oli/Desktop/Oliver/Uni/MA/RepoTrajektorienfolgeregelung/MA-Trajektorienfolgeregelung/workspace/ros2_ws/install/MPC/lib/python3.12/site-packages/MPC/SystemModel.py to SystemModel.cpython-312.pyc
byte-compiling /home/oli/Desktop/Oliver/Uni/MA/RepoTrajektorienfolgeregelung/MA-Trajektorienfolgeregelung/workspace/ros2_ws/install/MPC/lib/python3.12/site-packages/MPC/CreatePlot.py to CreatePlot.cpython-312.pyc
running install_data
creating /home/oli/Desktop/Oliver/Uni/MA/RepoTrajektorienfolgeregelung/MA-Trajektorienfolgeregelung/workspace/ros2_ws/install/MPC/share/ament_index
creating /home/oli/Desktop/Oliver/Uni/MA/RepoTrajektorienfolgeregelung/MA-Trajektorienfolgeregelung/workspace/ros2_ws/install/MPC/share/ament_index/resource_index
creating /home/oli/Desktop/Oliver/Uni/MA/RepoTrajektorienfolgeregelung/MA-Trajektorienfolgeregelung/workspace/ros2_ws/install/MPC/share/ament_index/resource_index/packages
copying resource/MPC -> /home/oli/Desktop/Oliver/Uni/MA/RepoTrajektorienfolgeregelung/MA-Trajektorienfolgeregelung/workspace/ros2_ws/install/MPC/share/ament_index/resource_index/packages
copying package.xml -> /home/oli/Desktop/Oliver/Uni/MA/RepoTrajektorienfolgeregelung/MA-Trajektorienfolgeregelung/workspace/ros2_ws/install/MPC/share/MPC
running install_egg_info
Copying ../../build/MPC/MPC.egg-info to /home/oli/Desktop/Oliver/Uni/MA/RepoTrajektorienfolgeregelung/MA-Trajektorienfolgeregelung/workspace/ros2_ws/install/MPC/lib/python3.12/site-packages/MPC-0.0.0-py3.12.egg-info
running install_scripts
Installing MPC_ClosedLoop script to /home/oli/Desktop/Oliver/Uni/MA/RepoTrajektorienfolgeregelung/MA-Trajektorienfolgeregelung/workspace/ros2_ws/install/MPC/lib/MPC
Installing MPC_ClosedLoopTrajectory script to /home/oli/Desktop/Oliver/Uni/MA/RepoTrajektorienfolgeregelung/MA-Trajektorienfolgeregelung/workspace/ros2_ws/install/MPC/lib/MPC
writing list of installed files to '/home/oli/Desktop/Oliver/Uni/MA/RepoTrajektorienfolgeregelung/MA-Trajektorienfolgeregelung/workspace/ros2_ws/build/MPC/install.log'
