/home/ro01/workspace/ros2_ws/install/mentorpi_description/lib/python3.12/site-packages/mentorpi_description/__init__.py
/home/ro01/workspace/ros2_ws/install/mentorpi_description/lib/python3.12/site-packages/mentorpi_description/__pycache__/__init__.cpython-312.pyc
/home/ro01/workspace/ros2_ws/install/mentorpi_description/share/ament_index/resource_index/packages/mentorpi_description
/home/ro01/workspace/ros2_ws/install/mentorpi_description/share/mentorpi_description/package.xml
/home/ro01/workspace/ros2_ws/install/mentorpi_description/share/mentorpi_description/launch/rviz.launch.py
/home/ro01/workspace/ros2_ws/install/mentorpi_description/share/mentorpi_description/launch/display.launch.py
/home/ro01/workspace/ros2_ws/install/mentorpi_description/share/mentorpi_description/launch/robot_description.launch.py
/home/ro01/workspace/ros2_ws/install/mentorpi_description/share/mentorpi_description/urdf/ack.xacro
/home/ro01/workspace/ros2_ws/install/mentorpi_description/share/mentorpi_description/urdf/lidar.urdf.xacro
/home/ro01/workspace/ros2_ws/install/mentorpi_description/share/mentorpi_description/urdf/materials.xacro
/home/ro01/workspace/ros2_ws/install/mentorpi_description/share/mentorpi_description/urdf/inertial_matrix.xacro
/home/ro01/workspace/ros2_ws/install/mentorpi_description/share/mentorpi_description/urdf/mecanum.xacro
/home/ro01/workspace/ros2_ws/install/mentorpi_description/share/mentorpi_description/urdf/mentorpi.xacro
/home/ro01/workspace/ros2_ws/install/mentorpi_description/share/mentorpi_description/urdf/imu.urdf.xacro
/home/ro01/workspace/ros2_ws/install/mentorpi_description/share/mentorpi_description/rviz/view.rviz
/home/ro01/workspace/ros2_ws/install/mentorpi_description/share/mentorpi_description/meshes/acker/cam_Link.STL
/home/ro01/workspace/ros2_ws/install/mentorpi_description/share/mentorpi_description/meshes/acker/wheel_lf_Link.STL
/home/ro01/workspace/ros2_ws/install/mentorpi_description/share/mentorpi_description/meshes/acker/base_link.STL
/home/ro01/workspace/ros2_ws/install/mentorpi_description/share/mentorpi_description/meshes/acker/wheel_rb_Link.STL
/home/ro01/workspace/ros2_ws/install/mentorpi_description/share/mentorpi_description/meshes/acker/wheel_rf_Link.STL
/home/ro01/workspace/ros2_ws/install/mentorpi_description/share/mentorpi_description/meshes/acker/lidar_Link.STL
/home/ro01/workspace/ros2_ws/install/mentorpi_description/share/mentorpi_description/meshes/acker/wheel_lb_Link.STL
/home/ro01/workspace/ros2_ws/install/mentorpi_description/share/mentorpi_description/meshes/acker/imu_link.stl
/home/ro01/workspace/ros2_ws/install/mentorpi_description/share/mentorpi_description/meshes/mecanum/cam_Link.STL
/home/ro01/workspace/ros2_ws/install/mentorpi_description/share/mentorpi_description/meshes/mecanum/wheel_lf_Link.STL
/home/ro01/workspace/ros2_ws/install/mentorpi_description/share/mentorpi_description/meshes/mecanum/base_link.STL
/home/ro01/workspace/ros2_ws/install/mentorpi_description/share/mentorpi_description/meshes/mecanum/wheel_rb_Link.STL
/home/ro01/workspace/ros2_ws/install/mentorpi_description/share/mentorpi_description/meshes/mecanum/wheel_rf_Link.STL
/home/ro01/workspace/ros2_ws/install/mentorpi_description/share/mentorpi_description/meshes/mecanum/lidar_Link.STL
/home/ro01/workspace/ros2_ws/install/mentorpi_description/share/mentorpi_description/meshes/mecanum/wheel_lb_Link.STL
/home/ro01/workspace/ros2_ws/install/mentorpi_description/lib/python3.12/site-packages/mentorpi_description-0.0.0-py3.12.egg-info/SOURCES.txt
/home/ro01/workspace/ros2_ws/install/mentorpi_description/lib/python3.12/site-packages/mentorpi_description-0.0.0-py3.12.egg-info/top_level.txt
/home/ro01/workspace/ros2_ws/install/mentorpi_description/lib/python3.12/site-packages/mentorpi_description-0.0.0-py3.12.egg-info/PKG-INFO
/home/ro01/workspace/ros2_ws/install/mentorpi_description/lib/python3.12/site-packages/mentorpi_description-0.0.0-py3.12.egg-info/zip-safe
/home/ro01/workspace/ros2_ws/install/mentorpi_description/lib/python3.12/site-packages/mentorpi_description-0.0.0-py3.12.egg-info/requires.txt
/home/ro01/workspace/ros2_ws/install/mentorpi_description/lib/python3.12/site-packages/mentorpi_description-0.0.0-py3.12.egg-info/dependency_links.txt
