running egg_info
creating ../../../build/mentorpi_description/mentorpi_description.egg-info
writing ../../../build/mentorpi_description/mentorpi_description.egg-info/PKG-INFO
writing dependency_links to ../../../build/mentorpi_description/mentorpi_description.egg-info/dependency_links.txt
writing requirements to ../../../build/mentorpi_description/mentorpi_description.egg-info/requires.txt
writing top-level names to ../../../build/mentorpi_description/mentorpi_description.egg-info/top_level.txt
writing manifest file '../../../build/mentorpi_description/mentorpi_description.egg-info/SOURCES.txt'
reading manifest file '../../../build/mentorpi_description/mentorpi_description.egg-info/SOURCES.txt'
writing manifest file '../../../build/mentorpi_description/mentorpi_description.egg-info/SOURCES.txt'
running build
running build_py
creating /home/oli/Desktop/Oliver/Uni/MA/RepoTrajektorienfolgeregelung/MA-Trajektorienfolgeregelung/workspace/ros2_ws/build/mentorpi_description/build
creating /home/oli/Desktop/Oliver/Uni/MA/RepoTrajektorienfolgeregelung/MA-Trajektorienfolgeregelung/workspace/ros2_ws/build/mentorpi_description/build/lib
creating /home/oli/Desktop/Oliver/Uni/MA/RepoTrajektorienfolgeregelung/MA-Trajektorienfolgeregelung/workspace/ros2_ws/build/mentorpi_description/build/lib/mentorpi_description
copying mentorpi_description/__init__.py -> /home/oli/Desktop/Oliver/Uni/MA/RepoTrajektorienfolgeregelung/MA-Trajektorienfolgeregelung/workspace/ros2_ws/build/mentorpi_description/build/lib/mentorpi_description
running install
running install_lib
creating /home/oli/Desktop/Oliver/Uni/MA/RepoTrajektorienfolgeregelung/MA-Trajektorienfolgeregelung/workspace/ros2_ws/install/mentorpi_description/lib/python3.12/site-packages/mentorpi_description
copying /home/oli/Desktop/Oliver/Uni/MA/RepoTrajektorienfolgeregelung/MA-Trajektorienfolgeregelung/workspace/ros2_ws/build/mentorpi_description/build/lib/mentorpi_description/__init__.py -> /home/oli/Desktop/Oliver/Uni/MA/RepoTrajektorienfolgeregelung/MA-Trajektorienfolgeregelung/workspace/ros2_ws/install/mentorpi_description/lib/python3.12/site-packages/mentorpi_description
byte-compiling /home/oli/Desktop/Oliver/Uni/MA/RepoTrajektorienfolgeregelung/MA-Trajektorienfolgeregelung/workspace/ros2_ws/install/mentorpi_description/lib/python3.12/site-packages/mentorpi_description/__init__.py to __init__.cpython-312.pyc
running install_data
creating /home/oli/Desktop/Oliver/Uni/MA/RepoTrajektorienfolgeregelung/MA-Trajektorienfolgeregelung/workspace/ros2_ws/install/mentorpi_description/share/ament_index
creating /home/oli/Desktop/Oliver/Uni/MA/RepoTrajektorienfolgeregelung/MA-Trajektorienfolgeregelung/workspace/ros2_ws/install/mentorpi_description/share/ament_index/resource_index
creating /home/oli/Desktop/Oliver/Uni/MA/RepoTrajektorienfolgeregelung/MA-Trajektorienfolgeregelung/workspace/ros2_ws/install/mentorpi_description/share/ament_index/resource_index/packages
copying resource/mentorpi_description -> /home/oli/Desktop/Oliver/Uni/MA/RepoTrajektorienfolgeregelung/MA-Trajektorienfolgeregelung/workspace/ros2_ws/install/mentorpi_description/share/ament_index/resource_index/packages
copying package.xml -> /home/oli/Desktop/Oliver/Uni/MA/RepoTrajektorienfolgeregelung/MA-Trajektorienfolgeregelung/workspace/ros2_ws/install/mentorpi_description/share/mentorpi_description
creating /home/oli/Desktop/Oliver/Uni/MA/RepoTrajektorienfolgeregelung/MA-Trajektorienfolgeregelung/workspace/ros2_ws/install/mentorpi_description/share/mentorpi_description/launch
copying launch/robot_description.launch.py -> /home/oli/Desktop/Oliver/Uni/MA/RepoTrajektorienfolgeregelung/MA-Trajektorienfolgeregelung/workspace/ros2_ws/install/mentorpi_description/share/mentorpi_description/launch
copying launch/rviz.launch.py -> /home/oli/Desktop/Oliver/Uni/MA/RepoTrajektorienfolgeregelung/MA-Trajektorienfolgeregelung/workspace/ros2_ws/install/mentorpi_description/share/mentorpi_description/launch
copying launch/display.launch.py -> /home/oli/Desktop/Oliver/Uni/MA/RepoTrajektorienfolgeregelung/MA-Trajektorienfolgeregelung/workspace/ros2_ws/install/mentorpi_description/share/mentorpi_description/launch
creating /home/oli/Desktop/Oliver/Uni/MA/RepoTrajektorienfolgeregelung/MA-Trajektorienfolgeregelung/workspace/ros2_ws/install/mentorpi_description/share/mentorpi_description/urdf
copying urdf/inertial_matrix.xacro -> /home/oli/Desktop/Oliver/Uni/MA/RepoTrajektorienfolgeregelung/MA-Trajektorienfolgeregelung/workspace/ros2_ws/install/mentorpi_description/share/mentorpi_description/urdf
copying urdf/imu.urdf.xacro -> /home/oli/Desktop/Oliver/Uni/MA/RepoTrajektorienfolgeregelung/MA-Trajektorienfolgeregelung/workspace/ros2_ws/install/mentorpi_description/share/mentorpi_description/urdf
copying urdf/materials.xacro -> /home/oli/Desktop/Oliver/Uni/MA/RepoTrajektorienfolgeregelung/MA-Trajektorienfolgeregelung/workspace/ros2_ws/install/mentorpi_description/share/mentorpi_description/urdf
copying urdf/mecanum.xacro -> /home/oli/Desktop/Oliver/Uni/MA/RepoTrajektorienfolgeregelung/MA-Trajektorienfolgeregelung/workspace/ros2_ws/install/mentorpi_description/share/mentorpi_description/urdf
copying urdf/ack.xacro -> /home/oli/Desktop/Oliver/Uni/MA/RepoTrajektorienfolgeregelung/MA-Trajektorienfolgeregelung/workspace/ros2_ws/install/mentorpi_description/share/mentorpi_description/urdf
copying urdf/mentorpi.xacro -> /home/oli/Desktop/Oliver/Uni/MA/RepoTrajektorienfolgeregelung/MA-Trajektorienfolgeregelung/workspace/ros2_ws/install/mentorpi_description/share/mentorpi_description/urdf
copying urdf/lidar.urdf.xacro -> /home/oli/Desktop/Oliver/Uni/MA/RepoTrajektorienfolgeregelung/MA-Trajektorienfolgeregelung/workspace/ros2_ws/install/mentorpi_description/share/mentorpi_description/urdf
creating /home/oli/Desktop/Oliver/Uni/MA/RepoTrajektorienfolgeregelung/MA-Trajektorienfolgeregelung/workspace/ros2_ws/install/mentorpi_description/share/mentorpi_description/rviz
copying rviz/view.rviz -> /home/oli/Desktop/Oliver/Uni/MA/RepoTrajektorienfolgeregelung/MA-Trajektorienfolgeregelung/workspace/ros2_ws/install/mentorpi_description/share/mentorpi_description/rviz
creating /home/oli/Desktop/Oliver/Uni/MA/RepoTrajektorienfolgeregelung/MA-Trajektorienfolgeregelung/workspace/ros2_ws/install/mentorpi_description/share/mentorpi_description/meshes
creating /home/oli/Desktop/Oliver/Uni/MA/RepoTrajektorienfolgeregelung/MA-Trajektorienfolgeregelung/workspace/ros2_ws/install/mentorpi_description/share/mentorpi_description/meshes/acker
copying meshes/acker/wheel_lf_Link.STL -> /home/oli/Desktop/Oliver/Uni/MA/RepoTrajektorienfolgeregelung/MA-Trajektorienfolgeregelung/workspace/ros2_ws/install/mentorpi_description/share/mentorpi_description/meshes/acker
copying meshes/acker/imu_link.stl -> /home/oli/Desktop/Oliver/Uni/MA/RepoTrajektorienfolgeregelung/MA-Trajektorienfolgeregelung/workspace/ros2_ws/install/mentorpi_description/share/mentorpi_description/meshes/acker
copying meshes/acker/lidar_Link.STL -> /home/oli/Desktop/Oliver/Uni/MA/RepoTrajektorienfolgeregelung/MA-Trajektorienfolgeregelung/workspace/ros2_ws/install/mentorpi_description/share/mentorpi_description/meshes/acker
copying meshes/acker/base_link.STL -> /home/oli/Desktop/Oliver/Uni/MA/RepoTrajektorienfolgeregelung/MA-Trajektorienfolgeregelung/workspace/ros2_ws/install/mentorpi_description/share/mentorpi_description/meshes/acker
copying meshes/acker/wheel_rb_Link.STL -> /home/oli/Desktop/Oliver/Uni/MA/RepoTrajektorienfolgeregelung/MA-Trajektorienfolgeregelung/workspace/ros2_ws/install/mentorpi_description/share/mentorpi_description/meshes/acker
copying meshes/acker/wheel_lb_Link.STL -> /home/oli/Desktop/Oliver/Uni/MA/RepoTrajektorienfolgeregelung/MA-Trajektorienfolgeregelung/workspace/ros2_ws/install/mentorpi_description/share/mentorpi_description/meshes/acker
copying meshes/acker/cam_Link.STL -> /home/oli/Desktop/Oliver/Uni/MA/RepoTrajektorienfolgeregelung/MA-Trajektorienfolgeregelung/workspace/ros2_ws/install/mentorpi_description/share/mentorpi_description/meshes/acker
copying meshes/acker/wheel_rf_Link.STL -> /home/oli/Desktop/Oliver/Uni/MA/RepoTrajektorienfolgeregelung/MA-Trajektorienfolgeregelung/workspace/ros2_ws/install/mentorpi_description/share/mentorpi_description/meshes/acker
creating /home/oli/Desktop/Oliver/Uni/MA/RepoTrajektorienfolgeregelung/MA-Trajektorienfolgeregelung/workspace/ros2_ws/install/mentorpi_description/share/mentorpi_description/meshes/mecanum
copying meshes/mecanum/wheel_lf_Link.STL -> /home/oli/Desktop/Oliver/Uni/MA/RepoTrajektorienfolgeregelung/MA-Trajektorienfolgeregelung/workspace/ros2_ws/install/mentorpi_description/share/mentorpi_description/meshes/mecanum
copying meshes/mecanum/lidar_Link.STL -> /home/oli/Desktop/Oliver/Uni/MA/RepoTrajektorienfolgeregelung/MA-Trajektorienfolgeregelung/workspace/ros2_ws/install/mentorpi_description/share/mentorpi_description/meshes/mecanum
copying meshes/mecanum/base_link.STL -> /home/oli/Desktop/Oliver/Uni/MA/RepoTrajektorienfolgeregelung/MA-Trajektorienfolgeregelung/workspace/ros2_ws/install/mentorpi_description/share/mentorpi_description/meshes/mecanum
copying meshes/mecanum/wheel_rb_Link.STL -> /home/oli/Desktop/Oliver/Uni/MA/RepoTrajektorienfolgeregelung/MA-Trajektorienfolgeregelung/workspace/ros2_ws/install/mentorpi_description/share/mentorpi_description/meshes/mecanum
copying meshes/mecanum/wheel_lb_Link.STL -> /home/oli/Desktop/Oliver/Uni/MA/RepoTrajektorienfolgeregelung/MA-Trajektorienfolgeregelung/workspace/ros2_ws/install/mentorpi_description/share/mentorpi_description/meshes/mecanum
copying meshes/mecanum/cam_Link.STL -> /home/oli/Desktop/Oliver/Uni/MA/RepoTrajektorienfolgeregelung/MA-Trajektorienfolgeregelung/workspace/ros2_ws/install/mentorpi_description/share/mentorpi_description/meshes/mecanum
copying meshes/mecanum/wheel_rf_Link.STL -> /home/oli/Desktop/Oliver/Uni/MA/RepoTrajektorienfolgeregelung/MA-Trajektorienfolgeregelung/workspace/ros2_ws/install/mentorpi_description/share/mentorpi_description/meshes/mecanum
running install_egg_info
Copying ../../../build/mentorpi_description/mentorpi_description.egg-info to /home/oli/Desktop/Oliver/Uni/MA/RepoTrajektorienfolgeregelung/MA-Trajektorienfolgeregelung/workspace/ros2_ws/install/mentorpi_description/lib/python3.12/site-packages/mentorpi_description-0.0.0-py3.12.egg-info
running install_scripts
writing list of installed files to '/home/oli/Desktop/Oliver/Uni/MA/RepoTrajektorienfolgeregelung/MA-Trajektorienfolgeregelung/workspace/ros2_ws/build/mentorpi_description/install.log'
