[4.081s] Invoking command in '/home/oli/Desktop/Oliver/Uni/MA/RepoTrajektorienfolgeregelung/MA-Trajektorienfolgeregelung/workspace/ros2_ws/src/driver/sdk': DEBUGINFOD_URLS=https://debuginfod.ubuntu.com PYTHONPATH=/home/oli/Desktop/Oliver/Uni/MA/RepoTrajektorienfolgeregelung/MA-Trajektorienfolgeregelung/workspace/ros2_ws/build/sdk/prefix_override:/usr/lib/python3/dist-packages/colcon_core/task/python/colcon_distutils_commands:/home/oli/Desktop/Oliver/Uni/MA/RepoTrajektorienfolgeregelung/MA-Trajektorienfolgeregelung/workspace/ros2_ws/install/sdk/lib/python3.12/site-packages:${PYTHONPATH} /usr/bin/python3 -W ignore:setup.py install is deprecated -W ignore:easy_install command is deprecated setup.py egg_info --egg-base ../../../build/sdk build --build-base /home/oli/Desktop/Oliver/Uni/MA/RepoTrajektorienfolgeregelung/MA-Trajektorienfolgeregelung/workspace/ros2_ws/build/sdk/build install --record /home/oli/Desktop/Oliver/Uni/MA/RepoTrajektorienfolgeregelung/MA-Trajektorienfolgeregelung/workspace/ros2_ws/build/sdk/install.log --single-version-externally-managed install_data
[5.284s] running egg_info
[5.285s] creating ../../../build/sdk/sdk.egg-info
[5.351s] writing ../../../build/sdk/sdk.egg-info/PKG-INFO
[5.352s] writing dependency_links to ../../../build/sdk/sdk.egg-info/dependency_links.txt
[5.352s] writing requirements to ../../../build/sdk/sdk.egg-info/requires.txt
[5.353s] writing top-level names to ../../../build/sdk/sdk.egg-info/top_level.txt
[5.353s] writing manifest file '../../../build/sdk/sdk.egg-info/SOURCES.txt'
[5.516s] reading manifest file '../../../build/sdk/sdk.egg-info/SOURCES.txt'
[5.517s] writing manifest file '../../../build/sdk/sdk.egg-info/SOURCES.txt'
[5.518s] running build
[5.519s] running build_py
[5.519s] creating /home/oli/Desktop/Oliver/Uni/MA/RepoTrajektorienfolgeregelung/MA-Trajektorienfolgeregelung/workspace/ros2_ws/build/sdk/build
[5.520s] creating /home/oli/Desktop/Oliver/Uni/MA/RepoTrajektorienfolgeregelung/MA-Trajektorienfolgeregelung/workspace/ros2_ws/build/sdk/build/lib
[5.520s] creating /home/oli/Desktop/Oliver/Uni/MA/RepoTrajektorienfolgeregelung/MA-Trajektorienfolgeregelung/workspace/ros2_ws/build/sdk/build/lib/sdk
[5.521s] copying sdk/common.py -> /home/oli/Desktop/Oliver/Uni/MA/RepoTrajektorienfolgeregelung/MA-Trajektorienfolgeregelung/workspace/ros2_ws/build/sdk/build/lib/sdk
[5.521s] copying sdk/pid.py -> /home/oli/Desktop/Oliver/Uni/MA/RepoTrajektorienfolgeregelung/MA-Trajektorienfolgeregelung/workspace/ros2_ws/build/sdk/build/lib/sdk
[5.522s] copying sdk/fps.py -> /home/oli/Desktop/Oliver/Uni/MA/RepoTrajektorienfolgeregelung/MA-Trajektorienfolgeregelung/workspace/ros2_ws/build/sdk/build/lib/sdk
[5.522s] copying sdk/__init__.py -> /home/oli/Desktop/Oliver/Uni/MA/RepoTrajektorienfolgeregelung/MA-Trajektorienfolgeregelung/workspace/ros2_ws/build/sdk/build/lib/sdk
[5.522s] copying sdk/led.py -> /home/oli/Desktop/Oliver/Uni/MA/RepoTrajektorienfolgeregelung/MA-Trajektorienfolgeregelung/workspace/ros2_ws/build/sdk/build/lib/sdk
[5.523s] running install
[5.540s] running install_lib
[5.603s] creating /home/oli/Desktop/Oliver/Uni/MA/RepoTrajektorienfolgeregelung/MA-Trajektorienfolgeregelung/workspace/ros2_ws/install/sdk/lib/python3.12/site-packages/sdk
[5.603s] copying /home/oli/Desktop/Oliver/Uni/MA/RepoTrajektorienfolgeregelung/MA-Trajektorienfolgeregelung/workspace/ros2_ws/build/sdk/build/lib/sdk/common.py -> /home/oli/Desktop/Oliver/Uni/MA/RepoTrajektorienfolgeregelung/MA-Trajektorienfolgeregelung/workspace/ros2_ws/install/sdk/lib/python3.12/site-packages/sdk
[5.604s] copying /home/oli/Desktop/Oliver/Uni/MA/RepoTrajektorienfolgeregelung/MA-Trajektorienfolgeregelung/workspace/ros2_ws/build/sdk/build/lib/sdk/pid.py -> /home/oli/Desktop/Oliver/Uni/MA/RepoTrajektorienfolgeregelung/MA-Trajektorienfolgeregelung/workspace/ros2_ws/install/sdk/lib/python3.12/site-packages/sdk
[5.604s] copying /home/oli/Desktop/Oliver/Uni/MA/RepoTrajektorienfolgeregelung/MA-Trajektorienfolgeregelung/workspace/ros2_ws/build/sdk/build/lib/sdk/fps.py -> /home/oli/Desktop/Oliver/Uni/MA/RepoTrajektorienfolgeregelung/MA-Trajektorienfolgeregelung/workspace/ros2_ws/install/sdk/lib/python3.12/site-packages/sdk
[5.605s] copying /home/oli/Desktop/Oliver/Uni/MA/RepoTrajektorienfolgeregelung/MA-Trajektorienfolgeregelung/workspace/ros2_ws/build/sdk/build/lib/sdk/__init__.py -> /home/oli/Desktop/Oliver/Uni/MA/RepoTrajektorienfolgeregelung/MA-Trajektorienfolgeregelung/workspace/ros2_ws/install/sdk/lib/python3.12/site-packages/sdk
[5.605s] copying /home/oli/Desktop/Oliver/Uni/MA/RepoTrajektorienfolgeregelung/MA-Trajektorienfolgeregelung/workspace/ros2_ws/build/sdk/build/lib/sdk/led.py -> /home/oli/Desktop/Oliver/Uni/MA/RepoTrajektorienfolgeregelung/MA-Trajektorienfolgeregelung/workspace/ros2_ws/install/sdk/lib/python3.12/site-packages/sdk
[5.607s] byte-compiling /home/oli/Desktop/Oliver/Uni/MA/RepoTrajektorienfolgeregelung/MA-Trajektorienfolgeregelung/workspace/ros2_ws/install/sdk/lib/python3.12/site-packages/sdk/common.py to common.cpython-312.pyc
[5.613s] /home/oli/Desktop/Oliver/Uni/MA/RepoTrajektorienfolgeregelung/MA-Trajektorienfolgeregelung/workspace/ros2_ws/install/sdk/lib/python3.12/site-packages/sdk/pid.py:38: SyntaxWarning: invalid escape sequence '\i'
[5.613s]   """Calculates PID value for given reference feedback
[5.615s] byte-compiling /home/oli/Desktop/Oliver/Uni/MA/RepoTrajektorienfolgeregelung/MA-Trajektorienfolgeregelung/workspace/ros2_ws/install/sdk/lib/python3.12/site-packages/sdk/pid.py to pid.cpython-312.pyc
[5.616s] byte-compiling /home/oli/Desktop/Oliver/Uni/MA/RepoTrajektorienfolgeregelung/MA-Trajektorienfolgeregelung/workspace/ros2_ws/install/sdk/lib/python3.12/site-packages/sdk/fps.py to fps.cpython-312.pyc
[5.616s] byte-compiling /home/oli/Desktop/Oliver/Uni/MA/RepoTrajektorienfolgeregelung/MA-Trajektorienfolgeregelung/workspace/ros2_ws/install/sdk/lib/python3.12/site-packages/sdk/__init__.py to __init__.cpython-312.pyc
[5.617s] byte-compiling /home/oli/Desktop/Oliver/Uni/MA/RepoTrajektorienfolgeregelung/MA-Trajektorienfolgeregelung/workspace/ros2_ws/install/sdk/lib/python3.12/site-packages/sdk/led.py to led.cpython-312.pyc
[5.618s] running install_data
[5.618s] creating /home/oli/Desktop/Oliver/Uni/MA/RepoTrajektorienfolgeregelung/MA-Trajektorienfolgeregelung/workspace/ros2_ws/install/sdk/share/ament_index
[5.618s] creating /home/oli/Desktop/Oliver/Uni/MA/RepoTrajektorienfolgeregelung/MA-Trajektorienfolgeregelung/workspace/ros2_ws/install/sdk/share/ament_index/resource_index
[5.619s] creating /home/oli/Desktop/Oliver/Uni/MA/RepoTrajektorienfolgeregelung/MA-Trajektorienfolgeregelung/workspace/ros2_ws/install/sdk/share/ament_index/resource_index/packages
[5.619s] copying resource/sdk -> /home/oli/Desktop/Oliver/Uni/MA/RepoTrajektorienfolgeregelung/MA-Trajektorienfolgeregelung/workspace/ros2_ws/install/sdk/share/ament_index/resource_index/packages
[5.620s] copying package.xml -> /home/oli/Desktop/Oliver/Uni/MA/RepoTrajektorienfolgeregelung/MA-Trajektorienfolgeregelung/workspace/ros2_ws/install/sdk/share/sdk
[5.620s] running install_egg_info
[5.699s] Copying ../../../build/sdk/sdk.egg-info to /home/oli/Desktop/Oliver/Uni/MA/RepoTrajektorienfolgeregelung/MA-Trajektorienfolgeregelung/workspace/ros2_ws/install/sdk/lib/python3.12/site-packages/sdk-0.0.0-py3.12.egg-info
[5.700s] running install_scripts
[6.111s] writing list of installed files to '/home/oli/Desktop/Oliver/Uni/MA/RepoTrajektorienfolgeregelung/MA-Trajektorienfolgeregelung/workspace/ros2_ws/build/sdk/install.log'
[6.201s] Invoked command in '/home/oli/Desktop/Oliver/Uni/MA/RepoTrajektorienfolgeregelung/MA-Trajektorienfolgeregelung/workspace/ros2_ws/src/driver/sdk' returned '0': DEBUGINFOD_URLS=https://debuginfod.ubuntu.com PYTHONPATH=/home/oli/Desktop/Oliver/Uni/MA/RepoTrajektorienfolgeregelung/MA-Trajektorienfolgeregelung/workspace/ros2_ws/build/sdk/prefix_override:/usr/lib/python3/dist-packages/colcon_core/task/python/colcon_distutils_commands:/home/oli/Desktop/Oliver/Uni/MA/RepoTrajektorienfolgeregelung/MA-Trajektorienfolgeregelung/workspace/ros2_ws/install/sdk/lib/python3.12/site-packages:${PYTHONPATH} /usr/bin/python3 -W ignore:setup.py install is deprecated -W ignore:easy_install command is deprecated setup.py egg_info --egg-base ../../../build/sdk build --build-base /home/oli/Desktop/Oliver/Uni/MA/RepoTrajektorienfolgeregelung/MA-Trajektorienfolgeregelung/workspace/ros2_ws/build/sdk/build install --record /home/oli/Desktop/Oliver/Uni/MA/RepoTrajektorienfolgeregelung/MA-Trajektorienfolgeregelung/workspace/ros2_ws/build/sdk/install.log --single-version-externally-managed install_data
