[1.965s] Invoking command in '/home/ro01/workspace/ros2_ws/src/simulations/mentorpi_description': DEBUGINFOD_URLS=https://debuginfod.ubuntu.com PYTHONPATH=/home/ro01/workspace/ros2_ws/build/mentorpi_description/prefix_override:/usr/lib/python3/dist-packages/colcon_core/task/python/colcon_distutils_commands:/home/ro01/workspace/ros2_ws/install/mentorpi_description/lib/python3.12/site-packages:${PYTHONPATH} /usr/bin/python3 -W ignore:setup.py install is deprecated -W ignore:easy_install command is deprecated setup.py egg_info --egg-base ../../../build/mentorpi_description build --build-base /home/ro01/workspace/ros2_ws/build/mentorpi_description/build install --record /home/ro01/workspace/ros2_ws/build/mentorpi_description/install.log --single-version-externally-managed install_data
[2.355s] running egg_info
[2.392s] writing ../../../build/mentorpi_description/mentorpi_description.egg-info/PKG-INFO
[2.392s] writing dependency_links to ../../../build/mentorpi_description/mentorpi_description.egg-info/dependency_links.txt
[2.401s] writing requirements to ../../../build/mentorpi_description/mentorpi_description.egg-info/requires.txt
[2.402s] writing top-level names to ../../../build/mentorpi_description/mentorpi_description.egg-info/top_level.txt
[2.485s] reading manifest file '../../../build/mentorpi_description/mentorpi_description.egg-info/SOURCES.txt'
[2.486s] writing manifest file '../../../build/mentorpi_description/mentorpi_description.egg-info/SOURCES.txt'
[2.487s] running build
[2.489s] running build_py
[2.489s] running install
[2.503s] running install_lib
[2.546s] running install_data
[2.547s] copying urdf/mentorpi.xacro -> /home/ro01/workspace/ros2_ws/install/mentorpi_description/share/mentorpi_description/urdf
[2.548s] running install_egg_info
[2.593s] removing '/home/ro01/workspace/ros2_ws/install/mentorpi_description/lib/python3.12/site-packages/mentorpi_description-0.0.0-py3.12.egg-info' (and everything under it)
[2.595s] Copying ../../../build/mentorpi_description/mentorpi_description.egg-info to /home/ro01/workspace/ros2_ws/install/mentorpi_description/lib/python3.12/site-packages/mentorpi_description-0.0.0-py3.12.egg-info
[2.595s] running install_scripts
[2.967s] writing list of installed files to '/home/ro01/workspace/ros2_ws/build/mentorpi_description/install.log'
[3.115s] Invoked command in '/home/ro01/workspace/ros2_ws/src/simulations/mentorpi_description' returned '0': DEBUGINFOD_URLS=https://debuginfod.ubuntu.com PYTHONPATH=/home/ro01/workspace/ros2_ws/build/mentorpi_description/prefix_override:/usr/lib/python3/dist-packages/colcon_core/task/python/colcon_distutils_commands:/home/ro01/workspace/ros2_ws/install/mentorpi_description/lib/python3.12/site-packages:${PYTHONPATH} /usr/bin/python3 -W ignore:setup.py install is deprecated -W ignore:easy_install command is deprecated setup.py egg_info --egg-base ../../../build/mentorpi_description build --build-base /home/ro01/workspace/ros2_ws/build/mentorpi_description/build install --record /home/ro01/workspace/ros2_ws/build/mentorpi_description/install.log --single-version-externally-managed install_data
