[1.009s] Invoking command in '/home/oli/Desktop/Oliver/Uni/MA/RepoTrajektorienfolgeregelung/MA-Trajektorienfolgeregelung/workspace/ros2_ws/build/imu_calib': CMAKE_PREFIX_PATH=${CMAKE_PREFIX_PATH}:/home/oli/Desktop/Oliver/Uni/MA/RepoTrajektorienfolgeregelung/MA-Trajektorienfolgeregelung/workspace/ros2_ws/install/trajektorienfolgeregelung:/home/oli/Desktop/Oliver/Uni/MA/RepoTrajektorienfolgeregelung/MA-Trajektorienfolgeregelung/workspace/ros2_ws/install/sdk:/home/oli/Desktop/Oliver/Uni/MA/RepoTrajektorienfolgeregelung/MA-Trajektorienfolgeregelung/workspace/ros2_ws/install/ros_robot_controller:/home/oli/Desktop/Oliver/Uni/MA/RepoTrajektorienfolgeregelung/MA-Trajektorienfolgeregelung/workspace/ros2_ws/install/peripherals:/home/oli/Desktop/Oliver/Uni/MA/RepoTrajektorienfolgeregelung/MA-Trajektorienfolgeregelung/workspace/ros2_ws/install/mentorpi_description:/home/oli/Desktop/Oliver/Uni/MA/RepoTrajektorienfolgeregelung/MA-Trajektorienfolgeregelung/workspace/ros2_ws/install/controller:/home/oli/Desktop/Oliver/Uni/MA/RepoTrajektorienfolgeregelung/MA-Trajektorienfolgeregelung/workspace/ros2_ws/install/calibration:/home/oli/Desktop/Oliver/Uni/MA/GithubRepo/MA-HiWonder-MPC/workspace/ros2_ws/install/sdk:/home/oli/Desktop/Oliver/Uni/MA/GithubRepo/MA-HiWonder-MPC/workspace/ros2_ws/install/ros_robot_controller:/home/oli/Desktop/Oliver/Uni/MA/GithubRepo/MA-HiWonder-MPC/workspace/ros2_ws/install/peripherals:/home/oli/Desktop/Oliver/Uni/MA/GithubRepo/MA-HiWonder-MPC/workspace/ros2_ws/install/mentorpi_description:/home/oli/Desktop/Oliver/Uni/MA/GithubRepo/MA-HiWonder-MPC/workspace/ros2_ws/install/controller:/home/oli/Desktop/Oliver/Uni/MA/GithubRepo/MA-HiWonder-MPC/workspace/ros2_ws/install/calibration:/home/oli/Desktop/Oliver/Uni/MA/GithubRepo/MA-HiWonder-MPC/workspace/ros2_ws/install/Trajektorienfolgeregelung:/opt/ros/jazzy DEBUGINFOD_URLS=https://debuginfod.ubuntu.com /usr/bin/cmake /home/oli/Desktop/Oliver/Uni/MA/RepoTrajektorienfolgeregelung/MA-Trajektorienfolgeregelung/workspace/ros2_ws/src/imu_calib -DAMENT_CMAKE_SYMLINK_INSTALL=1 -DCMAKE_INSTALL_PREFIX=/home/oli/Desktop/Oliver/Uni/MA/RepoTrajektorienfolgeregelung/MA-Trajektorienfolgeregelung/workspace/ros2_ws/install/imu_calib
[1.987s] -- The C compiler identification is GNU 13.3.0
[1.987s] -- The CXX compiler identification is GNU 13.3.0
[1.987s] -- Detecting C compiler ABI info
[1.988s] -- Detecting C compiler ABI info - done
[1.988s] -- Check for working C compiler: /usr/bin/cc - skipped
[1.988s] -- Detecting C compile features
[1.988s] -- Detecting C compile features - done
[1.988s] -- Detecting CXX compiler ABI info
[1.989s] -- Detecting CXX compiler ABI info - done
[1.989s] -- Check for working CXX compiler: /usr/bin/c++ - skipped
[1.989s] -- Detecting CXX compile features
[1.989s] -- Detecting CXX compile features - done
[1.989s] -- Found ament_cmake: 2.5.3 (/opt/ros/jazzy/share/ament_cmake/cmake)
[2.016s] -- Found Python3: /usr/bin/python3 (found version "3.12.3") found components: Interpreter 
[2.217s] -- Override CMake install command with custom implementation using symlinks instead of copying resources
[2.368s] -- Found rclcpp: 28.1.6 (/opt/ros/jazzy/share/rclcpp/cmake)
[2.509s] -- Found rosidl_generator_c: 4.6.5 (/opt/ros/jazzy/share/rosidl_generator_c/cmake)
[2.553s] -- Found rosidl_generator_cpp: 4.6.5 (/opt/ros/jazzy/share/rosidl_generator_cpp/cmake)
[2.606s] -- Using all available rosidl_typesupport_c: rosidl_typesupport_fastrtps_c;rosidl_typesupport_introspection_c
[2.671s] -- Using all available rosidl_typesupport_cpp: rosidl_typesupport_fastrtps_cpp;rosidl_typesupport_introspection_cpp
[2.905s] -- Found rmw_implementation_cmake: 7.3.1 (/opt/ros/jazzy/share/rmw_implementation_cmake/cmake)
[2.919s] -- Found rmw_fastrtps_cpp: 8.4.1 (/opt/ros/jazzy/share/rmw_fastrtps_cpp/cmake)
[3.246s] -- Found OpenSSL: /usr/lib/x86_64-linux-gnu/libcrypto.so (found version "3.0.13")  
[3.331s] -- Found FastRTPS: /opt/ros/jazzy/include (Required is at least version "2.13") 
[3.413s] -- Using RMW implementation 'rmw_fastrtps_cpp' as default
[3.658s] -- Found sensor_msgs: 5.3.5 (/opt/ros/jazzy/share/sensor_msgs/cmake)
[3.880s] -- Found eigen3_cmake_module: 0.3.0 (/opt/ros/jazzy/share/eigen3_cmake_module/cmake)
[3.932s] -- Found Eigen3: TRUE (found version "3.4.0") 
[3.965s] -- Found yaml_cpp_vendor: 9.0.1 (/opt/ros/jazzy/share/yaml_cpp_vendor/cmake)
[3.966s] -- Setting yaml-cpp_DIR to: '/opt/ros/jazzy/share/yaml_cpp_vendor/cmake/../../../opt/yaml_cpp_vendor/share/cmake/yaml-cpp'
[4.065s] -- Found ament_lint_auto: 0.17.1 (/opt/ros/jazzy/share/ament_lint_auto/cmake)
[4.593s] -- Added test 'copyright' to check source files copyright and LICENSE
[4.600s] -- Added test 'cppcheck' to perform static code analysis on C / C++ code
[4.602s] -- Configured cppcheck include dirs: /home/oli/Desktop/Oliver/Uni/MA/RepoTrajektorienfolgeregelung/MA-Trajektorienfolgeregelung/workspace/ros2_ws/src/imu_calib/include;/home/oli/Desktop/Oliver/Uni/MA/RepoTrajektorienfolgeregelung/MA-Trajektorienfolgeregelung/workspace/ros2_ws/src/imu_calib/src
[4.603s] -- Configured cppcheck exclude dirs and/or files: 
[4.610s] -- Added test 'cpplint' to check C / C++ code against the Google style
[4.610s] -- Configured cpplint exclude dirs and/or files: 
[4.620s] -- Added test 'lint_cmake' to check CMake code style
[4.625s] -- Added test 'uncrustify' to check C / C++ code style
[4.626s] -- Configured uncrustify additional arguments: 
[4.636s] -- Added test 'xmllint' to check XML markup files
[4.653s] -- Configuring done (3.6s)
[4.728s] -- Generating done (0.0s)
[4.751s] -- Build files have been written to: /home/oli/Desktop/Oliver/Uni/MA/RepoTrajektorienfolgeregelung/MA-Trajektorienfolgeregelung/workspace/ros2_ws/build/imu_calib
[4.777s] Invoked command in '/home/oli/Desktop/Oliver/Uni/MA/RepoTrajektorienfolgeregelung/MA-Trajektorienfolgeregelung/workspace/ros2_ws/build/imu_calib' returned '0': CMAKE_PREFIX_PATH=${CMAKE_PREFIX_PATH}:/home/oli/Desktop/Oliver/Uni/MA/RepoTrajektorienfolgeregelung/MA-Trajektorienfolgeregelung/workspace/ros2_ws/install/trajektorienfolgeregelung:/home/oli/Desktop/Oliver/Uni/MA/RepoTrajektorienfolgeregelung/MA-Trajektorienfolgeregelung/workspace/ros2_ws/install/sdk:/home/oli/Desktop/Oliver/Uni/MA/RepoTrajektorienfolgeregelung/MA-Trajektorienfolgeregelung/workspace/ros2_ws/install/ros_robot_controller:/home/oli/Desktop/Oliver/Uni/MA/RepoTrajektorienfolgeregelung/MA-Trajektorienfolgeregelung/workspace/ros2_ws/install/peripherals:/home/oli/Desktop/Oliver/Uni/MA/RepoTrajektorienfolgeregelung/MA-Trajektorienfolgeregelung/workspace/ros2_ws/install/mentorpi_description:/home/oli/Desktop/Oliver/Uni/MA/RepoTrajektorienfolgeregelung/MA-Trajektorienfolgeregelung/workspace/ros2_ws/install/controller:/home/oli/Desktop/Oliver/Uni/MA/RepoTrajektorienfolgeregelung/MA-Trajektorienfolgeregelung/workspace/ros2_ws/install/calibration:/home/oli/Desktop/Oliver/Uni/MA/GithubRepo/MA-HiWonder-MPC/workspace/ros2_ws/install/sdk:/home/oli/Desktop/Oliver/Uni/MA/GithubRepo/MA-HiWonder-MPC/workspace/ros2_ws/install/ros_robot_controller:/home/oli/Desktop/Oliver/Uni/MA/GithubRepo/MA-HiWonder-MPC/workspace/ros2_ws/install/peripherals:/home/oli/Desktop/Oliver/Uni/MA/GithubRepo/MA-HiWonder-MPC/workspace/ros2_ws/install/mentorpi_description:/home/oli/Desktop/Oliver/Uni/MA/GithubRepo/MA-HiWonder-MPC/workspace/ros2_ws/install/controller:/home/oli/Desktop/Oliver/Uni/MA/GithubRepo/MA-HiWonder-MPC/workspace/ros2_ws/install/calibration:/home/oli/Desktop/Oliver/Uni/MA/GithubRepo/MA-HiWonder-MPC/workspace/ros2_ws/install/Trajektorienfolgeregelung:/opt/ros/jazzy DEBUGINFOD_URLS=https://debuginfod.ubuntu.com /usr/bin/cmake /home/oli/Desktop/Oliver/Uni/MA/RepoTrajektorienfolgeregelung/MA-Trajektorienfolgeregelung/workspace/ros2_ws/src/imu_calib -DAMENT_CMAKE_SYMLINK_INSTALL=1 -DCMAKE_INSTALL_PREFIX=/home/oli/Desktop/Oliver/Uni/MA/RepoTrajektorienfolgeregelung/MA-Trajektorienfolgeregelung/workspace/ros2_ws/install/imu_calib
[4.782s] Invoking command in '/home/oli/Desktop/Oliver/Uni/MA/RepoTrajektorienfolgeregelung/MA-Trajektorienfolgeregelung/workspace/ros2_ws/build/imu_calib': CMAKE_PREFIX_PATH=${CMAKE_PREFIX_PATH}:/home/oli/Desktop/Oliver/Uni/MA/RepoTrajektorienfolgeregelung/MA-Trajektorienfolgeregelung/workspace/ros2_ws/install/trajektorienfolgeregelung:/home/oli/Desktop/Oliver/Uni/MA/RepoTrajektorienfolgeregelung/MA-Trajektorienfolgeregelung/workspace/ros2_ws/install/sdk:/home/oli/Desktop/Oliver/Uni/MA/RepoTrajektorienfolgeregelung/MA-Trajektorienfolgeregelung/workspace/ros2_ws/install/ros_robot_controller:/home/oli/Desktop/Oliver/Uni/MA/RepoTrajektorienfolgeregelung/MA-Trajektorienfolgeregelung/workspace/ros2_ws/install/peripherals:/home/oli/Desktop/Oliver/Uni/MA/RepoTrajektorienfolgeregelung/MA-Trajektorienfolgeregelung/workspace/ros2_ws/install/mentorpi_description:/home/oli/Desktop/Oliver/Uni/MA/RepoTrajektorienfolgeregelung/MA-Trajektorienfolgeregelung/workspace/ros2_ws/install/controller:/home/oli/Desktop/Oliver/Uni/MA/RepoTrajektorienfolgeregelung/MA-Trajektorienfolgeregelung/workspace/ros2_ws/install/calibration:/home/oli/Desktop/Oliver/Uni/MA/GithubRepo/MA-HiWonder-MPC/workspace/ros2_ws/install/sdk:/home/oli/Desktop/Oliver/Uni/MA/GithubRepo/MA-HiWonder-MPC/workspace/ros2_ws/install/ros_robot_controller:/home/oli/Desktop/Oliver/Uni/MA/GithubRepo/MA-HiWonder-MPC/workspace/ros2_ws/install/peripherals:/home/oli/Desktop/Oliver/Uni/MA/GithubRepo/MA-HiWonder-MPC/workspace/ros2_ws/install/mentorpi_description:/home/oli/Desktop/Oliver/Uni/MA/GithubRepo/MA-HiWonder-MPC/workspace/ros2_ws/install/controller:/home/oli/Desktop/Oliver/Uni/MA/GithubRepo/MA-HiWonder-MPC/workspace/ros2_ws/install/calibration:/home/oli/Desktop/Oliver/Uni/MA/GithubRepo/MA-HiWonder-MPC/workspace/ros2_ws/install/Trajektorienfolgeregelung:/opt/ros/jazzy DEBUGINFOD_URLS=https://debuginfod.ubuntu.com /usr/bin/cmake --build /home/oli/Desktop/Oliver/Uni/MA/RepoTrajektorienfolgeregelung/MA-Trajektorienfolgeregelung/workspace/ros2_ws/build/imu_calib -- -j8 -l8
[4.936s] [ 12%] Building CXX object CMakeFiles/accel_calib.dir/src/accel_calib.cpp.o
[23.036s] [ 25%] Linking CXX static library libaccel_calib.a
[23.436s] [ 25%] Built target accel_calib
[23.507s] [ 37%] Building CXX object CMakeFiles/apply_calib.dir/src/apply_calib_node.cpp.o
[23.515s] [ 50%] Building CXX object CMakeFiles/do_calib.dir/src/do_calib_node.cpp.o
[23.516s] [ 62%] Building CXX object CMakeFiles/apply_calib.dir/src/apply_calib.cpp.o
[23.519s] [ 75%] Building CXX object CMakeFiles/do_calib.dir/src/do_calib.cpp.o
[47.778s] [ 87%] Linking CXX executable apply_calib
[48.607s] [ 87%] Built target apply_calib
[48.949s] [100%] Linking CXX executable do_calib
[49.650s] [100%] Built target do_calib
[49.666s] Invoked command in '/home/oli/Desktop/Oliver/Uni/MA/RepoTrajektorienfolgeregelung/MA-Trajektorienfolgeregelung/workspace/ros2_ws/build/imu_calib' returned '0': CMAKE_PREFIX_PATH=${CMAKE_PREFIX_PATH}:/home/oli/Desktop/Oliver/Uni/MA/RepoTrajektorienfolgeregelung/MA-Trajektorienfolgeregelung/workspace/ros2_ws/install/trajektorienfolgeregelung:/home/oli/Desktop/Oliver/Uni/MA/RepoTrajektorienfolgeregelung/MA-Trajektorienfolgeregelung/workspace/ros2_ws/install/sdk:/home/oli/Desktop/Oliver/Uni/MA/RepoTrajektorienfolgeregelung/MA-Trajektorienfolgeregelung/workspace/ros2_ws/install/ros_robot_controller:/home/oli/Desktop/Oliver/Uni/MA/RepoTrajektorienfolgeregelung/MA-Trajektorienfolgeregelung/workspace/ros2_ws/install/peripherals:/home/oli/Desktop/Oliver/Uni/MA/RepoTrajektorienfolgeregelung/MA-Trajektorienfolgeregelung/workspace/ros2_ws/install/mentorpi_description:/home/oli/Desktop/Oliver/Uni/MA/RepoTrajektorienfolgeregelung/MA-Trajektorienfolgeregelung/workspace/ros2_ws/install/controller:/home/oli/Desktop/Oliver/Uni/MA/RepoTrajektorienfolgeregelung/MA-Trajektorienfolgeregelung/workspace/ros2_ws/install/calibration:/home/oli/Desktop/Oliver/Uni/MA/GithubRepo/MA-HiWonder-MPC/workspace/ros2_ws/install/sdk:/home/oli/Desktop/Oliver/Uni/MA/GithubRepo/MA-HiWonder-MPC/workspace/ros2_ws/install/ros_robot_controller:/home/oli/Desktop/Oliver/Uni/MA/GithubRepo/MA-HiWonder-MPC/workspace/ros2_ws/install/peripherals:/home/oli/Desktop/Oliver/Uni/MA/GithubRepo/MA-HiWonder-MPC/workspace/ros2_ws/install/mentorpi_description:/home/oli/Desktop/Oliver/Uni/MA/GithubRepo/MA-HiWonder-MPC/workspace/ros2_ws/install/controller:/home/oli/Desktop/Oliver/Uni/MA/GithubRepo/MA-HiWonder-MPC/workspace/ros2_ws/install/calibration:/home/oli/Desktop/Oliver/Uni/MA/GithubRepo/MA-HiWonder-MPC/workspace/ros2_ws/install/Trajektorienfolgeregelung:/opt/ros/jazzy DEBUGINFOD_URLS=https://debuginfod.ubuntu.com /usr/bin/cmake --build /home/oli/Desktop/Oliver/Uni/MA/RepoTrajektorienfolgeregelung/MA-Trajektorienfolgeregelung/workspace/ros2_ws/build/imu_calib -- -j8 -l8
[49.668s] Invoking command in '/home/oli/Desktop/Oliver/Uni/MA/RepoTrajektorienfolgeregelung/MA-Trajektorienfolgeregelung/workspace/ros2_ws/build/imu_calib': CMAKE_PREFIX_PATH=${CMAKE_PREFIX_PATH}:/home/oli/Desktop/Oliver/Uni/MA/RepoTrajektorienfolgeregelung/MA-Trajektorienfolgeregelung/workspace/ros2_ws/install/trajektorienfolgeregelung:/home/oli/Desktop/Oliver/Uni/MA/RepoTrajektorienfolgeregelung/MA-Trajektorienfolgeregelung/workspace/ros2_ws/install/sdk:/home/oli/Desktop/Oliver/Uni/MA/RepoTrajektorienfolgeregelung/MA-Trajektorienfolgeregelung/workspace/ros2_ws/install/ros_robot_controller:/home/oli/Desktop/Oliver/Uni/MA/RepoTrajektorienfolgeregelung/MA-Trajektorienfolgeregelung/workspace/ros2_ws/install/peripherals:/home/oli/Desktop/Oliver/Uni/MA/RepoTrajektorienfolgeregelung/MA-Trajektorienfolgeregelung/workspace/ros2_ws/install/mentorpi_description:/home/oli/Desktop/Oliver/Uni/MA/RepoTrajektorienfolgeregelung/MA-Trajektorienfolgeregelung/workspace/ros2_ws/install/controller:/home/oli/Desktop/Oliver/Uni/MA/RepoTrajektorienfolgeregelung/MA-Trajektorienfolgeregelung/workspace/ros2_ws/install/calibration:/home/oli/Desktop/Oliver/Uni/MA/GithubRepo/MA-HiWonder-MPC/workspace/ros2_ws/install/sdk:/home/oli/Desktop/Oliver/Uni/MA/GithubRepo/MA-HiWonder-MPC/workspace/ros2_ws/install/ros_robot_controller:/home/oli/Desktop/Oliver/Uni/MA/GithubRepo/MA-HiWonder-MPC/workspace/ros2_ws/install/peripherals:/home/oli/Desktop/Oliver/Uni/MA/GithubRepo/MA-HiWonder-MPC/workspace/ros2_ws/install/mentorpi_description:/home/oli/Desktop/Oliver/Uni/MA/GithubRepo/MA-HiWonder-MPC/workspace/ros2_ws/install/controller:/home/oli/Desktop/Oliver/Uni/MA/GithubRepo/MA-HiWonder-MPC/workspace/ros2_ws/install/calibration:/home/oli/Desktop/Oliver/Uni/MA/GithubRepo/MA-HiWonder-MPC/workspace/ros2_ws/install/Trajektorienfolgeregelung:/opt/ros/jazzy DEBUGINFOD_URLS=https://debuginfod.ubuntu.com /usr/bin/cmake --install /home/oli/Desktop/Oliver/Uni/MA/RepoTrajektorienfolgeregelung/MA-Trajektorienfolgeregelung/workspace/ros2_ws/build/imu_calib
[49.678s] -- Install configuration: ""
[49.679s] -- Execute custom install script
[49.680s] -- Symlinking: /home/oli/Desktop/Oliver/Uni/MA/RepoTrajektorienfolgeregelung/MA-Trajektorienfolgeregelung/workspace/ros2_ws/install/imu_calib/lib/imu_calib/do_calib
[49.692s] -- Symlinking: /home/oli/Desktop/Oliver/Uni/MA/RepoTrajektorienfolgeregelung/MA-Trajektorienfolgeregelung/workspace/ros2_ws/install/imu_calib/lib/imu_calib/apply_calib
[49.704s] -- Symlinking: /home/oli/Desktop/Oliver/Uni/MA/RepoTrajektorienfolgeregelung/MA-Trajektorienfolgeregelung/workspace/ros2_ws/install/imu_calib/include//imu_calib/accel_calib.h
[49.716s] -- Symlinking: /home/oli/Desktop/Oliver/Uni/MA/RepoTrajektorienfolgeregelung/MA-Trajektorienfolgeregelung/workspace/ros2_ws/install/imu_calib/include//imu_calib/apply_calib.h
[49.728s] -- Symlinking: /home/oli/Desktop/Oliver/Uni/MA/RepoTrajektorienfolgeregelung/MA-Trajektorienfolgeregelung/workspace/ros2_ws/install/imu_calib/include//imu_calib/do_calib.h
[49.741s] -- Symlinking: /home/oli/Desktop/Oliver/Uni/MA/RepoTrajektorienfolgeregelung/MA-Trajektorienfolgeregelung/workspace/ros2_ws/install/imu_calib/share/ament_index/resource_index/package_run_dependencies/imu_calib
[49.753s] -- Symlinking: /home/oli/Desktop/Oliver/Uni/MA/RepoTrajektorienfolgeregelung/MA-Trajektorienfolgeregelung/workspace/ros2_ws/install/imu_calib/share/ament_index/resource_index/parent_prefix_path/imu_calib
[49.765s] -- Symlinking: /home/oli/Desktop/Oliver/Uni/MA/RepoTrajektorienfolgeregelung/MA-Trajektorienfolgeregelung/workspace/ros2_ws/install/imu_calib/share/imu_calib/environment/ament_prefix_path.sh
[49.777s] -- Symlinking: /home/oli/Desktop/Oliver/Uni/MA/RepoTrajektorienfolgeregelung/MA-Trajektorienfolgeregelung/workspace/ros2_ws/install/imu_calib/share/imu_calib/environment/ament_prefix_path.dsv
[49.789s] -- Symlinking: /home/oli/Desktop/Oliver/Uni/MA/RepoTrajektorienfolgeregelung/MA-Trajektorienfolgeregelung/workspace/ros2_ws/install/imu_calib/share/imu_calib/environment/path.sh
[49.801s] -- Symlinking: /home/oli/Desktop/Oliver/Uni/MA/RepoTrajektorienfolgeregelung/MA-Trajektorienfolgeregelung/workspace/ros2_ws/install/imu_calib/share/imu_calib/environment/path.dsv
[49.813s] -- Symlinking: /home/oli/Desktop/Oliver/Uni/MA/RepoTrajektorienfolgeregelung/MA-Trajektorienfolgeregelung/workspace/ros2_ws/install/imu_calib/share/imu_calib/local_setup.bash
[49.827s] -- Symlinking: /home/oli/Desktop/Oliver/Uni/MA/RepoTrajektorienfolgeregelung/MA-Trajektorienfolgeregelung/workspace/ros2_ws/install/imu_calib/share/imu_calib/local_setup.sh
[49.841s] -- Symlinking: /home/oli/Desktop/Oliver/Uni/MA/RepoTrajektorienfolgeregelung/MA-Trajektorienfolgeregelung/workspace/ros2_ws/install/imu_calib/share/imu_calib/local_setup.zsh
[49.858s] -- Symlinking: /home/oli/Desktop/Oliver/Uni/MA/RepoTrajektorienfolgeregelung/MA-Trajektorienfolgeregelung/workspace/ros2_ws/install/imu_calib/share/imu_calib/local_setup.dsv
[49.871s] -- Symlinking: /home/oli/Desktop/Oliver/Uni/MA/RepoTrajektorienfolgeregelung/MA-Trajektorienfolgeregelung/workspace/ros2_ws/install/imu_calib/share/imu_calib/package.dsv
[49.885s] -- Symlinking: /home/oli/Desktop/Oliver/Uni/MA/RepoTrajektorienfolgeregelung/MA-Trajektorienfolgeregelung/workspace/ros2_ws/install/imu_calib/share/ament_index/resource_index/packages/imu_calib
[49.903s] -- Symlinking: /home/oli/Desktop/Oliver/Uni/MA/RepoTrajektorienfolgeregelung/MA-Trajektorienfolgeregelung/workspace/ros2_ws/install/imu_calib/share/imu_calib/cmake/ament_cmake_export_dependencies-extras.cmake
[49.919s] -- Symlinking: /home/oli/Desktop/Oliver/Uni/MA/RepoTrajektorienfolgeregelung/MA-Trajektorienfolgeregelung/workspace/ros2_ws/install/imu_calib/share/imu_calib/cmake/ament_cmake_export_include_directories-extras.cmake
[49.934s] -- Symlinking: /home/oli/Desktop/Oliver/Uni/MA/RepoTrajektorienfolgeregelung/MA-Trajektorienfolgeregelung/workspace/ros2_ws/install/imu_calib/share/imu_calib/cmake/imu_calibConfig.cmake
[49.947s] -- Symlinking: /home/oli/Desktop/Oliver/Uni/MA/RepoTrajektorienfolgeregelung/MA-Trajektorienfolgeregelung/workspace/ros2_ws/install/imu_calib/share/imu_calib/cmake/imu_calibConfig-version.cmake
[49.960s] -- Symlinking: /home/oli/Desktop/Oliver/Uni/MA/RepoTrajektorienfolgeregelung/MA-Trajektorienfolgeregelung/workspace/ros2_ws/install/imu_calib/share/imu_calib/package.xml
[49.975s] Invoked command in '/home/oli/Desktop/Oliver/Uni/MA/RepoTrajektorienfolgeregelung/MA-Trajektorienfolgeregelung/workspace/ros2_ws/build/imu_calib' returned '0': CMAKE_PREFIX_PATH=${CMAKE_PREFIX_PATH}:/home/oli/Desktop/Oliver/Uni/MA/RepoTrajektorienfolgeregelung/MA-Trajektorienfolgeregelung/workspace/ros2_ws/install/trajektorienfolgeregelung:/home/oli/Desktop/Oliver/Uni/MA/RepoTrajektorienfolgeregelung/MA-Trajektorienfolgeregelung/workspace/ros2_ws/install/sdk:/home/oli/Desktop/Oliver/Uni/MA/RepoTrajektorienfolgeregelung/MA-Trajektorienfolgeregelung/workspace/ros2_ws/install/ros_robot_controller:/home/oli/Desktop/Oliver/Uni/MA/RepoTrajektorienfolgeregelung/MA-Trajektorienfolgeregelung/workspace/ros2_ws/install/peripherals:/home/oli/Desktop/Oliver/Uni/MA/RepoTrajektorienfolgeregelung/MA-Trajektorienfolgeregelung/workspace/ros2_ws/install/mentorpi_description:/home/oli/Desktop/Oliver/Uni/MA/RepoTrajektorienfolgeregelung/MA-Trajektorienfolgeregelung/workspace/ros2_ws/install/controller:/home/oli/Desktop/Oliver/Uni/MA/RepoTrajektorienfolgeregelung/MA-Trajektorienfolgeregelung/workspace/ros2_ws/install/calibration:/home/oli/Desktop/Oliver/Uni/MA/GithubRepo/MA-HiWonder-MPC/workspace/ros2_ws/install/sdk:/home/oli/Desktop/Oliver/Uni/MA/GithubRepo/MA-HiWonder-MPC/workspace/ros2_ws/install/ros_robot_controller:/home/oli/Desktop/Oliver/Uni/MA/GithubRepo/MA-HiWonder-MPC/workspace/ros2_ws/install/peripherals:/home/oli/Desktop/Oliver/Uni/MA/GithubRepo/MA-HiWonder-MPC/workspace/ros2_ws/install/mentorpi_description:/home/oli/Desktop/Oliver/Uni/MA/GithubRepo/MA-HiWonder-MPC/workspace/ros2_ws/install/controller:/home/oli/Desktop/Oliver/Uni/MA/GithubRepo/MA-HiWonder-MPC/workspace/ros2_ws/install/calibration:/home/oli/Desktop/Oliver/Uni/MA/GithubRepo/MA-HiWonder-MPC/workspace/ros2_ws/install/Trajektorienfolgeregelung:/opt/ros/jazzy DEBUGINFOD_URLS=https://debuginfod.ubuntu.com /usr/bin/cmake --install /home/oli/Desktop/Oliver/Uni/MA/RepoTrajektorienfolgeregelung/MA-Trajektorienfolgeregelung/workspace/ros2_ws/build/imu_calib
