[0.017s] Invoking command in '/home/ro01/workspace/ros2_ws/build/orchestrator_launch': CMAKE_PREFIX_PATH=${CMAKE_PREFIX_PATH}:/home/ro01/workspace/ros2_ws/install/sdk:/home/ro01/workspace/ros2_ws/install/ros_robot_controller:/home/ro01/workspace/ros2_ws/install/peripherals:/home/ro01/workspace/ros2_ws/install/mentorpi_description:/home/ro01/workspace/ros2_ws/install/controller:/home/ro01/workspace/ros2_ws/install/calibration:/opt/ros/jazzy DEBUGINFOD_URLS=https://debuginfod.ubuntu.com /usr/bin/cmake --build /home/ro01/workspace/ros2_ws/build/orchestrator_launch -- -j4 -l4
[0.136s] Invoked command in '/home/ro01/workspace/ros2_ws/build/orchestrator_launch' returned '0': CMAKE_PREFIX_PATH=${CMAKE_PREFIX_PATH}:/home/ro01/workspace/ros2_ws/install/sdk:/home/ro01/workspace/ros2_ws/install/ros_robot_controller:/home/ro01/workspace/ros2_ws/install/peripherals:/home/ro01/workspace/ros2_ws/install/mentorpi_description:/home/ro01/workspace/ros2_ws/install/controller:/home/ro01/workspace/ros2_ws/install/calibration:/opt/ros/jazzy DEBUGINFOD_URLS=https://debuginfod.ubuntu.com /usr/bin/cmake --build /home/ro01/workspace/ros2_ws/build/orchestrator_launch -- -j4 -l4
[0.137s] Invoking command in '/home/ro01/workspace/ros2_ws/build/orchestrator_launch': CMAKE_PREFIX_PATH=${CMAKE_PREFIX_PATH}:/home/ro01/workspace/ros2_ws/install/sdk:/home/ro01/workspace/ros2_ws/install/ros_robot_controller:/home/ro01/workspace/ros2_ws/install/peripherals:/home/ro01/workspace/ros2_ws/install/mentorpi_description:/home/ro01/workspace/ros2_ws/install/controller:/home/ro01/workspace/ros2_ws/install/calibration:/opt/ros/jazzy DEBUGINFOD_URLS=https://debuginfod.ubuntu.com /usr/bin/cmake --install /home/ro01/workspace/ros2_ws/build/orchestrator_launch
[0.173s] -- Install configuration: ""
[0.174s] -- Up-to-date: /home/ro01/workspace/ros2_ws/install/orchestrator_launch/share/ament_index/resource_index/package_run_dependencies/orchestrator_launch
[0.174s] -- Up-to-date: /home/ro01/workspace/ros2_ws/install/orchestrator_launch/share/ament_index/resource_index/parent_prefix_path/orchestrator_launch
[0.174s] -- Up-to-date: /home/ro01/workspace/ros2_ws/install/orchestrator_launch/share/orchestrator_launch/environment/ament_prefix_path.sh
[0.174s] -- Up-to-date: /home/ro01/workspace/ros2_ws/install/orchestrator_launch/share/orchestrator_launch/environment/ament_prefix_path.dsv
[0.174s] -- Up-to-date: /home/ro01/workspace/ros2_ws/install/orchestrator_launch/share/orchestrator_launch/environment/path.sh
[0.174s] -- Up-to-date: /home/ro01/workspace/ros2_ws/install/orchestrator_launch/share/orchestrator_launch/environment/path.dsv
[0.174s] -- Up-to-date: /home/ro01/workspace/ros2_ws/install/orchestrator_launch/share/orchestrator_launch/local_setup.bash
[0.175s] -- Up-to-date: /home/ro01/workspace/ros2_ws/install/orchestrator_launch/share/orchestrator_launch/local_setup.sh
[0.175s] -- Up-to-date: /home/ro01/workspace/ros2_ws/install/orchestrator_launch/share/orchestrator_launch/local_setup.zsh
[0.175s] -- Up-to-date: /home/ro01/workspace/ros2_ws/install/orchestrator_launch/share/orchestrator_launch/local_setup.dsv
[0.175s] -- Up-to-date: /home/ro01/workspace/ros2_ws/install/orchestrator_launch/share/orchestrator_launch/package.dsv
[0.175s] -- Up-to-date: /home/ro01/workspace/ros2_ws/install/orchestrator_launch/share/ament_index/resource_index/packages/orchestrator_launch
[0.179s] -- Up-to-date: /home/ro01/workspace/ros2_ws/install/orchestrator_launch/share/orchestrator_launch/cmake/orchestrator_launchConfig.cmake
[0.179s] -- Up-to-date: /home/ro01/workspace/ros2_ws/install/orchestrator_launch/share/orchestrator_launch/cmake/orchestrator_launchConfig-version.cmake
[0.179s] -- Up-to-date: /home/ro01/workspace/ros2_ws/install/orchestrator_launch/share/orchestrator_launch/package.xml
[0.180s] Invoked command in '/home/ro01/workspace/ros2_ws/build/orchestrator_launch' returned '0': CMAKE_PREFIX_PATH=${CMAKE_PREFIX_PATH}:/home/ro01/workspace/ros2_ws/install/sdk:/home/ro01/workspace/ros2_ws/install/ros_robot_controller:/home/ro01/workspace/ros2_ws/install/peripherals:/home/ro01/workspace/ros2_ws/install/mentorpi_description:/home/ro01/workspace/ros2_ws/install/controller:/home/ro01/workspace/ros2_ws/install/calibration:/opt/ros/jazzy DEBUGINFOD_URLS=https://debuginfod.ubuntu.com /usr/bin/cmake --install /home/ro01/workspace/ros2_ws/build/orchestrator_launch
