[3.117s] Invoking command in '/home/oli/Desktop/Oliver/Uni/MA/RepoTrajektorienfolgeregelung/MA-Trajektorienfolgeregelung/workspace/ros2_ws/src/lidar_obstacle_detection': DEBUGINFOD_URLS=https://debuginfod.ubuntu.com PYTHONPATH=/home/oli/Desktop/Oliver/Uni/MA/RepoTrajektorienfolgeregelung/MA-Trajektorienfolgeregelung/workspace/ros2_ws/build/lidar_obstacle_detection/prefix_override:/usr/lib/python3/dist-packages/colcon_core/task/python/colcon_distutils_commands:/home/oli/Desktop/Oliver/Uni/MA/RepoTrajektorienfolgeregelung/MA-Trajektorienfolgeregelung/workspace/ros2_ws/install/lidar_obstacle_detection/lib/python3.12/site-packages:${PYTHONPATH} VIRTUAL_ENV_PROMPT=(venv) /usr/bin/python3 -W ignore:setup.py install is deprecated -W ignore:easy_install command is deprecated setup.py egg_info --egg-base ../../build/lidar_obstacle_detection build --build-base /home/oli/Desktop/Oliver/Uni/MA/RepoTrajektorienfolgeregelung/MA-Trajektorienfolgeregelung/workspace/ros2_ws/build/lidar_obstacle_detection/build install --record /home/oli/Desktop/Oliver/Uni/MA/RepoTrajektorienfolgeregelung/MA-Trajektorienfolgeregelung/workspace/ros2_ws/build/lidar_obstacle_detection/install.log --single-version-externally-managed install_data
[4.344s] running egg_info
[4.347s] creating ../../build/lidar_obstacle_detection/lidar_obstacle_detection.egg-info
[4.417s] writing ../../build/lidar_obstacle_detection/lidar_obstacle_detection.egg-info/PKG-INFO
[4.420s] writing dependency_links to ../../build/lidar_obstacle_detection/lidar_obstacle_detection.egg-info/dependency_links.txt
[4.421s] writing entry points to ../../build/lidar_obstacle_detection/lidar_obstacle_detection.egg-info/entry_points.txt
[4.429s] writing requirements to ../../build/lidar_obstacle_detection/lidar_obstacle_detection.egg-info/requires.txt
[4.429s] writing top-level names to ../../build/lidar_obstacle_detection/lidar_obstacle_detection.egg-info/top_level.txt
[4.429s] writing manifest file '../../build/lidar_obstacle_detection/lidar_obstacle_detection.egg-info/SOURCES.txt'
[4.701s] reading manifest file '../../build/lidar_obstacle_detection/lidar_obstacle_detection.egg-info/SOURCES.txt'
[4.701s] writing manifest file '../../build/lidar_obstacle_detection/lidar_obstacle_detection.egg-info/SOURCES.txt'
[4.701s] running build
[4.702s] running build_py
[4.702s] creating /home/oli/Desktop/Oliver/Uni/MA/RepoTrajektorienfolgeregelung/MA-Trajektorienfolgeregelung/workspace/ros2_ws/build/lidar_obstacle_detection/build
[4.702s] creating /home/oli/Desktop/Oliver/Uni/MA/RepoTrajektorienfolgeregelung/MA-Trajektorienfolgeregelung/workspace/ros2_ws/build/lidar_obstacle_detection/build/lib
[4.702s] creating /home/oli/Desktop/Oliver/Uni/MA/RepoTrajektorienfolgeregelung/MA-Trajektorienfolgeregelung/workspace/ros2_ws/build/lidar_obstacle_detection/build/lib/lidar_obstacle_detection
[4.703s] copying lidar_obstacle_detection/obstacle_clustering.py -> /home/oli/Desktop/Oliver/Uni/MA/RepoTrajektorienfolgeregelung/MA-Trajektorienfolgeregelung/workspace/ros2_ws/build/lidar_obstacle_detection/build/lib/lidar_obstacle_detection
[4.703s] copying lidar_obstacle_detection/__init__.py -> /home/oli/Desktop/Oliver/Uni/MA/RepoTrajektorienfolgeregelung/MA-Trajektorienfolgeregelung/workspace/ros2_ws/build/lidar_obstacle_detection/build/lib/lidar_obstacle_detection
[4.703s] copying lidar_obstacle_detection/obstacle_map.py -> /home/oli/Desktop/Oliver/Uni/MA/RepoTrajektorienfolgeregelung/MA-Trajektorienfolgeregelung/workspace/ros2_ws/build/lidar_obstacle_detection/build/lib/lidar_obstacle_detection
[4.703s] copying lidar_obstacle_detection/obstacle_detection_map.py -> /home/oli/Desktop/Oliver/Uni/MA/RepoTrajektorienfolgeregelung/MA-Trajektorienfolgeregelung/workspace/ros2_ws/build/lidar_obstacle_detection/build/lib/lidar_obstacle_detection
[4.703s] running install
[4.734s] running install_lib
[4.855s] creating /home/oli/Desktop/Oliver/Uni/MA/RepoTrajektorienfolgeregelung/MA-Trajektorienfolgeregelung/workspace/ros2_ws/install/lidar_obstacle_detection/lib/python3.12/site-packages/lidar_obstacle_detection
[4.858s] copying /home/oli/Desktop/Oliver/Uni/MA/RepoTrajektorienfolgeregelung/MA-Trajektorienfolgeregelung/workspace/ros2_ws/build/lidar_obstacle_detection/build/lib/lidar_obstacle_detection/obstacle_clustering.py -> /home/oli/Desktop/Oliver/Uni/MA/RepoTrajektorienfolgeregelung/MA-Trajektorienfolgeregelung/workspace/ros2_ws/install/lidar_obstacle_detection/lib/python3.12/site-packages/lidar_obstacle_detection
[4.858s] copying /home/oli/Desktop/Oliver/Uni/MA/RepoTrajektorienfolgeregelung/MA-Trajektorienfolgeregelung/workspace/ros2_ws/build/lidar_obstacle_detection/build/lib/lidar_obstacle_detection/__init__.py -> /home/oli/Desktop/Oliver/Uni/MA/RepoTrajektorienfolgeregelung/MA-Trajektorienfolgeregelung/workspace/ros2_ws/install/lidar_obstacle_detection/lib/python3.12/site-packages/lidar_obstacle_detection
[4.861s] copying /home/oli/Desktop/Oliver/Uni/MA/RepoTrajektorienfolgeregelung/MA-Trajektorienfolgeregelung/workspace/ros2_ws/build/lidar_obstacle_detection/build/lib/lidar_obstacle_detection/obstacle_map.py -> /home/oli/Desktop/Oliver/Uni/MA/RepoTrajektorienfolgeregelung/MA-Trajektorienfolgeregelung/workspace/ros2_ws/install/lidar_obstacle_detection/lib/python3.12/site-packages/lidar_obstacle_detection
[4.863s] copying /home/oli/Desktop/Oliver/Uni/MA/RepoTrajektorienfolgeregelung/MA-Trajektorienfolgeregelung/workspace/ros2_ws/build/lidar_obstacle_detection/build/lib/lidar_obstacle_detection/obstacle_detection_map.py -> /home/oli/Desktop/Oliver/Uni/MA/RepoTrajektorienfolgeregelung/MA-Trajektorienfolgeregelung/workspace/ros2_ws/install/lidar_obstacle_detection/lib/python3.12/site-packages/lidar_obstacle_detection
[4.863s] byte-compiling /home/oli/Desktop/Oliver/Uni/MA/RepoTrajektorienfolgeregelung/MA-Trajektorienfolgeregelung/workspace/ros2_ws/install/lidar_obstacle_detection/lib/python3.12/site-packages/lidar_obstacle_detection/obstacle_clustering.py to obstacle_clustering.cpython-312.pyc
[4.870s] byte-compiling /home/oli/Desktop/Oliver/Uni/MA/RepoTrajektorienfolgeregelung/MA-Trajektorienfolgeregelung/workspace/ros2_ws/install/lidar_obstacle_detection/lib/python3.12/site-packages/lidar_obstacle_detection/__init__.py to __init__.cpython-312.pyc
[4.875s] byte-compiling /home/oli/Desktop/Oliver/Uni/MA/RepoTrajektorienfolgeregelung/MA-Trajektorienfolgeregelung/workspace/ros2_ws/install/lidar_obstacle_detection/lib/python3.12/site-packages/lidar_obstacle_detection/obstacle_map.py to obstacle_map.cpython-312.pyc
[4.875s] byte-compiling /home/oli/Desktop/Oliver/Uni/MA/RepoTrajektorienfolgeregelung/MA-Trajektorienfolgeregelung/workspace/ros2_ws/install/lidar_obstacle_detection/lib/python3.12/site-packages/lidar_obstacle_detection/obstacle_detection_map.py to obstacle_detection_map.cpython-312.pyc
[4.879s] running install_data
[4.881s] creating /home/oli/Desktop/Oliver/Uni/MA/RepoTrajektorienfolgeregelung/MA-Trajektorienfolgeregelung/workspace/ros2_ws/install/lidar_obstacle_detection/share/ament_index
[4.883s] creating /home/oli/Desktop/Oliver/Uni/MA/RepoTrajektorienfolgeregelung/MA-Trajektorienfolgeregelung/workspace/ros2_ws/install/lidar_obstacle_detection/share/ament_index/resource_index
[4.885s] creating /home/oli/Desktop/Oliver/Uni/MA/RepoTrajektorienfolgeregelung/MA-Trajektorienfolgeregelung/workspace/ros2_ws/install/lidar_obstacle_detection/share/ament_index/resource_index/packages
[4.887s] copying resource/lidar_obstacle_detection -> /home/oli/Desktop/Oliver/Uni/MA/RepoTrajektorienfolgeregelung/MA-Trajektorienfolgeregelung/workspace/ros2_ws/install/lidar_obstacle_detection/share/ament_index/resource_index/packages
[4.889s] copying package.xml -> /home/oli/Desktop/Oliver/Uni/MA/RepoTrajektorienfolgeregelung/MA-Trajektorienfolgeregelung/workspace/ros2_ws/install/lidar_obstacle_detection/share/lidar_obstacle_detection
[4.894s] running install_egg_info
[5.010s] Copying ../../build/lidar_obstacle_detection/lidar_obstacle_detection.egg-info to /home/oli/Desktop/Oliver/Uni/MA/RepoTrajektorienfolgeregelung/MA-Trajektorienfolgeregelung/workspace/ros2_ws/install/lidar_obstacle_detection/lib/python3.12/site-packages/lidar_obstacle_detection-0.0.0-py3.12.egg-info
[5.014s] running install_scripts
[5.976s] Installing obstacle_clustering script to /home/oli/Desktop/Oliver/Uni/MA/RepoTrajektorienfolgeregelung/MA-Trajektorienfolgeregelung/workspace/ros2_ws/install/lidar_obstacle_detection/lib/lidar_obstacle_detection
[5.978s] Installing obstacle_detection_map script to /home/oli/Desktop/Oliver/Uni/MA/RepoTrajektorienfolgeregelung/MA-Trajektorienfolgeregelung/workspace/ros2_ws/install/lidar_obstacle_detection/lib/lidar_obstacle_detection
[5.978s] Installing obstacle_map script to /home/oli/Desktop/Oliver/Uni/MA/RepoTrajektorienfolgeregelung/MA-Trajektorienfolgeregelung/workspace/ros2_ws/install/lidar_obstacle_detection/lib/lidar_obstacle_detection
[5.983s] writing list of installed files to '/home/oli/Desktop/Oliver/Uni/MA/RepoTrajektorienfolgeregelung/MA-Trajektorienfolgeregelung/workspace/ros2_ws/build/lidar_obstacle_detection/install.log'
[6.213s] Invoked command in '/home/oli/Desktop/Oliver/Uni/MA/RepoTrajektorienfolgeregelung/MA-Trajektorienfolgeregelung/workspace/ros2_ws/src/lidar_obstacle_detection' returned '0': DEBUGINFOD_URLS=https://debuginfod.ubuntu.com PYTHONPATH=/home/oli/Desktop/Oliver/Uni/MA/RepoTrajektorienfolgeregelung/MA-Trajektorienfolgeregelung/workspace/ros2_ws/build/lidar_obstacle_detection/prefix_override:/usr/lib/python3/dist-packages/colcon_core/task/python/colcon_distutils_commands:/home/oli/Desktop/Oliver/Uni/MA/RepoTrajektorienfolgeregelung/MA-Trajektorienfolgeregelung/workspace/ros2_ws/install/lidar_obstacle_detection/lib/python3.12/site-packages:${PYTHONPATH} VIRTUAL_ENV_PROMPT=(venv) /usr/bin/python3 -W ignore:setup.py install is deprecated -W ignore:easy_install command is deprecated setup.py egg_info --egg-base ../../build/lidar_obstacle_detection build --build-base /home/oli/Desktop/Oliver/Uni/MA/RepoTrajektorienfolgeregelung/MA-Trajektorienfolgeregelung/workspace/ros2_ws/build/lidar_obstacle_detection/build install --record /home/oli/Desktop/Oliver/Uni/MA/RepoTrajektorienfolgeregelung/MA-Trajektorienfolgeregelung/workspace/ros2_ws/build/lidar_obstacle_detection/install.log --single-version-externally-managed install_data
