CMake Warning at CMakeLists.txt:72 (message):
  ROS2 jazzy is not officially supported by this package.  Correct working is
  not guarantee.


-- The C compiler identification is GNU 13.3.0
-- The CXX compiler identification is GNU 13.3.0
-- Detecting C compiler ABI info
-- Detecting C compiler ABI info - done
-- Check for working C compiler: /usr/bin/cc - skipped
-- Detecting C compile features
-- Detecting C compile features - done
-- Detecting CXX compiler ABI info
-- Detecting CXX compiler ABI info - done
-- Check for working CXX compiler: /usr/bin/c++ - skipped
-- Detecting CXX compile features
-- Detecting CXX compile features - done
--  * Release Mode
-- * Found ROS2 jazzy
-- Found ament_cmake: 2.5.3 (/opt/ros/jazzy/share/ament_cmake/cmake)
-- Found Python3: /usr/bin/python3 (found version "3.12.3") found components: Interpreter 
-- Override CMake install command with custom implementation using symlinks instead of copying resources
-- Found rclcpp_lifecycle: 28.1.6 (/opt/ros/jazzy/share/rclcpp_lifecycle/cmake)
-- Found rosidl_generator_c: 4.6.5 (/opt/ros/jazzy/share/rosidl_generator_c/cmake)
-- Found rosidl_generator_cpp: 4.6.5 (/opt/ros/jazzy/share/rosidl_generator_cpp/cmake)
-- Using all available rosidl_typesupport_c: rosidl_typesupport_fastrtps_c;rosidl_typesupport_introspection_c
-- Using all available rosidl_typesupport_cpp: rosidl_typesupport_fastrtps_cpp;rosidl_typesupport_introspection_cpp
-- Found rmw_implementation_cmake: 7.3.1 (/opt/ros/jazzy/share/rmw_implementation_cmake/cmake)
-- Found rmw_fastrtps_cpp: 8.4.1 (/opt/ros/jazzy/share/rmw_fastrtps_cpp/cmake)
-- Found OpenSSL: /usr/lib/x86_64-linux-gnu/libcrypto.so (found version "3.0.13")  
-- Found FastRTPS: /opt/ros/jazzy/include (Required is at least version "2.13") 
-- Using RMW implementation 'rmw_fastrtps_cpp' as default
-- Found rclcpp_components: 28.1.6 (/opt/ros/jazzy/share/rclcpp_components/cmake)
-- Found nav2_util: 1.3.4 (/opt/ros/jazzy/share/nav2_util/cmake)
-- Found eigen3_cmake_module: 0.3.0 (/opt/ros/jazzy/share/eigen3_cmake_module/cmake)
-- Found Eigen3: TRUE (found version "3.4.0") 
-- Ensuring Eigen3 include directory is part of orocos-kdl CMake target
-- Found sensor_msgs: 5.3.5 (/opt/ros/jazzy/share/sensor_msgs/cmake)
-- Found diagnostic_msgs: 5.3.5 (/opt/ros/jazzy/share/diagnostic_msgs/cmake)
-- Found diagnostic_updater: 4.2.1 (/opt/ros/jazzy/share/diagnostic_updater/cmake)
-- Found ament_lint_auto: 0.17.1 (/opt/ros/jazzy/share/ament_lint_auto/cmake)
-- Added test 'copyright' to check source files copyright and LICENSE
-- Added test 'cppcheck' to perform static code analysis on C / C++ code
-- Configured cppcheck include dirs: /home/oli/Desktop/Oliver/Uni/MA/RepoTrajektorienfolgeregelung/MA-Trajektorienfolgeregelung/workspace/ros2_ws/src/ldrobot-lidar-ros2/ldlidar_component/include;/home/oli/Desktop/Oliver/Uni/MA/RepoTrajektorienfolgeregelung/MA-Trajektorienfolgeregelung/workspace/ros2_ws/src/ldrobot-lidar-ros2/ldlidar_component/tools/include;/home/oli/Desktop/Oliver/Uni/MA/RepoTrajektorienfolgeregelung/MA-Trajektorienfolgeregelung/workspace/ros2_ws/src/ldrobot-lidar-ros2/ldlidar_component/component/include;/home/oli/Desktop/Oliver/Uni/MA/RepoTrajektorienfolgeregelung/MA-Trajektorienfolgeregelung/workspace/ros2_ws/src/ldrobot-lidar-ros2/ldlidar_component/ldlidar_driver/include/core;/home/oli/Desktop/Oliver/Uni/MA/RepoTrajektorienfolgeregelung/MA-Trajektorienfolgeregelung/workspace/ros2_ws/src/ldrobot-lidar-ros2/ldlidar_component/ldlidar_driver/include/dataprocess;/home/oli/Desktop/Oliver/Uni/MA/RepoTrajektorienfolgeregelung/MA-Trajektorienfolgeregelung/workspace/ros2_ws/src/ldrobot-lidar-ros2/ldlidar_component/ldlidar_driver/include/filter;/home/oli/Desktop/Oliver/Uni/MA/RepoTrajektorienfolgeregelung/MA-Trajektorienfolgeregelung/workspace/ros2_ws/src/ldrobot-lidar-ros2/ldlidar_component/ldlidar_driver/include/logger;/home/oli/Desktop/Oliver/Uni/MA/RepoTrajektorienfolgeregelung/MA-Trajektorienfolgeregelung/workspace/ros2_ws/src/ldrobot-lidar-ros2/ldlidar_component/ldlidar_driver/include/networkcom;/home/oli/Desktop/Oliver/Uni/MA/RepoTrajektorienfolgeregelung/MA-Trajektorienfolgeregelung/workspace/ros2_ws/src/ldrobot-lidar-ros2/ldlidar_component/ldlidar_driver/include/serialcom
-- Configured cppcheck exclude dirs and/or files: 
-- Added test 'cpplint' to check C / C++ code against the Google style
-- Configured cpplint exclude dirs and/or files: 
-- Added test 'lint_cmake' to check CMake code style
-- Added test 'uncrustify' to check C / C++ code style
-- Configured uncrustify additional arguments: 
-- Added test 'xmllint' to check XML markup files
-- Configuring done (6.0s)
-- Generating done (0.1s)
-- Build files have been written to: /home/oli/Desktop/Oliver/Uni/MA/RepoTrajektorienfolgeregelung/MA-Trajektorienfolgeregelung/workspace/ros2_ws/build/ldlidar_component
[ 10%] Building CXX object ldlidar_driver/CMakeFiles/ldlidar.dir/src/dataprocess/lipkg.cpp.o
[ 20%] Building CXX object ldlidar_driver/CMakeFiles/ldlidar.dir/src/core/ldlidar_driver.cpp.o
[ 30%] Building CXX object ldlidar_driver/CMakeFiles/ldlidar.dir/src/filter/tofbf.cpp.o
[ 40%] Building CXX object ldlidar_driver/CMakeFiles/ldlidar.dir/src/networkcom/network_socket_interface_linux.cpp.o
[ 50%] Building CXX object ldlidar_driver/CMakeFiles/ldlidar.dir/src/logger/log_module.cpp.o
[ 60%] Building CXX object ldlidar_driver/CMakeFiles/ldlidar.dir/src/serialcom/serial_interface_linux.cpp.o
[ 70%] Linking CXX static library libldlidar.a
[ 70%] Built target ldlidar
[ 80%] Building CXX object CMakeFiles/ldlidar_component.dir/component/src/ldlidar_component.cpp.o
[ 90%] Building CXX object CMakeFiles/ldlidar_component.dir/tools/src/ldlidar_tools.cpp.o
[100%] Linking CXX shared library libldlidar_component.so
[100%] Built target ldlidar_component
-- Install configuration: "Release"
-- Execute custom install script
-- Symlinking: /home/oli/Desktop/Oliver/Uni/MA/RepoTrajektorienfolgeregelung/MA-Trajektorienfolgeregelung/workspace/ros2_ws/install/ldlidar_component/lib/libldlidar_component.so
-- Symlinking: /home/oli/Desktop/Oliver/Uni/MA/RepoTrajektorienfolgeregelung/MA-Trajektorienfolgeregelung/workspace/ros2_ws/install/ldlidar_component/include/ldlidar_component//defines.hpp
-- Symlinking: /home/oli/Desktop/Oliver/Uni/MA/RepoTrajektorienfolgeregelung/MA-Trajektorienfolgeregelung/workspace/ros2_ws/install/ldlidar_component/include/ldlidar_component//ldlidar_component.hpp
-- Symlinking: /home/oli/Desktop/Oliver/Uni/MA/RepoTrajektorienfolgeregelung/MA-Trajektorienfolgeregelung/workspace/ros2_ws/install/ldlidar_component/include/ldlidar_component//ldlidar_tools.hpp
-- Symlinking: /home/oli/Desktop/Oliver/Uni/MA/RepoTrajektorienfolgeregelung/MA-Trajektorienfolgeregelung/workspace/ros2_ws/install/ldlidar_component/include/ldlidar_component//visibility_control.hpp
-- Symlinking: /home/oli/Desktop/Oliver/Uni/MA/RepoTrajektorienfolgeregelung/MA-Trajektorienfolgeregelung/workspace/ros2_ws/install/ldlidar_component/include/ldlidar_component//ldlidar_datatype.h
-- Symlinking: /home/oli/Desktop/Oliver/Uni/MA/RepoTrajektorienfolgeregelung/MA-Trajektorienfolgeregelung/workspace/ros2_ws/install/ldlidar_component/include/ldlidar_component//ldlidar_driver.h
-- Symlinking: /home/oli/Desktop/Oliver/Uni/MA/RepoTrajektorienfolgeregelung/MA-Trajektorienfolgeregelung/workspace/ros2_ws/install/ldlidar_component/include/ldlidar_component//lipkg.h
-- Symlinking: /home/oli/Desktop/Oliver/Uni/MA/RepoTrajektorienfolgeregelung/MA-Trajektorienfolgeregelung/workspace/ros2_ws/install/ldlidar_component/include/ldlidar_component//tofbf.h
-- Symlinking: /home/oli/Desktop/Oliver/Uni/MA/RepoTrajektorienfolgeregelung/MA-Trajektorienfolgeregelung/workspace/ros2_ws/install/ldlidar_component/include/ldlidar_component//log_module.h
-- Symlinking: /home/oli/Desktop/Oliver/Uni/MA/RepoTrajektorienfolgeregelung/MA-Trajektorienfolgeregelung/workspace/ros2_ws/install/ldlidar_component/include/ldlidar_component//network_socket_interface_linux.h
-- Symlinking: /home/oli/Desktop/Oliver/Uni/MA/RepoTrajektorienfolgeregelung/MA-Trajektorienfolgeregelung/workspace/ros2_ws/install/ldlidar_component/include/ldlidar_component//serial_interface_linux.h
-- Symlinking: /home/oli/Desktop/Oliver/Uni/MA/RepoTrajektorienfolgeregelung/MA-Trajektorienfolgeregelung/workspace/ros2_ws/install/ldlidar_component/share/ldlidar_component/environment/library_path.sh
-- Symlinking: /home/oli/Desktop/Oliver/Uni/MA/RepoTrajektorienfolgeregelung/MA-Trajektorienfolgeregelung/workspace/ros2_ws/install/ldlidar_component/share/ldlidar_component/environment/library_path.dsv
-- Symlinking: /home/oli/Desktop/Oliver/Uni/MA/RepoTrajektorienfolgeregelung/MA-Trajektorienfolgeregelung/workspace/ros2_ws/install/ldlidar_component/share/ament_index/resource_index/package_run_dependencies/ldlidar_component
-- Symlinking: /home/oli/Desktop/Oliver/Uni/MA/RepoTrajektorienfolgeregelung/MA-Trajektorienfolgeregelung/workspace/ros2_ws/install/ldlidar_component/share/ament_index/resource_index/parent_prefix_path/ldlidar_component
-- Symlinking: /home/oli/Desktop/Oliver/Uni/MA/RepoTrajektorienfolgeregelung/MA-Trajektorienfolgeregelung/workspace/ros2_ws/install/ldlidar_component/share/ldlidar_component/environment/ament_prefix_path.sh
-- Symlinking: /home/oli/Desktop/Oliver/Uni/MA/RepoTrajektorienfolgeregelung/MA-Trajektorienfolgeregelung/workspace/ros2_ws/install/ldlidar_component/share/ldlidar_component/environment/ament_prefix_path.dsv
-- Symlinking: /home/oli/Desktop/Oliver/Uni/MA/RepoTrajektorienfolgeregelung/MA-Trajektorienfolgeregelung/workspace/ros2_ws/install/ldlidar_component/share/ldlidar_component/environment/path.sh
-- Symlinking: /home/oli/Desktop/Oliver/Uni/MA/RepoTrajektorienfolgeregelung/MA-Trajektorienfolgeregelung/workspace/ros2_ws/install/ldlidar_component/share/ldlidar_component/environment/path.dsv
-- Symlinking: /home/oli/Desktop/Oliver/Uni/MA/RepoTrajektorienfolgeregelung/MA-Trajektorienfolgeregelung/workspace/ros2_ws/install/ldlidar_component/share/ldlidar_component/local_setup.bash
-- Symlinking: /home/oli/Desktop/Oliver/Uni/MA/RepoTrajektorienfolgeregelung/MA-Trajektorienfolgeregelung/workspace/ros2_ws/install/ldlidar_component/share/ldlidar_component/local_setup.sh
-- Symlinking: /home/oli/Desktop/Oliver/Uni/MA/RepoTrajektorienfolgeregelung/MA-Trajektorienfolgeregelung/workspace/ros2_ws/install/ldlidar_component/share/ldlidar_component/local_setup.zsh
-- Symlinking: /home/oli/Desktop/Oliver/Uni/MA/RepoTrajektorienfolgeregelung/MA-Trajektorienfolgeregelung/workspace/ros2_ws/install/ldlidar_component/share/ldlidar_component/local_setup.dsv
-- Symlinking: /home/oli/Desktop/Oliver/Uni/MA/RepoTrajektorienfolgeregelung/MA-Trajektorienfolgeregelung/workspace/ros2_ws/install/ldlidar_component/share/ldlidar_component/package.dsv
-- Symlinking: /home/oli/Desktop/Oliver/Uni/MA/RepoTrajektorienfolgeregelung/MA-Trajektorienfolgeregelung/workspace/ros2_ws/install/ldlidar_component/share/ament_index/resource_index/packages/ldlidar_component
-- Symlinking: /home/oli/Desktop/Oliver/Uni/MA/RepoTrajektorienfolgeregelung/MA-Trajektorienfolgeregelung/workspace/ros2_ws/install/ldlidar_component/share/ament_index/resource_index/rclcpp_components/ldlidar_component
-- Symlinking: /home/oli/Desktop/Oliver/Uni/MA/RepoTrajektorienfolgeregelung/MA-Trajektorienfolgeregelung/workspace/ros2_ws/install/ldlidar_component/share/ldlidar_component/cmake/ament_cmake_export_include_directories-extras.cmake
-- Symlinking: /home/oli/Desktop/Oliver/Uni/MA/RepoTrajektorienfolgeregelung/MA-Trajektorienfolgeregelung/workspace/ros2_ws/install/ldlidar_component/share/ldlidar_component/cmake/ament_cmake_export_libraries-extras.cmake
-- Symlinking: /home/oli/Desktop/Oliver/Uni/MA/RepoTrajektorienfolgeregelung/MA-Trajektorienfolgeregelung/workspace/ros2_ws/install/ldlidar_component/share/ldlidar_component/cmake/ament_cmake_export_dependencies-extras.cmake
-- Symlinking: /home/oli/Desktop/Oliver/Uni/MA/RepoTrajektorienfolgeregelung/MA-Trajektorienfolgeregelung/workspace/ros2_ws/install/ldlidar_component/share/ldlidar_component/cmake/ldlidar_componentConfig.cmake
-- Symlinking: /home/oli/Desktop/Oliver/Uni/MA/RepoTrajektorienfolgeregelung/MA-Trajektorienfolgeregelung/workspace/ros2_ws/install/ldlidar_component/share/ldlidar_component/cmake/ldlidar_componentConfig-version.cmake
-- Symlinking: /home/oli/Desktop/Oliver/Uni/MA/RepoTrajektorienfolgeregelung/MA-Trajektorienfolgeregelung/workspace/ros2_ws/install/ldlidar_component/share/ldlidar_component/package.xml
