[0.067s] Invoking command in '/home/oli/Desktop/Oliver/Uni/MA/RepoTrajektorienfolgeregelung/MA-Trajektorienfolgeregelung/workspace/ros2_ws/build/ldlidar_component': CMAKE_PREFIX_PATH=${CMAKE_PREFIX_PATH}:/home/oli/Desktop/Oliver/Uni/MA/RepoTrajektorienfolgeregelung/MA-Trajektorienfolgeregelung/workspace/ros2_ws/install/trajektorienfolgeregelung:/home/oli/Desktop/Oliver/Uni/MA/RepoTrajektorienfolgeregelung/MA-Trajektorienfolgeregelung/workspace/ros2_ws/install/sdk:/home/oli/Desktop/Oliver/Uni/MA/RepoTrajektorienfolgeregelung/MA-Trajektorienfolgeregelung/workspace/ros2_ws/install/ros_robot_controller:/home/oli/Desktop/Oliver/Uni/MA/RepoTrajektorienfolgeregelung/MA-Trajektorienfolgeregelung/workspace/ros2_ws/install/peripherals:/home/oli/Desktop/Oliver/Uni/MA/RepoTrajektorienfolgeregelung/MA-Trajektorienfolgeregelung/workspace/ros2_ws/install/mentorpi_description:/home/oli/Desktop/Oliver/Uni/MA/RepoTrajektorienfolgeregelung/MA-Trajektorienfolgeregelung/workspace/ros2_ws/install/controller:/home/oli/Desktop/Oliver/Uni/MA/RepoTrajektorienfolgeregelung/MA-Trajektorienfolgeregelung/workspace/ros2_ws/install/calibration:/home/oli/Desktop/Oliver/Uni/MA/GithubRepo/MA-HiWonder-MPC/workspace/ros2_ws/install/sdk:/home/oli/Desktop/Oliver/Uni/MA/GithubRepo/MA-HiWonder-MPC/workspace/ros2_ws/install/ros_robot_controller:/home/oli/Desktop/Oliver/Uni/MA/GithubRepo/MA-HiWonder-MPC/workspace/ros2_ws/install/peripherals:/home/oli/Desktop/Oliver/Uni/MA/GithubRepo/MA-HiWonder-MPC/workspace/ros2_ws/install/mentorpi_description:/home/oli/Desktop/Oliver/Uni/MA/GithubRepo/MA-HiWonder-MPC/workspace/ros2_ws/install/controller:/home/oli/Desktop/Oliver/Uni/MA/GithubRepo/MA-HiWonder-MPC/workspace/ros2_ws/install/calibration:/home/oli/Desktop/Oliver/Uni/MA/GithubRepo/MA-HiWonder-MPC/workspace/ros2_ws/install/Trajektorienfolgeregelung:/opt/ros/jazzy DEBUGINFOD_URLS=https://debuginfod.ubuntu.com /usr/bin/cmake /home/oli/Desktop/Oliver/Uni/MA/RepoTrajektorienfolgeregelung/MA-Trajektorienfolgeregelung/workspace/ros2_ws/src/ldrobot-lidar-ros2/ldlidar_component -DAMENT_CMAKE_SYMLINK_INSTALL=1 -DCMAKE_INSTALL_PREFIX=/home/oli/Desktop/Oliver/Uni/MA/RepoTrajektorienfolgeregelung/MA-Trajektorienfolgeregelung/workspace/ros2_ws/install/ldlidar_component
[2.011s] CMake Warning at CMakeLists.txt:72 (message):
[2.011s]   ROS2 jazzy is not officially supported by this package.  Correct working is
[2.013s]   not guarantee.
[2.014s] 
[2.014s] 
[2.015s] -- The C compiler identification is GNU 13.3.0
[2.015s] -- The CXX compiler identification is GNU 13.3.0
[2.015s] -- Detecting C compiler ABI info
[2.015s] -- Detecting C compiler ABI info - done
[2.015s] -- Check for working C compiler: /usr/bin/cc - skipped
[2.016s] -- Detecting C compile features
[2.016s] -- Detecting C compile features - done
[2.016s] -- Detecting CXX compiler ABI info
[2.016s] -- Detecting CXX compiler ABI info - done
[2.017s] -- Check for working CXX compiler: /usr/bin/c++ - skipped
[2.017s] -- Detecting CXX compile features
[2.018s] -- Detecting CXX compile features - done
[2.018s] --  * Release Mode
[2.018s] -- * Found ROS2 jazzy
[2.018s] -- Found ament_cmake: 2.5.3 (/opt/ros/jazzy/share/ament_cmake/cmake)
[2.019s] -- Found Python3: /usr/bin/python3 (found version "3.12.3") found components: Interpreter 
[2.019s] -- Override CMake install command with custom implementation using symlinks instead of copying resources
[2.019s] -- Found rclcpp_lifecycle: 28.1.6 (/opt/ros/jazzy/share/rclcpp_lifecycle/cmake)
[2.019s] -- Found rosidl_generator_c: 4.6.5 (/opt/ros/jazzy/share/rosidl_generator_c/cmake)
[2.019s] -- Found rosidl_generator_cpp: 4.6.5 (/opt/ros/jazzy/share/rosidl_generator_cpp/cmake)
[2.020s] -- Using all available rosidl_typesupport_c: rosidl_typesupport_fastrtps_c;rosidl_typesupport_introspection_c
[2.020s] -- Using all available rosidl_typesupport_cpp: rosidl_typesupport_fastrtps_cpp;rosidl_typesupport_introspection_cpp
[2.020s] -- Found rmw_implementation_cmake: 7.3.1 (/opt/ros/jazzy/share/rmw_implementation_cmake/cmake)
[2.020s] -- Found rmw_fastrtps_cpp: 8.4.1 (/opt/ros/jazzy/share/rmw_fastrtps_cpp/cmake)
[2.021s] -- Found OpenSSL: /usr/lib/x86_64-linux-gnu/libcrypto.so (found version "3.0.13")  
[2.021s] -- Found FastRTPS: /opt/ros/jazzy/include (Required is at least version "2.13") 
[2.021s] -- Using RMW implementation 'rmw_fastrtps_cpp' as default
[2.545s] -- Found rclcpp_components: 28.1.6 (/opt/ros/jazzy/share/rclcpp_components/cmake)
[2.808s] -- Found nav2_util: 1.3.4 (/opt/ros/jazzy/share/nav2_util/cmake)
[4.496s] -- Found eigen3_cmake_module: 0.3.0 (/opt/ros/jazzy/share/eigen3_cmake_module/cmake)
[4.501s] -- Found Eigen3: TRUE (found version "3.4.0") 
[4.502s] -- Ensuring Eigen3 include directory is part of orocos-kdl CMake target
[4.786s] -- Found sensor_msgs: 5.3.5 (/opt/ros/jazzy/share/sensor_msgs/cmake)
[4.875s] -- Found diagnostic_msgs: 5.3.5 (/opt/ros/jazzy/share/diagnostic_msgs/cmake)
[4.963s] -- Found diagnostic_updater: 4.2.1 (/opt/ros/jazzy/share/diagnostic_updater/cmake)
[5.135s] -- Found ament_lint_auto: 0.17.1 (/opt/ros/jazzy/share/ament_lint_auto/cmake)
[5.916s] -- Added test 'copyright' to check source files copyright and LICENSE
[5.941s] -- Added test 'cppcheck' to perform static code analysis on C / C++ code
[5.952s] -- Configured cppcheck include dirs: /home/oli/Desktop/Oliver/Uni/MA/RepoTrajektorienfolgeregelung/MA-Trajektorienfolgeregelung/workspace/ros2_ws/src/ldrobot-lidar-ros2/ldlidar_component/include;/home/oli/Desktop/Oliver/Uni/MA/RepoTrajektorienfolgeregelung/MA-Trajektorienfolgeregelung/workspace/ros2_ws/src/ldrobot-lidar-ros2/ldlidar_component/tools/include;/home/oli/Desktop/Oliver/Uni/MA/RepoTrajektorienfolgeregelung/MA-Trajektorienfolgeregelung/workspace/ros2_ws/src/ldrobot-lidar-ros2/ldlidar_component/component/include;/home/oli/Desktop/Oliver/Uni/MA/RepoTrajektorienfolgeregelung/MA-Trajektorienfolgeregelung/workspace/ros2_ws/src/ldrobot-lidar-ros2/ldlidar_component/ldlidar_driver/include/core;/home/oli/Desktop/Oliver/Uni/MA/RepoTrajektorienfolgeregelung/MA-Trajektorienfolgeregelung/workspace/ros2_ws/src/ldrobot-lidar-ros2/ldlidar_component/ldlidar_driver/include/dataprocess;/home/oli/Desktop/Oliver/Uni/MA/RepoTrajektorienfolgeregelung/MA-Trajektorienfolgeregelung/workspace/ros2_ws/src/ldrobot-lidar-ros2/ldlidar_component/ldlidar_driver/include/filter;/home/oli/Desktop/Oliver/Uni/MA/RepoTrajektorienfolgeregelung/MA-Trajektorienfolgeregelung/workspace/ros2_ws/src/ldrobot-lidar-ros2/ldlidar_component/ldlidar_driver/include/logger;/home/oli/Desktop/Oliver/Uni/MA/RepoTrajektorienfolgeregelung/MA-Trajektorienfolgeregelung/workspace/ros2_ws/src/ldrobot-lidar-ros2/ldlidar_component/ldlidar_driver/include/networkcom;/home/oli/Desktop/Oliver/Uni/MA/RepoTrajektorienfolgeregelung/MA-Trajektorienfolgeregelung/workspace/ros2_ws/src/ldrobot-lidar-ros2/ldlidar_component/ldlidar_driver/include/serialcom
[5.952s] -- Configured cppcheck exclude dirs and/or files: 
[5.977s] -- Added test 'cpplint' to check C / C++ code against the Google style
[5.977s] -- Configured cpplint exclude dirs and/or files: 
[5.986s] -- Added test 'lint_cmake' to check CMake code style
[6.006s] -- Added test 'uncrustify' to check C / C++ code style
[6.006s] -- Configured uncrustify additional arguments: 
[6.008s] -- Added test 'xmllint' to check XML markup files
[6.046s] -- Configuring done (6.0s)
[6.245s] -- Generating done (0.1s)
[6.291s] -- Build files have been written to: /home/oli/Desktop/Oliver/Uni/MA/RepoTrajektorienfolgeregelung/MA-Trajektorienfolgeregelung/workspace/ros2_ws/build/ldlidar_component
[6.388s] Invoked command in '/home/oli/Desktop/Oliver/Uni/MA/RepoTrajektorienfolgeregelung/MA-Trajektorienfolgeregelung/workspace/ros2_ws/build/ldlidar_component' returned '0': CMAKE_PREFIX_PATH=${CMAKE_PREFIX_PATH}:/home/oli/Desktop/Oliver/Uni/MA/RepoTrajektorienfolgeregelung/MA-Trajektorienfolgeregelung/workspace/ros2_ws/install/trajektorienfolgeregelung:/home/oli/Desktop/Oliver/Uni/MA/RepoTrajektorienfolgeregelung/MA-Trajektorienfolgeregelung/workspace/ros2_ws/install/sdk:/home/oli/Desktop/Oliver/Uni/MA/RepoTrajektorienfolgeregelung/MA-Trajektorienfolgeregelung/workspace/ros2_ws/install/ros_robot_controller:/home/oli/Desktop/Oliver/Uni/MA/RepoTrajektorienfolgeregelung/MA-Trajektorienfolgeregelung/workspace/ros2_ws/install/peripherals:/home/oli/Desktop/Oliver/Uni/MA/RepoTrajektorienfolgeregelung/MA-Trajektorienfolgeregelung/workspace/ros2_ws/install/mentorpi_description:/home/oli/Desktop/Oliver/Uni/MA/RepoTrajektorienfolgeregelung/MA-Trajektorienfolgeregelung/workspace/ros2_ws/install/controller:/home/oli/Desktop/Oliver/Uni/MA/RepoTrajektorienfolgeregelung/MA-Trajektorienfolgeregelung/workspace/ros2_ws/install/calibration:/home/oli/Desktop/Oliver/Uni/MA/GithubRepo/MA-HiWonder-MPC/workspace/ros2_ws/install/sdk:/home/oli/Desktop/Oliver/Uni/MA/GithubRepo/MA-HiWonder-MPC/workspace/ros2_ws/install/ros_robot_controller:/home/oli/Desktop/Oliver/Uni/MA/GithubRepo/MA-HiWonder-MPC/workspace/ros2_ws/install/peripherals:/home/oli/Desktop/Oliver/Uni/MA/GithubRepo/MA-HiWonder-MPC/workspace/ros2_ws/install/mentorpi_description:/home/oli/Desktop/Oliver/Uni/MA/GithubRepo/MA-HiWonder-MPC/workspace/ros2_ws/install/controller:/home/oli/Desktop/Oliver/Uni/MA/GithubRepo/MA-HiWonder-MPC/workspace/ros2_ws/install/calibration:/home/oli/Desktop/Oliver/Uni/MA/GithubRepo/MA-HiWonder-MPC/workspace/ros2_ws/install/Trajektorienfolgeregelung:/opt/ros/jazzy DEBUGINFOD_URLS=https://debuginfod.ubuntu.com /usr/bin/cmake /home/oli/Desktop/Oliver/Uni/MA/RepoTrajektorienfolgeregelung/MA-Trajektorienfolgeregelung/workspace/ros2_ws/src/ldrobot-lidar-ros2/ldlidar_component -DAMENT_CMAKE_SYMLINK_INSTALL=1 -DCMAKE_INSTALL_PREFIX=/home/oli/Desktop/Oliver/Uni/MA/RepoTrajektorienfolgeregelung/MA-Trajektorienfolgeregelung/workspace/ros2_ws/install/ldlidar_component
[6.389s] Invoking command in '/home/oli/Desktop/Oliver/Uni/MA/RepoTrajektorienfolgeregelung/MA-Trajektorienfolgeregelung/workspace/ros2_ws/build/ldlidar_component': CMAKE_PREFIX_PATH=${CMAKE_PREFIX_PATH}:/home/oli/Desktop/Oliver/Uni/MA/RepoTrajektorienfolgeregelung/MA-Trajektorienfolgeregelung/workspace/ros2_ws/install/trajektorienfolgeregelung:/home/oli/Desktop/Oliver/Uni/MA/RepoTrajektorienfolgeregelung/MA-Trajektorienfolgeregelung/workspace/ros2_ws/install/sdk:/home/oli/Desktop/Oliver/Uni/MA/RepoTrajektorienfolgeregelung/MA-Trajektorienfolgeregelung/workspace/ros2_ws/install/ros_robot_controller:/home/oli/Desktop/Oliver/Uni/MA/RepoTrajektorienfolgeregelung/MA-Trajektorienfolgeregelung/workspace/ros2_ws/install/peripherals:/home/oli/Desktop/Oliver/Uni/MA/RepoTrajektorienfolgeregelung/MA-Trajektorienfolgeregelung/workspace/ros2_ws/install/mentorpi_description:/home/oli/Desktop/Oliver/Uni/MA/RepoTrajektorienfolgeregelung/MA-Trajektorienfolgeregelung/workspace/ros2_ws/install/controller:/home/oli/Desktop/Oliver/Uni/MA/RepoTrajektorienfolgeregelung/MA-Trajektorienfolgeregelung/workspace/ros2_ws/install/calibration:/home/oli/Desktop/Oliver/Uni/MA/GithubRepo/MA-HiWonder-MPC/workspace/ros2_ws/install/sdk:/home/oli/Desktop/Oliver/Uni/MA/GithubRepo/MA-HiWonder-MPC/workspace/ros2_ws/install/ros_robot_controller:/home/oli/Desktop/Oliver/Uni/MA/GithubRepo/MA-HiWonder-MPC/workspace/ros2_ws/install/peripherals:/home/oli/Desktop/Oliver/Uni/MA/GithubRepo/MA-HiWonder-MPC/workspace/ros2_ws/install/mentorpi_description:/home/oli/Desktop/Oliver/Uni/MA/GithubRepo/MA-HiWonder-MPC/workspace/ros2_ws/install/controller:/home/oli/Desktop/Oliver/Uni/MA/GithubRepo/MA-HiWonder-MPC/workspace/ros2_ws/install/calibration:/home/oli/Desktop/Oliver/Uni/MA/GithubRepo/MA-HiWonder-MPC/workspace/ros2_ws/install/Trajektorienfolgeregelung:/opt/ros/jazzy DEBUGINFOD_URLS=https://debuginfod.ubuntu.com /usr/bin/cmake --build /home/oli/Desktop/Oliver/Uni/MA/RepoTrajektorienfolgeregelung/MA-Trajektorienfolgeregelung/workspace/ros2_ws/build/ldlidar_component -- -j8 -l8
[6.596s] [ 10%] Building CXX object ldlidar_driver/CMakeFiles/ldlidar.dir/src/dataprocess/lipkg.cpp.o
[6.605s] [ 20%] Building CXX object ldlidar_driver/CMakeFiles/ldlidar.dir/src/core/ldlidar_driver.cpp.o
[6.659s] [ 30%] Building CXX object ldlidar_driver/CMakeFiles/ldlidar.dir/src/filter/tofbf.cpp.o
[6.659s] [ 40%] Building CXX object ldlidar_driver/CMakeFiles/ldlidar.dir/src/networkcom/network_socket_interface_linux.cpp.o
[6.669s] [ 50%] Building CXX object ldlidar_driver/CMakeFiles/ldlidar.dir/src/logger/log_module.cpp.o
[6.684s] [ 60%] Building CXX object ldlidar_driver/CMakeFiles/ldlidar.dir/src/serialcom/serial_interface_linux.cpp.o
[9.825s] [ 70%] Linking CXX static library libldlidar.a
[9.826s] [ 70%] Built target ldlidar
[9.826s] [ 80%] Building CXX object CMakeFiles/ldlidar_component.dir/component/src/ldlidar_component.cpp.o
[9.826s] [ 90%] Building CXX object CMakeFiles/ldlidar_component.dir/tools/src/ldlidar_tools.cpp.o
[29.715s] [100%] Linking CXX shared library libldlidar_component.so
[30.749s] [100%] Built target ldlidar_component
[30.789s] Invoked command in '/home/oli/Desktop/Oliver/Uni/MA/RepoTrajektorienfolgeregelung/MA-Trajektorienfolgeregelung/workspace/ros2_ws/build/ldlidar_component' returned '0': CMAKE_PREFIX_PATH=${CMAKE_PREFIX_PATH}:/home/oli/Desktop/Oliver/Uni/MA/RepoTrajektorienfolgeregelung/MA-Trajektorienfolgeregelung/workspace/ros2_ws/install/trajektorienfolgeregelung:/home/oli/Desktop/Oliver/Uni/MA/RepoTrajektorienfolgeregelung/MA-Trajektorienfolgeregelung/workspace/ros2_ws/install/sdk:/home/oli/Desktop/Oliver/Uni/MA/RepoTrajektorienfolgeregelung/MA-Trajektorienfolgeregelung/workspace/ros2_ws/install/ros_robot_controller:/home/oli/Desktop/Oliver/Uni/MA/RepoTrajektorienfolgeregelung/MA-Trajektorienfolgeregelung/workspace/ros2_ws/install/peripherals:/home/oli/Desktop/Oliver/Uni/MA/RepoTrajektorienfolgeregelung/MA-Trajektorienfolgeregelung/workspace/ros2_ws/install/mentorpi_description:/home/oli/Desktop/Oliver/Uni/MA/RepoTrajektorienfolgeregelung/MA-Trajektorienfolgeregelung/workspace/ros2_ws/install/controller:/home/oli/Desktop/Oliver/Uni/MA/RepoTrajektorienfolgeregelung/MA-Trajektorienfolgeregelung/workspace/ros2_ws/install/calibration:/home/oli/Desktop/Oliver/Uni/MA/GithubRepo/MA-HiWonder-MPC/workspace/ros2_ws/install/sdk:/home/oli/Desktop/Oliver/Uni/MA/GithubRepo/MA-HiWonder-MPC/workspace/ros2_ws/install/ros_robot_controller:/home/oli/Desktop/Oliver/Uni/MA/GithubRepo/MA-HiWonder-MPC/workspace/ros2_ws/install/peripherals:/home/oli/Desktop/Oliver/Uni/MA/GithubRepo/MA-HiWonder-MPC/workspace/ros2_ws/install/mentorpi_description:/home/oli/Desktop/Oliver/Uni/MA/GithubRepo/MA-HiWonder-MPC/workspace/ros2_ws/install/controller:/home/oli/Desktop/Oliver/Uni/MA/GithubRepo/MA-HiWonder-MPC/workspace/ros2_ws/install/calibration:/home/oli/Desktop/Oliver/Uni/MA/GithubRepo/MA-HiWonder-MPC/workspace/ros2_ws/install/Trajektorienfolgeregelung:/opt/ros/jazzy DEBUGINFOD_URLS=https://debuginfod.ubuntu.com /usr/bin/cmake --build /home/oli/Desktop/Oliver/Uni/MA/RepoTrajektorienfolgeregelung/MA-Trajektorienfolgeregelung/workspace/ros2_ws/build/ldlidar_component -- -j8 -l8
[30.795s] Invoking command in '/home/oli/Desktop/Oliver/Uni/MA/RepoTrajektorienfolgeregelung/MA-Trajektorienfolgeregelung/workspace/ros2_ws/build/ldlidar_component': CMAKE_PREFIX_PATH=${CMAKE_PREFIX_PATH}:/home/oli/Desktop/Oliver/Uni/MA/RepoTrajektorienfolgeregelung/MA-Trajektorienfolgeregelung/workspace/ros2_ws/install/trajektorienfolgeregelung:/home/oli/Desktop/Oliver/Uni/MA/RepoTrajektorienfolgeregelung/MA-Trajektorienfolgeregelung/workspace/ros2_ws/install/sdk:/home/oli/Desktop/Oliver/Uni/MA/RepoTrajektorienfolgeregelung/MA-Trajektorienfolgeregelung/workspace/ros2_ws/install/ros_robot_controller:/home/oli/Desktop/Oliver/Uni/MA/RepoTrajektorienfolgeregelung/MA-Trajektorienfolgeregelung/workspace/ros2_ws/install/peripherals:/home/oli/Desktop/Oliver/Uni/MA/RepoTrajektorienfolgeregelung/MA-Trajektorienfolgeregelung/workspace/ros2_ws/install/mentorpi_description:/home/oli/Desktop/Oliver/Uni/MA/RepoTrajektorienfolgeregelung/MA-Trajektorienfolgeregelung/workspace/ros2_ws/install/controller:/home/oli/Desktop/Oliver/Uni/MA/RepoTrajektorienfolgeregelung/MA-Trajektorienfolgeregelung/workspace/ros2_ws/install/calibration:/home/oli/Desktop/Oliver/Uni/MA/GithubRepo/MA-HiWonder-MPC/workspace/ros2_ws/install/sdk:/home/oli/Desktop/Oliver/Uni/MA/GithubRepo/MA-HiWonder-MPC/workspace/ros2_ws/install/ros_robot_controller:/home/oli/Desktop/Oliver/Uni/MA/GithubRepo/MA-HiWonder-MPC/workspace/ros2_ws/install/peripherals:/home/oli/Desktop/Oliver/Uni/MA/GithubRepo/MA-HiWonder-MPC/workspace/ros2_ws/install/mentorpi_description:/home/oli/Desktop/Oliver/Uni/MA/GithubRepo/MA-HiWonder-MPC/workspace/ros2_ws/install/controller:/home/oli/Desktop/Oliver/Uni/MA/GithubRepo/MA-HiWonder-MPC/workspace/ros2_ws/install/calibration:/home/oli/Desktop/Oliver/Uni/MA/GithubRepo/MA-HiWonder-MPC/workspace/ros2_ws/install/Trajektorienfolgeregelung:/opt/ros/jazzy DEBUGINFOD_URLS=https://debuginfod.ubuntu.com /usr/bin/cmake --install /home/oli/Desktop/Oliver/Uni/MA/RepoTrajektorienfolgeregelung/MA-Trajektorienfolgeregelung/workspace/ros2_ws/build/ldlidar_component
[30.831s] -- Install configuration: "Release"
[30.831s] -- Execute custom install script
[30.835s] -- Symlinking: /home/oli/Desktop/Oliver/Uni/MA/RepoTrajektorienfolgeregelung/MA-Trajektorienfolgeregelung/workspace/ros2_ws/install/ldlidar_component/lib/libldlidar_component.so
[30.883s] -- Symlinking: /home/oli/Desktop/Oliver/Uni/MA/RepoTrajektorienfolgeregelung/MA-Trajektorienfolgeregelung/workspace/ros2_ws/install/ldlidar_component/include/ldlidar_component//defines.hpp
[30.948s] -- Symlinking: /home/oli/Desktop/Oliver/Uni/MA/RepoTrajektorienfolgeregelung/MA-Trajektorienfolgeregelung/workspace/ros2_ws/install/ldlidar_component/include/ldlidar_component//ldlidar_component.hpp
[31.004s] -- Symlinking: /home/oli/Desktop/Oliver/Uni/MA/RepoTrajektorienfolgeregelung/MA-Trajektorienfolgeregelung/workspace/ros2_ws/install/ldlidar_component/include/ldlidar_component//ldlidar_tools.hpp
[31.069s] -- Symlinking: /home/oli/Desktop/Oliver/Uni/MA/RepoTrajektorienfolgeregelung/MA-Trajektorienfolgeregelung/workspace/ros2_ws/install/ldlidar_component/include/ldlidar_component//visibility_control.hpp
[31.105s] -- Symlinking: /home/oli/Desktop/Oliver/Uni/MA/RepoTrajektorienfolgeregelung/MA-Trajektorienfolgeregelung/workspace/ros2_ws/install/ldlidar_component/include/ldlidar_component//ldlidar_datatype.h
[31.137s] -- Symlinking: /home/oli/Desktop/Oliver/Uni/MA/RepoTrajektorienfolgeregelung/MA-Trajektorienfolgeregelung/workspace/ros2_ws/install/ldlidar_component/include/ldlidar_component//ldlidar_driver.h
[31.170s] -- Symlinking: /home/oli/Desktop/Oliver/Uni/MA/RepoTrajektorienfolgeregelung/MA-Trajektorienfolgeregelung/workspace/ros2_ws/install/ldlidar_component/include/ldlidar_component//lipkg.h
[31.195s] -- Symlinking: /home/oli/Desktop/Oliver/Uni/MA/RepoTrajektorienfolgeregelung/MA-Trajektorienfolgeregelung/workspace/ros2_ws/install/ldlidar_component/include/ldlidar_component//tofbf.h
[31.268s] -- Symlinking: /home/oli/Desktop/Oliver/Uni/MA/RepoTrajektorienfolgeregelung/MA-Trajektorienfolgeregelung/workspace/ros2_ws/install/ldlidar_component/include/ldlidar_component//log_module.h
[31.301s] -- Symlinking: /home/oli/Desktop/Oliver/Uni/MA/RepoTrajektorienfolgeregelung/MA-Trajektorienfolgeregelung/workspace/ros2_ws/install/ldlidar_component/include/ldlidar_component//network_socket_interface_linux.h
[31.347s] -- Symlinking: /home/oli/Desktop/Oliver/Uni/MA/RepoTrajektorienfolgeregelung/MA-Trajektorienfolgeregelung/workspace/ros2_ws/install/ldlidar_component/include/ldlidar_component//serial_interface_linux.h
[31.390s] -- Symlinking: /home/oli/Desktop/Oliver/Uni/MA/RepoTrajektorienfolgeregelung/MA-Trajektorienfolgeregelung/workspace/ros2_ws/install/ldlidar_component/share/ldlidar_component/environment/library_path.sh
[31.433s] -- Symlinking: /home/oli/Desktop/Oliver/Uni/MA/RepoTrajektorienfolgeregelung/MA-Trajektorienfolgeregelung/workspace/ros2_ws/install/ldlidar_component/share/ldlidar_component/environment/library_path.dsv
[31.476s] -- Symlinking: /home/oli/Desktop/Oliver/Uni/MA/RepoTrajektorienfolgeregelung/MA-Trajektorienfolgeregelung/workspace/ros2_ws/install/ldlidar_component/share/ament_index/resource_index/package_run_dependencies/ldlidar_component
[31.527s] -- Symlinking: /home/oli/Desktop/Oliver/Uni/MA/RepoTrajektorienfolgeregelung/MA-Trajektorienfolgeregelung/workspace/ros2_ws/install/ldlidar_component/share/ament_index/resource_index/parent_prefix_path/ldlidar_component
[31.586s] -- Symlinking: /home/oli/Desktop/Oliver/Uni/MA/RepoTrajektorienfolgeregelung/MA-Trajektorienfolgeregelung/workspace/ros2_ws/install/ldlidar_component/share/ldlidar_component/environment/ament_prefix_path.sh
[31.629s] -- Symlinking: /home/oli/Desktop/Oliver/Uni/MA/RepoTrajektorienfolgeregelung/MA-Trajektorienfolgeregelung/workspace/ros2_ws/install/ldlidar_component/share/ldlidar_component/environment/ament_prefix_path.dsv
[31.680s] -- Symlinking: /home/oli/Desktop/Oliver/Uni/MA/RepoTrajektorienfolgeregelung/MA-Trajektorienfolgeregelung/workspace/ros2_ws/install/ldlidar_component/share/ldlidar_component/environment/path.sh
[31.719s] -- Symlinking: /home/oli/Desktop/Oliver/Uni/MA/RepoTrajektorienfolgeregelung/MA-Trajektorienfolgeregelung/workspace/ros2_ws/install/ldlidar_component/share/ldlidar_component/environment/path.dsv
[31.744s] -- Symlinking: /home/oli/Desktop/Oliver/Uni/MA/RepoTrajektorienfolgeregelung/MA-Trajektorienfolgeregelung/workspace/ros2_ws/install/ldlidar_component/share/ldlidar_component/local_setup.bash
[31.768s] -- Symlinking: /home/oli/Desktop/Oliver/Uni/MA/RepoTrajektorienfolgeregelung/MA-Trajektorienfolgeregelung/workspace/ros2_ws/install/ldlidar_component/share/ldlidar_component/local_setup.sh
[31.794s] -- Symlinking: /home/oli/Desktop/Oliver/Uni/MA/RepoTrajektorienfolgeregelung/MA-Trajektorienfolgeregelung/workspace/ros2_ws/install/ldlidar_component/share/ldlidar_component/local_setup.zsh
[31.833s] -- Symlinking: /home/oli/Desktop/Oliver/Uni/MA/RepoTrajektorienfolgeregelung/MA-Trajektorienfolgeregelung/workspace/ros2_ws/install/ldlidar_component/share/ldlidar_component/local_setup.dsv
[31.873s] -- Symlinking: /home/oli/Desktop/Oliver/Uni/MA/RepoTrajektorienfolgeregelung/MA-Trajektorienfolgeregelung/workspace/ros2_ws/install/ldlidar_component/share/ldlidar_component/package.dsv
[31.920s] -- Symlinking: /home/oli/Desktop/Oliver/Uni/MA/RepoTrajektorienfolgeregelung/MA-Trajektorienfolgeregelung/workspace/ros2_ws/install/ldlidar_component/share/ament_index/resource_index/packages/ldlidar_component
[31.962s] -- Symlinking: /home/oli/Desktop/Oliver/Uni/MA/RepoTrajektorienfolgeregelung/MA-Trajektorienfolgeregelung/workspace/ros2_ws/install/ldlidar_component/share/ament_index/resource_index/rclcpp_components/ldlidar_component
[32.026s] -- Symlinking: /home/oli/Desktop/Oliver/Uni/MA/RepoTrajektorienfolgeregelung/MA-Trajektorienfolgeregelung/workspace/ros2_ws/install/ldlidar_component/share/ldlidar_component/cmake/ament_cmake_export_include_directories-extras.cmake
[32.074s] -- Symlinking: /home/oli/Desktop/Oliver/Uni/MA/RepoTrajektorienfolgeregelung/MA-Trajektorienfolgeregelung/workspace/ros2_ws/install/ldlidar_component/share/ldlidar_component/cmake/ament_cmake_export_libraries-extras.cmake
[32.135s] -- Symlinking: /home/oli/Desktop/Oliver/Uni/MA/RepoTrajektorienfolgeregelung/MA-Trajektorienfolgeregelung/workspace/ros2_ws/install/ldlidar_component/share/ldlidar_component/cmake/ament_cmake_export_dependencies-extras.cmake
[32.168s] -- Symlinking: /home/oli/Desktop/Oliver/Uni/MA/RepoTrajektorienfolgeregelung/MA-Trajektorienfolgeregelung/workspace/ros2_ws/install/ldlidar_component/share/ldlidar_component/cmake/ldlidar_componentConfig.cmake
[32.253s] -- Symlinking: /home/oli/Desktop/Oliver/Uni/MA/RepoTrajektorienfolgeregelung/MA-Trajektorienfolgeregelung/workspace/ros2_ws/install/ldlidar_component/share/ldlidar_component/cmake/ldlidar_componentConfig-version.cmake
[32.286s] -- Symlinking: /home/oli/Desktop/Oliver/Uni/MA/RepoTrajektorienfolgeregelung/MA-Trajektorienfolgeregelung/workspace/ros2_ws/install/ldlidar_component/share/ldlidar_component/package.xml
[32.358s] Invoked command in '/home/oli/Desktop/Oliver/Uni/MA/RepoTrajektorienfolgeregelung/MA-Trajektorienfolgeregelung/workspace/ros2_ws/build/ldlidar_component' returned '0': CMAKE_PREFIX_PATH=${CMAKE_PREFIX_PATH}:/home/oli/Desktop/Oliver/Uni/MA/RepoTrajektorienfolgeregelung/MA-Trajektorienfolgeregelung/workspace/ros2_ws/install/trajektorienfolgeregelung:/home/oli/Desktop/Oliver/Uni/MA/RepoTrajektorienfolgeregelung/MA-Trajektorienfolgeregelung/workspace/ros2_ws/install/sdk:/home/oli/Desktop/Oliver/Uni/MA/RepoTrajektorienfolgeregelung/MA-Trajektorienfolgeregelung/workspace/ros2_ws/install/ros_robot_controller:/home/oli/Desktop/Oliver/Uni/MA/RepoTrajektorienfolgeregelung/MA-Trajektorienfolgeregelung/workspace/ros2_ws/install/peripherals:/home/oli/Desktop/Oliver/Uni/MA/RepoTrajektorienfolgeregelung/MA-Trajektorienfolgeregelung/workspace/ros2_ws/install/mentorpi_description:/home/oli/Desktop/Oliver/Uni/MA/RepoTrajektorienfolgeregelung/MA-Trajektorienfolgeregelung/workspace/ros2_ws/install/controller:/home/oli/Desktop/Oliver/Uni/MA/RepoTrajektorienfolgeregelung/MA-Trajektorienfolgeregelung/workspace/ros2_ws/install/calibration:/home/oli/Desktop/Oliver/Uni/MA/GithubRepo/MA-HiWonder-MPC/workspace/ros2_ws/install/sdk:/home/oli/Desktop/Oliver/Uni/MA/GithubRepo/MA-HiWonder-MPC/workspace/ros2_ws/install/ros_robot_controller:/home/oli/Desktop/Oliver/Uni/MA/GithubRepo/MA-HiWonder-MPC/workspace/ros2_ws/install/peripherals:/home/oli/Desktop/Oliver/Uni/MA/GithubRepo/MA-HiWonder-MPC/workspace/ros2_ws/install/mentorpi_description:/home/oli/Desktop/Oliver/Uni/MA/GithubRepo/MA-HiWonder-MPC/workspace/ros2_ws/install/controller:/home/oli/Desktop/Oliver/Uni/MA/GithubRepo/MA-HiWonder-MPC/workspace/ros2_ws/install/calibration:/home/oli/Desktop/Oliver/Uni/MA/GithubRepo/MA-HiWonder-MPC/workspace/ros2_ws/install/Trajektorienfolgeregelung:/opt/ros/jazzy DEBUGINFOD_URLS=https://debuginfod.ubuntu.com /usr/bin/cmake --install /home/oli/Desktop/Oliver/Uni/MA/RepoTrajektorienfolgeregelung/MA-Trajektorienfolgeregelung/workspace/ros2_ws/build/ldlidar_component
