[3.302s] Invoking command in '/home/ro01/workspace/ros2_ws/src/peripherals': DEBUGINFOD_URLS=https://debuginfod.ubuntu.com PYTHONPATH=/home/ro01/workspace/ros2_ws/build/peripherals/prefix_override:/usr/lib/python3/dist-packages/colcon_core/task/python/colcon_distutils_commands:/home/ro01/workspace/ros2_ws/install/peripherals/lib/python3.12/site-packages:${PYTHONPATH} /usr/bin/python3 -W ignore:setup.py install is deprecated -W ignore:easy_install command is deprecated setup.py egg_info --egg-base ../../build/peripherals build --build-base /home/ro01/workspace/ros2_ws/build/peripherals/build install --record /home/ro01/workspace/ros2_ws/build/peripherals/install.log --single-version-externally-managed install_data
[4.000s] running egg_info
[4.094s] writing ../../build/peripherals/peripherals.egg-info/PKG-INFO
[4.099s] writing dependency_links to ../../build/peripherals/peripherals.egg-info/dependency_links.txt
[4.099s] writing entry points to ../../build/peripherals/peripherals.egg-info/entry_points.txt
[4.099s] writing requirements to ../../build/peripherals/peripherals.egg-info/requires.txt
[4.099s] writing top-level names to ../../build/peripherals/peripherals.egg-info/top_level.txt
[4.252s] reading manifest file '../../build/peripherals/peripherals.egg-info/SOURCES.txt'
[4.254s] writing manifest file '../../build/peripherals/peripherals.egg-info/SOURCES.txt'
[4.254s] running build
[4.257s] running build_py
[4.263s] running install
[4.274s] running install_lib
[4.335s] running install_data
[4.335s] running install_egg_info
[4.425s] removing '/home/ro01/workspace/ros2_ws/install/peripherals/lib/python3.12/site-packages/peripherals-0.0.0-py3.12.egg-info' (and everything under it)
[4.427s] Copying ../../build/peripherals/peripherals.egg-info to /home/ro01/workspace/ros2_ws/install/peripherals/lib/python3.12/site-packages/peripherals-0.0.0-py3.12.egg-info
[4.428s] running install_scripts
[5.217s] Installing joystick_control script to /home/ro01/workspace/ros2_ws/install/peripherals/lib/peripherals
[5.220s] Installing teleop_key_control script to /home/ro01/workspace/ros2_ws/install/peripherals/lib/peripherals
[5.232s] Installing tf_broadcaster_imu script to /home/ro01/workspace/ros2_ws/install/peripherals/lib/peripherals
[5.242s] writing list of installed files to '/home/ro01/workspace/ros2_ws/build/peripherals/install.log'
[5.603s] Invoked command in '/home/ro01/workspace/ros2_ws/src/peripherals' returned '0': DEBUGINFOD_URLS=https://debuginfod.ubuntu.com PYTHONPATH=/home/ro01/workspace/ros2_ws/build/peripherals/prefix_override:/usr/lib/python3/dist-packages/colcon_core/task/python/colcon_distutils_commands:/home/ro01/workspace/ros2_ws/install/peripherals/lib/python3.12/site-packages:${PYTHONPATH} /usr/bin/python3 -W ignore:setup.py install is deprecated -W ignore:easy_install command is deprecated setup.py egg_info --egg-base ../../build/peripherals build --build-base /home/ro01/workspace/ros2_ws/build/peripherals/build install --record /home/ro01/workspace/ros2_ws/build/peripherals/install.log --single-version-externally-managed install_data
