running egg_info
writing ../../build/peripherals/peripherals.egg-info/PKG-INFO
writing dependency_links to ../../build/peripherals/peripherals.egg-info/dependency_links.txt
writing entry points to ../../build/peripherals/peripherals.egg-info/entry_points.txt
writing requirements to ../../build/peripherals/peripherals.egg-info/requires.txt
writing top-level names to ../../build/peripherals/peripherals.egg-info/top_level.txt
reading manifest file '../../build/peripherals/peripherals.egg-info/SOURCES.txt'
writing manifest file '../../build/peripherals/peripherals.egg-info/SOURCES.txt'
running build
running build_py
running install
running install_lib
running install_data
copying launch/include/ldlidar_LD19.launch.py -> /home/ro01/workspace/ros2_ws/install/peripherals/share/peripherals/launch/include
running install_egg_info
removing '/home/ro01/workspace/ros2_ws/install/peripherals/lib/python3.12/site-packages/peripherals-0.0.0-py3.12.egg-info' (and everything under it)
Copying ../../build/peripherals/peripherals.egg-info to /home/ro01/workspace/ros2_ws/install/peripherals/lib/python3.12/site-packages/peripherals-0.0.0-py3.12.egg-info
running install_scripts
Installing joystick_control script to /home/ro01/workspace/ros2_ws/install/peripherals/lib/peripherals
Installing teleop_key_control script to /home/ro01/workspace/ros2_ws/install/peripherals/lib/peripherals
Installing tf_broadcaster_imu script to /home/ro01/workspace/ros2_ws/install/peripherals/lib/peripherals
writing list of installed files to '/home/ro01/workspace/ros2_ws/build/peripherals/install.log'
