[2.024s] Invoking command in '/home/ro01/workspace/ros2_ws/src/peripherals': DEBUGINFOD_URLS=https://debuginfod.ubuntu.com PYTHONPATH=/home/ro01/workspace/ros2_ws/build/peripherals/prefix_override:/usr/lib/python3/dist-packages/colcon_core/task/python/colcon_distutils_commands:/home/ro01/workspace/ros2_ws/install/peripherals/lib/python3.12/site-packages:${PYTHONPATH} /usr/bin/python3 -W ignore:setup.py install is deprecated -W ignore:easy_install command is deprecated setup.py egg_info --egg-base ../../build/peripherals build --build-base /home/ro01/workspace/ros2_ws/build/peripherals/build install --record /home/ro01/workspace/ros2_ws/build/peripherals/install.log --single-version-externally-managed install_data
[2.821s] running egg_info
[2.856s] writing ../../build/peripherals/peripherals.egg-info/PKG-INFO
[2.857s] writing dependency_links to ../../build/peripherals/peripherals.egg-info/dependency_links.txt
[2.859s] writing entry points to ../../build/peripherals/peripherals.egg-info/entry_points.txt
[2.860s] writing requirements to ../../build/peripherals/peripherals.egg-info/requires.txt
[2.860s] writing top-level names to ../../build/peripherals/peripherals.egg-info/top_level.txt
[2.964s] reading manifest file '../../build/peripherals/peripherals.egg-info/SOURCES.txt'
[2.967s] writing manifest file '../../build/peripherals/peripherals.egg-info/SOURCES.txt'
[2.967s] running build
[2.968s] running build_py
[2.969s] running install
[2.983s] running install_lib
[3.045s] running install_data
[3.046s] copying launch/include/ldlidar_LD19.launch.py -> /home/ro01/workspace/ros2_ws/install/peripherals/share/peripherals/launch/include
[3.048s] running install_egg_info
[3.082s] removing '/home/ro01/workspace/ros2_ws/install/peripherals/lib/python3.12/site-packages/peripherals-0.0.0-py3.12.egg-info' (and everything under it)
[3.082s] Copying ../../build/peripherals/peripherals.egg-info to /home/ro01/workspace/ros2_ws/install/peripherals/lib/python3.12/site-packages/peripherals-0.0.0-py3.12.egg-info
[3.084s] running install_scripts
[3.312s] Installing joystick_control script to /home/ro01/workspace/ros2_ws/install/peripherals/lib/peripherals
[3.312s] Installing teleop_key_control script to /home/ro01/workspace/ros2_ws/install/peripherals/lib/peripherals
[3.319s] Installing tf_broadcaster_imu script to /home/ro01/workspace/ros2_ws/install/peripherals/lib/peripherals
[3.321s] writing list of installed files to '/home/ro01/workspace/ros2_ws/build/peripherals/install.log'
[3.506s] Invoked command in '/home/ro01/workspace/ros2_ws/src/peripherals' returned '0': DEBUGINFOD_URLS=https://debuginfod.ubuntu.com PYTHONPATH=/home/ro01/workspace/ros2_ws/build/peripherals/prefix_override:/usr/lib/python3/dist-packages/colcon_core/task/python/colcon_distutils_commands:/home/ro01/workspace/ros2_ws/install/peripherals/lib/python3.12/site-packages:${PYTHONPATH} /usr/bin/python3 -W ignore:setup.py install is deprecated -W ignore:easy_install command is deprecated setup.py egg_info --egg-base ../../build/peripherals build --build-base /home/ro01/workspace/ros2_ws/build/peripherals/build install --record /home/ro01/workspace/ros2_ws/build/peripherals/install.log --single-version-externally-managed install_data
