[1.907s] Invoking command in '/home/ro01/workspace/ros2_ws/src/peripherals': DEBUGINFOD_URLS=https://debuginfod.ubuntu.com PYTHONPATH=/home/ro01/workspace/ros2_ws/build/peripherals/prefix_override:/usr/lib/python3/dist-packages/colcon_core/task/python/colcon_distutils_commands:/home/ro01/workspace/ros2_ws/install/peripherals/lib/python3.12/site-packages:${PYTHONPATH} /usr/bin/python3 -W ignore:setup.py install is deprecated -W ignore:easy_install command is deprecated setup.py egg_info --egg-base ../../build/peripherals build --build-base /home/ro01/workspace/ros2_ws/build/peripherals/build install --record /home/ro01/workspace/ros2_ws/build/peripherals/install.log --single-version-externally-managed install_data
[2.745s] running egg_info
[2.786s] writing ../../build/peripherals/peripherals.egg-info/PKG-INFO
[2.787s] writing dependency_links to ../../build/peripherals/peripherals.egg-info/dependency_links.txt
[2.787s] writing entry points to ../../build/peripherals/peripherals.egg-info/entry_points.txt
[2.788s] writing requirements to ../../build/peripherals/peripherals.egg-info/requires.txt
[2.788s] writing top-level names to ../../build/peripherals/peripherals.egg-info/top_level.txt
[2.866s] reading manifest file '../../build/peripherals/peripherals.egg-info/SOURCES.txt'
[2.869s] writing manifest file '../../build/peripherals/peripherals.egg-info/SOURCES.txt'
[2.870s] running build
[2.870s] running build_py
[2.870s] running install
[2.883s] running install_lib
[2.927s] running install_data
[2.927s] running install_egg_info
[2.975s] removing '/home/ro01/workspace/ros2_ws/install/peripherals/lib/python3.12/site-packages/peripherals-0.0.0-py3.12.egg-info' (and everything under it)
[2.977s] Copying ../../build/peripherals/peripherals.egg-info to /home/ro01/workspace/ros2_ws/install/peripherals/lib/python3.12/site-packages/peripherals-0.0.0-py3.12.egg-info
[2.984s] running install_scripts
[3.379s] Installing joystick_control script to /home/ro01/workspace/ros2_ws/install/peripherals/lib/peripherals
[3.379s] Installing teleop_key_control script to /home/ro01/workspace/ros2_ws/install/peripherals/lib/peripherals
[3.384s] Installing tf_broadcaster_imu script to /home/ro01/workspace/ros2_ws/install/peripherals/lib/peripherals
[3.384s] writing list of installed files to '/home/ro01/workspace/ros2_ws/build/peripherals/install.log'
[3.496s] Invoked command in '/home/ro01/workspace/ros2_ws/src/peripherals' returned '0': DEBUGINFOD_URLS=https://debuginfod.ubuntu.com PYTHONPATH=/home/ro01/workspace/ros2_ws/build/peripherals/prefix_override:/usr/lib/python3/dist-packages/colcon_core/task/python/colcon_distutils_commands:/home/ro01/workspace/ros2_ws/install/peripherals/lib/python3.12/site-packages:${PYTHONPATH} /usr/bin/python3 -W ignore:setup.py install is deprecated -W ignore:easy_install command is deprecated setup.py egg_info --egg-base ../../build/peripherals build --build-base /home/ro01/workspace/ros2_ws/build/peripherals/build install --record /home/ro01/workspace/ros2_ws/build/peripherals/install.log --single-version-externally-managed install_data
