[0.676s] Invoking command in '/home/ro01/workspace/ros2_ws/build/imu_calib': CMAKE_PREFIX_PATH=${CMAKE_PREFIX_PATH}:/home/ro01/workspace/ros2_ws/install/sdk:/home/ro01/workspace/ros2_ws/install/ros_robot_controller:/home/ro01/workspace/ros2_ws/install/peripherals:/home/ro01/workspace/ros2_ws/install/mentorpi_description:/home/ro01/workspace/ros2_ws/install/controller:/home/ro01/workspace/ros2_ws/install/calibration:/home/ro01/workspace2/ros2_ws/install/sdk:/home/ro01/workspace2/ros2_ws/install/ros_robot_controller:/home/ro01/workspace2/ros2_ws/install/peripherals:/home/ro01/workspace2/ros2_ws/install/mentorpi_description:/home/ro01/workspace2/ros2_ws/install/controller:/home/ro01/workspace2/ros2_ws/install/calibration:/opt/ros/jazzy DEBUGINFOD_URLS=https://debuginfod.ubuntu.com /usr/bin/cmake /home/ro01/workspace/ros2_ws/src/imu_calib -DCMAKE_INSTALL_PREFIX=/home/ro01/workspace/ros2_ws/install/imu_calib
[0.808s] -- The C compiler identification is GNU 13.2.0
[1.054s] -- The CXX compiler identification is GNU 13.2.0
[1.100s] -- Detecting C compiler ABI info
[1.312s] -- Detecting C compiler ABI info - done
[1.326s] -- Check for working C compiler: /usr/bin/cc - skipped
[1.326s] -- Detecting C compile features
[1.328s] -- Detecting C compile features - done
[1.349s] -- Detecting CXX compiler ABI info
[1.604s] -- Detecting CXX compiler ABI info - done
[1.621s] -- Check for working CXX compiler: /usr/bin/c++ - skipped
[1.621s] -- Detecting CXX compile features
[1.622s] -- Detecting CXX compile features - done
[1.671s] -- Found ament_cmake: 2.5.2 (/opt/ros/jazzy/share/ament_cmake/cmake)
[2.150s] -- Found Python3: /usr/bin/python3 (found version "3.12.3") found components: Interpreter 
[2.650s] -- Found rclcpp: 28.1.5 (/opt/ros/jazzy/share/rclcpp/cmake)
[3.026s] -- Found rosidl_generator_c: 4.6.4 (/opt/ros/jazzy/share/rosidl_generator_c/cmake)
[3.087s] -- Found rosidl_generator_cpp: 4.6.4 (/opt/ros/jazzy/share/rosidl_generator_cpp/cmake)
[3.147s] -- Using all available rosidl_typesupport_c: rosidl_typesupport_fastrtps_c;rosidl_typesupport_introspection_c
[3.197s] -- Using all available rosidl_typesupport_cpp: rosidl_typesupport_fastrtps_cpp;rosidl_typesupport_introspection_cpp
[3.359s] -- Found rmw_implementation_cmake: 7.3.1 (/opt/ros/jazzy/share/rmw_implementation_cmake/cmake)
[3.367s] -- Found rmw_fastrtps_cpp: 8.4.1 (/opt/ros/jazzy/share/rmw_fastrtps_cpp/cmake)
[3.574s] -- Found OpenSSL: /usr/lib/aarch64-linux-gnu/libcrypto.so (found version "3.0.13")  
[3.611s] -- Found FastRTPS: /opt/ros/jazzy/include (Required is at least version "2.13") 
[3.660s] -- Using RMW implementation 'rmw_fastrtps_cpp' as default
[3.873s] -- Found sensor_msgs: 5.3.5 (/opt/ros/jazzy/share/sensor_msgs/cmake)
[4.035s] -- Found eigen3_cmake_module: 0.3.0 (/opt/ros/jazzy/share/eigen3_cmake_module/cmake)
[4.055s] -- Found Eigen3: TRUE (found version "3.4.0") 
[4.059s] -- Found yaml_cpp_vendor: 9.0.0 (/opt/ros/jazzy/share/yaml_cpp_vendor/cmake)
[4.061s] -- Setting yaml-cpp_DIR to: '/opt/ros/jazzy/share/yaml_cpp_vendor/cmake/../../../opt/yaml_cpp_vendor/share/cmake/yaml-cpp'
[4.078s] -- Found ament_lint_auto: 0.17.1 (/opt/ros/jazzy/share/ament_lint_auto/cmake)
[4.328s] -- Added test 'copyright' to check source files copyright and LICENSE
[4.331s] -- Added test 'cppcheck' to perform static code analysis on C / C++ code
[4.331s] -- Configured cppcheck include dirs: /home/ro01/workspace/ros2_ws/src/imu_calib/include;/home/ro01/workspace/ros2_ws/src/imu_calib/src
[4.332s] -- Configured cppcheck exclude dirs and/or files: 
[4.337s] -- Added test 'cpplint' to check C / C++ code against the Google style
[4.337s] -- Configured cpplint exclude dirs and/or files: 
[4.339s] -- Added test 'lint_cmake' to check CMake code style
[4.342s] -- Added test 'uncrustify' to check C / C++ code style
[4.342s] -- Configured uncrustify additional arguments: 
[4.344s] -- Added test 'xmllint' to check XML markup files
[4.351s] -- Configuring done (3.7s)
[4.385s] -- Generating done (0.0s)
[4.395s] -- Build files have been written to: /home/ro01/workspace/ros2_ws/build/imu_calib
[4.829s] Invoked command in '/home/ro01/workspace/ros2_ws/build/imu_calib' returned '0': CMAKE_PREFIX_PATH=${CMAKE_PREFIX_PATH}:/home/ro01/workspace/ros2_ws/install/sdk:/home/ro01/workspace/ros2_ws/install/ros_robot_controller:/home/ro01/workspace/ros2_ws/install/peripherals:/home/ro01/workspace/ros2_ws/install/mentorpi_description:/home/ro01/workspace/ros2_ws/install/controller:/home/ro01/workspace/ros2_ws/install/calibration:/home/ro01/workspace2/ros2_ws/install/sdk:/home/ro01/workspace2/ros2_ws/install/ros_robot_controller:/home/ro01/workspace2/ros2_ws/install/peripherals:/home/ro01/workspace2/ros2_ws/install/mentorpi_description:/home/ro01/workspace2/ros2_ws/install/controller:/home/ro01/workspace2/ros2_ws/install/calibration:/opt/ros/jazzy DEBUGINFOD_URLS=https://debuginfod.ubuntu.com /usr/bin/cmake /home/ro01/workspace/ros2_ws/src/imu_calib -DCMAKE_INSTALL_PREFIX=/home/ro01/workspace/ros2_ws/install/imu_calib
[4.832s] Invoking command in '/home/ro01/workspace/ros2_ws/build/imu_calib': CMAKE_PREFIX_PATH=${CMAKE_PREFIX_PATH}:/home/ro01/workspace/ros2_ws/install/sdk:/home/ro01/workspace/ros2_ws/install/ros_robot_controller:/home/ro01/workspace/ros2_ws/install/peripherals:/home/ro01/workspace/ros2_ws/install/mentorpi_description:/home/ro01/workspace/ros2_ws/install/controller:/home/ro01/workspace/ros2_ws/install/calibration:/home/ro01/workspace2/ros2_ws/install/sdk:/home/ro01/workspace2/ros2_ws/install/ros_robot_controller:/home/ro01/workspace2/ros2_ws/install/peripherals:/home/ro01/workspace2/ros2_ws/install/mentorpi_description:/home/ro01/workspace2/ros2_ws/install/controller:/home/ro01/workspace2/ros2_ws/install/calibration:/opt/ros/jazzy DEBUGINFOD_URLS=https://debuginfod.ubuntu.com /usr/bin/cmake --build /home/ro01/workspace/ros2_ws/build/imu_calib -- -j4 -l4
[4.963s] [ 12%] [32mBuilding CXX object CMakeFiles/accel_calib.dir/src/accel_calib.cpp.o[0m
[28.716s] [ 25%] [32m[1mLinking CXX static library libaccel_calib.a[0m
[29.409s] [ 25%] Built target accel_calib
[29.461s] [ 37%] [32mBuilding CXX object CMakeFiles/apply_calib.dir/src/apply_calib.cpp.o[0m
[29.477s] [ 62%] [32mBuilding CXX object CMakeFiles/do_calib.dir/src/do_calib_node.cpp.o[0m
[29.477s] [ 62%] [32mBuilding CXX object CMakeFiles/do_calib.dir/src/do_calib.cpp.o[0m
[29.478s] [ 75%] [32mBuilding CXX object CMakeFiles/apply_calib.dir/src/apply_calib_node.cpp.o[0m
[68.138s] [ 87%] [32m[1mLinking CXX executable apply_calib[0m
[70.385s] [ 87%] Built target apply_calib
[71.777s] [100%] [32m[1mLinking CXX executable do_calib[0m
[73.303s] [100%] Built target do_calib
[73.328s] Invoked command in '/home/ro01/workspace/ros2_ws/build/imu_calib' returned '0': CMAKE_PREFIX_PATH=${CMAKE_PREFIX_PATH}:/home/ro01/workspace/ros2_ws/install/sdk:/home/ro01/workspace/ros2_ws/install/ros_robot_controller:/home/ro01/workspace/ros2_ws/install/peripherals:/home/ro01/workspace/ros2_ws/install/mentorpi_description:/home/ro01/workspace/ros2_ws/install/controller:/home/ro01/workspace/ros2_ws/install/calibration:/home/ro01/workspace2/ros2_ws/install/sdk:/home/ro01/workspace2/ros2_ws/install/ros_robot_controller:/home/ro01/workspace2/ros2_ws/install/peripherals:/home/ro01/workspace2/ros2_ws/install/mentorpi_description:/home/ro01/workspace2/ros2_ws/install/controller:/home/ro01/workspace2/ros2_ws/install/calibration:/opt/ros/jazzy DEBUGINFOD_URLS=https://debuginfod.ubuntu.com /usr/bin/cmake --build /home/ro01/workspace/ros2_ws/build/imu_calib -- -j4 -l4
[73.330s] Invoking command in '/home/ro01/workspace/ros2_ws/build/imu_calib': CMAKE_PREFIX_PATH=${CMAKE_PREFIX_PATH}:/home/ro01/workspace/ros2_ws/install/sdk:/home/ro01/workspace/ros2_ws/install/ros_robot_controller:/home/ro01/workspace/ros2_ws/install/peripherals:/home/ro01/workspace/ros2_ws/install/mentorpi_description:/home/ro01/workspace/ros2_ws/install/controller:/home/ro01/workspace/ros2_ws/install/calibration:/home/ro01/workspace2/ros2_ws/install/sdk:/home/ro01/workspace2/ros2_ws/install/ros_robot_controller:/home/ro01/workspace2/ros2_ws/install/peripherals:/home/ro01/workspace2/ros2_ws/install/mentorpi_description:/home/ro01/workspace2/ros2_ws/install/controller:/home/ro01/workspace2/ros2_ws/install/calibration:/opt/ros/jazzy DEBUGINFOD_URLS=https://debuginfod.ubuntu.com /usr/bin/cmake --install /home/ro01/workspace/ros2_ws/build/imu_calib
[73.348s] -- Install configuration: ""
[73.350s] -- Installing: /home/ro01/workspace/ros2_ws/install/imu_calib/lib/imu_calib/do_calib
[73.365s] -- Set non-toolchain portion of runtime path of "/home/ro01/workspace/ros2_ws/install/imu_calib/lib/imu_calib/do_calib" to ""
[73.366s] -- Installing: /home/ro01/workspace/ros2_ws/install/imu_calib/lib/imu_calib/apply_calib
[73.381s] -- Set non-toolchain portion of runtime path of "/home/ro01/workspace/ros2_ws/install/imu_calib/lib/imu_calib/apply_calib" to ""
[73.381s] -- Installing: /home/ro01/workspace/ros2_ws/install/imu_calib/include/
[73.381s] -- Installing: /home/ro01/workspace/ros2_ws/install/imu_calib/include//imu_calib
[73.381s] -- Installing: /home/ro01/workspace/ros2_ws/install/imu_calib/include//imu_calib/do_calib.h
[73.382s] -- Installing: /home/ro01/workspace/ros2_ws/install/imu_calib/include//imu_calib/accel_calib.h
[73.382s] -- Installing: /home/ro01/workspace/ros2_ws/install/imu_calib/include//imu_calib/apply_calib.h
[73.382s] -- Installing: /home/ro01/workspace/ros2_ws/install/imu_calib/share/ament_index/resource_index/package_run_dependencies/imu_calib
[73.382s] -- Installing: /home/ro01/workspace/ros2_ws/install/imu_calib/share/ament_index/resource_index/parent_prefix_path/imu_calib
[73.382s] -- Installing: /home/ro01/workspace/ros2_ws/install/imu_calib/share/imu_calib/environment/ament_prefix_path.sh
[73.383s] -- Installing: /home/ro01/workspace/ros2_ws/install/imu_calib/share/imu_calib/environment/ament_prefix_path.dsv
[73.383s] -- Installing: /home/ro01/workspace/ros2_ws/install/imu_calib/share/imu_calib/environment/path.sh
[73.383s] -- Installing: /home/ro01/workspace/ros2_ws/install/imu_calib/share/imu_calib/environment/path.dsv
[73.383s] -- Installing: /home/ro01/workspace/ros2_ws/install/imu_calib/share/imu_calib/local_setup.bash
[73.384s] -- Installing: /home/ro01/workspace/ros2_ws/install/imu_calib/share/imu_calib/local_setup.sh
[73.384s] -- Installing: /home/ro01/workspace/ros2_ws/install/imu_calib/share/imu_calib/local_setup.zsh
[73.384s] -- Installing: /home/ro01/workspace/ros2_ws/install/imu_calib/share/imu_calib/local_setup.dsv
[73.384s] -- Installing: /home/ro01/workspace/ros2_ws/install/imu_calib/share/imu_calib/package.dsv
[73.385s] -- Installing: /home/ro01/workspace/ros2_ws/install/imu_calib/share/ament_index/resource_index/packages/imu_calib
[73.385s] -- Installing: /home/ro01/workspace/ros2_ws/install/imu_calib/share/imu_calib/cmake/ament_cmake_export_dependencies-extras.cmake
[73.385s] -- Installing: /home/ro01/workspace/ros2_ws/install/imu_calib/share/imu_calib/cmake/ament_cmake_export_include_directories-extras.cmake
[73.385s] -- Installing: /home/ro01/workspace/ros2_ws/install/imu_calib/share/imu_calib/cmake/imu_calibConfig.cmake
[73.385s] -- Installing: /home/ro01/workspace/ros2_ws/install/imu_calib/share/imu_calib/cmake/imu_calibConfig-version.cmake
[73.386s] -- Installing: /home/ro01/workspace/ros2_ws/install/imu_calib/share/imu_calib/package.xml
[73.392s] Invoked command in '/home/ro01/workspace/ros2_ws/build/imu_calib' returned '0': CMAKE_PREFIX_PATH=${CMAKE_PREFIX_PATH}:/home/ro01/workspace/ros2_ws/install/sdk:/home/ro01/workspace/ros2_ws/install/ros_robot_controller:/home/ro01/workspace/ros2_ws/install/peripherals:/home/ro01/workspace/ros2_ws/install/mentorpi_description:/home/ro01/workspace/ros2_ws/install/controller:/home/ro01/workspace/ros2_ws/install/calibration:/home/ro01/workspace2/ros2_ws/install/sdk:/home/ro01/workspace2/ros2_ws/install/ros_robot_controller:/home/ro01/workspace2/ros2_ws/install/peripherals:/home/ro01/workspace2/ros2_ws/install/mentorpi_description:/home/ro01/workspace2/ros2_ws/install/controller:/home/ro01/workspace2/ros2_ws/install/calibration:/opt/ros/jazzy DEBUGINFOD_URLS=https://debuginfod.ubuntu.com /usr/bin/cmake --install /home/ro01/workspace/ros2_ws/build/imu_calib
