[3.178s] Invoking command in '/home/ro01/workspace/ros2_ws/src/calibration': DEBUGINFOD_URLS=https://debuginfod.ubuntu.com PYTHONPATH=/home/ro01/workspace/ros2_ws/build/calibration/prefix_override:/usr/lib/python3/dist-packages/colcon_core/task/python/colcon_distutils_commands:/home/ro01/workspace/ros2_ws/install/calibration/lib/python3.12/site-packages:${PYTHONPATH} /usr/bin/python3 -W ignore:setup.py install is deprecated -W ignore:easy_install command is deprecated setup.py egg_info --egg-base ../../build/calibration build --build-base /home/ro01/workspace/ros2_ws/build/calibration/build install --record /home/ro01/workspace/ros2_ws/build/calibration/install.log --single-version-externally-managed install_data
[4.065s] running egg_info
[4.116s] writing ../../build/calibration/calibration.egg-info/PKG-INFO
[4.117s] writing dependency_links to ../../build/calibration/calibration.egg-info/dependency_links.txt
[4.124s] writing entry points to ../../build/calibration/calibration.egg-info/entry_points.txt
[4.125s] writing requirements to ../../build/calibration/calibration.egg-info/requires.txt
[4.125s] writing top-level names to ../../build/calibration/calibration.egg-info/top_level.txt
[4.244s] reading manifest file '../../build/calibration/calibration.egg-info/SOURCES.txt'
[4.245s] writing manifest file '../../build/calibration/calibration.egg-info/SOURCES.txt'
[4.245s] running build
[4.246s] running build_py
[4.247s] running install
[4.265s] running install_lib
[4.318s] running install_data
[4.319s] running install_egg_info
[4.363s] removing '/home/ro01/workspace/ros2_ws/install/calibration/lib/python3.12/site-packages/calibration-0.0.0-py3.12.egg-info' (and everything under it)
[4.365s] Copying ../../build/calibration/calibration.egg-info to /home/ro01/workspace/ros2_ws/install/calibration/lib/python3.12/site-packages/calibration-0.0.0-py3.12.egg-info
[4.366s] running install_scripts
[4.885s] Installing calibrate_angular script to /home/ro01/workspace/ros2_ws/install/calibration/lib/calibration
[4.888s] Installing calibrate_linear script to /home/ro01/workspace/ros2_ws/install/calibration/lib/calibration
[4.895s] writing list of installed files to '/home/ro01/workspace/ros2_ws/build/calibration/install.log'
[5.736s] Invoked command in '/home/ro01/workspace/ros2_ws/src/calibration' returned '0': DEBUGINFOD_URLS=https://debuginfod.ubuntu.com PYTHONPATH=/home/ro01/workspace/ros2_ws/build/calibration/prefix_override:/usr/lib/python3/dist-packages/colcon_core/task/python/colcon_distutils_commands:/home/ro01/workspace/ros2_ws/install/calibration/lib/python3.12/site-packages:${PYTHONPATH} /usr/bin/python3 -W ignore:setup.py install is deprecated -W ignore:easy_install command is deprecated setup.py egg_info --egg-base ../../build/calibration build --build-base /home/ro01/workspace/ros2_ws/build/calibration/build install --record /home/ro01/workspace/ros2_ws/build/calibration/install.log --single-version-externally-managed install_data
