[0.015s] Invoking command in '/home/ro01/workspace/ros2_ws/build/orchestrator_launch': CMAKE_PREFIX_PATH=${CMAKE_PREFIX_PATH}:/home/ro01/workspace/ros2_ws/install/sdk:/home/ro01/workspace/ros2_ws/install/ros_robot_controller:/home/ro01/workspace/ros2_ws/install/peripherals:/home/ro01/workspace/ros2_ws/install/mentorpi_description:/home/ro01/workspace/ros2_ws/install/controller:/home/ro01/workspace/ros2_ws/install/calibration:/opt/ros/jazzy DEBUGINFOD_URLS=https://debuginfod.ubuntu.com /usr/bin/cmake /home/ro01/workspace/ros2_ws/src/orchestrator_launch -DCMAKE_INSTALL_PREFIX=/home/ro01/workspace/ros2_ws/install/orchestrator_launch
[0.544s] -- The C compiler identification is GNU 13.3.0
[0.958s] -- The CXX compiler identification is GNU 13.3.0
[1.019s] -- Detecting C compiler ABI info
[1.339s] -- Detecting C compiler ABI info - done
[1.357s] -- Check for working C compiler: /usr/bin/cc - skipped
[1.358s] -- Detecting C compile features
[1.362s] -- Detecting C compile features - done
[1.386s] -- Detecting CXX compiler ABI info
[1.644s] -- Detecting CXX compiler ABI info - done
[1.660s] -- Check for working CXX compiler: /usr/bin/c++ - skipped
[1.660s] -- Detecting CXX compile features
[1.661s] -- Detecting CXX compile features - done
[1.682s] -- Found ament_cmake: 2.5.2 (/opt/ros/jazzy/share/ament_cmake/cmake)
[2.097s] -- Found Python3: /usr/bin/python3 (found version "3.12.3") found components: Interpreter 
[2.545s] -- Found ament_lint_auto: 0.17.1 (/opt/ros/jazzy/share/ament_lint_auto/cmake)
[3.068s] -- Added test 'flake8' to check Python code syntax and style conventions
[3.068s] -- Configured 'flake8' exclude dirs and/or files: 
[3.075s] -- Added test 'lint_cmake' to check CMake code style
[3.077s] -- Added test 'pep257' to check Python code against some of the docstring style conventions in PEP 257
[3.088s] -- Added test 'xmllint' to check XML markup files
[3.095s] -- Configuring done (3.0s)
[3.113s] -- Generating done (0.0s)
[3.121s] -- Build files have been written to: /home/ro01/workspace/ros2_ws/build/orchestrator_launch
[3.146s] Invoked command in '/home/ro01/workspace/ros2_ws/build/orchestrator_launch' returned '0': CMAKE_PREFIX_PATH=${CMAKE_PREFIX_PATH}:/home/ro01/workspace/ros2_ws/install/sdk:/home/ro01/workspace/ros2_ws/install/ros_robot_controller:/home/ro01/workspace/ros2_ws/install/peripherals:/home/ro01/workspace/ros2_ws/install/mentorpi_description:/home/ro01/workspace/ros2_ws/install/controller:/home/ro01/workspace/ros2_ws/install/calibration:/opt/ros/jazzy DEBUGINFOD_URLS=https://debuginfod.ubuntu.com /usr/bin/cmake /home/ro01/workspace/ros2_ws/src/orchestrator_launch -DCMAKE_INSTALL_PREFIX=/home/ro01/workspace/ros2_ws/install/orchestrator_launch
[3.152s] Invoking command in '/home/ro01/workspace/ros2_ws/build/orchestrator_launch': CMAKE_PREFIX_PATH=${CMAKE_PREFIX_PATH}:/home/ro01/workspace/ros2_ws/install/sdk:/home/ro01/workspace/ros2_ws/install/ros_robot_controller:/home/ro01/workspace/ros2_ws/install/peripherals:/home/ro01/workspace/ros2_ws/install/mentorpi_description:/home/ro01/workspace/ros2_ws/install/controller:/home/ro01/workspace/ros2_ws/install/calibration:/opt/ros/jazzy DEBUGINFOD_URLS=https://debuginfod.ubuntu.com /usr/bin/cmake --build /home/ro01/workspace/ros2_ws/build/orchestrator_launch -- -j4 -l4
[3.394s] Invoked command in '/home/ro01/workspace/ros2_ws/build/orchestrator_launch' returned '0': CMAKE_PREFIX_PATH=${CMAKE_PREFIX_PATH}:/home/ro01/workspace/ros2_ws/install/sdk:/home/ro01/workspace/ros2_ws/install/ros_robot_controller:/home/ro01/workspace/ros2_ws/install/peripherals:/home/ro01/workspace/ros2_ws/install/mentorpi_description:/home/ro01/workspace/ros2_ws/install/controller:/home/ro01/workspace/ros2_ws/install/calibration:/opt/ros/jazzy DEBUGINFOD_URLS=https://debuginfod.ubuntu.com /usr/bin/cmake --build /home/ro01/workspace/ros2_ws/build/orchestrator_launch -- -j4 -l4
[3.395s] Invoking command in '/home/ro01/workspace/ros2_ws/build/orchestrator_launch': CMAKE_PREFIX_PATH=${CMAKE_PREFIX_PATH}:/home/ro01/workspace/ros2_ws/install/sdk:/home/ro01/workspace/ros2_ws/install/ros_robot_controller:/home/ro01/workspace/ros2_ws/install/peripherals:/home/ro01/workspace/ros2_ws/install/mentorpi_description:/home/ro01/workspace/ros2_ws/install/controller:/home/ro01/workspace/ros2_ws/install/calibration:/opt/ros/jazzy DEBUGINFOD_URLS=https://debuginfod.ubuntu.com /usr/bin/cmake --install /home/ro01/workspace/ros2_ws/build/orchestrator_launch
[3.434s] -- Install configuration: ""
[3.434s] -- Installing: /home/ro01/workspace/ros2_ws/install/orchestrator_launch/share/ament_index/resource_index/package_run_dependencies/orchestrator_launch
[3.435s] -- Installing: /home/ro01/workspace/ros2_ws/install/orchestrator_launch/share/ament_index/resource_index/parent_prefix_path/orchestrator_launch
[3.435s] -- Installing: /home/ro01/workspace/ros2_ws/install/orchestrator_launch/share/orchestrator_launch/environment/ament_prefix_path.sh
[3.435s] -- Installing: /home/ro01/workspace/ros2_ws/install/orchestrator_launch/share/orchestrator_launch/environment/ament_prefix_path.dsv
[3.435s] -- Installing: /home/ro01/workspace/ros2_ws/install/orchestrator_launch/share/orchestrator_launch/environment/path.sh
[3.435s] -- Installing: /home/ro01/workspace/ros2_ws/install/orchestrator_launch/share/orchestrator_launch/environment/path.dsv
[3.436s] -- Installing: /home/ro01/workspace/ros2_ws/install/orchestrator_launch/share/orchestrator_launch/local_setup.bash
[3.437s] -- Installing: /home/ro01/workspace/ros2_ws/install/orchestrator_launch/share/orchestrator_launch/local_setup.sh
[3.438s] -- Installing: /home/ro01/workspace/ros2_ws/install/orchestrator_launch/share/orchestrator_launch/local_setup.zsh
[3.441s] -- Installing: /home/ro01/workspace/ros2_ws/install/orchestrator_launch/share/orchestrator_launch/local_setup.dsv
[3.441s] -- Installing: /home/ro01/workspace/ros2_ws/install/orchestrator_launch/share/orchestrator_launch/package.dsv
[3.441s] -- Installing: /home/ro01/workspace/ros2_ws/install/orchestrator_launch/share/ament_index/resource_index/packages/orchestrator_launch
[3.442s] -- Installing: /home/ro01/workspace/ros2_ws/install/orchestrator_launch/share/orchestrator_launch/cmake/orchestrator_launchConfig.cmake
[3.442s] -- Installing: /home/ro01/workspace/ros2_ws/install/orchestrator_launch/share/orchestrator_launch/cmake/orchestrator_launchConfig-version.cmake
[3.442s] -- Installing: /home/ro01/workspace/ros2_ws/install/orchestrator_launch/share/orchestrator_launch/package.xml
[3.444s] Invoked command in '/home/ro01/workspace/ros2_ws/build/orchestrator_launch' returned '0': CMAKE_PREFIX_PATH=${CMAKE_PREFIX_PATH}:/home/ro01/workspace/ros2_ws/install/sdk:/home/ro01/workspace/ros2_ws/install/ros_robot_controller:/home/ro01/workspace/ros2_ws/install/peripherals:/home/ro01/workspace/ros2_ws/install/mentorpi_description:/home/ro01/workspace/ros2_ws/install/controller:/home/ro01/workspace/ros2_ws/install/calibration:/opt/ros/jazzy DEBUGINFOD_URLS=https://debuginfod.ubuntu.com /usr/bin/cmake --install /home/ro01/workspace/ros2_ws/build/orchestrator_launch
