running egg_info
creating ../../build/peripherals/peripherals.egg-info
writing ../../build/peripherals/peripherals.egg-info/PKG-INFO
writing dependency_links to ../../build/peripherals/peripherals.egg-info/dependency_links.txt
writing entry points to ../../build/peripherals/peripherals.egg-info/entry_points.txt
writing requirements to ../../build/peripherals/peripherals.egg-info/requires.txt
writing top-level names to ../../build/peripherals/peripherals.egg-info/top_level.txt
writing manifest file '../../build/peripherals/peripherals.egg-info/SOURCES.txt'
reading manifest file '../../build/peripherals/peripherals.egg-info/SOURCES.txt'
writing manifest file '../../build/peripherals/peripherals.egg-info/SOURCES.txt'
running build
running build_py
creating /home/ro01/workspace/ros2_ws/build/peripherals/build
creating /home/ro01/workspace/ros2_ws/build/peripherals/build/lib
creating /home/ro01/workspace/ros2_ws/build/peripherals/build/lib/peripherals
copying peripherals/__init__.py -> /home/ro01/workspace/ros2_ws/build/peripherals/build/lib/peripherals
copying peripherals/demo.py -> /home/ro01/workspace/ros2_ws/build/peripherals/build/lib/peripherals
copying peripherals/tf_broadcaster_imu.py -> /home/ro01/workspace/ros2_ws/build/peripherals/build/lib/peripherals
copying peripherals/teleop_key_control.py -> /home/ro01/workspace/ros2_ws/build/peripherals/build/lib/peripherals
copying peripherals/joystick_control.py -> /home/ro01/workspace/ros2_ws/build/peripherals/build/lib/peripherals
running install
running install_lib
creating /home/ro01/workspace/ros2_ws/install/peripherals/lib/python3.12/site-packages/peripherals
copying /home/ro01/workspace/ros2_ws/build/peripherals/build/lib/peripherals/__init__.py -> /home/ro01/workspace/ros2_ws/install/peripherals/lib/python3.12/site-packages/peripherals
copying /home/ro01/workspace/ros2_ws/build/peripherals/build/lib/peripherals/demo.py -> /home/ro01/workspace/ros2_ws/install/peripherals/lib/python3.12/site-packages/peripherals
copying /home/ro01/workspace/ros2_ws/build/peripherals/build/lib/peripherals/tf_broadcaster_imu.py -> /home/ro01/workspace/ros2_ws/install/peripherals/lib/python3.12/site-packages/peripherals
copying /home/ro01/workspace/ros2_ws/build/peripherals/build/lib/peripherals/teleop_key_control.py -> /home/ro01/workspace/ros2_ws/install/peripherals/lib/python3.12/site-packages/peripherals
copying /home/ro01/workspace/ros2_ws/build/peripherals/build/lib/peripherals/joystick_control.py -> /home/ro01/workspace/ros2_ws/install/peripherals/lib/python3.12/site-packages/peripherals
byte-compiling /home/ro01/workspace/ros2_ws/install/peripherals/lib/python3.12/site-packages/peripherals/__init__.py to __init__.cpython-312.pyc
byte-compiling /home/ro01/workspace/ros2_ws/install/peripherals/lib/python3.12/site-packages/peripherals/demo.py to demo.cpython-312.pyc
byte-compiling /home/ro01/workspace/ros2_ws/install/peripherals/lib/python3.12/site-packages/peripherals/tf_broadcaster_imu.py to tf_broadcaster_imu.cpython-312.pyc
byte-compiling /home/ro01/workspace/ros2_ws/install/peripherals/lib/python3.12/site-packages/peripherals/teleop_key_control.py to teleop_key_control.cpython-312.pyc
byte-compiling /home/ro01/workspace/ros2_ws/install/peripherals/lib/python3.12/site-packages/peripherals/joystick_control.py to joystick_control.cpython-312.pyc
running install_data
creating /home/ro01/workspace/ros2_ws/install/peripherals/share/ament_index
creating /home/ro01/workspace/ros2_ws/install/peripherals/share/ament_index/resource_index
creating /home/ro01/workspace/ros2_ws/install/peripherals/share/ament_index/resource_index/packages
copying resource/peripherals -> /home/ro01/workspace/ros2_ws/install/peripherals/share/ament_index/resource_index/packages
copying package.xml -> /home/ro01/workspace/ros2_ws/install/peripherals/share/peripherals
creating /home/ro01/workspace/ros2_ws/install/peripherals/share/peripherals/launch
copying launch/imu_view.launch.py -> /home/ro01/workspace/ros2_ws/install/peripherals/share/peripherals/launch
copying launch/lidar_view.launch.py -> /home/ro01/workspace/ros2_ws/install/peripherals/share/peripherals/launch
copying launch/depth_camera.launch.py -> /home/ro01/workspace/ros2_ws/install/peripherals/share/peripherals/launch
copying launch/teleop_key_control.launch.py -> /home/ro01/workspace/ros2_ws/install/peripherals/share/peripherals/launch
copying launch/lidar.launch.py -> /home/ro01/workspace/ros2_ws/install/peripherals/share/peripherals/launch
copying launch/joystick_control.launch.py -> /home/ro01/workspace/ros2_ws/install/peripherals/share/peripherals/launch
copying launch/usb_cam.launch.py -> /home/ro01/workspace/ros2_ws/install/peripherals/share/peripherals/launch
copying launch/imu_filter.launch.py -> /home/ro01/workspace/ros2_ws/install/peripherals/share/peripherals/launch
creating /home/ro01/workspace/ros2_ws/install/peripherals/share/peripherals/launch/include
copying launch/include/ydlidar_g4.launch.py -> /home/ro01/workspace/ros2_ws/install/peripherals/share/peripherals/launch/include
copying launch/include/hp60c_cp.launch.py -> /home/ro01/workspace/ros2_ws/install/peripherals/share/peripherals/launch/include
copying launch/include/ldlidar_LD19.launch.py -> /home/ro01/workspace/ros2_ws/install/peripherals/share/peripherals/launch/include
copying launch/include/hp60c.launch.py -> /home/ro01/workspace/ros2_ws/install/peripherals/share/peripherals/launch/include
copying launch/include/sllidar_a1.launch.py -> /home/ro01/workspace/ros2_ws/install/peripherals/share/peripherals/launch/include
copying launch/include/ascamera.launch.py -> /home/ro01/workspace/ros2_ws/install/peripherals/share/peripherals/launch/include
creating /home/ro01/workspace/ros2_ws/install/peripherals/share/peripherals/config
copying config/lidar_filters_config_ld14p.yaml -> /home/ro01/workspace/ros2_ws/install/peripherals/share/peripherals/config
copying config/lidar_filters_config_a1.yaml -> /home/ro01/workspace/ros2_ws/install/peripherals/share/peripherals/config
copying config/camera_info.yaml -> /home/ro01/workspace/ros2_ws/install/peripherals/share/peripherals/config
copying config/usb_cam_param.yaml -> /home/ro01/workspace/ros2_ws/install/peripherals/share/peripherals/config
copying config/lidar_filters_config_ld19.yaml -> /home/ro01/workspace/ros2_ws/install/peripherals/share/peripherals/config
copying config/lidar_filters_config_g4.yaml -> /home/ro01/workspace/ros2_ws/install/peripherals/share/peripherals/config
creating /home/ro01/workspace/ros2_ws/install/peripherals/share/peripherals/rviz
copying rviz/imu_view.rviz -> /home/ro01/workspace/ros2_ws/install/peripherals/share/peripherals/rviz
copying rviz/lidar_view.rviz -> /home/ro01/workspace/ros2_ws/install/peripherals/share/peripherals/rviz
running install_egg_info
Copying ../../build/peripherals/peripherals.egg-info to /home/ro01/workspace/ros2_ws/install/peripherals/lib/python3.12/site-packages/peripherals-0.0.0-py3.12.egg-info
running install_scripts
Installing joystick_control script to /home/ro01/workspace/ros2_ws/install/peripherals/lib/peripherals
Installing teleop_key_control script to /home/ro01/workspace/ros2_ws/install/peripherals/lib/peripherals
Installing tf_broadcaster_imu script to /home/ro01/workspace/ros2_ws/install/peripherals/lib/peripherals
writing list of installed files to '/home/ro01/workspace/ros2_ws/build/peripherals/install.log'
