[2.037s] Invoking command in '/home/ro01/workspace/ros2_ws/src/peripherals': DEBUGINFOD_URLS=https://debuginfod.ubuntu.com PYTHONPATH=/home/ro01/workspace/ros2_ws/build/peripherals/prefix_override:/usr/lib/python3/dist-packages/colcon_core/task/python/colcon_distutils_commands:/home/ro01/workspace/ros2_ws/install/peripherals/lib/python3.12/site-packages:${PYTHONPATH} /usr/bin/python3 -W ignore:setup.py install is deprecated -W ignore:easy_install command is deprecated setup.py egg_info --egg-base ../../build/peripherals build --build-base /home/ro01/workspace/ros2_ws/build/peripherals/build install --record /home/ro01/workspace/ros2_ws/build/peripherals/install.log --single-version-externally-managed install_data
[2.912s] running egg_info
[2.912s] creating ../../build/peripherals/peripherals.egg-info
[3.041s] writing ../../build/peripherals/peripherals.egg-info/PKG-INFO
[3.041s] writing dependency_links to ../../build/peripherals/peripherals.egg-info/dependency_links.txt
[3.046s] writing entry points to ../../build/peripherals/peripherals.egg-info/entry_points.txt
[3.046s] writing requirements to ../../build/peripherals/peripherals.egg-info/requires.txt
[3.046s] writing top-level names to ../../build/peripherals/peripherals.egg-info/top_level.txt
[3.046s] writing manifest file '../../build/peripherals/peripherals.egg-info/SOURCES.txt'
[3.242s] reading manifest file '../../build/peripherals/peripherals.egg-info/SOURCES.txt'
[3.248s] writing manifest file '../../build/peripherals/peripherals.egg-info/SOURCES.txt'
[3.248s] running build
[3.248s] running build_py
[3.249s] creating /home/ro01/workspace/ros2_ws/build/peripherals/build
[3.250s] creating /home/ro01/workspace/ros2_ws/build/peripherals/build/lib
[3.254s] creating /home/ro01/workspace/ros2_ws/build/peripherals/build/lib/peripherals
[3.254s] copying peripherals/__init__.py -> /home/ro01/workspace/ros2_ws/build/peripherals/build/lib/peripherals
[3.254s] copying peripherals/demo.py -> /home/ro01/workspace/ros2_ws/build/peripherals/build/lib/peripherals
[3.255s] copying peripherals/tf_broadcaster_imu.py -> /home/ro01/workspace/ros2_ws/build/peripherals/build/lib/peripherals
[3.259s] copying peripherals/teleop_key_control.py -> /home/ro01/workspace/ros2_ws/build/peripherals/build/lib/peripherals
[3.261s] copying peripherals/joystick_control.py -> /home/ro01/workspace/ros2_ws/build/peripherals/build/lib/peripherals
[3.262s] running install
[3.290s] running install_lib
[3.393s] creating /home/ro01/workspace/ros2_ws/install/peripherals/lib/python3.12/site-packages/peripherals
[3.394s] copying /home/ro01/workspace/ros2_ws/build/peripherals/build/lib/peripherals/__init__.py -> /home/ro01/workspace/ros2_ws/install/peripherals/lib/python3.12/site-packages/peripherals
[3.401s] copying /home/ro01/workspace/ros2_ws/build/peripherals/build/lib/peripherals/demo.py -> /home/ro01/workspace/ros2_ws/install/peripherals/lib/python3.12/site-packages/peripherals
[3.401s] copying /home/ro01/workspace/ros2_ws/build/peripherals/build/lib/peripherals/tf_broadcaster_imu.py -> /home/ro01/workspace/ros2_ws/install/peripherals/lib/python3.12/site-packages/peripherals
[3.401s] copying /home/ro01/workspace/ros2_ws/build/peripherals/build/lib/peripherals/teleop_key_control.py -> /home/ro01/workspace/ros2_ws/install/peripherals/lib/python3.12/site-packages/peripherals
[3.401s] copying /home/ro01/workspace/ros2_ws/build/peripherals/build/lib/peripherals/joystick_control.py -> /home/ro01/workspace/ros2_ws/install/peripherals/lib/python3.12/site-packages/peripherals
[3.401s] byte-compiling /home/ro01/workspace/ros2_ws/install/peripherals/lib/python3.12/site-packages/peripherals/__init__.py to __init__.cpython-312.pyc
[3.403s] byte-compiling /home/ro01/workspace/ros2_ws/install/peripherals/lib/python3.12/site-packages/peripherals/demo.py to demo.cpython-312.pyc
[3.408s] byte-compiling /home/ro01/workspace/ros2_ws/install/peripherals/lib/python3.12/site-packages/peripherals/tf_broadcaster_imu.py to tf_broadcaster_imu.cpython-312.pyc
[3.415s] byte-compiling /home/ro01/workspace/ros2_ws/install/peripherals/lib/python3.12/site-packages/peripherals/teleop_key_control.py to teleop_key_control.cpython-312.pyc
[3.418s] byte-compiling /home/ro01/workspace/ros2_ws/install/peripherals/lib/python3.12/site-packages/peripherals/joystick_control.py to joystick_control.cpython-312.pyc
[3.429s] running install_data
[3.429s] creating /home/ro01/workspace/ros2_ws/install/peripherals/share/ament_index
[3.430s] creating /home/ro01/workspace/ros2_ws/install/peripherals/share/ament_index/resource_index
[3.431s] creating /home/ro01/workspace/ros2_ws/install/peripherals/share/ament_index/resource_index/packages
[3.431s] copying resource/peripherals -> /home/ro01/workspace/ros2_ws/install/peripherals/share/ament_index/resource_index/packages
[3.438s] copying package.xml -> /home/ro01/workspace/ros2_ws/install/peripherals/share/peripherals
[3.438s] creating /home/ro01/workspace/ros2_ws/install/peripherals/share/peripherals/launch
[3.438s] copying launch/imu_view.launch.py -> /home/ro01/workspace/ros2_ws/install/peripherals/share/peripherals/launch
[3.439s] copying launch/lidar_view.launch.py -> /home/ro01/workspace/ros2_ws/install/peripherals/share/peripherals/launch
[3.439s] copying launch/depth_camera.launch.py -> /home/ro01/workspace/ros2_ws/install/peripherals/share/peripherals/launch
[3.440s] copying launch/teleop_key_control.launch.py -> /home/ro01/workspace/ros2_ws/install/peripherals/share/peripherals/launch
[3.440s] copying launch/lidar.launch.py -> /home/ro01/workspace/ros2_ws/install/peripherals/share/peripherals/launch
[3.446s] copying launch/joystick_control.launch.py -> /home/ro01/workspace/ros2_ws/install/peripherals/share/peripherals/launch
[3.446s] copying launch/usb_cam.launch.py -> /home/ro01/workspace/ros2_ws/install/peripherals/share/peripherals/launch
[3.446s] copying launch/imu_filter.launch.py -> /home/ro01/workspace/ros2_ws/install/peripherals/share/peripherals/launch
[3.447s] creating /home/ro01/workspace/ros2_ws/install/peripherals/share/peripherals/launch/include
[3.447s] copying launch/include/ydlidar_g4.launch.py -> /home/ro01/workspace/ros2_ws/install/peripherals/share/peripherals/launch/include
[3.454s] copying launch/include/hp60c_cp.launch.py -> /home/ro01/workspace/ros2_ws/install/peripherals/share/peripherals/launch/include
[3.457s] copying launch/include/ldlidar_LD19.launch.py -> /home/ro01/workspace/ros2_ws/install/peripherals/share/peripherals/launch/include
[3.460s] copying launch/include/hp60c.launch.py -> /home/ro01/workspace/ros2_ws/install/peripherals/share/peripherals/launch/include
[3.464s] copying launch/include/sllidar_a1.launch.py -> /home/ro01/workspace/ros2_ws/install/peripherals/share/peripherals/launch/include
[3.465s] copying launch/include/ascamera.launch.py -> /home/ro01/workspace/ros2_ws/install/peripherals/share/peripherals/launch/include
[3.466s] creating /home/ro01/workspace/ros2_ws/install/peripherals/share/peripherals/config
[3.467s] copying config/lidar_filters_config_ld14p.yaml -> /home/ro01/workspace/ros2_ws/install/peripherals/share/peripherals/config
[3.471s] copying config/lidar_filters_config_a1.yaml -> /home/ro01/workspace/ros2_ws/install/peripherals/share/peripherals/config
[3.472s] copying config/camera_info.yaml -> /home/ro01/workspace/ros2_ws/install/peripherals/share/peripherals/config
[3.473s] copying config/usb_cam_param.yaml -> /home/ro01/workspace/ros2_ws/install/peripherals/share/peripherals/config
[3.474s] copying config/lidar_filters_config_ld19.yaml -> /home/ro01/workspace/ros2_ws/install/peripherals/share/peripherals/config
[3.475s] copying config/lidar_filters_config_g4.yaml -> /home/ro01/workspace/ros2_ws/install/peripherals/share/peripherals/config
[3.479s] creating /home/ro01/workspace/ros2_ws/install/peripherals/share/peripherals/rviz
[3.480s] copying rviz/imu_view.rviz -> /home/ro01/workspace/ros2_ws/install/peripherals/share/peripherals/rviz
[3.481s] copying rviz/lidar_view.rviz -> /home/ro01/workspace/ros2_ws/install/peripherals/share/peripherals/rviz
[3.487s] running install_egg_info
[3.592s] Copying ../../build/peripherals/peripherals.egg-info to /home/ro01/workspace/ros2_ws/install/peripherals/lib/python3.12/site-packages/peripherals-0.0.0-py3.12.egg-info
[3.599s] running install_scripts
[3.986s] Installing joystick_control script to /home/ro01/workspace/ros2_ws/install/peripherals/lib/peripherals
[3.987s] Installing teleop_key_control script to /home/ro01/workspace/ros2_ws/install/peripherals/lib/peripherals
[3.988s] Installing tf_broadcaster_imu script to /home/ro01/workspace/ros2_ws/install/peripherals/lib/peripherals
[3.988s] writing list of installed files to '/home/ro01/workspace/ros2_ws/build/peripherals/install.log'
[4.135s] Invoked command in '/home/ro01/workspace/ros2_ws/src/peripherals' returned '0': DEBUGINFOD_URLS=https://debuginfod.ubuntu.com PYTHONPATH=/home/ro01/workspace/ros2_ws/build/peripherals/prefix_override:/usr/lib/python3/dist-packages/colcon_core/task/python/colcon_distutils_commands:/home/ro01/workspace/ros2_ws/install/peripherals/lib/python3.12/site-packages:${PYTHONPATH} /usr/bin/python3 -W ignore:setup.py install is deprecated -W ignore:easy_install command is deprecated setup.py egg_info --egg-base ../../build/peripherals build --build-base /home/ro01/workspace/ros2_ws/build/peripherals/build install --record /home/ro01/workspace/ros2_ws/build/peripherals/install.log --single-version-externally-managed install_data
