[4.734s] Invoking command in '/home/oli/Desktop/Oliver/Uni/MA/RepoTrajektorienfolgeregelung/MA-Trajektorienfolgeregelung/workspace/ros2_ws/src/peripherals': DEBUGINFOD_URLS=https://debuginfod.ubuntu.com PYTHONPATH=/home/oli/Desktop/Oliver/Uni/MA/RepoTrajektorienfolgeregelung/MA-Trajektorienfolgeregelung/workspace/ros2_ws/build/peripherals/prefix_override:/usr/lib/python3/dist-packages/colcon_core/task/python/colcon_distutils_commands:/home/oli/Desktop/Oliver/Uni/MA/RepoTrajektorienfolgeregelung/MA-Trajektorienfolgeregelung/workspace/ros2_ws/install/peripherals/lib/python3.12/site-packages:${PYTHONPATH} /usr/bin/python3 -W ignore:setup.py install is deprecated -W ignore:easy_install command is deprecated setup.py egg_info --egg-base ../../build/peripherals build --build-base /home/oli/Desktop/Oliver/Uni/MA/RepoTrajektorienfolgeregelung/MA-Trajektorienfolgeregelung/workspace/ros2_ws/build/peripherals/build install --record /home/oli/Desktop/Oliver/Uni/MA/RepoTrajektorienfolgeregelung/MA-Trajektorienfolgeregelung/workspace/ros2_ws/build/peripherals/install.log --single-version-externally-managed install_data
[7.129s] running egg_info
[7.134s] creating ../../build/peripherals/peripherals.egg-info
[7.263s] writing ../../build/peripherals/peripherals.egg-info/PKG-INFO
[7.270s] writing dependency_links to ../../build/peripherals/peripherals.egg-info/dependency_links.txt
[7.270s] writing entry points to ../../build/peripherals/peripherals.egg-info/entry_points.txt
[7.271s] writing requirements to ../../build/peripherals/peripherals.egg-info/requires.txt
[7.274s] writing top-level names to ../../build/peripherals/peripherals.egg-info/top_level.txt
[7.275s] writing manifest file '../../build/peripherals/peripherals.egg-info/SOURCES.txt'
[7.655s] reading manifest file '../../build/peripherals/peripherals.egg-info/SOURCES.txt'
[7.673s] writing manifest file '../../build/peripherals/peripherals.egg-info/SOURCES.txt'
[7.674s] running build
[7.674s] running build_py
[7.674s] creating /home/oli/Desktop/Oliver/Uni/MA/RepoTrajektorienfolgeregelung/MA-Trajektorienfolgeregelung/workspace/ros2_ws/build/peripherals/build
[7.678s] creating /home/oli/Desktop/Oliver/Uni/MA/RepoTrajektorienfolgeregelung/MA-Trajektorienfolgeregelung/workspace/ros2_ws/build/peripherals/build/lib
[7.679s] creating /home/oli/Desktop/Oliver/Uni/MA/RepoTrajektorienfolgeregelung/MA-Trajektorienfolgeregelung/workspace/ros2_ws/build/peripherals/build/lib/peripherals
[7.679s] copying peripherals/joystick_control.py -> /home/oli/Desktop/Oliver/Uni/MA/RepoTrajektorienfolgeregelung/MA-Trajektorienfolgeregelung/workspace/ros2_ws/build/peripherals/build/lib/peripherals
[7.679s] copying peripherals/tf_broadcaster_imu.py -> /home/oli/Desktop/Oliver/Uni/MA/RepoTrajektorienfolgeregelung/MA-Trajektorienfolgeregelung/workspace/ros2_ws/build/peripherals/build/lib/peripherals
[7.680s] copying peripherals/__init__.py -> /home/oli/Desktop/Oliver/Uni/MA/RepoTrajektorienfolgeregelung/MA-Trajektorienfolgeregelung/workspace/ros2_ws/build/peripherals/build/lib/peripherals
[7.680s] copying peripherals/demo.py -> /home/oli/Desktop/Oliver/Uni/MA/RepoTrajektorienfolgeregelung/MA-Trajektorienfolgeregelung/workspace/ros2_ws/build/peripherals/build/lib/peripherals
[7.693s] copying peripherals/teleop_key_control.py -> /home/oli/Desktop/Oliver/Uni/MA/RepoTrajektorienfolgeregelung/MA-Trajektorienfolgeregelung/workspace/ros2_ws/build/peripherals/build/lib/peripherals
[7.693s] running install
[7.754s] running install_lib
[8.077s] creating /home/oli/Desktop/Oliver/Uni/MA/RepoTrajektorienfolgeregelung/MA-Trajektorienfolgeregelung/workspace/ros2_ws/install/peripherals/lib/python3.12/site-packages/peripherals
[8.078s] copying /home/oli/Desktop/Oliver/Uni/MA/RepoTrajektorienfolgeregelung/MA-Trajektorienfolgeregelung/workspace/ros2_ws/build/peripherals/build/lib/peripherals/joystick_control.py -> /home/oli/Desktop/Oliver/Uni/MA/RepoTrajektorienfolgeregelung/MA-Trajektorienfolgeregelung/workspace/ros2_ws/install/peripherals/lib/python3.12/site-packages/peripherals
[8.078s] copying /home/oli/Desktop/Oliver/Uni/MA/RepoTrajektorienfolgeregelung/MA-Trajektorienfolgeregelung/workspace/ros2_ws/build/peripherals/build/lib/peripherals/tf_broadcaster_imu.py -> /home/oli/Desktop/Oliver/Uni/MA/RepoTrajektorienfolgeregelung/MA-Trajektorienfolgeregelung/workspace/ros2_ws/install/peripherals/lib/python3.12/site-packages/peripherals
[8.079s] copying /home/oli/Desktop/Oliver/Uni/MA/RepoTrajektorienfolgeregelung/MA-Trajektorienfolgeregelung/workspace/ros2_ws/build/peripherals/build/lib/peripherals/__init__.py -> /home/oli/Desktop/Oliver/Uni/MA/RepoTrajektorienfolgeregelung/MA-Trajektorienfolgeregelung/workspace/ros2_ws/install/peripherals/lib/python3.12/site-packages/peripherals
[8.079s] copying /home/oli/Desktop/Oliver/Uni/MA/RepoTrajektorienfolgeregelung/MA-Trajektorienfolgeregelung/workspace/ros2_ws/build/peripherals/build/lib/peripherals/demo.py -> /home/oli/Desktop/Oliver/Uni/MA/RepoTrajektorienfolgeregelung/MA-Trajektorienfolgeregelung/workspace/ros2_ws/install/peripherals/lib/python3.12/site-packages/peripherals
[8.080s] copying /home/oli/Desktop/Oliver/Uni/MA/RepoTrajektorienfolgeregelung/MA-Trajektorienfolgeregelung/workspace/ros2_ws/build/peripherals/build/lib/peripherals/teleop_key_control.py -> /home/oli/Desktop/Oliver/Uni/MA/RepoTrajektorienfolgeregelung/MA-Trajektorienfolgeregelung/workspace/ros2_ws/install/peripherals/lib/python3.12/site-packages/peripherals
[8.092s] byte-compiling /home/oli/Desktop/Oliver/Uni/MA/RepoTrajektorienfolgeregelung/MA-Trajektorienfolgeregelung/workspace/ros2_ws/install/peripherals/lib/python3.12/site-packages/peripherals/joystick_control.py to joystick_control.cpython-312.pyc
[8.127s] byte-compiling /home/oli/Desktop/Oliver/Uni/MA/RepoTrajektorienfolgeregelung/MA-Trajektorienfolgeregelung/workspace/ros2_ws/install/peripherals/lib/python3.12/site-packages/peripherals/tf_broadcaster_imu.py to tf_broadcaster_imu.cpython-312.pyc
[8.132s] byte-compiling /home/oli/Desktop/Oliver/Uni/MA/RepoTrajektorienfolgeregelung/MA-Trajektorienfolgeregelung/workspace/ros2_ws/install/peripherals/lib/python3.12/site-packages/peripherals/__init__.py to __init__.cpython-312.pyc
[8.132s] byte-compiling /home/oli/Desktop/Oliver/Uni/MA/RepoTrajektorienfolgeregelung/MA-Trajektorienfolgeregelung/workspace/ros2_ws/install/peripherals/lib/python3.12/site-packages/peripherals/demo.py to demo.cpython-312.pyc
[8.143s] byte-compiling /home/oli/Desktop/Oliver/Uni/MA/RepoTrajektorienfolgeregelung/MA-Trajektorienfolgeregelung/workspace/ros2_ws/install/peripherals/lib/python3.12/site-packages/peripherals/teleop_key_control.py to teleop_key_control.cpython-312.pyc
[8.158s] running install_data
[8.159s] creating /home/oli/Desktop/Oliver/Uni/MA/RepoTrajektorienfolgeregelung/MA-Trajektorienfolgeregelung/workspace/ros2_ws/install/peripherals/share/ament_index
[8.159s] creating /home/oli/Desktop/Oliver/Uni/MA/RepoTrajektorienfolgeregelung/MA-Trajektorienfolgeregelung/workspace/ros2_ws/install/peripherals/share/ament_index/resource_index
[8.161s] creating /home/oli/Desktop/Oliver/Uni/MA/RepoTrajektorienfolgeregelung/MA-Trajektorienfolgeregelung/workspace/ros2_ws/install/peripherals/share/ament_index/resource_index/packages
[8.162s] copying resource/peripherals -> /home/oli/Desktop/Oliver/Uni/MA/RepoTrajektorienfolgeregelung/MA-Trajektorienfolgeregelung/workspace/ros2_ws/install/peripherals/share/ament_index/resource_index/packages
[8.165s] copying package.xml -> /home/oli/Desktop/Oliver/Uni/MA/RepoTrajektorienfolgeregelung/MA-Trajektorienfolgeregelung/workspace/ros2_ws/install/peripherals/share/peripherals
[8.167s] creating /home/oli/Desktop/Oliver/Uni/MA/RepoTrajektorienfolgeregelung/MA-Trajektorienfolgeregelung/workspace/ros2_ws/install/peripherals/share/peripherals/launch
[8.168s] copying launch/usb_cam.launch.py -> /home/oli/Desktop/Oliver/Uni/MA/RepoTrajektorienfolgeregelung/MA-Trajektorienfolgeregelung/workspace/ros2_ws/install/peripherals/share/peripherals/launch
[8.168s] copying launch/lidar_view.launch.py -> /home/oli/Desktop/Oliver/Uni/MA/RepoTrajektorienfolgeregelung/MA-Trajektorienfolgeregelung/workspace/ros2_ws/install/peripherals/share/peripherals/launch
[8.170s] copying launch/depth_camera.launch.py -> /home/oli/Desktop/Oliver/Uni/MA/RepoTrajektorienfolgeregelung/MA-Trajektorienfolgeregelung/workspace/ros2_ws/install/peripherals/share/peripherals/launch
[8.172s] copying launch/imu_filter.launch.py -> /home/oli/Desktop/Oliver/Uni/MA/RepoTrajektorienfolgeregelung/MA-Trajektorienfolgeregelung/workspace/ros2_ws/install/peripherals/share/peripherals/launch
[8.175s] copying launch/teleop_key_control.launch.py -> /home/oli/Desktop/Oliver/Uni/MA/RepoTrajektorienfolgeregelung/MA-Trajektorienfolgeregelung/workspace/ros2_ws/install/peripherals/share/peripherals/launch
[8.175s] copying launch/joystick_control.launch.py -> /home/oli/Desktop/Oliver/Uni/MA/RepoTrajektorienfolgeregelung/MA-Trajektorienfolgeregelung/workspace/ros2_ws/install/peripherals/share/peripherals/launch
[8.176s] copying launch/imu_view.launch.py -> /home/oli/Desktop/Oliver/Uni/MA/RepoTrajektorienfolgeregelung/MA-Trajektorienfolgeregelung/workspace/ros2_ws/install/peripherals/share/peripherals/launch
[8.182s] copying launch/lidar.launch.py -> /home/oli/Desktop/Oliver/Uni/MA/RepoTrajektorienfolgeregelung/MA-Trajektorienfolgeregelung/workspace/ros2_ws/install/peripherals/share/peripherals/launch
[8.184s] creating /home/oli/Desktop/Oliver/Uni/MA/RepoTrajektorienfolgeregelung/MA-Trajektorienfolgeregelung/workspace/ros2_ws/install/peripherals/share/peripherals/launch/include
[8.185s] copying launch/include/sllidar_a1.launch.py -> /home/oli/Desktop/Oliver/Uni/MA/RepoTrajektorienfolgeregelung/MA-Trajektorienfolgeregelung/workspace/ros2_ws/install/peripherals/share/peripherals/launch/include
[8.194s] copying launch/include/hp60c_cp.launch.py -> /home/oli/Desktop/Oliver/Uni/MA/RepoTrajektorienfolgeregelung/MA-Trajektorienfolgeregelung/workspace/ros2_ws/install/peripherals/share/peripherals/launch/include
[8.194s] copying launch/include/ydlidar_g4.launch.py -> /home/oli/Desktop/Oliver/Uni/MA/RepoTrajektorienfolgeregelung/MA-Trajektorienfolgeregelung/workspace/ros2_ws/install/peripherals/share/peripherals/launch/include
[8.194s] copying launch/include/hp60c.launch.py -> /home/oli/Desktop/Oliver/Uni/MA/RepoTrajektorienfolgeregelung/MA-Trajektorienfolgeregelung/workspace/ros2_ws/install/peripherals/share/peripherals/launch/include
[8.195s] copying launch/include/ascamera.launch.py -> /home/oli/Desktop/Oliver/Uni/MA/RepoTrajektorienfolgeregelung/MA-Trajektorienfolgeregelung/workspace/ros2_ws/install/peripherals/share/peripherals/launch/include
[8.195s] copying launch/include/ldlidar_LD19.launch.py -> /home/oli/Desktop/Oliver/Uni/MA/RepoTrajektorienfolgeregelung/MA-Trajektorienfolgeregelung/workspace/ros2_ws/install/peripherals/share/peripherals/launch/include
[8.195s] creating /home/oli/Desktop/Oliver/Uni/MA/RepoTrajektorienfolgeregelung/MA-Trajektorienfolgeregelung/workspace/ros2_ws/install/peripherals/share/peripherals/config
[8.202s] copying config/lidar_filters_config_a1.yaml -> /home/oli/Desktop/Oliver/Uni/MA/RepoTrajektorienfolgeregelung/MA-Trajektorienfolgeregelung/workspace/ros2_ws/install/peripherals/share/peripherals/config
[8.202s] copying config/usb_cam_param.yaml -> /home/oli/Desktop/Oliver/Uni/MA/RepoTrajektorienfolgeregelung/MA-Trajektorienfolgeregelung/workspace/ros2_ws/install/peripherals/share/peripherals/config
[8.202s] copying config/lidar_filters_config_ld19.yaml -> /home/oli/Desktop/Oliver/Uni/MA/RepoTrajektorienfolgeregelung/MA-Trajektorienfolgeregelung/workspace/ros2_ws/install/peripherals/share/peripherals/config
[8.203s] copying config/lidar_filters_config_g4.yaml -> /home/oli/Desktop/Oliver/Uni/MA/RepoTrajektorienfolgeregelung/MA-Trajektorienfolgeregelung/workspace/ros2_ws/install/peripherals/share/peripherals/config
[8.205s] copying config/lidar_filters_config_ld14p.yaml -> /home/oli/Desktop/Oliver/Uni/MA/RepoTrajektorienfolgeregelung/MA-Trajektorienfolgeregelung/workspace/ros2_ws/install/peripherals/share/peripherals/config
[8.207s] copying config/camera_info.yaml -> /home/oli/Desktop/Oliver/Uni/MA/RepoTrajektorienfolgeregelung/MA-Trajektorienfolgeregelung/workspace/ros2_ws/install/peripherals/share/peripherals/config
[8.208s] creating /home/oli/Desktop/Oliver/Uni/MA/RepoTrajektorienfolgeregelung/MA-Trajektorienfolgeregelung/workspace/ros2_ws/install/peripherals/share/peripherals/rviz
[8.208s] copying rviz/imu_view.rviz -> /home/oli/Desktop/Oliver/Uni/MA/RepoTrajektorienfolgeregelung/MA-Trajektorienfolgeregelung/workspace/ros2_ws/install/peripherals/share/peripherals/rviz
[8.210s] copying rviz/lidar_view.rviz -> /home/oli/Desktop/Oliver/Uni/MA/RepoTrajektorienfolgeregelung/MA-Trajektorienfolgeregelung/workspace/ros2_ws/install/peripherals/share/peripherals/rviz
[8.210s] running install_egg_info
[8.756s] Copying ../../build/peripherals/peripherals.egg-info to /home/oli/Desktop/Oliver/Uni/MA/RepoTrajektorienfolgeregelung/MA-Trajektorienfolgeregelung/workspace/ros2_ws/install/peripherals/lib/python3.12/site-packages/peripherals-0.0.0-py3.12.egg-info
[8.756s] running install_scripts
[10.394s] Installing joystick_control script to /home/oli/Desktop/Oliver/Uni/MA/RepoTrajektorienfolgeregelung/MA-Trajektorienfolgeregelung/workspace/ros2_ws/install/peripherals/lib/peripherals
[10.394s] Installing teleop_key_control script to /home/oli/Desktop/Oliver/Uni/MA/RepoTrajektorienfolgeregelung/MA-Trajektorienfolgeregelung/workspace/ros2_ws/install/peripherals/lib/peripherals
[10.395s] Installing tf_broadcaster_imu script to /home/oli/Desktop/Oliver/Uni/MA/RepoTrajektorienfolgeregelung/MA-Trajektorienfolgeregelung/workspace/ros2_ws/install/peripherals/lib/peripherals
[10.396s] writing list of installed files to '/home/oli/Desktop/Oliver/Uni/MA/RepoTrajektorienfolgeregelung/MA-Trajektorienfolgeregelung/workspace/ros2_ws/build/peripherals/install.log'
[11.212s] Invoked command in '/home/oli/Desktop/Oliver/Uni/MA/RepoTrajektorienfolgeregelung/MA-Trajektorienfolgeregelung/workspace/ros2_ws/src/peripherals' returned '0': DEBUGINFOD_URLS=https://debuginfod.ubuntu.com PYTHONPATH=/home/oli/Desktop/Oliver/Uni/MA/RepoTrajektorienfolgeregelung/MA-Trajektorienfolgeregelung/workspace/ros2_ws/build/peripherals/prefix_override:/usr/lib/python3/dist-packages/colcon_core/task/python/colcon_distutils_commands:/home/oli/Desktop/Oliver/Uni/MA/RepoTrajektorienfolgeregelung/MA-Trajektorienfolgeregelung/workspace/ros2_ws/install/peripherals/lib/python3.12/site-packages:${PYTHONPATH} /usr/bin/python3 -W ignore:setup.py install is deprecated -W ignore:easy_install command is deprecated setup.py egg_info --egg-base ../../build/peripherals build --build-base /home/oli/Desktop/Oliver/Uni/MA/RepoTrajektorienfolgeregelung/MA-Trajektorienfolgeregelung/workspace/ros2_ws/build/peripherals/build install --record /home/oli/Desktop/Oliver/Uni/MA/RepoTrajektorienfolgeregelung/MA-Trajektorienfolgeregelung/workspace/ros2_ws/build/peripherals/install.log --single-version-externally-managed install_data
