[0.074s] Invoking command in '/home/oli/Desktop/Oliver/Uni/MA/RepoTrajektorienfolgeregelung/MA-Trajektorienfolgeregelung/workspace/ros2_ws/build/ldlidar_node': AMENT_PREFIX_PATH=/home/oli/Desktop/Oliver/Uni/MA/RepoTrajektorienfolgeregelung/MA-Trajektorienfolgeregelung/workspace/ros2_ws/install/ldlidar_component:${AMENT_PREFIX_PATH} CMAKE_PREFIX_PATH=/home/oli/Desktop/Oliver/Uni/MA/RepoTrajektorienfolgeregelung/MA-Trajektorienfolgeregelung/workspace/ros2_ws/install/ldlidar_component:/home/oli/Desktop/Oliver/Uni/MA/GithubRepo/MA-HiWonder-MPC/workspace/ros2_ws/install/ros_robot_controller_msgs:/home/oli/Desktop/Oliver/Uni/MA/GithubRepo/MA-HiWonder-MPC/workspace/ros2_ws/install/orchestrator_launch:/home/oli/Desktop/Oliver/Uni/MA/GithubRepo/MA-HiWonder-MPC/workspace/ros2_ws/install/ldlidar_stl_ros2:/home/oli/Desktop/Oliver/Uni/MA/GithubRepo/MA-HiWonder-MPC/workspace/ros2_ws/install/ldlidar:/home/oli/Desktop/Oliver/Uni/MA/GithubRepo/MA-HiWonder-MPC/workspace/ros2_ws/install/ldlidar_node:/home/oli/Desktop/Oliver/Uni/MA/GithubRepo/MA-HiWonder-MPC/workspace/ros2_ws/install/ldlidar_component:/home/oli/Desktop/Oliver/Uni/MA/GithubRepo/MA-HiWonder-MPC/workspace/ros2_ws/install/imu_calib:/opt/ros/jazzy/opt/sdformat_vendor:/opt/ros/jazzy/opt/gz_math_vendor:/opt/ros/jazzy/opt/gz_utils_vendor:/opt/ros/jazzy/opt/gz_tools_vendor:/opt/ros/jazzy/opt/gz_cmake_vendor:/home/oli/Desktop/Oliver/Uni/MA/GithubRepo/MA-HiWonder-MPC/workspace/ros2_ws/install/sdk:/home/oli/Desktop/Oliver/Uni/MA/GithubRepo/MA-HiWonder-MPC/workspace/ros2_ws/install/ros_robot_controller:/home/oli/Desktop/Oliver/Uni/MA/GithubRepo/MA-HiWonder-MPC/workspace/ros2_ws/install/peripherals:/home/oli/Desktop/Oliver/Uni/MA/GithubRepo/MA-HiWonder-MPC/workspace/ros2_ws/install/mentorpi_description:/home/oli/Desktop/Oliver/Uni/MA/GithubRepo/MA-HiWonder-MPC/workspace/ros2_ws/install/controller:/home/oli/Desktop/Oliver/Uni/MA/GithubRepo/MA-HiWonder-MPC/workspace/ros2_ws/install/calibration:/home/oli/Desktop/Oliver/Uni/MA/GithubRepo/MA-HiWonder-MPC/workspace/ros2_ws/install/Trajektorienfolgeregelung:/opt/ros/jazzy DEBUGINFOD_URLS=https://debuginfod.ubuntu.com LD_LIBRARY_PATH=/home/oli/Desktop/Oliver/Uni/MA/RepoTrajektorienfolgeregelung/MA-Trajektorienfolgeregelung/workspace/ros2_ws/install/ldlidar_component/lib:${LD_LIBRARY_PATH} /usr/bin/cmake /home/oli/Desktop/Oliver/Uni/MA/RepoTrajektorienfolgeregelung/MA-Trajektorienfolgeregelung/workspace/ros2_ws/src/ldrobot-lidar-ros2/ldlidar_node -DCMAKE_INSTALL_PREFIX=/home/oli/Desktop/Oliver/Uni/MA/RepoTrajektorienfolgeregelung/MA-Trajektorienfolgeregelung/workspace/ros2_ws/install/ldlidar_node
[0.463s] -- The C compiler identification is GNU 13.3.0
[0.814s] -- The CXX compiler identification is GNU 13.3.0
[0.909s] -- Detecting C compiler ABI info
[1.524s] -- Detecting C compiler ABI info - done
[1.644s] -- Check for working C compiler: /usr/bin/cc - skipped
[1.644s] -- Detecting C compile features
[1.646s] -- Detecting C compile features - done
[1.683s] -- Detecting CXX compiler ABI info
[2.249s] -- Detecting CXX compiler ABI info - done
[2.350s] -- Check for working CXX compiler: /usr/bin/c++ - skipped
[2.355s] -- Detecting CXX compile features
[2.357s] -- Detecting CXX compile features - done
[2.360s] --  * Release Mode
[2.361s] -- * Found ROS2 jazzy
[2.361s] [33mCMake Warning at CMakeLists.txt:70 (message):
[2.362s]   ROS2 jazzy is not officially supported by this package.  Correct working is
[2.362s]   not guarantee.
[2.363s] 
[2.363s] [0m
[2.377s] -- Found ament_cmake: 2.5.3 (/opt/ros/jazzy/share/ament_cmake/cmake)
[3.562s] -- Found Python3: /usr/bin/python3 (found version "3.12.3") found components: Interpreter 
[4.224s] -- Found rclcpp: 28.1.6 (/opt/ros/jazzy/share/rclcpp/cmake)
[4.542s] -- Found rosidl_generator_c: 4.6.5 (/opt/ros/jazzy/share/rosidl_generator_c/cmake)
[4.617s] -- Found rosidl_generator_cpp: 4.6.5 (/opt/ros/jazzy/share/rosidl_generator_cpp/cmake)
[4.716s] -- Using all available rosidl_typesupport_c: rosidl_typesupport_fastrtps_c;rosidl_typesupport_introspection_c
[4.819s] -- Using all available rosidl_typesupport_cpp: rosidl_typesupport_fastrtps_cpp;rosidl_typesupport_introspection_cpp
[5.246s] -- Found rmw_implementation_cmake: 7.3.1 (/opt/ros/jazzy/share/rmw_implementation_cmake/cmake)
[5.266s] -- Found rmw_fastrtps_cpp: 8.4.1 (/opt/ros/jazzy/share/rmw_fastrtps_cpp/cmake)
[5.656s] -- Found OpenSSL: /usr/lib/x86_64-linux-gnu/libcrypto.so (found version "3.0.13")  
[5.813s] -- Found FastRTPS: /opt/ros/jazzy/include (Required is at least version "2.13") 
[6.027s] -- Using RMW implementation 'rmw_fastrtps_cpp' as default
[7.080s] -- Found rclcpp_components: 28.1.6 (/opt/ros/jazzy/share/rclcpp_components/cmake)
[7.230s] -- Found rclcpp_lifecycle: 28.1.6 (/opt/ros/jazzy/share/rclcpp_lifecycle/cmake)
[7.311s] -- Found ldlidar_component: 0.2.0 (/home/oli/Desktop/Oliver/Uni/MA/RepoTrajektorienfolgeregelung/MA-Trajektorienfolgeregelung/workspace/ros2_ws/install/ldlidar_component/share/ldlidar_component/cmake)
[9.692s] -- Found eigen3_cmake_module: 0.3.0 (/opt/ros/jazzy/share/eigen3_cmake_module/cmake)
[9.699s] -- Found Eigen3: TRUE (found version "3.4.0") 
[9.700s] -- Ensuring Eigen3 include directory is part of orocos-kdl CMake target
[10.459s] -- Found ament_lint_auto: 0.17.1 (/opt/ros/jazzy/share/ament_lint_auto/cmake)
[11.968s] -- Found python_cmake_module: 0.11.1 (/opt/ros/jazzy/share/python_cmake_module/cmake)
[12.944s] -- Found PythonExtra: /usr/bin/python3  
[12.971s] -- Added test 'copyright' to check source files copyright and LICENSE
[13.108s] -- Added test 'cppcheck' to perform static code analysis on C / C++ code
[13.109s] -- Configured cppcheck include dirs: 
[13.109s] -- Configured cppcheck exclude dirs and/or files: 
[13.221s] -- Added test 'cpplint' to check C / C++ code against the Google style
[13.221s] -- Configured cpplint exclude dirs and/or files: 
[13.241s] -- Added test 'flake8' to check Python code syntax and style conventions
[13.241s] -- Configured 'flake8' exclude dirs and/or files: 
[13.276s] -- Added test 'lint_cmake' to check CMake code style
[13.294s] -- Added test 'pep257' to check Python code against some of the docstring style conventions in PEP 257
[13.372s] -- Added test 'uncrustify' to check C / C++ code style
[13.373s] -- Configured uncrustify additional arguments: 
[13.383s] -- Added test 'xmllint' to check XML markup files
[13.397s] -- Configuring done (13.3s)
[13.764s] -- Generating done (0.3s)
[13.822s] -- Build files have been written to: /home/oli/Desktop/Oliver/Uni/MA/RepoTrajektorienfolgeregelung/MA-Trajektorienfolgeregelung/workspace/ros2_ws/build/ldlidar_node
[13.929s] Invoked command in '/home/oli/Desktop/Oliver/Uni/MA/RepoTrajektorienfolgeregelung/MA-Trajektorienfolgeregelung/workspace/ros2_ws/build/ldlidar_node' returned '0': AMENT_PREFIX_PATH=/home/oli/Desktop/Oliver/Uni/MA/RepoTrajektorienfolgeregelung/MA-Trajektorienfolgeregelung/workspace/ros2_ws/install/ldlidar_component:${AMENT_PREFIX_PATH} CMAKE_PREFIX_PATH=/home/oli/Desktop/Oliver/Uni/MA/RepoTrajektorienfolgeregelung/MA-Trajektorienfolgeregelung/workspace/ros2_ws/install/ldlidar_component:/home/oli/Desktop/Oliver/Uni/MA/GithubRepo/MA-HiWonder-MPC/workspace/ros2_ws/install/ros_robot_controller_msgs:/home/oli/Desktop/Oliver/Uni/MA/GithubRepo/MA-HiWonder-MPC/workspace/ros2_ws/install/orchestrator_launch:/home/oli/Desktop/Oliver/Uni/MA/GithubRepo/MA-HiWonder-MPC/workspace/ros2_ws/install/ldlidar_stl_ros2:/home/oli/Desktop/Oliver/Uni/MA/GithubRepo/MA-HiWonder-MPC/workspace/ros2_ws/install/ldlidar:/home/oli/Desktop/Oliver/Uni/MA/GithubRepo/MA-HiWonder-MPC/workspace/ros2_ws/install/ldlidar_node:/home/oli/Desktop/Oliver/Uni/MA/GithubRepo/MA-HiWonder-MPC/workspace/ros2_ws/install/ldlidar_component:/home/oli/Desktop/Oliver/Uni/MA/GithubRepo/MA-HiWonder-MPC/workspace/ros2_ws/install/imu_calib:/opt/ros/jazzy/opt/sdformat_vendor:/opt/ros/jazzy/opt/gz_math_vendor:/opt/ros/jazzy/opt/gz_utils_vendor:/opt/ros/jazzy/opt/gz_tools_vendor:/opt/ros/jazzy/opt/gz_cmake_vendor:/home/oli/Desktop/Oliver/Uni/MA/GithubRepo/MA-HiWonder-MPC/workspace/ros2_ws/install/sdk:/home/oli/Desktop/Oliver/Uni/MA/GithubRepo/MA-HiWonder-MPC/workspace/ros2_ws/install/ros_robot_controller:/home/oli/Desktop/Oliver/Uni/MA/GithubRepo/MA-HiWonder-MPC/workspace/ros2_ws/install/peripherals:/home/oli/Desktop/Oliver/Uni/MA/GithubRepo/MA-HiWonder-MPC/workspace/ros2_ws/install/mentorpi_description:/home/oli/Desktop/Oliver/Uni/MA/GithubRepo/MA-HiWonder-MPC/workspace/ros2_ws/install/controller:/home/oli/Desktop/Oliver/Uni/MA/GithubRepo/MA-HiWonder-MPC/workspace/ros2_ws/install/calibration:/home/oli/Desktop/Oliver/Uni/MA/GithubRepo/MA-HiWonder-MPC/workspace/ros2_ws/install/Trajektorienfolgeregelung:/opt/ros/jazzy DEBUGINFOD_URLS=https://debuginfod.ubuntu.com LD_LIBRARY_PATH=/home/oli/Desktop/Oliver/Uni/MA/RepoTrajektorienfolgeregelung/MA-Trajektorienfolgeregelung/workspace/ros2_ws/install/ldlidar_component/lib:${LD_LIBRARY_PATH} /usr/bin/cmake /home/oli/Desktop/Oliver/Uni/MA/RepoTrajektorienfolgeregelung/MA-Trajektorienfolgeregelung/workspace/ros2_ws/src/ldrobot-lidar-ros2/ldlidar_node -DCMAKE_INSTALL_PREFIX=/home/oli/Desktop/Oliver/Uni/MA/RepoTrajektorienfolgeregelung/MA-Trajektorienfolgeregelung/workspace/ros2_ws/install/ldlidar_node
[13.931s] Invoking command in '/home/oli/Desktop/Oliver/Uni/MA/RepoTrajektorienfolgeregelung/MA-Trajektorienfolgeregelung/workspace/ros2_ws/build/ldlidar_node': AMENT_PREFIX_PATH=/home/oli/Desktop/Oliver/Uni/MA/RepoTrajektorienfolgeregelung/MA-Trajektorienfolgeregelung/workspace/ros2_ws/install/ldlidar_component:${AMENT_PREFIX_PATH} CMAKE_PREFIX_PATH=/home/oli/Desktop/Oliver/Uni/MA/RepoTrajektorienfolgeregelung/MA-Trajektorienfolgeregelung/workspace/ros2_ws/install/ldlidar_component:/home/oli/Desktop/Oliver/Uni/MA/GithubRepo/MA-HiWonder-MPC/workspace/ros2_ws/install/ros_robot_controller_msgs:/home/oli/Desktop/Oliver/Uni/MA/GithubRepo/MA-HiWonder-MPC/workspace/ros2_ws/install/orchestrator_launch:/home/oli/Desktop/Oliver/Uni/MA/GithubRepo/MA-HiWonder-MPC/workspace/ros2_ws/install/ldlidar_stl_ros2:/home/oli/Desktop/Oliver/Uni/MA/GithubRepo/MA-HiWonder-MPC/workspace/ros2_ws/install/ldlidar:/home/oli/Desktop/Oliver/Uni/MA/GithubRepo/MA-HiWonder-MPC/workspace/ros2_ws/install/ldlidar_node:/home/oli/Desktop/Oliver/Uni/MA/GithubRepo/MA-HiWonder-MPC/workspace/ros2_ws/install/ldlidar_component:/home/oli/Desktop/Oliver/Uni/MA/GithubRepo/MA-HiWonder-MPC/workspace/ros2_ws/install/imu_calib:/opt/ros/jazzy/opt/sdformat_vendor:/opt/ros/jazzy/opt/gz_math_vendor:/opt/ros/jazzy/opt/gz_utils_vendor:/opt/ros/jazzy/opt/gz_tools_vendor:/opt/ros/jazzy/opt/gz_cmake_vendor:/home/oli/Desktop/Oliver/Uni/MA/GithubRepo/MA-HiWonder-MPC/workspace/ros2_ws/install/sdk:/home/oli/Desktop/Oliver/Uni/MA/GithubRepo/MA-HiWonder-MPC/workspace/ros2_ws/install/ros_robot_controller:/home/oli/Desktop/Oliver/Uni/MA/GithubRepo/MA-HiWonder-MPC/workspace/ros2_ws/install/peripherals:/home/oli/Desktop/Oliver/Uni/MA/GithubRepo/MA-HiWonder-MPC/workspace/ros2_ws/install/mentorpi_description:/home/oli/Desktop/Oliver/Uni/MA/GithubRepo/MA-HiWonder-MPC/workspace/ros2_ws/install/controller:/home/oli/Desktop/Oliver/Uni/MA/GithubRepo/MA-HiWonder-MPC/workspace/ros2_ws/install/calibration:/home/oli/Desktop/Oliver/Uni/MA/GithubRepo/MA-HiWonder-MPC/workspace/ros2_ws/install/Trajektorienfolgeregelung:/opt/ros/jazzy DEBUGINFOD_URLS=https://debuginfod.ubuntu.com LD_LIBRARY_PATH=/home/oli/Desktop/Oliver/Uni/MA/RepoTrajektorienfolgeregelung/MA-Trajektorienfolgeregelung/workspace/ros2_ws/install/ldlidar_component/lib:${LD_LIBRARY_PATH} /usr/bin/cmake --build /home/oli/Desktop/Oliver/Uni/MA/RepoTrajektorienfolgeregelung/MA-Trajektorienfolgeregelung/workspace/ros2_ws/build/ldlidar_node -- -j8 -l8
[14.279s] [ 50%] [32mBuilding CXX object CMakeFiles/ldlidar_node.dir/src/ldlidar_container_node.cpp.o[0m
[28.773s] [100%] [32m[1mLinking CXX executable ldlidar_node[0m
[29.261s] [100%] Built target ldlidar_node
[29.284s] Invoked command in '/home/oli/Desktop/Oliver/Uni/MA/RepoTrajektorienfolgeregelung/MA-Trajektorienfolgeregelung/workspace/ros2_ws/build/ldlidar_node' returned '0': AMENT_PREFIX_PATH=/home/oli/Desktop/Oliver/Uni/MA/RepoTrajektorienfolgeregelung/MA-Trajektorienfolgeregelung/workspace/ros2_ws/install/ldlidar_component:${AMENT_PREFIX_PATH} CMAKE_PREFIX_PATH=/home/oli/Desktop/Oliver/Uni/MA/RepoTrajektorienfolgeregelung/MA-Trajektorienfolgeregelung/workspace/ros2_ws/install/ldlidar_component:/home/oli/Desktop/Oliver/Uni/MA/GithubRepo/MA-HiWonder-MPC/workspace/ros2_ws/install/ros_robot_controller_msgs:/home/oli/Desktop/Oliver/Uni/MA/GithubRepo/MA-HiWonder-MPC/workspace/ros2_ws/install/orchestrator_launch:/home/oli/Desktop/Oliver/Uni/MA/GithubRepo/MA-HiWonder-MPC/workspace/ros2_ws/install/ldlidar_stl_ros2:/home/oli/Desktop/Oliver/Uni/MA/GithubRepo/MA-HiWonder-MPC/workspace/ros2_ws/install/ldlidar:/home/oli/Desktop/Oliver/Uni/MA/GithubRepo/MA-HiWonder-MPC/workspace/ros2_ws/install/ldlidar_node:/home/oli/Desktop/Oliver/Uni/MA/GithubRepo/MA-HiWonder-MPC/workspace/ros2_ws/install/ldlidar_component:/home/oli/Desktop/Oliver/Uni/MA/GithubRepo/MA-HiWonder-MPC/workspace/ros2_ws/install/imu_calib:/opt/ros/jazzy/opt/sdformat_vendor:/opt/ros/jazzy/opt/gz_math_vendor:/opt/ros/jazzy/opt/gz_utils_vendor:/opt/ros/jazzy/opt/gz_tools_vendor:/opt/ros/jazzy/opt/gz_cmake_vendor:/home/oli/Desktop/Oliver/Uni/MA/GithubRepo/MA-HiWonder-MPC/workspace/ros2_ws/install/sdk:/home/oli/Desktop/Oliver/Uni/MA/GithubRepo/MA-HiWonder-MPC/workspace/ros2_ws/install/ros_robot_controller:/home/oli/Desktop/Oliver/Uni/MA/GithubRepo/MA-HiWonder-MPC/workspace/ros2_ws/install/peripherals:/home/oli/Desktop/Oliver/Uni/MA/GithubRepo/MA-HiWonder-MPC/workspace/ros2_ws/install/mentorpi_description:/home/oli/Desktop/Oliver/Uni/MA/GithubRepo/MA-HiWonder-MPC/workspace/ros2_ws/install/controller:/home/oli/Desktop/Oliver/Uni/MA/GithubRepo/MA-HiWonder-MPC/workspace/ros2_ws/install/calibration:/home/oli/Desktop/Oliver/Uni/MA/GithubRepo/MA-HiWonder-MPC/workspace/ros2_ws/install/Trajektorienfolgeregelung:/opt/ros/jazzy DEBUGINFOD_URLS=https://debuginfod.ubuntu.com LD_LIBRARY_PATH=/home/oli/Desktop/Oliver/Uni/MA/RepoTrajektorienfolgeregelung/MA-Trajektorienfolgeregelung/workspace/ros2_ws/install/ldlidar_component/lib:${LD_LIBRARY_PATH} /usr/bin/cmake --build /home/oli/Desktop/Oliver/Uni/MA/RepoTrajektorienfolgeregelung/MA-Trajektorienfolgeregelung/workspace/ros2_ws/build/ldlidar_node -- -j8 -l8
[29.287s] Invoking command in '/home/oli/Desktop/Oliver/Uni/MA/RepoTrajektorienfolgeregelung/MA-Trajektorienfolgeregelung/workspace/ros2_ws/build/ldlidar_node': AMENT_PREFIX_PATH=/home/oli/Desktop/Oliver/Uni/MA/RepoTrajektorienfolgeregelung/MA-Trajektorienfolgeregelung/workspace/ros2_ws/install/ldlidar_component:${AMENT_PREFIX_PATH} CMAKE_PREFIX_PATH=/home/oli/Desktop/Oliver/Uni/MA/RepoTrajektorienfolgeregelung/MA-Trajektorienfolgeregelung/workspace/ros2_ws/install/ldlidar_component:/home/oli/Desktop/Oliver/Uni/MA/GithubRepo/MA-HiWonder-MPC/workspace/ros2_ws/install/ros_robot_controller_msgs:/home/oli/Desktop/Oliver/Uni/MA/GithubRepo/MA-HiWonder-MPC/workspace/ros2_ws/install/orchestrator_launch:/home/oli/Desktop/Oliver/Uni/MA/GithubRepo/MA-HiWonder-MPC/workspace/ros2_ws/install/ldlidar_stl_ros2:/home/oli/Desktop/Oliver/Uni/MA/GithubRepo/MA-HiWonder-MPC/workspace/ros2_ws/install/ldlidar:/home/oli/Desktop/Oliver/Uni/MA/GithubRepo/MA-HiWonder-MPC/workspace/ros2_ws/install/ldlidar_node:/home/oli/Desktop/Oliver/Uni/MA/GithubRepo/MA-HiWonder-MPC/workspace/ros2_ws/install/ldlidar_component:/home/oli/Desktop/Oliver/Uni/MA/GithubRepo/MA-HiWonder-MPC/workspace/ros2_ws/install/imu_calib:/opt/ros/jazzy/opt/sdformat_vendor:/opt/ros/jazzy/opt/gz_math_vendor:/opt/ros/jazzy/opt/gz_utils_vendor:/opt/ros/jazzy/opt/gz_tools_vendor:/opt/ros/jazzy/opt/gz_cmake_vendor:/home/oli/Desktop/Oliver/Uni/MA/GithubRepo/MA-HiWonder-MPC/workspace/ros2_ws/install/sdk:/home/oli/Desktop/Oliver/Uni/MA/GithubRepo/MA-HiWonder-MPC/workspace/ros2_ws/install/ros_robot_controller:/home/oli/Desktop/Oliver/Uni/MA/GithubRepo/MA-HiWonder-MPC/workspace/ros2_ws/install/peripherals:/home/oli/Desktop/Oliver/Uni/MA/GithubRepo/MA-HiWonder-MPC/workspace/ros2_ws/install/mentorpi_description:/home/oli/Desktop/Oliver/Uni/MA/GithubRepo/MA-HiWonder-MPC/workspace/ros2_ws/install/controller:/home/oli/Desktop/Oliver/Uni/MA/GithubRepo/MA-HiWonder-MPC/workspace/ros2_ws/install/calibration:/home/oli/Desktop/Oliver/Uni/MA/GithubRepo/MA-HiWonder-MPC/workspace/ros2_ws/install/Trajektorienfolgeregelung:/opt/ros/jazzy DEBUGINFOD_URLS=https://debuginfod.ubuntu.com LD_LIBRARY_PATH=/home/oli/Desktop/Oliver/Uni/MA/RepoTrajektorienfolgeregelung/MA-Trajektorienfolgeregelung/workspace/ros2_ws/install/ldlidar_component/lib:${LD_LIBRARY_PATH} /usr/bin/cmake --install /home/oli/Desktop/Oliver/Uni/MA/RepoTrajektorienfolgeregelung/MA-Trajektorienfolgeregelung/workspace/ros2_ws/build/ldlidar_node
[29.303s] -- Install configuration: "Release"
[29.304s] -- Installing: /home/oli/Desktop/Oliver/Uni/MA/RepoTrajektorienfolgeregelung/MA-Trajektorienfolgeregelung/workspace/ros2_ws/install/ldlidar_node/lib/ldlidar_node/ldlidar_node
[29.305s] -- Set non-toolchain portion of runtime path of "/home/oli/Desktop/Oliver/Uni/MA/RepoTrajektorienfolgeregelung/MA-Trajektorienfolgeregelung/workspace/ros2_ws/install/ldlidar_node/lib/ldlidar_node/ldlidar_node" to ""
[29.305s] -- Installing: /home/oli/Desktop/Oliver/Uni/MA/RepoTrajektorienfolgeregelung/MA-Trajektorienfolgeregelung/workspace/ros2_ws/install/ldlidar_node/share/ldlidar_node/params
[29.305s] -- Installing: /home/oli/Desktop/Oliver/Uni/MA/RepoTrajektorienfolgeregelung/MA-Trajektorienfolgeregelung/workspace/ros2_ws/install/ldlidar_node/share/ldlidar_node/params/lifecycle_mgr_slam.yaml
[29.306s] -- Installing: /home/oli/Desktop/Oliver/Uni/MA/RepoTrajektorienfolgeregelung/MA-Trajektorienfolgeregelung/workspace/ros2_ws/install/ldlidar_node/share/ldlidar_node/params/ldlidar.yaml
[29.306s] -- Installing: /home/oli/Desktop/Oliver/Uni/MA/RepoTrajektorienfolgeregelung/MA-Trajektorienfolgeregelung/workspace/ros2_ws/install/ldlidar_node/share/ldlidar_node/params/slam_toolbox.yaml
[29.306s] -- Installing: /home/oli/Desktop/Oliver/Uni/MA/RepoTrajektorienfolgeregelung/MA-Trajektorienfolgeregelung/workspace/ros2_ws/install/ldlidar_node/share/ldlidar_node/params/lifecycle_mgr.yaml
[29.307s] -- Installing: /home/oli/Desktop/Oliver/Uni/MA/RepoTrajektorienfolgeregelung/MA-Trajektorienfolgeregelung/workspace/ros2_ws/install/ldlidar_node/share/ldlidar_node/config
[29.307s] -- Installing: /home/oli/Desktop/Oliver/Uni/MA/RepoTrajektorienfolgeregelung/MA-Trajektorienfolgeregelung/workspace/ros2_ws/install/ldlidar_node/share/ldlidar_node/config/ldlidar_slam.rviz
[29.307s] -- Installing: /home/oli/Desktop/Oliver/Uni/MA/RepoTrajektorienfolgeregelung/MA-Trajektorienfolgeregelung/workspace/ros2_ws/install/ldlidar_node/share/ldlidar_node/config/ldlidar.rviz
[29.308s] -- Installing: /home/oli/Desktop/Oliver/Uni/MA/RepoTrajektorienfolgeregelung/MA-Trajektorienfolgeregelung/workspace/ros2_ws/install/ldlidar_node/share/ldlidar_node/urdf
[29.308s] -- Installing: /home/oli/Desktop/Oliver/Uni/MA/RepoTrajektorienfolgeregelung/MA-Trajektorienfolgeregelung/workspace/ros2_ws/install/ldlidar_node/share/ldlidar_node/urdf/model
[29.308s] -- Installing: /home/oli/Desktop/Oliver/Uni/MA/RepoTrajektorienfolgeregelung/MA-Trajektorienfolgeregelung/workspace/ros2_ws/install/ldlidar_node/share/ldlidar_node/urdf/model/LD19.stl
[29.313s] -- Installing: /home/oli/Desktop/Oliver/Uni/MA/RepoTrajektorienfolgeregelung/MA-Trajektorienfolgeregelung/workspace/ros2_ws/install/ldlidar_node/share/ldlidar_node/urdf/ldlidar_descr.urdf.xml
[29.313s] -- Installing: /home/oli/Desktop/Oliver/Uni/MA/RepoTrajektorienfolgeregelung/MA-Trajektorienfolgeregelung/workspace/ros2_ws/install/ldlidar_node/share/ldlidar_node/launch
[29.313s] -- Installing: /home/oli/Desktop/Oliver/Uni/MA/RepoTrajektorienfolgeregelung/MA-Trajektorienfolgeregelung/workspace/ros2_ws/install/ldlidar_node/share/ldlidar_node/launch/__pycache__
[29.314s] -- Installing: /home/oli/Desktop/Oliver/Uni/MA/RepoTrajektorienfolgeregelung/MA-Trajektorienfolgeregelung/workspace/ros2_ws/install/ldlidar_node/share/ldlidar_node/launch/__pycache__/ldlidar.launch.cpython-312.pyc
[29.314s] -- Installing: /home/oli/Desktop/Oliver/Uni/MA/RepoTrajektorienfolgeregelung/MA-Trajektorienfolgeregelung/workspace/ros2_ws/install/ldlidar_node/share/ldlidar_node/launch/ldlidar.launch.py
[29.314s] -- Installing: /home/oli/Desktop/Oliver/Uni/MA/RepoTrajektorienfolgeregelung/MA-Trajektorienfolgeregelung/workspace/ros2_ws/install/ldlidar_node/share/ldlidar_node/launch/ldlidar_slam_only.launch.py
[29.314s] -- Installing: /home/oli/Desktop/Oliver/Uni/MA/RepoTrajektorienfolgeregelung/MA-Trajektorienfolgeregelung/workspace/ros2_ws/install/ldlidar_node/share/ldlidar_node/launch/ldlidar_slam.launch.py
[29.315s] -- Installing: /home/oli/Desktop/Oliver/Uni/MA/RepoTrajektorienfolgeregelung/MA-Trajektorienfolgeregelung/workspace/ros2_ws/install/ldlidar_node/share/ldlidar_node/launch/ldlidar_with_mgr.launch.py
[29.315s] -- Installing: /home/oli/Desktop/Oliver/Uni/MA/RepoTrajektorienfolgeregelung/MA-Trajektorienfolgeregelung/workspace/ros2_ws/install/ldlidar_node/share/ldlidar_node/launch/ldlidar_rviz2.launch.py
[29.315s] -- Installing: /home/oli/Desktop/Oliver/Uni/MA/RepoTrajektorienfolgeregelung/MA-Trajektorienfolgeregelung/workspace/ros2_ws/install/ldlidar_node/share/ament_index/resource_index/package_run_dependencies/ldlidar_node
[29.316s] -- Installing: /home/oli/Desktop/Oliver/Uni/MA/RepoTrajektorienfolgeregelung/MA-Trajektorienfolgeregelung/workspace/ros2_ws/install/ldlidar_node/share/ament_index/resource_index/parent_prefix_path/ldlidar_node
[29.316s] -- Installing: /home/oli/Desktop/Oliver/Uni/MA/RepoTrajektorienfolgeregelung/MA-Trajektorienfolgeregelung/workspace/ros2_ws/install/ldlidar_node/share/ldlidar_node/environment/ament_prefix_path.sh
[29.317s] -- Installing: /home/oli/Desktop/Oliver/Uni/MA/RepoTrajektorienfolgeregelung/MA-Trajektorienfolgeregelung/workspace/ros2_ws/install/ldlidar_node/share/ldlidar_node/environment/ament_prefix_path.dsv
[29.317s] -- Installing: /home/oli/Desktop/Oliver/Uni/MA/RepoTrajektorienfolgeregelung/MA-Trajektorienfolgeregelung/workspace/ros2_ws/install/ldlidar_node/share/ldlidar_node/environment/path.sh
[29.317s] -- Installing: /home/oli/Desktop/Oliver/Uni/MA/RepoTrajektorienfolgeregelung/MA-Trajektorienfolgeregelung/workspace/ros2_ws/install/ldlidar_node/share/ldlidar_node/environment/path.dsv
[29.318s] -- Installing: /home/oli/Desktop/Oliver/Uni/MA/RepoTrajektorienfolgeregelung/MA-Trajektorienfolgeregelung/workspace/ros2_ws/install/ldlidar_node/share/ldlidar_node/local_setup.bash
[29.318s] -- Installing: /home/oli/Desktop/Oliver/Uni/MA/RepoTrajektorienfolgeregelung/MA-Trajektorienfolgeregelung/workspace/ros2_ws/install/ldlidar_node/share/ldlidar_node/local_setup.sh
[29.318s] -- Installing: /home/oli/Desktop/Oliver/Uni/MA/RepoTrajektorienfolgeregelung/MA-Trajektorienfolgeregelung/workspace/ros2_ws/install/ldlidar_node/share/ldlidar_node/local_setup.zsh
[29.318s] -- Installing: /home/oli/Desktop/Oliver/Uni/MA/RepoTrajektorienfolgeregelung/MA-Trajektorienfolgeregelung/workspace/ros2_ws/install/ldlidar_node/share/ldlidar_node/local_setup.dsv
[29.319s] -- Installing: /home/oli/Desktop/Oliver/Uni/MA/RepoTrajektorienfolgeregelung/MA-Trajektorienfolgeregelung/workspace/ros2_ws/install/ldlidar_node/share/ldlidar_node/package.dsv
[29.319s] -- Installing: /home/oli/Desktop/Oliver/Uni/MA/RepoTrajektorienfolgeregelung/MA-Trajektorienfolgeregelung/workspace/ros2_ws/install/ldlidar_node/share/ament_index/resource_index/packages/ldlidar_node
[29.319s] -- Installing: /home/oli/Desktop/Oliver/Uni/MA/RepoTrajektorienfolgeregelung/MA-Trajektorienfolgeregelung/workspace/ros2_ws/install/ldlidar_node/share/ldlidar_node/cmake/ldlidar_nodeConfig.cmake
[29.320s] -- Installing: /home/oli/Desktop/Oliver/Uni/MA/RepoTrajektorienfolgeregelung/MA-Trajektorienfolgeregelung/workspace/ros2_ws/install/ldlidar_node/share/ldlidar_node/cmake/ldlidar_nodeConfig-version.cmake
[29.320s] -- Installing: /home/oli/Desktop/Oliver/Uni/MA/RepoTrajektorienfolgeregelung/MA-Trajektorienfolgeregelung/workspace/ros2_ws/install/ldlidar_node/share/ldlidar_node/package.xml
[29.325s] Invoked command in '/home/oli/Desktop/Oliver/Uni/MA/RepoTrajektorienfolgeregelung/MA-Trajektorienfolgeregelung/workspace/ros2_ws/build/ldlidar_node' returned '0': AMENT_PREFIX_PATH=/home/oli/Desktop/Oliver/Uni/MA/RepoTrajektorienfolgeregelung/MA-Trajektorienfolgeregelung/workspace/ros2_ws/install/ldlidar_component:${AMENT_PREFIX_PATH} CMAKE_PREFIX_PATH=/home/oli/Desktop/Oliver/Uni/MA/RepoTrajektorienfolgeregelung/MA-Trajektorienfolgeregelung/workspace/ros2_ws/install/ldlidar_component:/home/oli/Desktop/Oliver/Uni/MA/GithubRepo/MA-HiWonder-MPC/workspace/ros2_ws/install/ros_robot_controller_msgs:/home/oli/Desktop/Oliver/Uni/MA/GithubRepo/MA-HiWonder-MPC/workspace/ros2_ws/install/orchestrator_launch:/home/oli/Desktop/Oliver/Uni/MA/GithubRepo/MA-HiWonder-MPC/workspace/ros2_ws/install/ldlidar_stl_ros2:/home/oli/Desktop/Oliver/Uni/MA/GithubRepo/MA-HiWonder-MPC/workspace/ros2_ws/install/ldlidar:/home/oli/Desktop/Oliver/Uni/MA/GithubRepo/MA-HiWonder-MPC/workspace/ros2_ws/install/ldlidar_node:/home/oli/Desktop/Oliver/Uni/MA/GithubRepo/MA-HiWonder-MPC/workspace/ros2_ws/install/ldlidar_component:/home/oli/Desktop/Oliver/Uni/MA/GithubRepo/MA-HiWonder-MPC/workspace/ros2_ws/install/imu_calib:/opt/ros/jazzy/opt/sdformat_vendor:/opt/ros/jazzy/opt/gz_math_vendor:/opt/ros/jazzy/opt/gz_utils_vendor:/opt/ros/jazzy/opt/gz_tools_vendor:/opt/ros/jazzy/opt/gz_cmake_vendor:/home/oli/Desktop/Oliver/Uni/MA/GithubRepo/MA-HiWonder-MPC/workspace/ros2_ws/install/sdk:/home/oli/Desktop/Oliver/Uni/MA/GithubRepo/MA-HiWonder-MPC/workspace/ros2_ws/install/ros_robot_controller:/home/oli/Desktop/Oliver/Uni/MA/GithubRepo/MA-HiWonder-MPC/workspace/ros2_ws/install/peripherals:/home/oli/Desktop/Oliver/Uni/MA/GithubRepo/MA-HiWonder-MPC/workspace/ros2_ws/install/mentorpi_description:/home/oli/Desktop/Oliver/Uni/MA/GithubRepo/MA-HiWonder-MPC/workspace/ros2_ws/install/controller:/home/oli/Desktop/Oliver/Uni/MA/GithubRepo/MA-HiWonder-MPC/workspace/ros2_ws/install/calibration:/home/oli/Desktop/Oliver/Uni/MA/GithubRepo/MA-HiWonder-MPC/workspace/ros2_ws/install/Trajektorienfolgeregelung:/opt/ros/jazzy DEBUGINFOD_URLS=https://debuginfod.ubuntu.com LD_LIBRARY_PATH=/home/oli/Desktop/Oliver/Uni/MA/RepoTrajektorienfolgeregelung/MA-Trajektorienfolgeregelung/workspace/ros2_ws/install/ldlidar_component/lib:${LD_LIBRARY_PATH} /usr/bin/cmake --install /home/oli/Desktop/Oliver/Uni/MA/RepoTrajektorienfolgeregelung/MA-Trajektorienfolgeregelung/workspace/ros2_ws/build/ldlidar_node
