[0.146s] DEBUG:colcon:Command line arguments: ['/usr/bin/colcon', 'build']
[0.146s] DEBUG:colcon:Parsed command line arguments: Namespace(log_base=None, log_level=None, verb_name='build', build_base='build', install_base='install', merge_install=False, symlink_install=False, test_result_base=None, continue_on_error=False, executor='parallel', parallel_workers=4, event_handlers=None, ignore_user_meta=False, metas=['./colcon.meta'], base_paths=['.'], packages_ignore=None, packages_ignore_regex=None, paths=None, packages_up_to=None, packages_up_to_regex=None, packages_above=None, packages_above_and_dependencies=None, packages_above_depth=None, packages_select_by_dep=None, packages_skip_by_dep=None, packages_skip_up_to=None, packages_select_build_failed=False, packages_skip_build_finished=False, packages_select_test_failures=False, packages_skip_test_passed=False, packages_select=None, packages_skip=None, packages_select_regex=None, packages_skip_regex=None, packages_start=None, packages_end=None, allow_overriding=[], cmake_args=None, cmake_target=None, cmake_target_skip_unavailable=False, cmake_clean_cache=False, cmake_clean_first=False, cmake_force_configure=False, ament_cmake_args=None, catkin_cmake_args=None, catkin_skip_building_tests=False, verb_parser=<colcon_defaults.argument_parser.defaults.DefaultArgumentsDecorator object at 0xffff937d1160>, verb_extension=<colcon_core.verb.build.BuildVerb object at 0xffff9397dc40>, main=<bound method BuildVerb.main of <colcon_core.verb.build.BuildVerb object at 0xffff9397dc40>>)
[0.203s] Level 1:colcon.colcon_core.package_discovery:discover_packages(colcon_meta) check parameters
[0.204s] Level 1:colcon.colcon_core.package_discovery:discover_packages(recursive) check parameters
[0.204s] Level 1:colcon.colcon_core.package_discovery:discover_packages(ignore) check parameters
[0.204s] Level 1:colcon.colcon_core.package_discovery:discover_packages(path) check parameters
[0.204s] Level 1:colcon.colcon_core.package_discovery:discover_packages(colcon_meta) discover
[0.204s] Level 1:colcon.colcon_core.package_discovery:discover_packages(recursive) discover
[0.204s] INFO:colcon.colcon_core.package_discovery:Crawling recursively for packages in '/home/ro01/workspace/ros2_ws'
[0.204s] Level 1:colcon.colcon_core.package_identification:_identify(.) by extensions ['ignore', 'ignore_ament_install']
[0.204s] Level 1:colcon.colcon_core.package_identification:_identify(.) by extension 'ignore'
[0.204s] Level 1:colcon.colcon_core.package_identification:_identify(.) by extension 'ignore_ament_install'
[0.204s] Level 1:colcon.colcon_core.package_identification:_identify(.) by extensions ['colcon_pkg']
[0.204s] Level 1:colcon.colcon_core.package_identification:_identify(.) by extension 'colcon_pkg'
[0.204s] Level 1:colcon.colcon_core.package_identification:_identify(.) by extensions ['colcon_meta']
[0.204s] Level 1:colcon.colcon_core.package_identification:_identify(.) by extension 'colcon_meta'
[0.204s] Level 1:colcon.colcon_core.package_identification:_identify(.) by extensions ['ros']
[0.204s] Level 1:colcon.colcon_core.package_identification:_identify(.) by extension 'ros'
[0.242s] Level 1:colcon.colcon_core.package_identification:_identify(.) by extensions ['cmake', 'python']
[0.242s] Level 1:colcon.colcon_core.package_identification:_identify(.) by extension 'cmake'
[0.242s] Level 1:colcon.colcon_core.package_identification:_identify(.) by extension 'python'
[0.242s] Level 1:colcon.colcon_core.package_identification:_identify(.) by extensions ['python_setup_py']
[0.242s] Level 1:colcon.colcon_core.package_identification:_identify(.) by extension 'python_setup_py'
[0.242s] Level 1:colcon.colcon_core.package_identification:_identify(build) by extensions ['ignore', 'ignore_ament_install']
[0.242s] Level 1:colcon.colcon_core.package_identification:_identify(build) by extension 'ignore'
[0.242s] Level 1:colcon.colcon_core.package_identification:_identify(build) ignored
[0.242s] Level 1:colcon.colcon_core.package_identification:_identify(install) by extensions ['ignore', 'ignore_ament_install']
[0.242s] Level 1:colcon.colcon_core.package_identification:_identify(install) by extension 'ignore'
[0.243s] Level 1:colcon.colcon_core.package_identification:_identify(install) ignored
[0.243s] Level 1:colcon.colcon_core.package_identification:_identify(log) by extensions ['ignore', 'ignore_ament_install']
[0.243s] Level 1:colcon.colcon_core.package_identification:_identify(log) by extension 'ignore'
[0.243s] Level 1:colcon.colcon_core.package_identification:_identify(log) ignored
[0.243s] Level 1:colcon.colcon_core.package_identification:_identify(src) by extensions ['ignore', 'ignore_ament_install']
[0.243s] Level 1:colcon.colcon_core.package_identification:_identify(src) by extension 'ignore'
[0.243s] Level 1:colcon.colcon_core.package_identification:_identify(src) by extension 'ignore_ament_install'
[0.243s] Level 1:colcon.colcon_core.package_identification:_identify(src) by extensions ['colcon_pkg']
[0.243s] Level 1:colcon.colcon_core.package_identification:_identify(src) by extension 'colcon_pkg'
[0.243s] Level 1:colcon.colcon_core.package_identification:_identify(src) by extensions ['colcon_meta']
[0.243s] Level 1:colcon.colcon_core.package_identification:_identify(src) by extension 'colcon_meta'
[0.243s] Level 1:colcon.colcon_core.package_identification:_identify(src) by extensions ['ros']
[0.243s] Level 1:colcon.colcon_core.package_identification:_identify(src) by extension 'ros'
[0.243s] Level 1:colcon.colcon_core.package_identification:_identify(src) by extensions ['cmake', 'python']
[0.243s] Level 1:colcon.colcon_core.package_identification:_identify(src) by extension 'cmake'
[0.243s] Level 1:colcon.colcon_core.package_identification:_identify(src) by extension 'python'
[0.243s] Level 1:colcon.colcon_core.package_identification:_identify(src) by extensions ['python_setup_py']
[0.243s] Level 1:colcon.colcon_core.package_identification:_identify(src) by extension 'python_setup_py'
[0.244s] Level 1:colcon.colcon_core.package_identification:_identify(src/calibration) by extensions ['ignore', 'ignore_ament_install']
[0.244s] Level 1:colcon.colcon_core.package_identification:_identify(src/calibration) by extension 'ignore'
[0.244s] Level 1:colcon.colcon_core.package_identification:_identify(src/calibration) by extension 'ignore_ament_install'
[0.244s] Level 1:colcon.colcon_core.package_identification:_identify(src/calibration) by extensions ['colcon_pkg']
[0.244s] Level 1:colcon.colcon_core.package_identification:_identify(src/calibration) by extension 'colcon_pkg'
[0.244s] Level 1:colcon.colcon_core.package_identification:_identify(src/calibration) by extensions ['colcon_meta']
[0.244s] Level 1:colcon.colcon_core.package_identification:_identify(src/calibration) by extension 'colcon_meta'
[0.244s] Level 1:colcon.colcon_core.package_identification:_identify(src/calibration) by extensions ['ros']
[0.244s] Level 1:colcon.colcon_core.package_identification:_identify(src/calibration) by extension 'ros'
[0.249s] DEBUG:colcon.colcon_core.package_identification:Package 'src/calibration' with type 'ros.ament_python' and name 'calibration'
[0.249s] Level 1:colcon.colcon_core.package_identification:_identify(src/driver) by extensions ['ignore', 'ignore_ament_install']
[0.249s] Level 1:colcon.colcon_core.package_identification:_identify(src/driver) by extension 'ignore'
[0.249s] Level 1:colcon.colcon_core.package_identification:_identify(src/driver) by extension 'ignore_ament_install'
[0.250s] Level 1:colcon.colcon_core.package_identification:_identify(src/driver) by extensions ['colcon_pkg']
[0.250s] Level 1:colcon.colcon_core.package_identification:_identify(src/driver) by extension 'colcon_pkg'
[0.250s] Level 1:colcon.colcon_core.package_identification:_identify(src/driver) by extensions ['colcon_meta']
[0.250s] Level 1:colcon.colcon_core.package_identification:_identify(src/driver) by extension 'colcon_meta'
[0.250s] Level 1:colcon.colcon_core.package_identification:_identify(src/driver) by extensions ['ros']
[0.250s] Level 1:colcon.colcon_core.package_identification:_identify(src/driver) by extension 'ros'
[0.250s] Level 1:colcon.colcon_core.package_identification:_identify(src/driver) by extensions ['cmake', 'python']
[0.250s] Level 1:colcon.colcon_core.package_identification:_identify(src/driver) by extension 'cmake'
[0.250s] Level 1:colcon.colcon_core.package_identification:_identify(src/driver) by extension 'python'
[0.250s] Level 1:colcon.colcon_core.package_identification:_identify(src/driver) by extensions ['python_setup_py']
[0.250s] Level 1:colcon.colcon_core.package_identification:_identify(src/driver) by extension 'python_setup_py'
[0.250s] Level 1:colcon.colcon_core.package_identification:_identify(src/driver/controller) by extensions ['ignore', 'ignore_ament_install']
[0.250s] Level 1:colcon.colcon_core.package_identification:_identify(src/driver/controller) by extension 'ignore'
[0.250s] Level 1:colcon.colcon_core.package_identification:_identify(src/driver/controller) by extension 'ignore_ament_install'
[0.250s] Level 1:colcon.colcon_core.package_identification:_identify(src/driver/controller) by extensions ['colcon_pkg']
[0.250s] Level 1:colcon.colcon_core.package_identification:_identify(src/driver/controller) by extension 'colcon_pkg'
[0.250s] Level 1:colcon.colcon_core.package_identification:_identify(src/driver/controller) by extensions ['colcon_meta']
[0.250s] Level 1:colcon.colcon_core.package_identification:_identify(src/driver/controller) by extension 'colcon_meta'
[0.250s] Level 1:colcon.colcon_core.package_identification:_identify(src/driver/controller) by extensions ['ros']
[0.250s] Level 1:colcon.colcon_core.package_identification:_identify(src/driver/controller) by extension 'ros'
[0.251s] DEBUG:colcon.colcon_core.package_identification:Package 'src/driver/controller' with type 'ros.ament_python' and name 'controller'
[0.251s] Level 1:colcon.colcon_core.package_identification:_identify(src/driver/ros_robot_controller) by extensions ['ignore', 'ignore_ament_install']
[0.251s] Level 1:colcon.colcon_core.package_identification:_identify(src/driver/ros_robot_controller) by extension 'ignore'
[0.251s] Level 1:colcon.colcon_core.package_identification:_identify(src/driver/ros_robot_controller) by extension 'ignore_ament_install'
[0.251s] Level 1:colcon.colcon_core.package_identification:_identify(src/driver/ros_robot_controller) by extensions ['colcon_pkg']
[0.251s] Level 1:colcon.colcon_core.package_identification:_identify(src/driver/ros_robot_controller) by extension 'colcon_pkg'
[0.251s] Level 1:colcon.colcon_core.package_identification:_identify(src/driver/ros_robot_controller) by extensions ['colcon_meta']
[0.251s] Level 1:colcon.colcon_core.package_identification:_identify(src/driver/ros_robot_controller) by extension 'colcon_meta'
[0.252s] Level 1:colcon.colcon_core.package_identification:_identify(src/driver/ros_robot_controller) by extensions ['ros']
[0.252s] Level 1:colcon.colcon_core.package_identification:_identify(src/driver/ros_robot_controller) by extension 'ros'
[0.252s] DEBUG:colcon.colcon_core.package_identification:Package 'src/driver/ros_robot_controller' with type 'ros.ament_python' and name 'ros_robot_controller'
[0.252s] Level 1:colcon.colcon_core.package_identification:_identify(src/driver/ros_robot_controller_msgs) by extensions ['ignore', 'ignore_ament_install']
[0.252s] Level 1:colcon.colcon_core.package_identification:_identify(src/driver/ros_robot_controller_msgs) by extension 'ignore'
[0.252s] Level 1:colcon.colcon_core.package_identification:_identify(src/driver/ros_robot_controller_msgs) by extension 'ignore_ament_install'
[0.252s] Level 1:colcon.colcon_core.package_identification:_identify(src/driver/ros_robot_controller_msgs) by extensions ['colcon_pkg']
[0.252s] Level 1:colcon.colcon_core.package_identification:_identify(src/driver/ros_robot_controller_msgs) by extension 'colcon_pkg'
[0.252s] Level 1:colcon.colcon_core.package_identification:_identify(src/driver/ros_robot_controller_msgs) by extensions ['colcon_meta']
[0.252s] Level 1:colcon.colcon_core.package_identification:_identify(src/driver/ros_robot_controller_msgs) by extension 'colcon_meta'
[0.252s] Level 1:colcon.colcon_core.package_identification:_identify(src/driver/ros_robot_controller_msgs) by extensions ['ros']
[0.253s] Level 1:colcon.colcon_core.package_identification:_identify(src/driver/ros_robot_controller_msgs) by extension 'ros'
[0.253s] DEBUG:colcon.colcon_core.package_identification:Package 'src/driver/ros_robot_controller_msgs' with type 'ros.ament_cmake' and name 'ros_robot_controller_msgs'
[0.253s] Level 1:colcon.colcon_core.package_identification:_identify(src/driver/sdk) by extensions ['ignore', 'ignore_ament_install']
[0.253s] Level 1:colcon.colcon_core.package_identification:_identify(src/driver/sdk) by extension 'ignore'
[0.253s] Level 1:colcon.colcon_core.package_identification:_identify(src/driver/sdk) by extension 'ignore_ament_install'
[0.253s] Level 1:colcon.colcon_core.package_identification:_identify(src/driver/sdk) by extensions ['colcon_pkg']
[0.253s] Level 1:colcon.colcon_core.package_identification:_identify(src/driver/sdk) by extension 'colcon_pkg'
[0.253s] Level 1:colcon.colcon_core.package_identification:_identify(src/driver/sdk) by extensions ['colcon_meta']
[0.254s] Level 1:colcon.colcon_core.package_identification:_identify(src/driver/sdk) by extension 'colcon_meta'
[0.254s] Level 1:colcon.colcon_core.package_identification:_identify(src/driver/sdk) by extensions ['ros']
[0.254s] Level 1:colcon.colcon_core.package_identification:_identify(src/driver/sdk) by extension 'ros'
[0.254s] DEBUG:colcon.colcon_core.package_identification:Package 'src/driver/sdk' with type 'ros.ament_python' and name 'sdk'
[0.254s] Level 1:colcon.colcon_core.package_identification:_identify(src/imu_calib) by extensions ['ignore', 'ignore_ament_install']
[0.254s] Level 1:colcon.colcon_core.package_identification:_identify(src/imu_calib) by extension 'ignore'
[0.254s] Level 1:colcon.colcon_core.package_identification:_identify(src/imu_calib) by extension 'ignore_ament_install'
[0.255s] Level 1:colcon.colcon_core.package_identification:_identify(src/imu_calib) by extensions ['colcon_pkg']
[0.255s] Level 1:colcon.colcon_core.package_identification:_identify(src/imu_calib) by extension 'colcon_pkg'
[0.255s] Level 1:colcon.colcon_core.package_identification:_identify(src/imu_calib) by extensions ['colcon_meta']
[0.255s] Level 1:colcon.colcon_core.package_identification:_identify(src/imu_calib) by extension 'colcon_meta'
[0.255s] Level 1:colcon.colcon_core.package_identification:_identify(src/imu_calib) by extensions ['ros']
[0.255s] Level 1:colcon.colcon_core.package_identification:_identify(src/imu_calib) by extension 'ros'
[0.255s] DEBUG:colcon.colcon_core.package_identification:Package 'src/imu_calib' with type 'ros.ament_cmake' and name 'imu_calib'
[0.255s] Level 1:colcon.colcon_core.package_identification:_identify(src/ldrobot-lidar-ros2) by extensions ['ignore', 'ignore_ament_install']
[0.256s] Level 1:colcon.colcon_core.package_identification:_identify(src/ldrobot-lidar-ros2) by extension 'ignore'
[0.256s] Level 1:colcon.colcon_core.package_identification:_identify(src/ldrobot-lidar-ros2) by extension 'ignore_ament_install'
[0.256s] Level 1:colcon.colcon_core.package_identification:_identify(src/ldrobot-lidar-ros2) by extensions ['colcon_pkg']
[0.256s] Level 1:colcon.colcon_core.package_identification:_identify(src/ldrobot-lidar-ros2) by extension 'colcon_pkg'
[0.256s] Level 1:colcon.colcon_core.package_identification:_identify(src/ldrobot-lidar-ros2) by extensions ['colcon_meta']
[0.256s] Level 1:colcon.colcon_core.package_identification:_identify(src/ldrobot-lidar-ros2) by extension 'colcon_meta'
[0.256s] Level 1:colcon.colcon_core.package_identification:_identify(src/ldrobot-lidar-ros2) by extensions ['ros']
[0.256s] Level 1:colcon.colcon_core.package_identification:_identify(src/ldrobot-lidar-ros2) by extension 'ros'
[0.256s] Level 1:colcon.colcon_core.package_identification:_identify(src/ldrobot-lidar-ros2) by extensions ['cmake', 'python']
[0.256s] Level 1:colcon.colcon_core.package_identification:_identify(src/ldrobot-lidar-ros2) by extension 'cmake'
[0.256s] Level 1:colcon.colcon_core.package_identification:_identify(src/ldrobot-lidar-ros2) by extension 'python'
[0.256s] Level 1:colcon.colcon_core.package_identification:_identify(src/ldrobot-lidar-ros2) by extensions ['python_setup_py']
[0.256s] Level 1:colcon.colcon_core.package_identification:_identify(src/ldrobot-lidar-ros2) by extension 'python_setup_py'
[0.256s] Level 1:colcon.colcon_core.package_identification:_identify(src/ldrobot-lidar-ros2/3d_model) by extensions ['ignore', 'ignore_ament_install']
[0.256s] Level 1:colcon.colcon_core.package_identification:_identify(src/ldrobot-lidar-ros2/3d_model) by extension 'ignore'
[0.256s] Level 1:colcon.colcon_core.package_identification:_identify(src/ldrobot-lidar-ros2/3d_model) by extension 'ignore_ament_install'
[0.256s] Level 1:colcon.colcon_core.package_identification:_identify(src/ldrobot-lidar-ros2/3d_model) by extensions ['colcon_pkg']
[0.256s] Level 1:colcon.colcon_core.package_identification:_identify(src/ldrobot-lidar-ros2/3d_model) by extension 'colcon_pkg'
[0.256s] Level 1:colcon.colcon_core.package_identification:_identify(src/ldrobot-lidar-ros2/3d_model) by extensions ['colcon_meta']
[0.256s] Level 1:colcon.colcon_core.package_identification:_identify(src/ldrobot-lidar-ros2/3d_model) by extension 'colcon_meta'
[0.257s] Level 1:colcon.colcon_core.package_identification:_identify(src/ldrobot-lidar-ros2/3d_model) by extensions ['ros']
[0.257s] Level 1:colcon.colcon_core.package_identification:_identify(src/ldrobot-lidar-ros2/3d_model) by extension 'ros'
[0.257s] Level 1:colcon.colcon_core.package_identification:_identify(src/ldrobot-lidar-ros2/3d_model) by extensions ['cmake', 'python']
[0.257s] Level 1:colcon.colcon_core.package_identification:_identify(src/ldrobot-lidar-ros2/3d_model) by extension 'cmake'
[0.257s] Level 1:colcon.colcon_core.package_identification:_identify(src/ldrobot-lidar-ros2/3d_model) by extension 'python'
[0.257s] Level 1:colcon.colcon_core.package_identification:_identify(src/ldrobot-lidar-ros2/3d_model) by extensions ['python_setup_py']
[0.257s] Level 1:colcon.colcon_core.package_identification:_identify(src/ldrobot-lidar-ros2/3d_model) by extension 'python_setup_py'
[0.257s] Level 1:colcon.colcon_core.package_identification:_identify(src/ldrobot-lidar-ros2/docs) by extensions ['ignore', 'ignore_ament_install']
[0.257s] Level 1:colcon.colcon_core.package_identification:_identify(src/ldrobot-lidar-ros2/docs) by extension 'ignore'
[0.257s] Level 1:colcon.colcon_core.package_identification:_identify(src/ldrobot-lidar-ros2/docs) by extension 'ignore_ament_install'
[0.257s] Level 1:colcon.colcon_core.package_identification:_identify(src/ldrobot-lidar-ros2/docs) by extensions ['colcon_pkg']
[0.257s] Level 1:colcon.colcon_core.package_identification:_identify(src/ldrobot-lidar-ros2/docs) by extension 'colcon_pkg'
[0.257s] Level 1:colcon.colcon_core.package_identification:_identify(src/ldrobot-lidar-ros2/docs) by extensions ['colcon_meta']
[0.257s] Level 1:colcon.colcon_core.package_identification:_identify(src/ldrobot-lidar-ros2/docs) by extension 'colcon_meta'
[0.257s] Level 1:colcon.colcon_core.package_identification:_identify(src/ldrobot-lidar-ros2/docs) by extensions ['ros']
[0.257s] Level 1:colcon.colcon_core.package_identification:_identify(src/ldrobot-lidar-ros2/docs) by extension 'ros'
[0.257s] Level 1:colcon.colcon_core.package_identification:_identify(src/ldrobot-lidar-ros2/docs) by extensions ['cmake', 'python']
[0.257s] Level 1:colcon.colcon_core.package_identification:_identify(src/ldrobot-lidar-ros2/docs) by extension 'cmake'
[0.257s] Level 1:colcon.colcon_core.package_identification:_identify(src/ldrobot-lidar-ros2/docs) by extension 'python'
[0.257s] Level 1:colcon.colcon_core.package_identification:_identify(src/ldrobot-lidar-ros2/docs) by extensions ['python_setup_py']
[0.257s] Level 1:colcon.colcon_core.package_identification:_identify(src/ldrobot-lidar-ros2/docs) by extension 'python_setup_py'
[0.258s] Level 1:colcon.colcon_core.package_identification:_identify(src/ldrobot-lidar-ros2/images) by extensions ['ignore', 'ignore_ament_install']
[0.258s] Level 1:colcon.colcon_core.package_identification:_identify(src/ldrobot-lidar-ros2/images) by extension 'ignore'
[0.258s] Level 1:colcon.colcon_core.package_identification:_identify(src/ldrobot-lidar-ros2/images) by extension 'ignore_ament_install'
[0.258s] Level 1:colcon.colcon_core.package_identification:_identify(src/ldrobot-lidar-ros2/images) by extensions ['colcon_pkg']
[0.258s] Level 1:colcon.colcon_core.package_identification:_identify(src/ldrobot-lidar-ros2/images) by extension 'colcon_pkg'
[0.258s] Level 1:colcon.colcon_core.package_identification:_identify(src/ldrobot-lidar-ros2/images) by extensions ['colcon_meta']
[0.258s] Level 1:colcon.colcon_core.package_identification:_identify(src/ldrobot-lidar-ros2/images) by extension 'colcon_meta'
[0.258s] Level 1:colcon.colcon_core.package_identification:_identify(src/ldrobot-lidar-ros2/images) by extensions ['ros']
[0.258s] Level 1:colcon.colcon_core.package_identification:_identify(src/ldrobot-lidar-ros2/images) by extension 'ros'
[0.258s] Level 1:colcon.colcon_core.package_identification:_identify(src/ldrobot-lidar-ros2/images) by extensions ['cmake', 'python']
[0.258s] Level 1:colcon.colcon_core.package_identification:_identify(src/ldrobot-lidar-ros2/images) by extension 'cmake'
[0.258s] Level 1:colcon.colcon_core.package_identification:_identify(src/ldrobot-lidar-ros2/images) by extension 'python'
[0.258s] Level 1:colcon.colcon_core.package_identification:_identify(src/ldrobot-lidar-ros2/images) by extensions ['python_setup_py']
[0.258s] Level 1:colcon.colcon_core.package_identification:_identify(src/ldrobot-lidar-ros2/images) by extension 'python_setup_py'
[0.258s] Level 1:colcon.colcon_core.package_identification:_identify(src/ldrobot-lidar-ros2/ldlidar) by extensions ['ignore', 'ignore_ament_install']
[0.258s] Level 1:colcon.colcon_core.package_identification:_identify(src/ldrobot-lidar-ros2/ldlidar) by extension 'ignore'
[0.258s] Level 1:colcon.colcon_core.package_identification:_identify(src/ldrobot-lidar-ros2/ldlidar) by extension 'ignore_ament_install'
[0.259s] Level 1:colcon.colcon_core.package_identification:_identify(src/ldrobot-lidar-ros2/ldlidar) by extensions ['colcon_pkg']
[0.259s] Level 1:colcon.colcon_core.package_identification:_identify(src/ldrobot-lidar-ros2/ldlidar) by extension 'colcon_pkg'
[0.259s] Level 1:colcon.colcon_core.package_identification:_identify(src/ldrobot-lidar-ros2/ldlidar) by extensions ['colcon_meta']
[0.259s] Level 1:colcon.colcon_core.package_identification:_identify(src/ldrobot-lidar-ros2/ldlidar) by extension 'colcon_meta'
[0.259s] Level 1:colcon.colcon_core.package_identification:_identify(src/ldrobot-lidar-ros2/ldlidar) by extensions ['ros']
[0.259s] Level 1:colcon.colcon_core.package_identification:_identify(src/ldrobot-lidar-ros2/ldlidar) by extension 'ros'
[0.259s] DEBUG:colcon.colcon_core.package_identification:Package 'src/ldrobot-lidar-ros2/ldlidar' with type 'ros.ament_cmake' and name 'ldlidar'
[0.259s] Level 1:colcon.colcon_core.package_identification:_identify(src/ldrobot-lidar-ros2/ldlidar_component) by extensions ['ignore', 'ignore_ament_install']
[0.260s] Level 1:colcon.colcon_core.package_identification:_identify(src/ldrobot-lidar-ros2/ldlidar_component) by extension 'ignore'
[0.260s] Level 1:colcon.colcon_core.package_identification:_identify(src/ldrobot-lidar-ros2/ldlidar_component) by extension 'ignore_ament_install'
[0.260s] Level 1:colcon.colcon_core.package_identification:_identify(src/ldrobot-lidar-ros2/ldlidar_component) by extensions ['colcon_pkg']
[0.260s] Level 1:colcon.colcon_core.package_identification:_identify(src/ldrobot-lidar-ros2/ldlidar_component) by extension 'colcon_pkg'
[0.260s] Level 1:colcon.colcon_core.package_identification:_identify(src/ldrobot-lidar-ros2/ldlidar_component) by extensions ['colcon_meta']
[0.260s] Level 1:colcon.colcon_core.package_identification:_identify(src/ldrobot-lidar-ros2/ldlidar_component) by extension 'colcon_meta'
[0.260s] Level 1:colcon.colcon_core.package_identification:_identify(src/ldrobot-lidar-ros2/ldlidar_component) by extensions ['ros']
[0.260s] Level 1:colcon.colcon_core.package_identification:_identify(src/ldrobot-lidar-ros2/ldlidar_component) by extension 'ros'
[0.261s] DEBUG:colcon.colcon_core.package_identification:Package 'src/ldrobot-lidar-ros2/ldlidar_component' with type 'ros.ament_cmake' and name 'ldlidar_component'
[0.261s] Level 1:colcon.colcon_core.package_identification:_identify(src/ldrobot-lidar-ros2/ldlidar_node) by extensions ['ignore', 'ignore_ament_install']
[0.261s] Level 1:colcon.colcon_core.package_identification:_identify(src/ldrobot-lidar-ros2/ldlidar_node) by extension 'ignore'
[0.261s] Level 1:colcon.colcon_core.package_identification:_identify(src/ldrobot-lidar-ros2/ldlidar_node) by extension 'ignore_ament_install'
[0.262s] Level 1:colcon.colcon_core.package_identification:_identify(src/ldrobot-lidar-ros2/ldlidar_node) by extensions ['colcon_pkg']
[0.262s] Level 1:colcon.colcon_core.package_identification:_identify(src/ldrobot-lidar-ros2/ldlidar_node) by extension 'colcon_pkg'
[0.262s] Level 1:colcon.colcon_core.package_identification:_identify(src/ldrobot-lidar-ros2/ldlidar_node) by extensions ['colcon_meta']
[0.262s] Level 1:colcon.colcon_core.package_identification:_identify(src/ldrobot-lidar-ros2/ldlidar_node) by extension 'colcon_meta'
[0.262s] Level 1:colcon.colcon_core.package_identification:_identify(src/ldrobot-lidar-ros2/ldlidar_node) by extensions ['ros']
[0.262s] Level 1:colcon.colcon_core.package_identification:_identify(src/ldrobot-lidar-ros2/ldlidar_node) by extension 'ros'
[0.262s] DEBUG:colcon.colcon_core.package_identification:Package 'src/ldrobot-lidar-ros2/ldlidar_node' with type 'ros.ament_cmake' and name 'ldlidar_node'
[0.263s] Level 1:colcon.colcon_core.package_identification:_identify(src/ldrobot-lidar-ros2/rules) by extensions ['ignore', 'ignore_ament_install']
[0.263s] Level 1:colcon.colcon_core.package_identification:_identify(src/ldrobot-lidar-ros2/rules) by extension 'ignore'
[0.263s] Level 1:colcon.colcon_core.package_identification:_identify(src/ldrobot-lidar-ros2/rules) by extension 'ignore_ament_install'
[0.263s] Level 1:colcon.colcon_core.package_identification:_identify(src/ldrobot-lidar-ros2/rules) by extensions ['colcon_pkg']
[0.263s] Level 1:colcon.colcon_core.package_identification:_identify(src/ldrobot-lidar-ros2/rules) by extension 'colcon_pkg'
[0.263s] Level 1:colcon.colcon_core.package_identification:_identify(src/ldrobot-lidar-ros2/rules) by extensions ['colcon_meta']
[0.263s] Level 1:colcon.colcon_core.package_identification:_identify(src/ldrobot-lidar-ros2/rules) by extension 'colcon_meta'
[0.263s] Level 1:colcon.colcon_core.package_identification:_identify(src/ldrobot-lidar-ros2/rules) by extensions ['ros']
[0.263s] Level 1:colcon.colcon_core.package_identification:_identify(src/ldrobot-lidar-ros2/rules) by extension 'ros'
[0.263s] Level 1:colcon.colcon_core.package_identification:_identify(src/ldrobot-lidar-ros2/rules) by extensions ['cmake', 'python']
[0.263s] Level 1:colcon.colcon_core.package_identification:_identify(src/ldrobot-lidar-ros2/rules) by extension 'cmake'
[0.263s] Level 1:colcon.colcon_core.package_identification:_identify(src/ldrobot-lidar-ros2/rules) by extension 'python'
[0.263s] Level 1:colcon.colcon_core.package_identification:_identify(src/ldrobot-lidar-ros2/rules) by extensions ['python_setup_py']
[0.263s] Level 1:colcon.colcon_core.package_identification:_identify(src/ldrobot-lidar-ros2/rules) by extension 'python_setup_py'
[0.264s] Level 1:colcon.colcon_core.package_identification:_identify(src/ldrobot-lidar-ros2/scripts) by extensions ['ignore', 'ignore_ament_install']
[0.264s] Level 1:colcon.colcon_core.package_identification:_identify(src/ldrobot-lidar-ros2/scripts) by extension 'ignore'
[0.264s] Level 1:colcon.colcon_core.package_identification:_identify(src/ldrobot-lidar-ros2/scripts) by extension 'ignore_ament_install'
[0.264s] Level 1:colcon.colcon_core.package_identification:_identify(src/ldrobot-lidar-ros2/scripts) by extensions ['colcon_pkg']
[0.264s] Level 1:colcon.colcon_core.package_identification:_identify(src/ldrobot-lidar-ros2/scripts) by extension 'colcon_pkg'
[0.264s] Level 1:colcon.colcon_core.package_identification:_identify(src/ldrobot-lidar-ros2/scripts) by extensions ['colcon_meta']
[0.264s] Level 1:colcon.colcon_core.package_identification:_identify(src/ldrobot-lidar-ros2/scripts) by extension 'colcon_meta'
[0.264s] Level 1:colcon.colcon_core.package_identification:_identify(src/ldrobot-lidar-ros2/scripts) by extensions ['ros']
[0.264s] Level 1:colcon.colcon_core.package_identification:_identify(src/ldrobot-lidar-ros2/scripts) by extension 'ros'
[0.264s] Level 1:colcon.colcon_core.package_identification:_identify(src/ldrobot-lidar-ros2/scripts) by extensions ['cmake', 'python']
[0.264s] Level 1:colcon.colcon_core.package_identification:_identify(src/ldrobot-lidar-ros2/scripts) by extension 'cmake'
[0.264s] Level 1:colcon.colcon_core.package_identification:_identify(src/ldrobot-lidar-ros2/scripts) by extension 'python'
[0.264s] Level 1:colcon.colcon_core.package_identification:_identify(src/ldrobot-lidar-ros2/scripts) by extensions ['python_setup_py']
[0.264s] Level 1:colcon.colcon_core.package_identification:_identify(src/ldrobot-lidar-ros2/scripts) by extension 'python_setup_py'
[0.264s] Level 1:colcon.colcon_core.package_identification:_identify(src/peripherals) by extensions ['ignore', 'ignore_ament_install']
[0.264s] Level 1:colcon.colcon_core.package_identification:_identify(src/peripherals) by extension 'ignore'
[0.264s] Level 1:colcon.colcon_core.package_identification:_identify(src/peripherals) by extension 'ignore_ament_install'
[0.264s] Level 1:colcon.colcon_core.package_identification:_identify(src/peripherals) by extensions ['colcon_pkg']
[0.265s] Level 1:colcon.colcon_core.package_identification:_identify(src/peripherals) by extension 'colcon_pkg'
[0.265s] Level 1:colcon.colcon_core.package_identification:_identify(src/peripherals) by extensions ['colcon_meta']
[0.265s] Level 1:colcon.colcon_core.package_identification:_identify(src/peripherals) by extension 'colcon_meta'
[0.265s] Level 1:colcon.colcon_core.package_identification:_identify(src/peripherals) by extensions ['ros']
[0.265s] Level 1:colcon.colcon_core.package_identification:_identify(src/peripherals) by extension 'ros'
[0.265s] DEBUG:colcon.colcon_core.package_identification:Package 'src/peripherals' with type 'ros.ament_python' and name 'peripherals'
[0.265s] Level 1:colcon.colcon_core.package_identification:_identify(src/simulations) by extensions ['ignore', 'ignore_ament_install']
[0.265s] Level 1:colcon.colcon_core.package_identification:_identify(src/simulations) by extension 'ignore'
[0.265s] Level 1:colcon.colcon_core.package_identification:_identify(src/simulations) by extension 'ignore_ament_install'
[0.266s] Level 1:colcon.colcon_core.package_identification:_identify(src/simulations) by extensions ['colcon_pkg']
[0.266s] Level 1:colcon.colcon_core.package_identification:_identify(src/simulations) by extension 'colcon_pkg'
[0.266s] Level 1:colcon.colcon_core.package_identification:_identify(src/simulations) by extensions ['colcon_meta']
[0.266s] Level 1:colcon.colcon_core.package_identification:_identify(src/simulations) by extension 'colcon_meta'
[0.266s] Level 1:colcon.colcon_core.package_identification:_identify(src/simulations) by extensions ['ros']
[0.266s] Level 1:colcon.colcon_core.package_identification:_identify(src/simulations) by extension 'ros'
[0.266s] Level 1:colcon.colcon_core.package_identification:_identify(src/simulations) by extensions ['cmake', 'python']
[0.266s] Level 1:colcon.colcon_core.package_identification:_identify(src/simulations) by extension 'cmake'
[0.266s] Level 1:colcon.colcon_core.package_identification:_identify(src/simulations) by extension 'python'
[0.266s] Level 1:colcon.colcon_core.package_identification:_identify(src/simulations) by extensions ['python_setup_py']
[0.266s] Level 1:colcon.colcon_core.package_identification:_identify(src/simulations) by extension 'python_setup_py'
[0.266s] Level 1:colcon.colcon_core.package_identification:_identify(src/simulations/mentorpi_description) by extensions ['ignore', 'ignore_ament_install']
[0.266s] Level 1:colcon.colcon_core.package_identification:_identify(src/simulations/mentorpi_description) by extension 'ignore'
[0.266s] Level 1:colcon.colcon_core.package_identification:_identify(src/simulations/mentorpi_description) by extension 'ignore_ament_install'
[0.266s] Level 1:colcon.colcon_core.package_identification:_identify(src/simulations/mentorpi_description) by extensions ['colcon_pkg']
[0.266s] Level 1:colcon.colcon_core.package_identification:_identify(src/simulations/mentorpi_description) by extension 'colcon_pkg'
[0.266s] Level 1:colcon.colcon_core.package_identification:_identify(src/simulations/mentorpi_description) by extensions ['colcon_meta']
[0.266s] Level 1:colcon.colcon_core.package_identification:_identify(src/simulations/mentorpi_description) by extension 'colcon_meta'
[0.266s] Level 1:colcon.colcon_core.package_identification:_identify(src/simulations/mentorpi_description) by extensions ['ros']
[0.266s] Level 1:colcon.colcon_core.package_identification:_identify(src/simulations/mentorpi_description) by extension 'ros'
[0.267s] DEBUG:colcon.colcon_core.package_identification:Package 'src/simulations/mentorpi_description' with type 'ros.ament_python' and name 'mentorpi_description'
[0.267s] Level 1:colcon.colcon_core.package_discovery:discover_packages(recursive) using defaults
[0.267s] Level 1:colcon.colcon_core.package_discovery:discover_packages(ignore) discover
[0.267s] Level 1:colcon.colcon_core.package_discovery:discover_packages(ignore) using defaults
[0.267s] Level 1:colcon.colcon_core.package_discovery:discover_packages(path) discover
[0.267s] Level 1:colcon.colcon_core.package_discovery:discover_packages(path) using defaults
[0.294s] Level 1:colcon.colcon_core.package_discovery:discover_packages(prefix_path) check parameters
[0.294s] Level 1:colcon.colcon_core.package_discovery:discover_packages(prefix_path) discover
[0.297s] DEBUG:colcon.colcon_installed_package_information.package_discovery:Found 11 installed packages in /home/ro01/workspace/ros2_ws/install
[0.300s] DEBUG:colcon.colcon_installed_package_information.package_discovery:Found 385 installed packages in /opt/ros/jazzy
[0.302s] Level 1:colcon.colcon_core.package_discovery:discover_packages(prefix_path) using defaults
[0.378s] Level 5:colcon.colcon_core.verb:set package 'calibration' build argument 'cmake_args' from command line to 'None'
[0.378s] Level 5:colcon.colcon_core.verb:set package 'calibration' build argument 'cmake_target' from command line to 'None'
[0.378s] Level 5:colcon.colcon_core.verb:set package 'calibration' build argument 'cmake_target_skip_unavailable' from command line to 'False'
[0.378s] Level 5:colcon.colcon_core.verb:set package 'calibration' build argument 'cmake_clean_cache' from command line to 'False'
[0.378s] Level 5:colcon.colcon_core.verb:set package 'calibration' build argument 'cmake_clean_first' from command line to 'False'
[0.378s] Level 5:colcon.colcon_core.verb:set package 'calibration' build argument 'cmake_force_configure' from command line to 'False'
[0.378s] Level 5:colcon.colcon_core.verb:set package 'calibration' build argument 'ament_cmake_args' from command line to 'None'
[0.378s] Level 5:colcon.colcon_core.verb:set package 'calibration' build argument 'catkin_cmake_args' from command line to 'None'
[0.378s] Level 5:colcon.colcon_core.verb:set package 'calibration' build argument 'catkin_skip_building_tests' from command line to 'False'
[0.378s] DEBUG:colcon.colcon_core.verb:Building package 'calibration' with the following arguments: {'ament_cmake_args': None, 'build_base': '/home/ro01/workspace/ros2_ws/build/calibration', 'catkin_cmake_args': None, 'catkin_skip_building_tests': False, 'cmake_args': None, 'cmake_clean_cache': False, 'cmake_clean_first': False, 'cmake_force_configure': False, 'cmake_target': None, 'cmake_target_skip_unavailable': False, 'install_base': '/home/ro01/workspace/ros2_ws/install/calibration', 'merge_install': False, 'path': '/home/ro01/workspace/ros2_ws/src/calibration', 'symlink_install': False, 'test_result_base': None}
[0.378s] Level 5:colcon.colcon_core.verb:set package 'controller' build argument 'cmake_args' from command line to 'None'
[0.378s] Level 5:colcon.colcon_core.verb:set package 'controller' build argument 'cmake_target' from command line to 'None'
[0.379s] Level 5:colcon.colcon_core.verb:set package 'controller' build argument 'cmake_target_skip_unavailable' from command line to 'False'
[0.379s] Level 5:colcon.colcon_core.verb:set package 'controller' build argument 'cmake_clean_cache' from command line to 'False'
[0.379s] Level 5:colcon.colcon_core.verb:set package 'controller' build argument 'cmake_clean_first' from command line to 'False'
[0.379s] Level 5:colcon.colcon_core.verb:set package 'controller' build argument 'cmake_force_configure' from command line to 'False'
[0.379s] Level 5:colcon.colcon_core.verb:set package 'controller' build argument 'ament_cmake_args' from command line to 'None'
[0.379s] Level 5:colcon.colcon_core.verb:set package 'controller' build argument 'catkin_cmake_args' from command line to 'None'
[0.379s] Level 5:colcon.colcon_core.verb:set package 'controller' build argument 'catkin_skip_building_tests' from command line to 'False'
[0.379s] DEBUG:colcon.colcon_core.verb:Building package 'controller' with the following arguments: {'ament_cmake_args': None, 'build_base': '/home/ro01/workspace/ros2_ws/build/controller', 'catkin_cmake_args': None, 'catkin_skip_building_tests': False, 'cmake_args': None, 'cmake_clean_cache': False, 'cmake_clean_first': False, 'cmake_force_configure': False, 'cmake_target': None, 'cmake_target_skip_unavailable': False, 'install_base': '/home/ro01/workspace/ros2_ws/install/controller', 'merge_install': False, 'path': '/home/ro01/workspace/ros2_ws/src/driver/controller', 'symlink_install': False, 'test_result_base': None}
[0.379s] Level 5:colcon.colcon_core.verb:set package 'imu_calib' build argument 'cmake_args' from command line to 'None'
[0.379s] Level 5:colcon.colcon_core.verb:set package 'imu_calib' build argument 'cmake_target' from command line to 'None'
[0.379s] Level 5:colcon.colcon_core.verb:set package 'imu_calib' build argument 'cmake_target_skip_unavailable' from command line to 'False'
[0.379s] Level 5:colcon.colcon_core.verb:set package 'imu_calib' build argument 'cmake_clean_cache' from command line to 'False'
[0.379s] Level 5:colcon.colcon_core.verb:set package 'imu_calib' build argument 'cmake_clean_first' from command line to 'False'
[0.379s] Level 5:colcon.colcon_core.verb:set package 'imu_calib' build argument 'cmake_force_configure' from command line to 'False'
[0.379s] Level 5:colcon.colcon_core.verb:set package 'imu_calib' build argument 'ament_cmake_args' from command line to 'None'
[0.379s] Level 5:colcon.colcon_core.verb:set package 'imu_calib' build argument 'catkin_cmake_args' from command line to 'None'
[0.379s] Level 5:colcon.colcon_core.verb:set package 'imu_calib' build argument 'catkin_skip_building_tests' from command line to 'False'
[0.379s] DEBUG:colcon.colcon_core.verb:Building package 'imu_calib' with the following arguments: {'ament_cmake_args': None, 'build_base': '/home/ro01/workspace/ros2_ws/build/imu_calib', 'catkin_cmake_args': None, 'catkin_skip_building_tests': False, 'cmake_args': None, 'cmake_clean_cache': False, 'cmake_clean_first': False, 'cmake_force_configure': False, 'cmake_target': None, 'cmake_target_skip_unavailable': False, 'install_base': '/home/ro01/workspace/ros2_ws/install/imu_calib', 'merge_install': False, 'path': '/home/ro01/workspace/ros2_ws/src/imu_calib', 'symlink_install': False, 'test_result_base': None}
[0.379s] Level 5:colcon.colcon_core.verb:set package 'ldlidar_component' build argument 'cmake_args' from command line to 'None'
[0.380s] Level 5:colcon.colcon_core.verb:set package 'ldlidar_component' build argument 'cmake_target' from command line to 'None'
[0.380s] Level 5:colcon.colcon_core.verb:set package 'ldlidar_component' build argument 'cmake_target_skip_unavailable' from command line to 'False'
[0.380s] Level 5:colcon.colcon_core.verb:set package 'ldlidar_component' build argument 'cmake_clean_cache' from command line to 'False'
[0.380s] Level 5:colcon.colcon_core.verb:set package 'ldlidar_component' build argument 'cmake_clean_first' from command line to 'False'
[0.380s] Level 5:colcon.colcon_core.verb:set package 'ldlidar_component' build argument 'cmake_force_configure' from command line to 'False'
[0.380s] Level 5:colcon.colcon_core.verb:set package 'ldlidar_component' build argument 'ament_cmake_args' from command line to 'None'
[0.380s] Level 5:colcon.colcon_core.verb:set package 'ldlidar_component' build argument 'catkin_cmake_args' from command line to 'None'
[0.380s] Level 5:colcon.colcon_core.verb:set package 'ldlidar_component' build argument 'catkin_skip_building_tests' from command line to 'False'
[0.380s] DEBUG:colcon.colcon_core.verb:Building package 'ldlidar_component' with the following arguments: {'ament_cmake_args': None, 'build_base': '/home/ro01/workspace/ros2_ws/build/ldlidar_component', 'catkin_cmake_args': None, 'catkin_skip_building_tests': False, 'cmake_args': None, 'cmake_clean_cache': False, 'cmake_clean_first': False, 'cmake_force_configure': False, 'cmake_target': None, 'cmake_target_skip_unavailable': False, 'install_base': '/home/ro01/workspace/ros2_ws/install/ldlidar_component', 'merge_install': False, 'path': '/home/ro01/workspace/ros2_ws/src/ldrobot-lidar-ros2/ldlidar_component', 'symlink_install': False, 'test_result_base': None}
[0.380s] Level 5:colcon.colcon_core.verb:set package 'mentorpi_description' build argument 'cmake_args' from command line to 'None'
[0.380s] Level 5:colcon.colcon_core.verb:set package 'mentorpi_description' build argument 'cmake_target' from command line to 'None'
[0.380s] Level 5:colcon.colcon_core.verb:set package 'mentorpi_description' build argument 'cmake_target_skip_unavailable' from command line to 'False'
[0.380s] Level 5:colcon.colcon_core.verb:set package 'mentorpi_description' build argument 'cmake_clean_cache' from command line to 'False'
[0.380s] Level 5:colcon.colcon_core.verb:set package 'mentorpi_description' build argument 'cmake_clean_first' from command line to 'False'
[0.380s] Level 5:colcon.colcon_core.verb:set package 'mentorpi_description' build argument 'cmake_force_configure' from command line to 'False'
[0.380s] Level 5:colcon.colcon_core.verb:set package 'mentorpi_description' build argument 'ament_cmake_args' from command line to 'None'
[0.380s] Level 5:colcon.colcon_core.verb:set package 'mentorpi_description' build argument 'catkin_cmake_args' from command line to 'None'
[0.380s] Level 5:colcon.colcon_core.verb:set package 'mentorpi_description' build argument 'catkin_skip_building_tests' from command line to 'False'
[0.380s] DEBUG:colcon.colcon_core.verb:Building package 'mentorpi_description' with the following arguments: {'ament_cmake_args': None, 'build_base': '/home/ro01/workspace/ros2_ws/build/mentorpi_description', 'catkin_cmake_args': None, 'catkin_skip_building_tests': False, 'cmake_args': None, 'cmake_clean_cache': False, 'cmake_clean_first': False, 'cmake_force_configure': False, 'cmake_target': None, 'cmake_target_skip_unavailable': False, 'install_base': '/home/ro01/workspace/ros2_ws/install/mentorpi_description', 'merge_install': False, 'path': '/home/ro01/workspace/ros2_ws/src/simulations/mentorpi_description', 'symlink_install': False, 'test_result_base': None}
[0.381s] Level 5:colcon.colcon_core.verb:set package 'peripherals' build argument 'cmake_args' from command line to 'None'
[0.381s] Level 5:colcon.colcon_core.verb:set package 'peripherals' build argument 'cmake_target' from command line to 'None'
[0.381s] Level 5:colcon.colcon_core.verb:set package 'peripherals' build argument 'cmake_target_skip_unavailable' from command line to 'False'
[0.381s] Level 5:colcon.colcon_core.verb:set package 'peripherals' build argument 'cmake_clean_cache' from command line to 'False'
[0.381s] Level 5:colcon.colcon_core.verb:set package 'peripherals' build argument 'cmake_clean_first' from command line to 'False'
[0.381s] Level 5:colcon.colcon_core.verb:set package 'peripherals' build argument 'cmake_force_configure' from command line to 'False'
[0.381s] Level 5:colcon.colcon_core.verb:set package 'peripherals' build argument 'ament_cmake_args' from command line to 'None'
[0.381s] Level 5:colcon.colcon_core.verb:set package 'peripherals' build argument 'catkin_cmake_args' from command line to 'None'
[0.381s] Level 5:colcon.colcon_core.verb:set package 'peripherals' build argument 'catkin_skip_building_tests' from command line to 'False'
[0.381s] DEBUG:colcon.colcon_core.verb:Building package 'peripherals' with the following arguments: {'ament_cmake_args': None, 'build_base': '/home/ro01/workspace/ros2_ws/build/peripherals', 'catkin_cmake_args': None, 'catkin_skip_building_tests': False, 'cmake_args': None, 'cmake_clean_cache': False, 'cmake_clean_first': False, 'cmake_force_configure': False, 'cmake_target': None, 'cmake_target_skip_unavailable': False, 'install_base': '/home/ro01/workspace/ros2_ws/install/peripherals', 'merge_install': False, 'path': '/home/ro01/workspace/ros2_ws/src/peripherals', 'symlink_install': False, 'test_result_base': None}
[0.381s] Level 5:colcon.colcon_core.verb:set package 'ros_robot_controller' build argument 'cmake_args' from command line to 'None'
[0.381s] Level 5:colcon.colcon_core.verb:set package 'ros_robot_controller' build argument 'cmake_target' from command line to 'None'
[0.381s] Level 5:colcon.colcon_core.verb:set package 'ros_robot_controller' build argument 'cmake_target_skip_unavailable' from command line to 'False'
[0.381s] Level 5:colcon.colcon_core.verb:set package 'ros_robot_controller' build argument 'cmake_clean_cache' from command line to 'False'
[0.381s] Level 5:colcon.colcon_core.verb:set package 'ros_robot_controller' build argument 'cmake_clean_first' from command line to 'False'
[0.381s] Level 5:colcon.colcon_core.verb:set package 'ros_robot_controller' build argument 'cmake_force_configure' from command line to 'False'
[0.381s] Level 5:colcon.colcon_core.verb:set package 'ros_robot_controller' build argument 'ament_cmake_args' from command line to 'None'
[0.381s] Level 5:colcon.colcon_core.verb:set package 'ros_robot_controller' build argument 'catkin_cmake_args' from command line to 'None'
[0.381s] Level 5:colcon.colcon_core.verb:set package 'ros_robot_controller' build argument 'catkin_skip_building_tests' from command line to 'False'
[0.381s] DEBUG:colcon.colcon_core.verb:Building package 'ros_robot_controller' with the following arguments: {'ament_cmake_args': None, 'build_base': '/home/ro01/workspace/ros2_ws/build/ros_robot_controller', 'catkin_cmake_args': None, 'catkin_skip_building_tests': False, 'cmake_args': None, 'cmake_clean_cache': False, 'cmake_clean_first': False, 'cmake_force_configure': False, 'cmake_target': None, 'cmake_target_skip_unavailable': False, 'install_base': '/home/ro01/workspace/ros2_ws/install/ros_robot_controller', 'merge_install': False, 'path': '/home/ro01/workspace/ros2_ws/src/driver/ros_robot_controller', 'symlink_install': False, 'test_result_base': None}
[0.382s] Level 5:colcon.colcon_core.verb:set package 'ros_robot_controller_msgs' build argument 'cmake_args' from command line to 'None'
[0.382s] Level 5:colcon.colcon_core.verb:set package 'ros_robot_controller_msgs' build argument 'cmake_target' from command line to 'None'
[0.382s] Level 5:colcon.colcon_core.verb:set package 'ros_robot_controller_msgs' build argument 'cmake_target_skip_unavailable' from command line to 'False'
[0.382s] Level 5:colcon.colcon_core.verb:set package 'ros_robot_controller_msgs' build argument 'cmake_clean_cache' from command line to 'False'
[0.382s] Level 5:colcon.colcon_core.verb:set package 'ros_robot_controller_msgs' build argument 'cmake_clean_first' from command line to 'False'
[0.382s] Level 5:colcon.colcon_core.verb:set package 'ros_robot_controller_msgs' build argument 'cmake_force_configure' from command line to 'False'
[0.382s] Level 5:colcon.colcon_core.verb:set package 'ros_robot_controller_msgs' build argument 'ament_cmake_args' from command line to 'None'
[0.382s] Level 5:colcon.colcon_core.verb:set package 'ros_robot_controller_msgs' build argument 'catkin_cmake_args' from command line to 'None'
[0.382s] Level 5:colcon.colcon_core.verb:set package 'ros_robot_controller_msgs' build argument 'catkin_skip_building_tests' from command line to 'False'
[0.382s] DEBUG:colcon.colcon_core.verb:Building package 'ros_robot_controller_msgs' with the following arguments: {'ament_cmake_args': None, 'build_base': '/home/ro01/workspace/ros2_ws/build/ros_robot_controller_msgs', 'catkin_cmake_args': None, 'catkin_skip_building_tests': False, 'cmake_args': None, 'cmake_clean_cache': False, 'cmake_clean_first': False, 'cmake_force_configure': False, 'cmake_target': None, 'cmake_target_skip_unavailable': False, 'install_base': '/home/ro01/workspace/ros2_ws/install/ros_robot_controller_msgs', 'merge_install': False, 'path': '/home/ro01/workspace/ros2_ws/src/driver/ros_robot_controller_msgs', 'symlink_install': False, 'test_result_base': None}
[0.382s] Level 5:colcon.colcon_core.verb:set package 'sdk' build argument 'cmake_args' from command line to 'None'
[0.382s] Level 5:colcon.colcon_core.verb:set package 'sdk' build argument 'cmake_target' from command line to 'None'
[0.382s] Level 5:colcon.colcon_core.verb:set package 'sdk' build argument 'cmake_target_skip_unavailable' from command line to 'False'
[0.382s] Level 5:colcon.colcon_core.verb:set package 'sdk' build argument 'cmake_clean_cache' from command line to 'False'
[0.382s] Level 5:colcon.colcon_core.verb:set package 'sdk' build argument 'cmake_clean_first' from command line to 'False'
[0.382s] Level 5:colcon.colcon_core.verb:set package 'sdk' build argument 'cmake_force_configure' from command line to 'False'
[0.382s] Level 5:colcon.colcon_core.verb:set package 'sdk' build argument 'ament_cmake_args' from command line to 'None'
[0.382s] Level 5:colcon.colcon_core.verb:set package 'sdk' build argument 'catkin_cmake_args' from command line to 'None'
[0.382s] Level 5:colcon.colcon_core.verb:set package 'sdk' build argument 'catkin_skip_building_tests' from command line to 'False'
[0.382s] DEBUG:colcon.colcon_core.verb:Building package 'sdk' with the following arguments: {'ament_cmake_args': None, 'build_base': '/home/ro01/workspace/ros2_ws/build/sdk', 'catkin_cmake_args': None, 'catkin_skip_building_tests': False, 'cmake_args': None, 'cmake_clean_cache': False, 'cmake_clean_first': False, 'cmake_force_configure': False, 'cmake_target': None, 'cmake_target_skip_unavailable': False, 'install_base': '/home/ro01/workspace/ros2_ws/install/sdk', 'merge_install': False, 'path': '/home/ro01/workspace/ros2_ws/src/driver/sdk', 'symlink_install': False, 'test_result_base': None}
[0.383s] Level 5:colcon.colcon_core.verb:set package 'ldlidar_node' build argument 'cmake_args' from command line to 'None'
[0.383s] Level 5:colcon.colcon_core.verb:set package 'ldlidar_node' build argument 'cmake_target' from command line to 'None'
[0.383s] Level 5:colcon.colcon_core.verb:set package 'ldlidar_node' build argument 'cmake_target_skip_unavailable' from command line to 'False'
[0.383s] Level 5:colcon.colcon_core.verb:set package 'ldlidar_node' build argument 'cmake_clean_cache' from command line to 'False'
[0.383s] Level 5:colcon.colcon_core.verb:set package 'ldlidar_node' build argument 'cmake_clean_first' from command line to 'False'
[0.383s] Level 5:colcon.colcon_core.verb:set package 'ldlidar_node' build argument 'cmake_force_configure' from command line to 'False'
[0.383s] Level 5:colcon.colcon_core.verb:set package 'ldlidar_node' build argument 'ament_cmake_args' from command line to 'None'
[0.383s] Level 5:colcon.colcon_core.verb:set package 'ldlidar_node' build argument 'catkin_cmake_args' from command line to 'None'
[0.383s] Level 5:colcon.colcon_core.verb:set package 'ldlidar_node' build argument 'catkin_skip_building_tests' from command line to 'False'
[0.383s] DEBUG:colcon.colcon_core.verb:Building package 'ldlidar_node' with the following arguments: {'ament_cmake_args': None, 'build_base': '/home/ro01/workspace/ros2_ws/build/ldlidar_node', 'catkin_cmake_args': None, 'catkin_skip_building_tests': False, 'cmake_args': None, 'cmake_clean_cache': False, 'cmake_clean_first': False, 'cmake_force_configure': False, 'cmake_target': None, 'cmake_target_skip_unavailable': False, 'install_base': '/home/ro01/workspace/ros2_ws/install/ldlidar_node', 'merge_install': False, 'path': '/home/ro01/workspace/ros2_ws/src/ldrobot-lidar-ros2/ldlidar_node', 'symlink_install': False, 'test_result_base': None}
[0.383s] Level 5:colcon.colcon_core.verb:set package 'ldlidar' build argument 'cmake_args' from command line to 'None'
[0.383s] Level 5:colcon.colcon_core.verb:set package 'ldlidar' build argument 'cmake_target' from command line to 'None'
[0.383s] Level 5:colcon.colcon_core.verb:set package 'ldlidar' build argument 'cmake_target_skip_unavailable' from command line to 'False'
[0.383s] Level 5:colcon.colcon_core.verb:set package 'ldlidar' build argument 'cmake_clean_cache' from command line to 'False'
[0.383s] Level 5:colcon.colcon_core.verb:set package 'ldlidar' build argument 'cmake_clean_first' from command line to 'False'
[0.383s] Level 5:colcon.colcon_core.verb:set package 'ldlidar' build argument 'cmake_force_configure' from command line to 'False'
[0.383s] Level 5:colcon.colcon_core.verb:set package 'ldlidar' build argument 'ament_cmake_args' from command line to 'None'
[0.383s] Level 5:colcon.colcon_core.verb:set package 'ldlidar' build argument 'catkin_cmake_args' from command line to 'None'
[0.383s] Level 5:colcon.colcon_core.verb:set package 'ldlidar' build argument 'catkin_skip_building_tests' from command line to 'False'
[0.383s] DEBUG:colcon.colcon_core.verb:Building package 'ldlidar' with the following arguments: {'ament_cmake_args': None, 'build_base': '/home/ro01/workspace/ros2_ws/build/ldlidar', 'catkin_cmake_args': None, 'catkin_skip_building_tests': False, 'cmake_args': None, 'cmake_clean_cache': False, 'cmake_clean_first': False, 'cmake_force_configure': False, 'cmake_target': None, 'cmake_target_skip_unavailable': False, 'install_base': '/home/ro01/workspace/ros2_ws/install/ldlidar', 'merge_install': False, 'path': '/home/ro01/workspace/ros2_ws/src/ldrobot-lidar-ros2/ldlidar', 'symlink_install': False, 'test_result_base': None}
[0.383s] INFO:colcon.colcon_core.executor:Executing jobs using 'parallel' executor
[0.385s] DEBUG:colcon.colcon_parallel_executor.executor.parallel:run_until_complete
[0.385s] INFO:colcon.colcon_ros.task.ament_cmake.build:Building ROS package in '/home/ro01/workspace/ros2_ws/src/ldrobot-lidar-ros2/ldlidar_component' with build type 'ament_cmake'
[0.385s] INFO:colcon.colcon_cmake.task.cmake.build:Building CMake package in '/home/ro01/workspace/ros2_ws/src/ldrobot-lidar-ros2/ldlidar_component'
[0.388s] INFO:colcon.colcon_core.plugin_system:Skipping extension 'colcon_core.shell.bat': Not used on non-Windows systems
[0.388s] INFO:colcon.colcon_core.shell:Skip shell extension 'powershell' for command environment: Not usable outside of PowerShell
[0.388s] DEBUG:colcon.colcon_core.shell:Skip shell extension 'dsv' for command environment
[0.395s] INFO:colcon.colcon_ros.task.ament_python.build:Building ROS package in '/home/ro01/workspace/ros2_ws/src/calibration' with build type 'ament_python'
[0.395s] Level 1:colcon.colcon_core.shell:create_environment_hook('calibration', 'ament_prefix_path')
[0.395s] INFO:colcon.colcon_core.shell:Creating environment hook '/home/ro01/workspace/ros2_ws/install/calibration/share/calibration/hook/ament_prefix_path.ps1'
[0.400s] INFO:colcon.colcon_core.shell:Creating environment descriptor '/home/ro01/workspace/ros2_ws/install/calibration/share/calibration/hook/ament_prefix_path.dsv'
[0.401s] INFO:colcon.colcon_core.shell:Creating environment hook '/home/ro01/workspace/ros2_ws/install/calibration/share/calibration/hook/ament_prefix_path.sh'
[0.403s] INFO:colcon.colcon_core.shell:Skip shell extension 'powershell' for command environment: Not usable outside of PowerShell
[0.403s] DEBUG:colcon.colcon_core.shell:Skip shell extension 'dsv' for command environment
[0.409s] INFO:colcon.colcon_ros.task.ament_python.build:Building ROS package in '/home/ro01/workspace/ros2_ws/src/driver/controller' with build type 'ament_python'
[0.409s] Level 1:colcon.colcon_core.shell:create_environment_hook('controller', 'ament_prefix_path')
[0.410s] INFO:colcon.colcon_core.shell:Creating environment hook '/home/ro01/workspace/ros2_ws/install/controller/share/controller/hook/ament_prefix_path.ps1'
[0.411s] INFO:colcon.colcon_core.shell:Creating environment descriptor '/home/ro01/workspace/ros2_ws/install/controller/share/controller/hook/ament_prefix_path.dsv'
[0.412s] INFO:colcon.colcon_core.shell:Creating environment hook '/home/ro01/workspace/ros2_ws/install/controller/share/controller/hook/ament_prefix_path.sh'
[0.413s] INFO:colcon.colcon_core.shell:Skip shell extension 'powershell' for command environment: Not usable outside of PowerShell
[0.413s] DEBUG:colcon.colcon_core.shell:Skip shell extension 'dsv' for command environment
[0.418s] INFO:colcon.colcon_ros.task.ament_cmake.build:Building ROS package in '/home/ro01/workspace/ros2_ws/src/imu_calib' with build type 'ament_cmake'
[0.418s] INFO:colcon.colcon_cmake.task.cmake.build:Building CMake package in '/home/ro01/workspace/ros2_ws/src/imu_calib'
[0.419s] INFO:colcon.colcon_core.shell:Skip shell extension 'powershell' for command environment: Not usable outside of PowerShell
[0.419s] DEBUG:colcon.colcon_core.shell:Skip shell extension 'dsv' for command environment
[0.436s] DEBUG:colcon.colcon_core.event_handler.log_command:Invoking command in '/home/ro01/workspace/ros2_ws/build/ldlidar_component': CMAKE_PREFIX_PATH=${CMAKE_PREFIX_PATH}:/home/ro01/workspace/ros2_ws/install/sdk:/home/ro01/workspace/ros2_ws/install/ros_robot_controller:/home/ro01/workspace/ros2_ws/install/peripherals:/home/ro01/workspace/ros2_ws/install/mentorpi_description:/home/ro01/workspace/ros2_ws/install/controller:/home/ro01/workspace/ros2_ws/install/calibration:/opt/ros/jazzy DEBUGINFOD_URLS=https://debuginfod.ubuntu.com /usr/bin/cmake --build /home/ro01/workspace/ros2_ws/build/ldlidar_component -- -j4 -l4
[0.792s] INFO:colcon.colcon_core.task.python.build:Building Python package in '/home/ro01/workspace/ros2_ws/src/calibration'
[0.792s] INFO:colcon.colcon_core.shell:Skip shell extension 'powershell' for command environment: Not usable outside of PowerShell
[0.792s] DEBUG:colcon.colcon_core.shell:Skip shell extension 'dsv' for command environment
[1.159s] INFO:colcon.colcon_core.task.python.build:Building Python package in '/home/ro01/workspace/ros2_ws/src/driver/controller'
[1.159s] INFO:colcon.colcon_core.shell:Skip shell extension 'powershell' for command environment: Not usable outside of PowerShell
[1.159s] DEBUG:colcon.colcon_core.shell:Skip shell extension 'dsv' for command environment
[1.169s] DEBUG:colcon.colcon_core.event_handler.log_command:Invoked command in '/home/ro01/workspace/ros2_ws/build/ldlidar_component' returned '0': CMAKE_PREFIX_PATH=${CMAKE_PREFIX_PATH}:/home/ro01/workspace/ros2_ws/install/sdk:/home/ro01/workspace/ros2_ws/install/ros_robot_controller:/home/ro01/workspace/ros2_ws/install/peripherals:/home/ro01/workspace/ros2_ws/install/mentorpi_description:/home/ro01/workspace/ros2_ws/install/controller:/home/ro01/workspace/ros2_ws/install/calibration:/opt/ros/jazzy DEBUGINFOD_URLS=https://debuginfod.ubuntu.com /usr/bin/cmake --build /home/ro01/workspace/ros2_ws/build/ldlidar_component -- -j4 -l4
[1.189s] DEBUG:colcon.colcon_core.event_handler.log_command:Invoking command in '/home/ro01/workspace/ros2_ws/build/ldlidar_component': CMAKE_PREFIX_PATH=${CMAKE_PREFIX_PATH}:/home/ro01/workspace/ros2_ws/install/sdk:/home/ro01/workspace/ros2_ws/install/ros_robot_controller:/home/ro01/workspace/ros2_ws/install/peripherals:/home/ro01/workspace/ros2_ws/install/mentorpi_description:/home/ro01/workspace/ros2_ws/install/controller:/home/ro01/workspace/ros2_ws/install/calibration:/opt/ros/jazzy DEBUGINFOD_URLS=https://debuginfod.ubuntu.com /usr/bin/cmake --install /home/ro01/workspace/ros2_ws/build/ldlidar_component
[1.203s] DEBUG:colcon.colcon_core.event_handler.log_command:Invoking command in '/home/ro01/workspace/ros2_ws/build/imu_calib': CMAKE_PREFIX_PATH=${CMAKE_PREFIX_PATH}:/home/ro01/workspace/ros2_ws/install/sdk:/home/ro01/workspace/ros2_ws/install/ros_robot_controller:/home/ro01/workspace/ros2_ws/install/peripherals:/home/ro01/workspace/ros2_ws/install/mentorpi_description:/home/ro01/workspace/ros2_ws/install/controller:/home/ro01/workspace/ros2_ws/install/calibration:/opt/ros/jazzy DEBUGINFOD_URLS=https://debuginfod.ubuntu.com /usr/bin/cmake --build /home/ro01/workspace/ros2_ws/build/imu_calib -- -j4 -l4
[1.221s] Level 1:colcon.colcon_core.environment:create_environment_scripts_only(ldlidar_component)
[1.225s] DEBUG:colcon.colcon_core.event_handler.log_command:Invoked command in '/home/ro01/workspace/ros2_ws/build/ldlidar_component' returned '0': CMAKE_PREFIX_PATH=${CMAKE_PREFIX_PATH}:/home/ro01/workspace/ros2_ws/install/sdk:/home/ro01/workspace/ros2_ws/install/ros_robot_controller:/home/ro01/workspace/ros2_ws/install/peripherals:/home/ro01/workspace/ros2_ws/install/mentorpi_description:/home/ro01/workspace/ros2_ws/install/controller:/home/ro01/workspace/ros2_ws/install/calibration:/opt/ros/jazzy DEBUGINFOD_URLS=https://debuginfod.ubuntu.com /usr/bin/cmake --install /home/ro01/workspace/ros2_ws/build/ldlidar_component
[1.228s] Level 1:colcon.colcon_core.environment:checking '/home/ro01/workspace/ros2_ws/install/ldlidar_component' for CMake module files
[1.229s] Level 1:colcon.colcon_core.environment:checking '/home/ro01/workspace/ros2_ws/install/ldlidar_component' for CMake config files
[1.229s] Level 1:colcon.colcon_core.shell:create_environment_hook('ldlidar_component', 'cmake_prefix_path')
[1.230s] INFO:colcon.colcon_core.shell:Creating environment hook '/home/ro01/workspace/ros2_ws/install/ldlidar_component/share/ldlidar_component/hook/cmake_prefix_path.ps1'
[1.231s] INFO:colcon.colcon_core.shell:Creating environment descriptor '/home/ro01/workspace/ros2_ws/install/ldlidar_component/share/ldlidar_component/hook/cmake_prefix_path.dsv'
[1.237s] INFO:colcon.colcon_core.shell:Creating environment hook '/home/ro01/workspace/ros2_ws/install/ldlidar_component/share/ldlidar_component/hook/cmake_prefix_path.sh'
[1.239s] Level 1:colcon.colcon_core.environment:checking '/home/ro01/workspace/ros2_ws/install/ldlidar_component/lib'
[1.239s] Level 1:colcon.colcon_core.shell:create_environment_hook('ldlidar_component', 'ld_library_path_lib')
[1.240s] INFO:colcon.colcon_core.shell:Creating environment hook '/home/ro01/workspace/ros2_ws/install/ldlidar_component/share/ldlidar_component/hook/ld_library_path_lib.ps1'
[1.241s] INFO:colcon.colcon_core.shell:Creating environment descriptor '/home/ro01/workspace/ros2_ws/install/ldlidar_component/share/ldlidar_component/hook/ld_library_path_lib.dsv'
[1.244s] INFO:colcon.colcon_core.shell:Creating environment hook '/home/ro01/workspace/ros2_ws/install/ldlidar_component/share/ldlidar_component/hook/ld_library_path_lib.sh'
[1.245s] Level 1:colcon.colcon_core.environment:checking '/home/ro01/workspace/ros2_ws/install/ldlidar_component/bin'
[1.245s] Level 1:colcon.colcon_core.environment:checking '/home/ro01/workspace/ros2_ws/install/ldlidar_component/lib/pkgconfig/ldlidar_component.pc'
[1.246s] Level 1:colcon.colcon_core.environment:checking '/home/ro01/workspace/ros2_ws/install/ldlidar_component/lib/python3.12/site-packages'
[1.246s] Level 1:colcon.colcon_core.environment:checking '/home/ro01/workspace/ros2_ws/install/ldlidar_component/bin'
[1.247s] INFO:colcon.colcon_core.shell:Creating package script '/home/ro01/workspace/ros2_ws/install/ldlidar_component/share/ldlidar_component/package.ps1'
[1.249s] INFO:colcon.colcon_core.shell:Creating package descriptor '/home/ro01/workspace/ros2_ws/install/ldlidar_component/share/ldlidar_component/package.dsv'
[1.251s] INFO:colcon.colcon_core.shell:Creating package script '/home/ro01/workspace/ros2_ws/install/ldlidar_component/share/ldlidar_component/package.sh'
[1.253s] INFO:colcon.colcon_core.shell:Creating package script '/home/ro01/workspace/ros2_ws/install/ldlidar_component/share/ldlidar_component/package.bash'
[1.255s] INFO:colcon.colcon_core.shell:Creating package script '/home/ro01/workspace/ros2_ws/install/ldlidar_component/share/ldlidar_component/package.zsh'
[1.256s] Level 1:colcon.colcon_core.environment:create_file_with_runtime_dependencies(/home/ro01/workspace/ros2_ws/install/ldlidar_component/share/colcon-core/packages/ldlidar_component)
[1.260s] Level 1:colcon.colcon_core.environment:create_environment_scripts_only(ldlidar_component)
[1.260s] Level 1:colcon.colcon_core.environment:checking '/home/ro01/workspace/ros2_ws/install/ldlidar_component' for CMake module files
[1.261s] Level 1:colcon.colcon_core.environment:checking '/home/ro01/workspace/ros2_ws/install/ldlidar_component' for CMake config files
[1.261s] Level 1:colcon.colcon_core.shell:create_environment_hook('ldlidar_component', 'cmake_prefix_path')
[1.261s] INFO:colcon.colcon_core.shell:Creating environment hook '/home/ro01/workspace/ros2_ws/install/ldlidar_component/share/ldlidar_component/hook/cmake_prefix_path.ps1'
[1.262s] INFO:colcon.colcon_core.shell:Creating environment descriptor '/home/ro01/workspace/ros2_ws/install/ldlidar_component/share/ldlidar_component/hook/cmake_prefix_path.dsv'
[1.264s] INFO:colcon.colcon_core.shell:Creating environment hook '/home/ro01/workspace/ros2_ws/install/ldlidar_component/share/ldlidar_component/hook/cmake_prefix_path.sh'
[1.265s] Level 1:colcon.colcon_core.environment:checking '/home/ro01/workspace/ros2_ws/install/ldlidar_component/lib'
[1.265s] Level 1:colcon.colcon_core.shell:create_environment_hook('ldlidar_component', 'ld_library_path_lib')
[1.266s] INFO:colcon.colcon_core.shell:Creating environment hook '/home/ro01/workspace/ros2_ws/install/ldlidar_component/share/ldlidar_component/hook/ld_library_path_lib.ps1'
[1.267s] INFO:colcon.colcon_core.shell:Creating environment descriptor '/home/ro01/workspace/ros2_ws/install/ldlidar_component/share/ldlidar_component/hook/ld_library_path_lib.dsv'
[1.268s] INFO:colcon.colcon_core.shell:Creating environment hook '/home/ro01/workspace/ros2_ws/install/ldlidar_component/share/ldlidar_component/hook/ld_library_path_lib.sh'
[1.270s] Level 1:colcon.colcon_core.environment:checking '/home/ro01/workspace/ros2_ws/install/ldlidar_component/bin'
[1.270s] Level 1:colcon.colcon_core.environment:checking '/home/ro01/workspace/ros2_ws/install/ldlidar_component/lib/pkgconfig/ldlidar_component.pc'
[1.271s] Level 1:colcon.colcon_core.environment:checking '/home/ro01/workspace/ros2_ws/install/ldlidar_component/lib/python3.12/site-packages'
[1.271s] Level 1:colcon.colcon_core.environment:checking '/home/ro01/workspace/ros2_ws/install/ldlidar_component/bin'
[1.272s] INFO:colcon.colcon_core.shell:Creating package script '/home/ro01/workspace/ros2_ws/install/ldlidar_component/share/ldlidar_component/package.ps1'
[1.274s] INFO:colcon.colcon_core.shell:Creating package descriptor '/home/ro01/workspace/ros2_ws/install/ldlidar_component/share/ldlidar_component/package.dsv'
[1.275s] INFO:colcon.colcon_core.shell:Creating package script '/home/ro01/workspace/ros2_ws/install/ldlidar_component/share/ldlidar_component/package.sh'
[1.276s] INFO:colcon.colcon_core.shell:Creating package script '/home/ro01/workspace/ros2_ws/install/ldlidar_component/share/ldlidar_component/package.bash'
[1.277s] INFO:colcon.colcon_core.shell:Creating package script '/home/ro01/workspace/ros2_ws/install/ldlidar_component/share/ldlidar_component/package.zsh'
[1.278s] Level 1:colcon.colcon_core.environment:create_file_with_runtime_dependencies(/home/ro01/workspace/ros2_ws/install/ldlidar_component/share/colcon-core/packages/ldlidar_component)
[1.281s] INFO:colcon.colcon_ros.task.ament_cmake.build:Building ROS package in '/home/ro01/workspace/ros2_ws/src/ldrobot-lidar-ros2/ldlidar_node' with build type 'ament_cmake'
[1.281s] INFO:colcon.colcon_cmake.task.cmake.build:Building CMake package in '/home/ro01/workspace/ros2_ws/src/ldrobot-lidar-ros2/ldlidar_node'
[1.281s] INFO:colcon.colcon_core.shell:Skip shell extension 'powershell' for command environment: Not usable outside of PowerShell
[1.281s] DEBUG:colcon.colcon_core.shell:Skip shell extension 'dsv' for command environment
[1.317s] DEBUG:colcon.colcon_core.event_handler.log_command:Invoking command in '/home/ro01/workspace/ros2_ws/build/ldlidar_node': CMAKE_PREFIX_PATH=/home/ro01/workspace/ros2_ws/install/ldlidar_component:/home/ro01/workspace/ros2_ws/install/ros_robot_controller_msgs:/home/ro01/workspace/ros2_ws/install/ldlidar:/home/ro01/workspace/ros2_ws/install/ldlidar_node:/home/ro01/workspace/ros2_ws/install/imu_calib:/opt/ros/jazzy/opt/gz_sim_vendor:/opt/ros/jazzy/opt/gz_sensors_vendor:/opt/ros/jazzy/opt/gz_physics_vendor:/opt/ros/jazzy/opt/sdformat_vendor:/opt/ros/jazzy/opt/gz_gui_vendor:/opt/ros/jazzy/opt/gz_transport_vendor:/opt/ros/jazzy/opt/gz_rendering_vendor:/opt/ros/jazzy/opt/gz_plugin_vendor:/opt/ros/jazzy/opt/gz_fuel_tools_vendor:/opt/ros/jazzy/opt/gz_msgs_vendor:/opt/ros/jazzy/opt/gz_common_vendor:/opt/ros/jazzy/opt/gz_math_vendor:/opt/ros/jazzy/opt/gz_utils_vendor:/opt/ros/jazzy/opt/gz_tools_vendor:/opt/ros/jazzy/opt/gz_ogre_next_vendor:/opt/ros/jazzy/opt/gz_dartsim_vendor:/opt/ros/jazzy/opt/gz_cmake_vendor:/home/ro01/workspace/ros2_ws/install/sdk:/home/ro01/workspace/ros2_ws/install/ros_robot_controller:/home/ro01/workspace/ros2_ws/install/peripherals:/home/ro01/workspace/ros2_ws/install/mentorpi_description:/home/ro01/workspace/ros2_ws/install/controller:/home/ro01/workspace/ros2_ws/install/calibration:/opt/ros/jazzy DEBUGINFOD_URLS=https://debuginfod.ubuntu.com LD_LIBRARY_PATH=/home/ro01/workspace/ros2_ws/install/ldlidar_component/lib:/home/ro01/workspace/ros2_ws/install/ros_robot_controller_msgs/lib:/opt/ros/jazzy/opt/gz_sim_vendor/lib:/opt/ros/jazzy/opt/gz_sensors_vendor/lib:/opt/ros/jazzy/opt/gz_physics_vendor/lib:/opt/ros/jazzy/opt/sdformat_vendor/lib:/opt/ros/jazzy/opt/rviz_ogre_vendor/lib:/opt/ros/jazzy/lib/aarch64-linux-gnu:/opt/ros/jazzy/opt/gz_gui_vendor/lib:/opt/ros/jazzy/opt/gz_transport_vendor/lib:/opt/ros/jazzy/opt/gz_rendering_vendor/lib:/opt/ros/jazzy/opt/gz_plugin_vendor/lib:/opt/ros/jazzy/opt/gz_fuel_tools_vendor/lib:/opt/ros/jazzy/opt/gz_msgs_vendor/lib:/opt/ros/jazzy/opt/gz_common_vendor/lib:/opt/ros/jazzy/opt/gz_math_vendor/lib:/opt/ros/jazzy/opt/gz_utils_vendor/lib:/opt/ros/jazzy/opt/gz_tools_vendor/lib:/opt/ros/jazzy/opt/gz_ogre_next_vendor/lib:/opt/ros/jazzy/opt/gz_dartsim_vendor/lib:/opt/ros/jazzy/opt/gz_cmake_vendor/lib:/opt/ros/jazzy/lib /usr/bin/cmake --build /home/ro01/workspace/ros2_ws/build/ldlidar_node -- -j4 -l4
[1.529s] DEBUG:colcon.colcon_core.event_handler.log_command:Invoked command in '/home/ro01/workspace/ros2_ws/build/imu_calib' returned '0': CMAKE_PREFIX_PATH=${CMAKE_PREFIX_PATH}:/home/ro01/workspace/ros2_ws/install/sdk:/home/ro01/workspace/ros2_ws/install/ros_robot_controller:/home/ro01/workspace/ros2_ws/install/peripherals:/home/ro01/workspace/ros2_ws/install/mentorpi_description:/home/ro01/workspace/ros2_ws/install/controller:/home/ro01/workspace/ros2_ws/install/calibration:/opt/ros/jazzy DEBUGINFOD_URLS=https://debuginfod.ubuntu.com /usr/bin/cmake --build /home/ro01/workspace/ros2_ws/build/imu_calib -- -j4 -l4
[1.530s] DEBUG:colcon.colcon_core.event_handler.log_command:Invoking command in '/home/ro01/workspace/ros2_ws/build/imu_calib': CMAKE_PREFIX_PATH=${CMAKE_PREFIX_PATH}:/home/ro01/workspace/ros2_ws/install/sdk:/home/ro01/workspace/ros2_ws/install/ros_robot_controller:/home/ro01/workspace/ros2_ws/install/peripherals:/home/ro01/workspace/ros2_ws/install/mentorpi_description:/home/ro01/workspace/ros2_ws/install/controller:/home/ro01/workspace/ros2_ws/install/calibration:/opt/ros/jazzy DEBUGINFOD_URLS=https://debuginfod.ubuntu.com /usr/bin/cmake --install /home/ro01/workspace/ros2_ws/build/imu_calib
[1.553s] DEBUG:colcon.colcon_core.event_handler.log_command:Invoked command in '/home/ro01/workspace/ros2_ws/build/ldlidar_node' returned '0': CMAKE_PREFIX_PATH=/home/ro01/workspace/ros2_ws/install/ldlidar_component:/home/ro01/workspace/ros2_ws/install/ros_robot_controller_msgs:/home/ro01/workspace/ros2_ws/install/ldlidar:/home/ro01/workspace/ros2_ws/install/ldlidar_node:/home/ro01/workspace/ros2_ws/install/imu_calib:/opt/ros/jazzy/opt/gz_sim_vendor:/opt/ros/jazzy/opt/gz_sensors_vendor:/opt/ros/jazzy/opt/gz_physics_vendor:/opt/ros/jazzy/opt/sdformat_vendor:/opt/ros/jazzy/opt/gz_gui_vendor:/opt/ros/jazzy/opt/gz_transport_vendor:/opt/ros/jazzy/opt/gz_rendering_vendor:/opt/ros/jazzy/opt/gz_plugin_vendor:/opt/ros/jazzy/opt/gz_fuel_tools_vendor:/opt/ros/jazzy/opt/gz_msgs_vendor:/opt/ros/jazzy/opt/gz_common_vendor:/opt/ros/jazzy/opt/gz_math_vendor:/opt/ros/jazzy/opt/gz_utils_vendor:/opt/ros/jazzy/opt/gz_tools_vendor:/opt/ros/jazzy/opt/gz_ogre_next_vendor:/opt/ros/jazzy/opt/gz_dartsim_vendor:/opt/ros/jazzy/opt/gz_cmake_vendor:/home/ro01/workspace/ros2_ws/install/sdk:/home/ro01/workspace/ros2_ws/install/ros_robot_controller:/home/ro01/workspace/ros2_ws/install/peripherals:/home/ro01/workspace/ros2_ws/install/mentorpi_description:/home/ro01/workspace/ros2_ws/install/controller:/home/ro01/workspace/ros2_ws/install/calibration:/opt/ros/jazzy DEBUGINFOD_URLS=https://debuginfod.ubuntu.com LD_LIBRARY_PATH=/home/ro01/workspace/ros2_ws/install/ldlidar_component/lib:/home/ro01/workspace/ros2_ws/install/ros_robot_controller_msgs/lib:/opt/ros/jazzy/opt/gz_sim_vendor/lib:/opt/ros/jazzy/opt/gz_sensors_vendor/lib:/opt/ros/jazzy/opt/gz_physics_vendor/lib:/opt/ros/jazzy/opt/sdformat_vendor/lib:/opt/ros/jazzy/opt/rviz_ogre_vendor/lib:/opt/ros/jazzy/lib/aarch64-linux-gnu:/opt/ros/jazzy/opt/gz_gui_vendor/lib:/opt/ros/jazzy/opt/gz_transport_vendor/lib:/opt/ros/jazzy/opt/gz_rendering_vendor/lib:/opt/ros/jazzy/opt/gz_plugin_vendor/lib:/opt/ros/jazzy/opt/gz_fuel_tools_vendor/lib:/opt/ros/jazzy/opt/gz_msgs_vendor/lib:/opt/ros/jazzy/opt/gz_common_vendor/lib:/opt/ros/jazzy/opt/gz_math_vendor/lib:/opt/ros/jazzy/opt/gz_utils_vendor/lib:/opt/ros/jazzy/opt/gz_tools_vendor/lib:/opt/ros/jazzy/opt/gz_ogre_next_vendor/lib:/opt/ros/jazzy/opt/gz_dartsim_vendor/lib:/opt/ros/jazzy/opt/gz_cmake_vendor/lib:/opt/ros/jazzy/lib /usr/bin/cmake --build /home/ro01/workspace/ros2_ws/build/ldlidar_node -- -j4 -l4
[1.554s] DEBUG:colcon.colcon_core.event_handler.log_command:Invoking command in '/home/ro01/workspace/ros2_ws/build/ldlidar_node': CMAKE_PREFIX_PATH=/home/ro01/workspace/ros2_ws/install/ldlidar_component:/home/ro01/workspace/ros2_ws/install/ros_robot_controller_msgs:/home/ro01/workspace/ros2_ws/install/ldlidar:/home/ro01/workspace/ros2_ws/install/ldlidar_node:/home/ro01/workspace/ros2_ws/install/imu_calib:/opt/ros/jazzy/opt/gz_sim_vendor:/opt/ros/jazzy/opt/gz_sensors_vendor:/opt/ros/jazzy/opt/gz_physics_vendor:/opt/ros/jazzy/opt/sdformat_vendor:/opt/ros/jazzy/opt/gz_gui_vendor:/opt/ros/jazzy/opt/gz_transport_vendor:/opt/ros/jazzy/opt/gz_rendering_vendor:/opt/ros/jazzy/opt/gz_plugin_vendor:/opt/ros/jazzy/opt/gz_fuel_tools_vendor:/opt/ros/jazzy/opt/gz_msgs_vendor:/opt/ros/jazzy/opt/gz_common_vendor:/opt/ros/jazzy/opt/gz_math_vendor:/opt/ros/jazzy/opt/gz_utils_vendor:/opt/ros/jazzy/opt/gz_tools_vendor:/opt/ros/jazzy/opt/gz_ogre_next_vendor:/opt/ros/jazzy/opt/gz_dartsim_vendor:/opt/ros/jazzy/opt/gz_cmake_vendor:/home/ro01/workspace/ros2_ws/install/sdk:/home/ro01/workspace/ros2_ws/install/ros_robot_controller:/home/ro01/workspace/ros2_ws/install/peripherals:/home/ro01/workspace/ros2_ws/install/mentorpi_description:/home/ro01/workspace/ros2_ws/install/controller:/home/ro01/workspace/ros2_ws/install/calibration:/opt/ros/jazzy DEBUGINFOD_URLS=https://debuginfod.ubuntu.com LD_LIBRARY_PATH=/home/ro01/workspace/ros2_ws/install/ldlidar_component/lib:/home/ro01/workspace/ros2_ws/install/ros_robot_controller_msgs/lib:/opt/ros/jazzy/opt/gz_sim_vendor/lib:/opt/ros/jazzy/opt/gz_sensors_vendor/lib:/opt/ros/jazzy/opt/gz_physics_vendor/lib:/opt/ros/jazzy/opt/sdformat_vendor/lib:/opt/ros/jazzy/opt/rviz_ogre_vendor/lib:/opt/ros/jazzy/lib/aarch64-linux-gnu:/opt/ros/jazzy/opt/gz_gui_vendor/lib:/opt/ros/jazzy/opt/gz_transport_vendor/lib:/opt/ros/jazzy/opt/gz_rendering_vendor/lib:/opt/ros/jazzy/opt/gz_plugin_vendor/lib:/opt/ros/jazzy/opt/gz_fuel_tools_vendor/lib:/opt/ros/jazzy/opt/gz_msgs_vendor/lib:/opt/ros/jazzy/opt/gz_common_vendor/lib:/opt/ros/jazzy/opt/gz_math_vendor/lib:/opt/ros/jazzy/opt/gz_utils_vendor/lib:/opt/ros/jazzy/opt/gz_tools_vendor/lib:/opt/ros/jazzy/opt/gz_ogre_next_vendor/lib:/opt/ros/jazzy/opt/gz_dartsim_vendor/lib:/opt/ros/jazzy/opt/gz_cmake_vendor/lib:/opt/ros/jazzy/lib /usr/bin/cmake --install /home/ro01/workspace/ros2_ws/build/ldlidar_node
[1.565s] Level 1:colcon.colcon_core.environment:create_environment_scripts_only(imu_calib)
[1.566s] Level 1:colcon.colcon_core.environment:checking '/home/ro01/workspace/ros2_ws/install/imu_calib' for CMake module files
[1.567s] Level 1:colcon.colcon_core.environment:checking '/home/ro01/workspace/ros2_ws/install/imu_calib' for CMake config files
[1.568s] Level 1:colcon.colcon_core.shell:create_environment_hook('imu_calib', 'cmake_prefix_path')
[1.568s] INFO:colcon.colcon_core.shell:Creating environment hook '/home/ro01/workspace/ros2_ws/install/imu_calib/share/imu_calib/hook/cmake_prefix_path.ps1'
[1.569s] DEBUG:colcon.colcon_core.event_handler.log_command:Invoked command in '/home/ro01/workspace/ros2_ws/build/imu_calib' returned '0': CMAKE_PREFIX_PATH=${CMAKE_PREFIX_PATH}:/home/ro01/workspace/ros2_ws/install/sdk:/home/ro01/workspace/ros2_ws/install/ros_robot_controller:/home/ro01/workspace/ros2_ws/install/peripherals:/home/ro01/workspace/ros2_ws/install/mentorpi_description:/home/ro01/workspace/ros2_ws/install/controller:/home/ro01/workspace/ros2_ws/install/calibration:/opt/ros/jazzy DEBUGINFOD_URLS=https://debuginfod.ubuntu.com /usr/bin/cmake --install /home/ro01/workspace/ros2_ws/build/imu_calib
[1.570s] INFO:colcon.colcon_core.shell:Creating environment descriptor '/home/ro01/workspace/ros2_ws/install/imu_calib/share/imu_calib/hook/cmake_prefix_path.dsv'
[1.570s] INFO:colcon.colcon_core.shell:Creating environment hook '/home/ro01/workspace/ros2_ws/install/imu_calib/share/imu_calib/hook/cmake_prefix_path.sh'
[1.572s] Level 1:colcon.colcon_core.environment:checking '/home/ro01/workspace/ros2_ws/install/imu_calib/lib'
[1.572s] Level 1:colcon.colcon_core.environment:checking '/home/ro01/workspace/ros2_ws/install/imu_calib/bin'
[1.572s] Level 1:colcon.colcon_core.environment:checking '/home/ro01/workspace/ros2_ws/install/imu_calib/lib/pkgconfig/imu_calib.pc'
[1.572s] Level 1:colcon.colcon_core.environment:checking '/home/ro01/workspace/ros2_ws/install/imu_calib/lib/python3.12/site-packages'
[1.573s] Level 1:colcon.colcon_core.environment:checking '/home/ro01/workspace/ros2_ws/install/imu_calib/bin'
[1.573s] INFO:colcon.colcon_core.shell:Creating package script '/home/ro01/workspace/ros2_ws/install/imu_calib/share/imu_calib/package.ps1'
[1.574s] INFO:colcon.colcon_core.shell:Creating package descriptor '/home/ro01/workspace/ros2_ws/install/imu_calib/share/imu_calib/package.dsv'
[1.577s] INFO:colcon.colcon_core.shell:Creating package script '/home/ro01/workspace/ros2_ws/install/imu_calib/share/imu_calib/package.sh'
[1.580s] INFO:colcon.colcon_core.shell:Creating package script '/home/ro01/workspace/ros2_ws/install/imu_calib/share/imu_calib/package.bash'
[1.581s] INFO:colcon.colcon_core.shell:Creating package script '/home/ro01/workspace/ros2_ws/install/imu_calib/share/imu_calib/package.zsh'
[1.582s] Level 1:colcon.colcon_core.environment:create_file_with_runtime_dependencies(/home/ro01/workspace/ros2_ws/install/imu_calib/share/colcon-core/packages/imu_calib)
[1.584s] Level 1:colcon.colcon_core.environment:create_environment_scripts_only(imu_calib)
[1.584s] Level 1:colcon.colcon_core.environment:checking '/home/ro01/workspace/ros2_ws/install/imu_calib' for CMake module files
[1.585s] Level 1:colcon.colcon_core.environment:checking '/home/ro01/workspace/ros2_ws/install/imu_calib' for CMake config files
[1.585s] Level 1:colcon.colcon_core.shell:create_environment_hook('imu_calib', 'cmake_prefix_path')
[1.586s] INFO:colcon.colcon_core.shell:Creating environment hook '/home/ro01/workspace/ros2_ws/install/imu_calib/share/imu_calib/hook/cmake_prefix_path.ps1'
[1.586s] INFO:colcon.colcon_core.shell:Creating environment descriptor '/home/ro01/workspace/ros2_ws/install/imu_calib/share/imu_calib/hook/cmake_prefix_path.dsv'
[1.588s] INFO:colcon.colcon_core.shell:Creating environment hook '/home/ro01/workspace/ros2_ws/install/imu_calib/share/imu_calib/hook/cmake_prefix_path.sh'
[1.589s] Level 1:colcon.colcon_core.environment:checking '/home/ro01/workspace/ros2_ws/install/imu_calib/lib'
[1.590s] Level 1:colcon.colcon_core.environment:checking '/home/ro01/workspace/ros2_ws/install/imu_calib/bin'
[1.590s] Level 1:colcon.colcon_core.environment:checking '/home/ro01/workspace/ros2_ws/install/imu_calib/lib/pkgconfig/imu_calib.pc'
[1.590s] Level 1:colcon.colcon_core.environment:checking '/home/ro01/workspace/ros2_ws/install/imu_calib/lib/python3.12/site-packages'
[1.590s] Level 1:colcon.colcon_core.environment:checking '/home/ro01/workspace/ros2_ws/install/imu_calib/bin'
[1.591s] INFO:colcon.colcon_core.shell:Creating package script '/home/ro01/workspace/ros2_ws/install/imu_calib/share/imu_calib/package.ps1'
[1.592s] INFO:colcon.colcon_core.shell:Creating package descriptor '/home/ro01/workspace/ros2_ws/install/imu_calib/share/imu_calib/package.dsv'
[1.593s] INFO:colcon.colcon_core.shell:Creating package script '/home/ro01/workspace/ros2_ws/install/imu_calib/share/imu_calib/package.sh'
[1.594s] INFO:colcon.colcon_core.shell:Creating package script '/home/ro01/workspace/ros2_ws/install/imu_calib/share/imu_calib/package.bash'
[1.595s] INFO:colcon.colcon_core.shell:Creating package script '/home/ro01/workspace/ros2_ws/install/imu_calib/share/imu_calib/package.zsh'
[1.598s] Level 1:colcon.colcon_core.environment:create_file_with_runtime_dependencies(/home/ro01/workspace/ros2_ws/install/imu_calib/share/colcon-core/packages/imu_calib)
[1.600s] INFO:colcon.colcon_ros.task.ament_python.build:Building ROS package in '/home/ro01/workspace/ros2_ws/src/simulations/mentorpi_description' with build type 'ament_python'
[1.601s] Level 1:colcon.colcon_core.shell:create_environment_hook('mentorpi_description', 'ament_prefix_path')
[1.601s] INFO:colcon.colcon_core.shell:Creating environment hook '/home/ro01/workspace/ros2_ws/install/mentorpi_description/share/mentorpi_description/hook/ament_prefix_path.ps1'
[1.602s] INFO:colcon.colcon_core.shell:Creating environment descriptor '/home/ro01/workspace/ros2_ws/install/mentorpi_description/share/mentorpi_description/hook/ament_prefix_path.dsv'
[1.604s] INFO:colcon.colcon_core.shell:Creating environment hook '/home/ro01/workspace/ros2_ws/install/mentorpi_description/share/mentorpi_description/hook/ament_prefix_path.sh'
[1.606s] INFO:colcon.colcon_core.shell:Skip shell extension 'powershell' for command environment: Not usable outside of PowerShell
[1.606s] DEBUG:colcon.colcon_core.shell:Skip shell extension 'dsv' for command environment
[1.613s] Level 1:colcon.colcon_core.environment:create_environment_scripts_only(ldlidar_node)
[1.614s] Level 1:colcon.colcon_core.environment:checking '/home/ro01/workspace/ros2_ws/install/ldlidar_node' for CMake module files
[1.615s] Level 1:colcon.colcon_core.environment:checking '/home/ro01/workspace/ros2_ws/install/ldlidar_node' for CMake config files
[1.614s] DEBUG:colcon.colcon_core.event_handler.log_command:Invoked command in '/home/ro01/workspace/ros2_ws/build/ldlidar_node' returned '0': CMAKE_PREFIX_PATH=/home/ro01/workspace/ros2_ws/install/ldlidar_component:/home/ro01/workspace/ros2_ws/install/ros_robot_controller_msgs:/home/ro01/workspace/ros2_ws/install/ldlidar:/home/ro01/workspace/ros2_ws/install/ldlidar_node:/home/ro01/workspace/ros2_ws/install/imu_calib:/opt/ros/jazzy/opt/gz_sim_vendor:/opt/ros/jazzy/opt/gz_sensors_vendor:/opt/ros/jazzy/opt/gz_physics_vendor:/opt/ros/jazzy/opt/sdformat_vendor:/opt/ros/jazzy/opt/gz_gui_vendor:/opt/ros/jazzy/opt/gz_transport_vendor:/opt/ros/jazzy/opt/gz_rendering_vendor:/opt/ros/jazzy/opt/gz_plugin_vendor:/opt/ros/jazzy/opt/gz_fuel_tools_vendor:/opt/ros/jazzy/opt/gz_msgs_vendor:/opt/ros/jazzy/opt/gz_common_vendor:/opt/ros/jazzy/opt/gz_math_vendor:/opt/ros/jazzy/opt/gz_utils_vendor:/opt/ros/jazzy/opt/gz_tools_vendor:/opt/ros/jazzy/opt/gz_ogre_next_vendor:/opt/ros/jazzy/opt/gz_dartsim_vendor:/opt/ros/jazzy/opt/gz_cmake_vendor:/home/ro01/workspace/ros2_ws/install/sdk:/home/ro01/workspace/ros2_ws/install/ros_robot_controller:/home/ro01/workspace/ros2_ws/install/peripherals:/home/ro01/workspace/ros2_ws/install/mentorpi_description:/home/ro01/workspace/ros2_ws/install/controller:/home/ro01/workspace/ros2_ws/install/calibration:/opt/ros/jazzy DEBUGINFOD_URLS=https://debuginfod.ubuntu.com LD_LIBRARY_PATH=/home/ro01/workspace/ros2_ws/install/ldlidar_component/lib:/home/ro01/workspace/ros2_ws/install/ros_robot_controller_msgs/lib:/opt/ros/jazzy/opt/gz_sim_vendor/lib:/opt/ros/jazzy/opt/gz_sensors_vendor/lib:/opt/ros/jazzy/opt/gz_physics_vendor/lib:/opt/ros/jazzy/opt/sdformat_vendor/lib:/opt/ros/jazzy/opt/rviz_ogre_vendor/lib:/opt/ros/jazzy/lib/aarch64-linux-gnu:/opt/ros/jazzy/opt/gz_gui_vendor/lib:/opt/ros/jazzy/opt/gz_transport_vendor/lib:/opt/ros/jazzy/opt/gz_rendering_vendor/lib:/opt/ros/jazzy/opt/gz_plugin_vendor/lib:/opt/ros/jazzy/opt/gz_fuel_tools_vendor/lib:/opt/ros/jazzy/opt/gz_msgs_vendor/lib:/opt/ros/jazzy/opt/gz_common_vendor/lib:/opt/ros/jazzy/opt/gz_math_vendor/lib:/opt/ros/jazzy/opt/gz_utils_vendor/lib:/opt/ros/jazzy/opt/gz_tools_vendor/lib:/opt/ros/jazzy/opt/gz_ogre_next_vendor/lib:/opt/ros/jazzy/opt/gz_dartsim_vendor/lib:/opt/ros/jazzy/opt/gz_cmake_vendor/lib:/opt/ros/jazzy/lib /usr/bin/cmake --install /home/ro01/workspace/ros2_ws/build/ldlidar_node
[1.616s] Level 1:colcon.colcon_core.shell:create_environment_hook('ldlidar_node', 'cmake_prefix_path')
[1.616s] INFO:colcon.colcon_core.shell:Creating environment hook '/home/ro01/workspace/ros2_ws/install/ldlidar_node/share/ldlidar_node/hook/cmake_prefix_path.ps1'
[1.617s] INFO:colcon.colcon_core.shell:Creating environment descriptor '/home/ro01/workspace/ros2_ws/install/ldlidar_node/share/ldlidar_node/hook/cmake_prefix_path.dsv'
[1.618s] INFO:colcon.colcon_core.shell:Creating environment hook '/home/ro01/workspace/ros2_ws/install/ldlidar_node/share/ldlidar_node/hook/cmake_prefix_path.sh'
[1.620s] Level 1:colcon.colcon_core.environment:checking '/home/ro01/workspace/ros2_ws/install/ldlidar_node/lib'
[1.620s] Level 1:colcon.colcon_core.environment:checking '/home/ro01/workspace/ros2_ws/install/ldlidar_node/bin'
[1.620s] Level 1:colcon.colcon_core.environment:checking '/home/ro01/workspace/ros2_ws/install/ldlidar_node/lib/pkgconfig/ldlidar_node.pc'
[1.620s] Level 1:colcon.colcon_core.environment:checking '/home/ro01/workspace/ros2_ws/install/ldlidar_node/lib/python3.12/site-packages'
[1.621s] Level 1:colcon.colcon_core.environment:checking '/home/ro01/workspace/ros2_ws/install/ldlidar_node/bin'
[1.621s] INFO:colcon.colcon_core.shell:Creating package script '/home/ro01/workspace/ros2_ws/install/ldlidar_node/share/ldlidar_node/package.ps1'
[1.622s] INFO:colcon.colcon_core.shell:Creating package descriptor '/home/ro01/workspace/ros2_ws/install/ldlidar_node/share/ldlidar_node/package.dsv'
[1.623s] INFO:colcon.colcon_core.shell:Creating package script '/home/ro01/workspace/ros2_ws/install/ldlidar_node/share/ldlidar_node/package.sh'
[1.624s] INFO:colcon.colcon_core.shell:Creating package script '/home/ro01/workspace/ros2_ws/install/ldlidar_node/share/ldlidar_node/package.bash'
[1.625s] INFO:colcon.colcon_core.shell:Creating package script '/home/ro01/workspace/ros2_ws/install/ldlidar_node/share/ldlidar_node/package.zsh'
[1.626s] Level 1:colcon.colcon_core.environment:create_file_with_runtime_dependencies(/home/ro01/workspace/ros2_ws/install/ldlidar_node/share/colcon-core/packages/ldlidar_node)
[1.628s] Level 1:colcon.colcon_core.environment:create_environment_scripts_only(ldlidar_node)
[1.628s] Level 1:colcon.colcon_core.environment:checking '/home/ro01/workspace/ros2_ws/install/ldlidar_node' for CMake module files
[1.629s] Level 1:colcon.colcon_core.environment:checking '/home/ro01/workspace/ros2_ws/install/ldlidar_node' for CMake config files
[1.629s] Level 1:colcon.colcon_core.shell:create_environment_hook('ldlidar_node', 'cmake_prefix_path')
[1.629s] INFO:colcon.colcon_core.shell:Creating environment hook '/home/ro01/workspace/ros2_ws/install/ldlidar_node/share/ldlidar_node/hook/cmake_prefix_path.ps1'
[1.630s] INFO:colcon.colcon_core.shell:Creating environment descriptor '/home/ro01/workspace/ros2_ws/install/ldlidar_node/share/ldlidar_node/hook/cmake_prefix_path.dsv'
[1.631s] INFO:colcon.colcon_core.shell:Creating environment hook '/home/ro01/workspace/ros2_ws/install/ldlidar_node/share/ldlidar_node/hook/cmake_prefix_path.sh'
[1.633s] Level 1:colcon.colcon_core.environment:checking '/home/ro01/workspace/ros2_ws/install/ldlidar_node/lib'
[1.633s] Level 1:colcon.colcon_core.environment:checking '/home/ro01/workspace/ros2_ws/install/ldlidar_node/bin'
[1.633s] Level 1:colcon.colcon_core.environment:checking '/home/ro01/workspace/ros2_ws/install/ldlidar_node/lib/pkgconfig/ldlidar_node.pc'
[1.634s] Level 1:colcon.colcon_core.environment:checking '/home/ro01/workspace/ros2_ws/install/ldlidar_node/lib/python3.12/site-packages'
[1.634s] Level 1:colcon.colcon_core.environment:checking '/home/ro01/workspace/ros2_ws/install/ldlidar_node/bin'
[1.634s] INFO:colcon.colcon_core.shell:Creating package script '/home/ro01/workspace/ros2_ws/install/ldlidar_node/share/ldlidar_node/package.ps1'
[1.635s] INFO:colcon.colcon_core.shell:Creating package descriptor '/home/ro01/workspace/ros2_ws/install/ldlidar_node/share/ldlidar_node/package.dsv'
[1.636s] INFO:colcon.colcon_core.shell:Creating package script '/home/ro01/workspace/ros2_ws/install/ldlidar_node/share/ldlidar_node/package.sh'
[1.637s] INFO:colcon.colcon_core.shell:Creating package script '/home/ro01/workspace/ros2_ws/install/ldlidar_node/share/ldlidar_node/package.bash'
[1.638s] INFO:colcon.colcon_core.shell:Creating package script '/home/ro01/workspace/ros2_ws/install/ldlidar_node/share/ldlidar_node/package.zsh'
[1.640s] Level 1:colcon.colcon_core.environment:create_file_with_runtime_dependencies(/home/ro01/workspace/ros2_ws/install/ldlidar_node/share/colcon-core/packages/ldlidar_node)
[1.644s] INFO:colcon.colcon_ros.task.ament_python.build:Building ROS package in '/home/ro01/workspace/ros2_ws/src/peripherals' with build type 'ament_python'
[1.644s] Level 1:colcon.colcon_core.shell:create_environment_hook('peripherals', 'ament_prefix_path')
[1.645s] INFO:colcon.colcon_core.shell:Creating environment hook '/home/ro01/workspace/ros2_ws/install/peripherals/share/peripherals/hook/ament_prefix_path.ps1'
[1.645s] INFO:colcon.colcon_core.shell:Creating environment descriptor '/home/ro01/workspace/ros2_ws/install/peripherals/share/peripherals/hook/ament_prefix_path.dsv'
[1.647s] INFO:colcon.colcon_core.shell:Creating environment hook '/home/ro01/workspace/ros2_ws/install/peripherals/share/peripherals/hook/ament_prefix_path.sh'
[1.648s] INFO:colcon.colcon_core.shell:Skip shell extension 'powershell' for command environment: Not usable outside of PowerShell
[1.649s] DEBUG:colcon.colcon_core.shell:Skip shell extension 'dsv' for command environment
[1.657s] DEBUG:colcon.colcon_parallel_executor.executor.parallel:run_until_complete was interrupted
[1.658s] DEBUG:colcon.colcon_parallel_executor.executor.parallel:run_until_complete again
[1.763s] DEBUG:colcon.colcon_parallel_executor.executor.parallel:run_until_complete finished
[1.763s] DEBUG:colcon.colcon_parallel_executor.executor.parallel:closing loop
[1.763s] DEBUG:colcon.colcon_parallel_executor.executor.parallel:loop closed
[1.763s] DEBUG:colcon.colcon_core.event_reactor:joining thread
[1.774s] INFO:colcon.colcon_core.plugin_system:Skipping extension 'colcon_notification.desktop_notification.terminal_notifier': Not used on non-Darwin systems
[1.774s] INFO:colcon.colcon_core.plugin_system:Skipping extension 'colcon_notification.desktop_notification.win32': Not used on non-Windows systems
[1.774s] INFO:colcon.colcon_notification.desktop_notification:Sending desktop notification using 'notify2'
[1.795s] DEBUG:colcon.colcon_core.event_reactor:joined thread
[1.796s] INFO:colcon.colcon_core.shell:Creating prefix script '/home/ro01/workspace/ros2_ws/install/local_setup.ps1'
[1.797s] INFO:colcon.colcon_core.shell:Creating prefix util module '/home/ro01/workspace/ros2_ws/install/_local_setup_util_ps1.py'
[1.803s] INFO:colcon.colcon_core.shell:Creating prefix chain script '/home/ro01/workspace/ros2_ws/install/setup.ps1'
[1.806s] INFO:colcon.colcon_core.shell:Creating prefix script '/home/ro01/workspace/ros2_ws/install/local_setup.sh'
[1.807s] INFO:colcon.colcon_core.shell:Creating prefix util module '/home/ro01/workspace/ros2_ws/install/_local_setup_util_sh.py'
[1.808s] INFO:colcon.colcon_core.shell:Creating prefix chain script '/home/ro01/workspace/ros2_ws/install/setup.sh'
[1.810s] INFO:colcon.colcon_core.shell:Creating prefix script '/home/ro01/workspace/ros2_ws/install/local_setup.bash'
[1.811s] INFO:colcon.colcon_core.shell:Creating prefix chain script '/home/ro01/workspace/ros2_ws/install/setup.bash'
[1.814s] INFO:colcon.colcon_core.shell:Creating prefix script '/home/ro01/workspace/ros2_ws/install/local_setup.zsh'
[1.815s] INFO:colcon.colcon_core.shell:Creating prefix chain script '/home/ro01/workspace/ros2_ws/install/setup.zsh'
