[3.273s] Invoking command in '/home/oli/Desktop/Oliver/Uni/MA/RepoTrajektorienfolgeregelung/MA-Trajektorienfolgeregelung/workspace/ros2_ws/src/trajektorienfolgeregelung': DEBUGINFOD_URLS=https://debuginfod.ubuntu.com PYTHONPATH=/home/oli/Desktop/Oliver/Uni/MA/RepoTrajektorienfolgeregelung/MA-Trajektorienfolgeregelung/workspace/ros2_ws/build/trajektorienfolgeregelung/prefix_override:/usr/lib/python3/dist-packages/colcon_core/task/python/colcon_distutils_commands:/home/oli/Desktop/Oliver/Uni/MA/RepoTrajektorienfolgeregelung/MA-Trajektorienfolgeregelung/workspace/ros2_ws/install/trajektorienfolgeregelung/lib/python3.12/site-packages:${PYTHONPATH} /usr/bin/python3 -W ignore:setup.py install is deprecated -W ignore:easy_install command is deprecated setup.py egg_info --egg-base ../../build/trajektorienfolgeregelung build --build-base /home/oli/Desktop/Oliver/Uni/MA/RepoTrajektorienfolgeregelung/MA-Trajektorienfolgeregelung/workspace/ros2_ws/build/trajektorienfolgeregelung/build install --record /home/oli/Desktop/Oliver/Uni/MA/RepoTrajektorienfolgeregelung/MA-Trajektorienfolgeregelung/workspace/ros2_ws/build/trajektorienfolgeregelung/install.log --single-version-externally-managed install_data
[4.142s] running egg_info
[4.143s] creating ../../build/trajektorienfolgeregelung/trajektorienfolgeregelung.egg-info
[4.190s] writing ../../build/trajektorienfolgeregelung/trajektorienfolgeregelung.egg-info/PKG-INFO
[4.190s] writing dependency_links to ../../build/trajektorienfolgeregelung/trajektorienfolgeregelung.egg-info/dependency_links.txt
[4.191s] writing requirements to ../../build/trajektorienfolgeregelung/trajektorienfolgeregelung.egg-info/requires.txt
[4.191s] writing top-level names to ../../build/trajektorienfolgeregelung/trajektorienfolgeregelung.egg-info/top_level.txt
[4.191s] writing manifest file '../../build/trajektorienfolgeregelung/trajektorienfolgeregelung.egg-info/SOURCES.txt'
[4.277s] reading manifest file '../../build/trajektorienfolgeregelung/trajektorienfolgeregelung.egg-info/SOURCES.txt'
[4.277s] adding license file 'LICENSE'
[4.278s] writing manifest file '../../build/trajektorienfolgeregelung/trajektorienfolgeregelung.egg-info/SOURCES.txt'
[4.279s] running build
[4.279s] running build_py
[4.279s] creating /home/oli/Desktop/Oliver/Uni/MA/RepoTrajektorienfolgeregelung/MA-Trajektorienfolgeregelung/workspace/ros2_ws/build/trajektorienfolgeregelung/build
[4.279s] creating /home/oli/Desktop/Oliver/Uni/MA/RepoTrajektorienfolgeregelung/MA-Trajektorienfolgeregelung/workspace/ros2_ws/build/trajektorienfolgeregelung/build/lib
[4.279s] creating /home/oli/Desktop/Oliver/Uni/MA/RepoTrajektorienfolgeregelung/MA-Trajektorienfolgeregelung/workspace/ros2_ws/build/trajektorienfolgeregelung/build/lib/trajektorienfolgeregelung
[4.280s] copying trajektorienfolgeregelung/__init__.py -> /home/oli/Desktop/Oliver/Uni/MA/RepoTrajektorienfolgeregelung/MA-Trajektorienfolgeregelung/workspace/ros2_ws/build/trajektorienfolgeregelung/build/lib/trajektorienfolgeregelung
[4.280s] running install
[4.290s] running install_lib
[4.333s] creating /home/oli/Desktop/Oliver/Uni/MA/RepoTrajektorienfolgeregelung/MA-Trajektorienfolgeregelung/workspace/ros2_ws/install/trajektorienfolgeregelung/lib/python3.12/site-packages/trajektorienfolgeregelung
[4.333s] copying /home/oli/Desktop/Oliver/Uni/MA/RepoTrajektorienfolgeregelung/MA-Trajektorienfolgeregelung/workspace/ros2_ws/build/trajektorienfolgeregelung/build/lib/trajektorienfolgeregelung/__init__.py -> /home/oli/Desktop/Oliver/Uni/MA/RepoTrajektorienfolgeregelung/MA-Trajektorienfolgeregelung/workspace/ros2_ws/install/trajektorienfolgeregelung/lib/python3.12/site-packages/trajektorienfolgeregelung
[4.334s] byte-compiling /home/oli/Desktop/Oliver/Uni/MA/RepoTrajektorienfolgeregelung/MA-Trajektorienfolgeregelung/workspace/ros2_ws/install/trajektorienfolgeregelung/lib/python3.12/site-packages/trajektorienfolgeregelung/__init__.py to __init__.cpython-312.pyc
[4.334s] running install_data
[4.335s] creating /home/oli/Desktop/Oliver/Uni/MA/RepoTrajektorienfolgeregelung/MA-Trajektorienfolgeregelung/workspace/ros2_ws/install/trajektorienfolgeregelung/share/ament_index
[4.335s] creating /home/oli/Desktop/Oliver/Uni/MA/RepoTrajektorienfolgeregelung/MA-Trajektorienfolgeregelung/workspace/ros2_ws/install/trajektorienfolgeregelung/share/ament_index/resource_index
[4.335s] creating /home/oli/Desktop/Oliver/Uni/MA/RepoTrajektorienfolgeregelung/MA-Trajektorienfolgeregelung/workspace/ros2_ws/install/trajektorienfolgeregelung/share/ament_index/resource_index/packages
[4.335s] copying resource/trajektorienfolgeregelung -> /home/oli/Desktop/Oliver/Uni/MA/RepoTrajektorienfolgeregelung/MA-Trajektorienfolgeregelung/workspace/ros2_ws/install/trajektorienfolgeregelung/share/ament_index/resource_index/packages
[4.336s] copying package.xml -> /home/oli/Desktop/Oliver/Uni/MA/RepoTrajektorienfolgeregelung/MA-Trajektorienfolgeregelung/workspace/ros2_ws/install/trajektorienfolgeregelung/share/trajektorienfolgeregelung
[4.336s] running install_egg_info
[4.379s] Copying ../../build/trajektorienfolgeregelung/trajektorienfolgeregelung.egg-info to /home/oli/Desktop/Oliver/Uni/MA/RepoTrajektorienfolgeregelung/MA-Trajektorienfolgeregelung/workspace/ros2_ws/install/trajektorienfolgeregelung/lib/python3.12/site-packages/trajektorienfolgeregelung-0.0.0-py3.12.egg-info
[4.380s] running install_scripts
[4.661s] writing list of installed files to '/home/oli/Desktop/Oliver/Uni/MA/RepoTrajektorienfolgeregelung/MA-Trajektorienfolgeregelung/workspace/ros2_ws/build/trajektorienfolgeregelung/install.log'
[4.722s] Invoked command in '/home/oli/Desktop/Oliver/Uni/MA/RepoTrajektorienfolgeregelung/MA-Trajektorienfolgeregelung/workspace/ros2_ws/src/trajektorienfolgeregelung' returned '0': DEBUGINFOD_URLS=https://debuginfod.ubuntu.com PYTHONPATH=/home/oli/Desktop/Oliver/Uni/MA/RepoTrajektorienfolgeregelung/MA-Trajektorienfolgeregelung/workspace/ros2_ws/build/trajektorienfolgeregelung/prefix_override:/usr/lib/python3/dist-packages/colcon_core/task/python/colcon_distutils_commands:/home/oli/Desktop/Oliver/Uni/MA/RepoTrajektorienfolgeregelung/MA-Trajektorienfolgeregelung/workspace/ros2_ws/install/trajektorienfolgeregelung/lib/python3.12/site-packages:${PYTHONPATH} /usr/bin/python3 -W ignore:setup.py install is deprecated -W ignore:easy_install command is deprecated setup.py egg_info --egg-base ../../build/trajektorienfolgeregelung build --build-base /home/oli/Desktop/Oliver/Uni/MA/RepoTrajektorienfolgeregelung/MA-Trajektorienfolgeregelung/workspace/ros2_ws/build/trajektorienfolgeregelung/build install --record /home/oli/Desktop/Oliver/Uni/MA/RepoTrajektorienfolgeregelung/MA-Trajektorienfolgeregelung/workspace/ros2_ws/build/trajektorienfolgeregelung/install.log --single-version-externally-managed install_data
