running egg_info
writing ../../build/trajektorienfolgeregelung/trajektorienfolgeregelung.egg-info/PKG-INFO
writing dependency_links to ../../build/trajektorienfolgeregelung/trajektorienfolgeregelung.egg-info/dependency_links.txt
writing entry points to ../../build/trajektorienfolgeregelung/trajektorienfolgeregelung.egg-info/entry_points.txt
writing requirements to ../../build/trajektorienfolgeregelung/trajektorienfolgeregelung.egg-info/requires.txt
writing top-level names to ../../build/trajektorienfolgeregelung/trajektorienfolgeregelung.egg-info/top_level.txt
reading manifest file '../../build/trajektorienfolgeregelung/trajektorienfolgeregelung.egg-info/SOURCES.txt'
adding license file 'LICENSE'
writing manifest file '../../build/trajektorienfolgeregelung/trajektorienfolgeregelung.egg-info/SOURCES.txt'
running build
running build_py
copying trajektorienfolgeregelung/trajectory_p_controller.py -> /home/oli/Desktop/Oliver/Uni/MA/RepoTrajektorienfolgeregelung/MA-Trajektorienfolgeregelung/workspace/ros2_ws/build/trajektorienfolgeregelung/build/lib/trajektorienfolgeregelung
running install
running install_lib
copying /home/oli/Desktop/Oliver/Uni/MA/RepoTrajektorienfolgeregelung/MA-Trajektorienfolgeregelung/workspace/ros2_ws/build/trajektorienfolgeregelung/build/lib/trajektorienfolgeregelung/trajectory_p_controller.py -> /home/oli/Desktop/Oliver/Uni/MA/RepoTrajektorienfolgeregelung/MA-Trajektorienfolgeregelung/workspace/ros2_ws/install/trajektorienfolgeregelung/lib/python3.12/site-packages/trajektorienfolgeregelung
byte-compiling /home/oli/Desktop/Oliver/Uni/MA/RepoTrajektorienfolgeregelung/MA-Trajektorienfolgeregelung/workspace/ros2_ws/install/trajektorienfolgeregelung/lib/python3.12/site-packages/trajektorienfolgeregelung/trajectory_p_controller.py to trajectory_p_controller.cpython-312.pyc
running install_data
running install_egg_info
removing '/home/oli/Desktop/Oliver/Uni/MA/RepoTrajektorienfolgeregelung/MA-Trajektorienfolgeregelung/workspace/ros2_ws/install/trajektorienfolgeregelung/lib/python3.12/site-packages/trajektorienfolgeregelung-0.0.0-py3.12.egg-info' (and everything under it)
Copying ../../build/trajektorienfolgeregelung/trajektorienfolgeregelung.egg-info to /home/oli/Desktop/Oliver/Uni/MA/RepoTrajektorienfolgeregelung/MA-Trajektorienfolgeregelung/workspace/ros2_ws/install/trajektorienfolgeregelung/lib/python3.12/site-packages/trajektorienfolgeregelung-0.0.0-py3.12.egg-info
running install_scripts
Installing trajectory_p_controller script to /home/oli/Desktop/Oliver/Uni/MA/RepoTrajektorienfolgeregelung/MA-Trajektorienfolgeregelung/workspace/ros2_ws/install/trajektorienfolgeregelung/lib/trajektorienfolgeregelung
writing list of installed files to '/home/oli/Desktop/Oliver/Uni/MA/RepoTrajektorienfolgeregelung/MA-Trajektorienfolgeregelung/workspace/ros2_ws/build/trajektorienfolgeregelung/install.log'
