[3.531s] Invoking command in '/home/oli/Desktop/Oliver/Uni/MA/RepoTrajektorienfolgeregelung/MA-Trajektorienfolgeregelung/workspace/ros2_ws/src/trajektorienfolgeregelung': DEBUGINFOD_URLS=https://debuginfod.ubuntu.com PYTHONPATH=/home/oli/Desktop/Oliver/Uni/MA/RepoTrajektorienfolgeregelung/MA-Trajektorienfolgeregelung/workspace/ros2_ws/build/trajektorienfolgeregelung/prefix_override:/usr/lib/python3/dist-packages/colcon_core/task/python/colcon_distutils_commands:/home/oli/Desktop/Oliver/Uni/MA/RepoTrajektorienfolgeregelung/MA-Trajektorienfolgeregelung/workspace/ros2_ws/install/trajektorienfolgeregelung/lib/python3.12/site-packages:${PYTHONPATH} /usr/bin/python3 -W ignore:setup.py install is deprecated -W ignore:easy_install command is deprecated setup.py egg_info --egg-base ../../build/trajektorienfolgeregelung build --build-base /home/oli/Desktop/Oliver/Uni/MA/RepoTrajektorienfolgeregelung/MA-Trajektorienfolgeregelung/workspace/ros2_ws/build/trajektorienfolgeregelung/build install --record /home/oli/Desktop/Oliver/Uni/MA/RepoTrajektorienfolgeregelung/MA-Trajektorienfolgeregelung/workspace/ros2_ws/build/trajektorienfolgeregelung/install.log --single-version-externally-managed install_data
[4.997s] running egg_info
[5.076s] writing ../../build/trajektorienfolgeregelung/trajektorienfolgeregelung.egg-info/PKG-INFO
[5.076s] writing dependency_links to ../../build/trajektorienfolgeregelung/trajektorienfolgeregelung.egg-info/dependency_links.txt
[5.077s] writing entry points to ../../build/trajektorienfolgeregelung/trajektorienfolgeregelung.egg-info/entry_points.txt
[5.077s] writing requirements to ../../build/trajektorienfolgeregelung/trajektorienfolgeregelung.egg-info/requires.txt
[5.077s] writing top-level names to ../../build/trajektorienfolgeregelung/trajektorienfolgeregelung.egg-info/top_level.txt
[5.237s] reading manifest file '../../build/trajektorienfolgeregelung/trajektorienfolgeregelung.egg-info/SOURCES.txt'
[5.238s] adding license file 'LICENSE'
[5.240s] writing manifest file '../../build/trajektorienfolgeregelung/trajektorienfolgeregelung.egg-info/SOURCES.txt'
[5.240s] running build
[5.240s] running build_py
[5.241s] copying trajektorienfolgeregelung/trajectory_p_controller.py -> /home/oli/Desktop/Oliver/Uni/MA/RepoTrajektorienfolgeregelung/MA-Trajektorienfolgeregelung/workspace/ros2_ws/build/trajektorienfolgeregelung/build/lib/trajektorienfolgeregelung
[5.243s] running install
[5.261s] running install_lib
[5.343s] copying /home/oli/Desktop/Oliver/Uni/MA/RepoTrajektorienfolgeregelung/MA-Trajektorienfolgeregelung/workspace/ros2_ws/build/trajektorienfolgeregelung/build/lib/trajektorienfolgeregelung/trajectory_p_controller.py -> /home/oli/Desktop/Oliver/Uni/MA/RepoTrajektorienfolgeregelung/MA-Trajektorienfolgeregelung/workspace/ros2_ws/install/trajektorienfolgeregelung/lib/python3.12/site-packages/trajektorienfolgeregelung
[5.343s] byte-compiling /home/oli/Desktop/Oliver/Uni/MA/RepoTrajektorienfolgeregelung/MA-Trajektorienfolgeregelung/workspace/ros2_ws/install/trajektorienfolgeregelung/lib/python3.12/site-packages/trajektorienfolgeregelung/trajectory_p_controller.py to trajectory_p_controller.cpython-312.pyc
[5.346s] running install_data
[5.351s] running install_egg_info
[5.428s] removing '/home/oli/Desktop/Oliver/Uni/MA/RepoTrajektorienfolgeregelung/MA-Trajektorienfolgeregelung/workspace/ros2_ws/install/trajektorienfolgeregelung/lib/python3.12/site-packages/trajektorienfolgeregelung-0.0.0-py3.12.egg-info' (and everything under it)
[5.430s] Copying ../../build/trajektorienfolgeregelung/trajektorienfolgeregelung.egg-info to /home/oli/Desktop/Oliver/Uni/MA/RepoTrajektorienfolgeregelung/MA-Trajektorienfolgeregelung/workspace/ros2_ws/install/trajektorienfolgeregelung/lib/python3.12/site-packages/trajektorienfolgeregelung-0.0.0-py3.12.egg-info
[5.431s] running install_scripts
[5.840s] Installing trajectory_p_controller script to /home/oli/Desktop/Oliver/Uni/MA/RepoTrajektorienfolgeregelung/MA-Trajektorienfolgeregelung/workspace/ros2_ws/install/trajektorienfolgeregelung/lib/trajektorienfolgeregelung
[5.841s] writing list of installed files to '/home/oli/Desktop/Oliver/Uni/MA/RepoTrajektorienfolgeregelung/MA-Trajektorienfolgeregelung/workspace/ros2_ws/build/trajektorienfolgeregelung/install.log'
[5.936s] Invoked command in '/home/oli/Desktop/Oliver/Uni/MA/RepoTrajektorienfolgeregelung/MA-Trajektorienfolgeregelung/workspace/ros2_ws/src/trajektorienfolgeregelung' returned '0': DEBUGINFOD_URLS=https://debuginfod.ubuntu.com PYTHONPATH=/home/oli/Desktop/Oliver/Uni/MA/RepoTrajektorienfolgeregelung/MA-Trajektorienfolgeregelung/workspace/ros2_ws/build/trajektorienfolgeregelung/prefix_override:/usr/lib/python3/dist-packages/colcon_core/task/python/colcon_distutils_commands:/home/oli/Desktop/Oliver/Uni/MA/RepoTrajektorienfolgeregelung/MA-Trajektorienfolgeregelung/workspace/ros2_ws/install/trajektorienfolgeregelung/lib/python3.12/site-packages:${PYTHONPATH} /usr/bin/python3 -W ignore:setup.py install is deprecated -W ignore:easy_install command is deprecated setup.py egg_info --egg-base ../../build/trajektorienfolgeregelung build --build-base /home/oli/Desktop/Oliver/Uni/MA/RepoTrajektorienfolgeregelung/MA-Trajektorienfolgeregelung/workspace/ros2_ws/build/trajektorienfolgeregelung/build install --record /home/oli/Desktop/Oliver/Uni/MA/RepoTrajektorienfolgeregelung/MA-Trajektorienfolgeregelung/workspace/ros2_ws/build/trajektorienfolgeregelung/install.log --single-version-externally-managed install_data
