/home/ro01/workspace/ros2_ws/install/peripherals/lib/python3.12/site-packages/peripherals/__init__.py
/home/ro01/workspace/ros2_ws/install/peripherals/lib/python3.12/site-packages/peripherals/demo.py
/home/ro01/workspace/ros2_ws/install/peripherals/lib/python3.12/site-packages/peripherals/tf_broadcaster_imu.py
/home/ro01/workspace/ros2_ws/install/peripherals/lib/python3.12/site-packages/peripherals/teleop_key_control.py
/home/ro01/workspace/ros2_ws/install/peripherals/lib/python3.12/site-packages/peripherals/joystick_control.py
/home/ro01/workspace/ros2_ws/install/peripherals/lib/python3.12/site-packages/peripherals/__pycache__/__init__.cpython-312.pyc
/home/ro01/workspace/ros2_ws/install/peripherals/lib/python3.12/site-packages/peripherals/__pycache__/demo.cpython-312.pyc
/home/ro01/workspace/ros2_ws/install/peripherals/lib/python3.12/site-packages/peripherals/__pycache__/tf_broadcaster_imu.cpython-312.pyc
/home/ro01/workspace/ros2_ws/install/peripherals/lib/python3.12/site-packages/peripherals/__pycache__/teleop_key_control.cpython-312.pyc
/home/ro01/workspace/ros2_ws/install/peripherals/lib/python3.12/site-packages/peripherals/__pycache__/joystick_control.cpython-312.pyc
/home/ro01/workspace/ros2_ws/install/peripherals/share/ament_index/resource_index/packages/peripherals
/home/ro01/workspace/ros2_ws/install/peripherals/share/peripherals/package.xml
/home/ro01/workspace/ros2_ws/install/peripherals/share/peripherals/launch/imu_view.launch.py
/home/ro01/workspace/ros2_ws/install/peripherals/share/peripherals/launch/lidar_view.launch.py
/home/ro01/workspace/ros2_ws/install/peripherals/share/peripherals/launch/depth_camera.launch.py
/home/ro01/workspace/ros2_ws/install/peripherals/share/peripherals/launch/teleop_key_control.launch.py
/home/ro01/workspace/ros2_ws/install/peripherals/share/peripherals/launch/lidar.launch.py
/home/ro01/workspace/ros2_ws/install/peripherals/share/peripherals/launch/joystick_control.launch.py
/home/ro01/workspace/ros2_ws/install/peripherals/share/peripherals/launch/usb_cam.launch.py
/home/ro01/workspace/ros2_ws/install/peripherals/share/peripherals/launch/imu_filter.launch.py
/home/ro01/workspace/ros2_ws/install/peripherals/share/peripherals/launch/include/ydlidar_g4.launch.py
/home/ro01/workspace/ros2_ws/install/peripherals/share/peripherals/launch/include/hp60c_cp.launch.py
/home/ro01/workspace/ros2_ws/install/peripherals/share/peripherals/launch/include/ldlidar_LD19.launch.py
/home/ro01/workspace/ros2_ws/install/peripherals/share/peripherals/launch/include/hp60c.launch.py
/home/ro01/workspace/ros2_ws/install/peripherals/share/peripherals/launch/include/sllidar_a1.launch.py
/home/ro01/workspace/ros2_ws/install/peripherals/share/peripherals/launch/include/ascamera.launch.py
/home/ro01/workspace/ros2_ws/install/peripherals/share/peripherals/config/lidar_filters_config_ld14p.yaml
/home/ro01/workspace/ros2_ws/install/peripherals/share/peripherals/config/lidar_filters_config_a1.yaml
/home/ro01/workspace/ros2_ws/install/peripherals/share/peripherals/config/camera_info.yaml
/home/ro01/workspace/ros2_ws/install/peripherals/share/peripherals/config/usb_cam_param.yaml
/home/ro01/workspace/ros2_ws/install/peripherals/share/peripherals/config/lidar_filters_config_ld19.yaml
/home/ro01/workspace/ros2_ws/install/peripherals/share/peripherals/config/lidar_filters_config_g4.yaml
/home/ro01/workspace/ros2_ws/install/peripherals/share/peripherals/rviz/imu_view.rviz
/home/ro01/workspace/ros2_ws/install/peripherals/share/peripherals/rviz/lidar_view.rviz
/home/ro01/workspace/ros2_ws/install/peripherals/lib/python3.12/site-packages/peripherals-0.0.0-py3.12.egg-info/SOURCES.txt
/home/ro01/workspace/ros2_ws/install/peripherals/lib/python3.12/site-packages/peripherals-0.0.0-py3.12.egg-info/top_level.txt
/home/ro01/workspace/ros2_ws/install/peripherals/lib/python3.12/site-packages/peripherals-0.0.0-py3.12.egg-info/PKG-INFO
/home/ro01/workspace/ros2_ws/install/peripherals/lib/python3.12/site-packages/peripherals-0.0.0-py3.12.egg-info/zip-safe
/home/ro01/workspace/ros2_ws/install/peripherals/lib/python3.12/site-packages/peripherals-0.0.0-py3.12.egg-info/requires.txt
/home/ro01/workspace/ros2_ws/install/peripherals/lib/python3.12/site-packages/peripherals-0.0.0-py3.12.egg-info/dependency_links.txt
/home/ro01/workspace/ros2_ws/install/peripherals/lib/python3.12/site-packages/peripherals-0.0.0-py3.12.egg-info/entry_points.txt
/home/ro01/workspace/ros2_ws/install/peripherals/lib/peripherals/joystick_control
/home/ro01/workspace/ros2_ws/install/peripherals/lib/peripherals/teleop_key_control
/home/ro01/workspace/ros2_ws/install/peripherals/lib/peripherals/tf_broadcaster_imu
