[1.970s] Invoking command in '/home/oli/Desktop/Oliver/Uni/MA/RepoTrajektorienfolgeregelung/MA-Trajektorienfolgeregelung/workspace/ros2_ws/build/imu_calib': CMAKE_PREFIX_PATH=${CMAKE_PREFIX_PATH}:/home/oli/workspace/ros2_ws/install/sdk:/home/oli/workspace/ros2_ws/install/ros_robot_controller:/home/oli/workspace/ros2_ws/install/peripherals:/home/oli/workspace/ros2_ws/install/mentorpi_description:/home/oli/workspace/ros2_ws/install/controller:/home/oli/workspace/ros2_ws/install/calibration:/opt/ros/jazzy DEBUGINFOD_URLS=https://debuginfod.ubuntu.com VIRTUAL_ENV_PROMPT=(venv) /usr/bin/cmake /home/oli/Desktop/Oliver/Uni/MA/RepoTrajektorienfolgeregelung/MA-Trajektorienfolgeregelung/workspace/ros2_ws/src/imu_calib -DCMAKE_INSTALL_PREFIX=/home/oli/Desktop/Oliver/Uni/MA/RepoTrajektorienfolgeregelung/MA-Trajektorienfolgeregelung/workspace/ros2_ws/install/imu_calib
[1.992s] -- Found ament_cmake: 2.5.3 (/opt/ros/jazzy/share/ament_cmake/cmake)
[2.573s] -- Override CMake install command with custom implementation using symlinks instead of copying resources
[2.613s] -- Found rclcpp: 28.1.6 (/opt/ros/jazzy/share/rclcpp/cmake)
[2.712s] -- Found rosidl_generator_c: 4.6.5 (/opt/ros/jazzy/share/rosidl_generator_c/cmake)
[2.745s] -- Found rosidl_generator_cpp: 4.6.5 (/opt/ros/jazzy/share/rosidl_generator_cpp/cmake)
[2.783s] -- Using all available rosidl_typesupport_c: rosidl_typesupport_fastrtps_c;rosidl_typesupport_introspection_c
[2.819s] -- Using all available rosidl_typesupport_cpp: rosidl_typesupport_fastrtps_cpp;rosidl_typesupport_introspection_cpp
[2.992s] -- Found rmw_implementation_cmake: 7.3.1 (/opt/ros/jazzy/share/rmw_implementation_cmake/cmake)
[2.998s] -- Found rmw_fastrtps_cpp: 8.4.1 (/opt/ros/jazzy/share/rmw_fastrtps_cpp/cmake)
[3.185s] -- Using RMW implementation 'rmw_fastrtps_cpp' as default
[3.422s] -- Found sensor_msgs: 5.3.5 (/opt/ros/jazzy/share/sensor_msgs/cmake)
[3.574s] -- Found eigen3_cmake_module: 0.3.0 (/opt/ros/jazzy/share/eigen3_cmake_module/cmake)
[3.582s] -- Found yaml_cpp_vendor: 9.0.1 (/opt/ros/jazzy/share/yaml_cpp_vendor/cmake)
[3.582s] -- Setting yaml-cpp_DIR to: '/opt/ros/jazzy/share/yaml_cpp_vendor/cmake/../../../opt/yaml_cpp_vendor/share/cmake/yaml-cpp'
[3.599s] -- Found ament_lint_auto: 0.17.1 (/opt/ros/jazzy/share/ament_lint_auto/cmake)
[3.928s] -- Added test 'copyright' to check source files copyright and LICENSE
[3.941s] -- Added test 'cppcheck' to perform static code analysis on C / C++ code
[3.950s] -- Configured cppcheck include dirs: /home/oli/Desktop/Oliver/Uni/MA/RepoTrajektorienfolgeregelung/MA-Trajektorienfolgeregelung/workspace/ros2_ws/src/imu_calib/include;/home/oli/Desktop/Oliver/Uni/MA/RepoTrajektorienfolgeregelung/MA-Trajektorienfolgeregelung/workspace/ros2_ws/src/imu_calib/src
[3.950s] -- Configured cppcheck exclude dirs and/or files: 
[3.960s] -- Added test 'cpplint' to check C / C++ code against the Google style
[3.960s] -- Configured cpplint exclude dirs and/or files: 
[3.960s] -- Added test 'lint_cmake' to check CMake code style
[3.971s] -- Added test 'uncrustify' to check C / C++ code style
[3.972s] -- Configured uncrustify additional arguments: 
[3.976s] -- Added test 'xmllint' to check XML markup files
[3.998s] -- Configuring done (2.0s)
[4.198s] -- Generating done (0.1s)
[4.261s] -- Build files have been written to: /home/oli/Desktop/Oliver/Uni/MA/RepoTrajektorienfolgeregelung/MA-Trajektorienfolgeregelung/workspace/ros2_ws/build/imu_calib
[4.321s] Invoked command in '/home/oli/Desktop/Oliver/Uni/MA/RepoTrajektorienfolgeregelung/MA-Trajektorienfolgeregelung/workspace/ros2_ws/build/imu_calib' returned '0': CMAKE_PREFIX_PATH=${CMAKE_PREFIX_PATH}:/home/oli/workspace/ros2_ws/install/sdk:/home/oli/workspace/ros2_ws/install/ros_robot_controller:/home/oli/workspace/ros2_ws/install/peripherals:/home/oli/workspace/ros2_ws/install/mentorpi_description:/home/oli/workspace/ros2_ws/install/controller:/home/oli/workspace/ros2_ws/install/calibration:/opt/ros/jazzy DEBUGINFOD_URLS=https://debuginfod.ubuntu.com VIRTUAL_ENV_PROMPT=(venv) /usr/bin/cmake /home/oli/Desktop/Oliver/Uni/MA/RepoTrajektorienfolgeregelung/MA-Trajektorienfolgeregelung/workspace/ros2_ws/src/imu_calib -DCMAKE_INSTALL_PREFIX=/home/oli/Desktop/Oliver/Uni/MA/RepoTrajektorienfolgeregelung/MA-Trajektorienfolgeregelung/workspace/ros2_ws/install/imu_calib
[4.322s] Invoking command in '/home/oli/Desktop/Oliver/Uni/MA/RepoTrajektorienfolgeregelung/MA-Trajektorienfolgeregelung/workspace/ros2_ws/build/imu_calib': CMAKE_PREFIX_PATH=${CMAKE_PREFIX_PATH}:/home/oli/workspace/ros2_ws/install/sdk:/home/oli/workspace/ros2_ws/install/ros_robot_controller:/home/oli/workspace/ros2_ws/install/peripherals:/home/oli/workspace/ros2_ws/install/mentorpi_description:/home/oli/workspace/ros2_ws/install/controller:/home/oli/workspace/ros2_ws/install/calibration:/opt/ros/jazzy DEBUGINFOD_URLS=https://debuginfod.ubuntu.com VIRTUAL_ENV_PROMPT=(venv) /usr/bin/cmake --build /home/oli/Desktop/Oliver/Uni/MA/RepoTrajektorienfolgeregelung/MA-Trajektorienfolgeregelung/workspace/ros2_ws/build/imu_calib -- -j8 -l8
[4.607s] [ 12%] [32mBuilding CXX object CMakeFiles/accel_calib.dir/src/accel_calib.cpp.o[0m
[34.031s] [ 25%] [32m[1mLinking CXX static library libaccel_calib.a[0m
[34.335s] [ 25%] Built target accel_calib
[34.481s] [ 37%] [32mBuilding CXX object CMakeFiles/do_calib.dir/src/do_calib_node.cpp.o[0m
[44.027s] [ 50%] [32mBuilding CXX object CMakeFiles/do_calib.dir/src/do_calib.cpp.o[0m
[60.170s] [ 62%] [32m[1mLinking CXX executable do_calib[0m
[60.904s] [ 62%] Built target do_calib
[60.961s] [ 75%] [32mBuilding CXX object CMakeFiles/apply_calib.dir/src/apply_calib_node.cpp.o[0m
[65.824s] [ 87%] [32mBuilding CXX object CMakeFiles/apply_calib.dir/src/apply_calib.cpp.o[0m
[77.348s] [100%] [32m[1mLinking CXX executable apply_calib[0m
[78.063s] [100%] Built target apply_calib
[78.079s] Invoked command in '/home/oli/Desktop/Oliver/Uni/MA/RepoTrajektorienfolgeregelung/MA-Trajektorienfolgeregelung/workspace/ros2_ws/build/imu_calib' returned '0': CMAKE_PREFIX_PATH=${CMAKE_PREFIX_PATH}:/home/oli/workspace/ros2_ws/install/sdk:/home/oli/workspace/ros2_ws/install/ros_robot_controller:/home/oli/workspace/ros2_ws/install/peripherals:/home/oli/workspace/ros2_ws/install/mentorpi_description:/home/oli/workspace/ros2_ws/install/controller:/home/oli/workspace/ros2_ws/install/calibration:/opt/ros/jazzy DEBUGINFOD_URLS=https://debuginfod.ubuntu.com VIRTUAL_ENV_PROMPT=(venv) /usr/bin/cmake --build /home/oli/Desktop/Oliver/Uni/MA/RepoTrajektorienfolgeregelung/MA-Trajektorienfolgeregelung/workspace/ros2_ws/build/imu_calib -- -j8 -l8
[78.082s] Invoking command in '/home/oli/Desktop/Oliver/Uni/MA/RepoTrajektorienfolgeregelung/MA-Trajektorienfolgeregelung/workspace/ros2_ws/build/imu_calib': CMAKE_PREFIX_PATH=${CMAKE_PREFIX_PATH}:/home/oli/workspace/ros2_ws/install/sdk:/home/oli/workspace/ros2_ws/install/ros_robot_controller:/home/oli/workspace/ros2_ws/install/peripherals:/home/oli/workspace/ros2_ws/install/mentorpi_description:/home/oli/workspace/ros2_ws/install/controller:/home/oli/workspace/ros2_ws/install/calibration:/opt/ros/jazzy DEBUGINFOD_URLS=https://debuginfod.ubuntu.com VIRTUAL_ENV_PROMPT=(venv) /usr/bin/cmake --install /home/oli/Desktop/Oliver/Uni/MA/RepoTrajektorienfolgeregelung/MA-Trajektorienfolgeregelung/workspace/ros2_ws/build/imu_calib
[78.093s] -- Install configuration: ""
[78.094s] -- Execute custom install script
[78.095s] -- Up-to-date symlink: /home/oli/Desktop/Oliver/Uni/MA/RepoTrajektorienfolgeregelung/MA-Trajektorienfolgeregelung/workspace/ros2_ws/install/imu_calib/lib/imu_calib/do_calib
[78.095s] -- Up-to-date symlink: /home/oli/Desktop/Oliver/Uni/MA/RepoTrajektorienfolgeregelung/MA-Trajektorienfolgeregelung/workspace/ros2_ws/install/imu_calib/lib/imu_calib/apply_calib
[78.096s] -- Up-to-date symlink: /home/oli/Desktop/Oliver/Uni/MA/RepoTrajektorienfolgeregelung/MA-Trajektorienfolgeregelung/workspace/ros2_ws/install/imu_calib/include//imu_calib/accel_calib.h
[78.096s] -- Up-to-date symlink: /home/oli/Desktop/Oliver/Uni/MA/RepoTrajektorienfolgeregelung/MA-Trajektorienfolgeregelung/workspace/ros2_ws/install/imu_calib/include//imu_calib/apply_calib.h
[78.096s] -- Up-to-date symlink: /home/oli/Desktop/Oliver/Uni/MA/RepoTrajektorienfolgeregelung/MA-Trajektorienfolgeregelung/workspace/ros2_ws/install/imu_calib/include//imu_calib/do_calib.h
[78.097s] -- Up-to-date symlink: /home/oli/Desktop/Oliver/Uni/MA/RepoTrajektorienfolgeregelung/MA-Trajektorienfolgeregelung/workspace/ros2_ws/install/imu_calib/share/ament_index/resource_index/package_run_dependencies/imu_calib
[78.097s] -- Up-to-date symlink: /home/oli/Desktop/Oliver/Uni/MA/RepoTrajektorienfolgeregelung/MA-Trajektorienfolgeregelung/workspace/ros2_ws/install/imu_calib/share/ament_index/resource_index/parent_prefix_path/imu_calib
[78.097s] -- Up-to-date symlink: /home/oli/Desktop/Oliver/Uni/MA/RepoTrajektorienfolgeregelung/MA-Trajektorienfolgeregelung/workspace/ros2_ws/install/imu_calib/share/imu_calib/environment/ament_prefix_path.sh
[78.097s] -- Up-to-date symlink: /home/oli/Desktop/Oliver/Uni/MA/RepoTrajektorienfolgeregelung/MA-Trajektorienfolgeregelung/workspace/ros2_ws/install/imu_calib/share/imu_calib/environment/ament_prefix_path.dsv
[78.098s] -- Up-to-date symlink: /home/oli/Desktop/Oliver/Uni/MA/RepoTrajektorienfolgeregelung/MA-Trajektorienfolgeregelung/workspace/ros2_ws/install/imu_calib/share/imu_calib/environment/path.sh
[78.098s] -- Up-to-date symlink: /home/oli/Desktop/Oliver/Uni/MA/RepoTrajektorienfolgeregelung/MA-Trajektorienfolgeregelung/workspace/ros2_ws/install/imu_calib/share/imu_calib/environment/path.dsv
[78.098s] -- Up-to-date symlink: /home/oli/Desktop/Oliver/Uni/MA/RepoTrajektorienfolgeregelung/MA-Trajektorienfolgeregelung/workspace/ros2_ws/install/imu_calib/share/imu_calib/local_setup.bash
[78.099s] -- Up-to-date symlink: /home/oli/Desktop/Oliver/Uni/MA/RepoTrajektorienfolgeregelung/MA-Trajektorienfolgeregelung/workspace/ros2_ws/install/imu_calib/share/imu_calib/local_setup.sh
[78.099s] -- Up-to-date symlink: /home/oli/Desktop/Oliver/Uni/MA/RepoTrajektorienfolgeregelung/MA-Trajektorienfolgeregelung/workspace/ros2_ws/install/imu_calib/share/imu_calib/local_setup.zsh
[78.099s] -- Up-to-date symlink: /home/oli/Desktop/Oliver/Uni/MA/RepoTrajektorienfolgeregelung/MA-Trajektorienfolgeregelung/workspace/ros2_ws/install/imu_calib/share/imu_calib/local_setup.dsv
[78.100s] -- Symlinking: /home/oli/Desktop/Oliver/Uni/MA/RepoTrajektorienfolgeregelung/MA-Trajektorienfolgeregelung/workspace/ros2_ws/install/imu_calib/share/imu_calib/package.dsv
[78.115s] -- Up-to-date symlink: /home/oli/Desktop/Oliver/Uni/MA/RepoTrajektorienfolgeregelung/MA-Trajektorienfolgeregelung/workspace/ros2_ws/install/imu_calib/share/ament_index/resource_index/packages/imu_calib
[78.116s] -- Up-to-date symlink: /home/oli/Desktop/Oliver/Uni/MA/RepoTrajektorienfolgeregelung/MA-Trajektorienfolgeregelung/workspace/ros2_ws/install/imu_calib/share/imu_calib/cmake/ament_cmake_export_dependencies-extras.cmake
[78.116s] -- Up-to-date symlink: /home/oli/Desktop/Oliver/Uni/MA/RepoTrajektorienfolgeregelung/MA-Trajektorienfolgeregelung/workspace/ros2_ws/install/imu_calib/share/imu_calib/cmake/ament_cmake_export_include_directories-extras.cmake
[78.117s] -- Up-to-date symlink: /home/oli/Desktop/Oliver/Uni/MA/RepoTrajektorienfolgeregelung/MA-Trajektorienfolgeregelung/workspace/ros2_ws/install/imu_calib/share/imu_calib/cmake/imu_calibConfig.cmake
[78.117s] -- Up-to-date symlink: /home/oli/Desktop/Oliver/Uni/MA/RepoTrajektorienfolgeregelung/MA-Trajektorienfolgeregelung/workspace/ros2_ws/install/imu_calib/share/imu_calib/cmake/imu_calibConfig-version.cmake
[78.117s] -- Up-to-date symlink: /home/oli/Desktop/Oliver/Uni/MA/RepoTrajektorienfolgeregelung/MA-Trajektorienfolgeregelung/workspace/ros2_ws/install/imu_calib/share/imu_calib/package.xml
[78.121s] Invoked command in '/home/oli/Desktop/Oliver/Uni/MA/RepoTrajektorienfolgeregelung/MA-Trajektorienfolgeregelung/workspace/ros2_ws/build/imu_calib' returned '0': CMAKE_PREFIX_PATH=${CMAKE_PREFIX_PATH}:/home/oli/workspace/ros2_ws/install/sdk:/home/oli/workspace/ros2_ws/install/ros_robot_controller:/home/oli/workspace/ros2_ws/install/peripherals:/home/oli/workspace/ros2_ws/install/mentorpi_description:/home/oli/workspace/ros2_ws/install/controller:/home/oli/workspace/ros2_ws/install/calibration:/opt/ros/jazzy DEBUGINFOD_URLS=https://debuginfod.ubuntu.com VIRTUAL_ENV_PROMPT=(venv) /usr/bin/cmake --install /home/oli/Desktop/Oliver/Uni/MA/RepoTrajektorienfolgeregelung/MA-Trajektorienfolgeregelung/workspace/ros2_ws/build/imu_calib
