[1.904s] Invoking command in '/home/ro01/workspace/ros2_ws/src/peripherals': DEBUGINFOD_URLS=https://debuginfod.ubuntu.com PYTHONPATH=/home/ro01/workspace/ros2_ws/build/peripherals/prefix_override:/usr/lib/python3/dist-packages/colcon_core/task/python/colcon_distutils_commands:/home/ro01/workspace/ros2_ws/install/peripherals/lib/python3.12/site-packages:${PYTHONPATH} /usr/bin/python3 -W ignore:setup.py install is deprecated -W ignore:easy_install command is deprecated setup.py egg_info --egg-base ../../build/peripherals build --build-base /home/ro01/workspace/ros2_ws/build/peripherals/build install --record /home/ro01/workspace/ros2_ws/build/peripherals/install.log --single-version-externally-managed install_data
[2.690s] running egg_info
[2.722s] writing ../../build/peripherals/peripherals.egg-info/PKG-INFO
[2.723s] writing dependency_links to ../../build/peripherals/peripherals.egg-info/dependency_links.txt
[2.730s] writing entry points to ../../build/peripherals/peripherals.egg-info/entry_points.txt
[2.735s] writing requirements to ../../build/peripherals/peripherals.egg-info/requires.txt
[2.735s] writing top-level names to ../../build/peripherals/peripherals.egg-info/top_level.txt
[2.881s] reading manifest file '../../build/peripherals/peripherals.egg-info/SOURCES.txt'
[2.884s] writing manifest file '../../build/peripherals/peripherals.egg-info/SOURCES.txt'
[2.885s] running build
[2.886s] running build_py
[2.888s] running install
[2.904s] running install_lib
[2.950s] running install_data
[2.951s] running install_egg_info
[2.995s] removing '/home/ro01/workspace/ros2_ws/install/peripherals/lib/python3.12/site-packages/peripherals-0.0.0-py3.12.egg-info' (and everything under it)
[2.995s] Copying ../../build/peripherals/peripherals.egg-info to /home/ro01/workspace/ros2_ws/install/peripherals/lib/python3.12/site-packages/peripherals-0.0.0-py3.12.egg-info
[2.997s] running install_scripts
[3.297s] Installing joystick_control script to /home/ro01/workspace/ros2_ws/install/peripherals/lib/peripherals
[3.299s] Installing teleop_key_control script to /home/ro01/workspace/ros2_ws/install/peripherals/lib/peripherals
[3.299s] Installing tf_broadcaster_imu script to /home/ro01/workspace/ros2_ws/install/peripherals/lib/peripherals
[3.301s] writing list of installed files to '/home/ro01/workspace/ros2_ws/build/peripherals/install.log'
[3.437s] Invoked command in '/home/ro01/workspace/ros2_ws/src/peripherals' returned '0': DEBUGINFOD_URLS=https://debuginfod.ubuntu.com PYTHONPATH=/home/ro01/workspace/ros2_ws/build/peripherals/prefix_override:/usr/lib/python3/dist-packages/colcon_core/task/python/colcon_distutils_commands:/home/ro01/workspace/ros2_ws/install/peripherals/lib/python3.12/site-packages:${PYTHONPATH} /usr/bin/python3 -W ignore:setup.py install is deprecated -W ignore:easy_install command is deprecated setup.py egg_info --egg-base ../../build/peripherals build --build-base /home/ro01/workspace/ros2_ws/build/peripherals/build install --record /home/ro01/workspace/ros2_ws/build/peripherals/install.log --single-version-externally-managed install_data
