/home/oli/Desktop/Oliver/Uni/MA/RepoTrajektorienfolgeregelung/MA-Trajektorienfolgeregelung/workspace/ros2_ws/install/mpc_obstacle/lib/python3.12/site-packages/mpc_obstacle/mpc_CL_dynObs2.py
/home/oli/Desktop/Oliver/Uni/MA/RepoTrajektorienfolgeregelung/MA-Trajektorienfolgeregelung/workspace/ros2_ws/install/mpc_obstacle/lib/python3.12/site-packages/mpc_obstacle/mpc_CL_obstacle.py
/home/oli/Desktop/Oliver/Uni/MA/RepoTrajektorienfolgeregelung/MA-Trajektorienfolgeregelung/workspace/ros2_ws/install/mpc_obstacle/lib/python3.12/site-packages/mpc_obstacle/slackMPC_CL.py
/home/oli/Desktop/Oliver/Uni/MA/RepoTrajektorienfolgeregelung/MA-Trajektorienfolgeregelung/workspace/ros2_ws/install/mpc_obstacle/lib/python3.12/site-packages/mpc_obstacle/adaptiveMPC_OL.py
/home/oli/Desktop/Oliver/Uni/MA/RepoTrajektorienfolgeregelung/MA-Trajektorienfolgeregelung/workspace/ros2_ws/install/mpc_obstacle/lib/python3.12/site-packages/mpc_obstacle/mpc_CL_dynObs.py
/home/oli/Desktop/Oliver/Uni/MA/RepoTrajektorienfolgeregelung/MA-Trajektorienfolgeregelung/workspace/ros2_ws/install/mpc_obstacle/lib/python3.12/site-packages/mpc_obstacle/mpc_OL_dynObs2.py
/home/oli/Desktop/Oliver/Uni/MA/RepoTrajektorienfolgeregelung/MA-Trajektorienfolgeregelung/workspace/ros2_ws/install/mpc_obstacle/lib/python3.12/site-packages/mpc_obstacle/slackMPC_OL.py
/home/oli/Desktop/Oliver/Uni/MA/RepoTrajektorienfolgeregelung/MA-Trajektorienfolgeregelung/workspace/ros2_ws/install/mpc_obstacle/lib/python3.12/site-packages/mpc_obstacle/adaptiveMPC_CL.py
/home/oli/Desktop/Oliver/Uni/MA/RepoTrajektorienfolgeregelung/MA-Trajektorienfolgeregelung/workspace/ros2_ws/install/mpc_obstacle/lib/python3.12/site-packages/mpc_obstacle/__init__.py
/home/oli/Desktop/Oliver/Uni/MA/RepoTrajektorienfolgeregelung/MA-Trajektorienfolgeregelung/workspace/ros2_ws/install/mpc_obstacle/lib/python3.12/site-packages/mpc_obstacle/mpc_OL_obstacle.py
/home/oli/Desktop/Oliver/Uni/MA/RepoTrajektorienfolgeregelung/MA-Trajektorienfolgeregelung/workspace/ros2_ws/install/mpc_obstacle/lib/python3.12/site-packages/mpc_obstacle/mpc_OL_dynObs.py
/home/oli/Desktop/Oliver/Uni/MA/RepoTrajektorienfolgeregelung/MA-Trajektorienfolgeregelung/workspace/ros2_ws/install/mpc_obstacle/lib/python3.12/site-packages/mpc_obstacle/mpc_OL_Nc.py
/home/oli/Desktop/Oliver/Uni/MA/RepoTrajektorienfolgeregelung/MA-Trajektorienfolgeregelung/workspace/ros2_ws/install/mpc_obstacle/lib/python3.12/site-packages/mpc_obstacle/mpc_CL_Nc.py
/home/oli/Desktop/Oliver/Uni/MA/RepoTrajektorienfolgeregelung/MA-Trajektorienfolgeregelung/workspace/ros2_ws/install/mpc_obstacle/lib/python3.12/site-packages/mpc_obstacle/__pycache__/mpc_CL_dynObs2.cpython-312.pyc
/home/oli/Desktop/Oliver/Uni/MA/RepoTrajektorienfolgeregelung/MA-Trajektorienfolgeregelung/workspace/ros2_ws/install/mpc_obstacle/lib/python3.12/site-packages/mpc_obstacle/__pycache__/mpc_CL_obstacle.cpython-312.pyc
/home/oli/Desktop/Oliver/Uni/MA/RepoTrajektorienfolgeregelung/MA-Trajektorienfolgeregelung/workspace/ros2_ws/install/mpc_obstacle/lib/python3.12/site-packages/mpc_obstacle/__pycache__/slackMPC_CL.cpython-312.pyc
/home/oli/Desktop/Oliver/Uni/MA/RepoTrajektorienfolgeregelung/MA-Trajektorienfolgeregelung/workspace/ros2_ws/install/mpc_obstacle/lib/python3.12/site-packages/mpc_obstacle/__pycache__/adaptiveMPC_OL.cpython-312.pyc
/home/oli/Desktop/Oliver/Uni/MA/RepoTrajektorienfolgeregelung/MA-Trajektorienfolgeregelung/workspace/ros2_ws/install/mpc_obstacle/lib/python3.12/site-packages/mpc_obstacle/__pycache__/mpc_CL_dynObs.cpython-312.pyc
/home/oli/Desktop/Oliver/Uni/MA/RepoTrajektorienfolgeregelung/MA-Trajektorienfolgeregelung/workspace/ros2_ws/install/mpc_obstacle/lib/python3.12/site-packages/mpc_obstacle/__pycache__/mpc_OL_dynObs2.cpython-312.pyc
/home/oli/Desktop/Oliver/Uni/MA/RepoTrajektorienfolgeregelung/MA-Trajektorienfolgeregelung/workspace/ros2_ws/install/mpc_obstacle/lib/python3.12/site-packages/mpc_obstacle/__pycache__/slackMPC_OL.cpython-312.pyc
/home/oli/Desktop/Oliver/Uni/MA/RepoTrajektorienfolgeregelung/MA-Trajektorienfolgeregelung/workspace/ros2_ws/install/mpc_obstacle/lib/python3.12/site-packages/mpc_obstacle/__pycache__/adaptiveMPC_CL.cpython-312.pyc
/home/oli/Desktop/Oliver/Uni/MA/RepoTrajektorienfolgeregelung/MA-Trajektorienfolgeregelung/workspace/ros2_ws/install/mpc_obstacle/lib/python3.12/site-packages/mpc_obstacle/__pycache__/__init__.cpython-312.pyc
/home/oli/Desktop/Oliver/Uni/MA/RepoTrajektorienfolgeregelung/MA-Trajektorienfolgeregelung/workspace/ros2_ws/install/mpc_obstacle/lib/python3.12/site-packages/mpc_obstacle/__pycache__/mpc_OL_obstacle.cpython-312.pyc
/home/oli/Desktop/Oliver/Uni/MA/RepoTrajektorienfolgeregelung/MA-Trajektorienfolgeregelung/workspace/ros2_ws/install/mpc_obstacle/lib/python3.12/site-packages/mpc_obstacle/__pycache__/mpc_OL_dynObs.cpython-312.pyc
/home/oli/Desktop/Oliver/Uni/MA/RepoTrajektorienfolgeregelung/MA-Trajektorienfolgeregelung/workspace/ros2_ws/install/mpc_obstacle/lib/python3.12/site-packages/mpc_obstacle/__pycache__/mpc_OL_Nc.cpython-312.pyc
/home/oli/Desktop/Oliver/Uni/MA/RepoTrajektorienfolgeregelung/MA-Trajektorienfolgeregelung/workspace/ros2_ws/install/mpc_obstacle/lib/python3.12/site-packages/mpc_obstacle/__pycache__/mpc_CL_Nc.cpython-312.pyc
/home/oli/Desktop/Oliver/Uni/MA/RepoTrajektorienfolgeregelung/MA-Trajektorienfolgeregelung/workspace/ros2_ws/install/mpc_obstacle/share/ament_index/resource_index/packages/mpc_obstacle
/home/oli/Desktop/Oliver/Uni/MA/RepoTrajektorienfolgeregelung/MA-Trajektorienfolgeregelung/workspace/ros2_ws/install/mpc_obstacle/share/mpc_obstacle/package.xml
/home/oli/Desktop/Oliver/Uni/MA/RepoTrajektorienfolgeregelung/MA-Trajektorienfolgeregelung/workspace/ros2_ws/install/mpc_obstacle/lib/python3.12/site-packages/mpc_obstacle-0.0.0-py3.12.egg-info/entry_points.txt
/home/oli/Desktop/Oliver/Uni/MA/RepoTrajektorienfolgeregelung/MA-Trajektorienfolgeregelung/workspace/ros2_ws/install/mpc_obstacle/lib/python3.12/site-packages/mpc_obstacle-0.0.0-py3.12.egg-info/zip-safe
/home/oli/Desktop/Oliver/Uni/MA/RepoTrajektorienfolgeregelung/MA-Trajektorienfolgeregelung/workspace/ros2_ws/install/mpc_obstacle/lib/python3.12/site-packages/mpc_obstacle-0.0.0-py3.12.egg-info/PKG-INFO
/home/oli/Desktop/Oliver/Uni/MA/RepoTrajektorienfolgeregelung/MA-Trajektorienfolgeregelung/workspace/ros2_ws/install/mpc_obstacle/lib/python3.12/site-packages/mpc_obstacle-0.0.0-py3.12.egg-info/top_level.txt
/home/oli/Desktop/Oliver/Uni/MA/RepoTrajektorienfolgeregelung/MA-Trajektorienfolgeregelung/workspace/ros2_ws/install/mpc_obstacle/lib/python3.12/site-packages/mpc_obstacle-0.0.0-py3.12.egg-info/dependency_links.txt
/home/oli/Desktop/Oliver/Uni/MA/RepoTrajektorienfolgeregelung/MA-Trajektorienfolgeregelung/workspace/ros2_ws/install/mpc_obstacle/lib/python3.12/site-packages/mpc_obstacle-0.0.0-py3.12.egg-info/SOURCES.txt
/home/oli/Desktop/Oliver/Uni/MA/RepoTrajektorienfolgeregelung/MA-Trajektorienfolgeregelung/workspace/ros2_ws/install/mpc_obstacle/lib/python3.12/site-packages/mpc_obstacle-0.0.0-py3.12.egg-info/requires.txt
/home/oli/Desktop/Oliver/Uni/MA/RepoTrajektorienfolgeregelung/MA-Trajektorienfolgeregelung/workspace/ros2_ws/install/mpc_obstacle/lib/mpc_obstacle/adaptiveMPC_CL
/home/oli/Desktop/Oliver/Uni/MA/RepoTrajektorienfolgeregelung/MA-Trajektorienfolgeregelung/workspace/ros2_ws/install/mpc_obstacle/lib/mpc_obstacle/mpc_CL_Nc
/home/oli/Desktop/Oliver/Uni/MA/RepoTrajektorienfolgeregelung/MA-Trajektorienfolgeregelung/workspace/ros2_ws/install/mpc_obstacle/lib/mpc_obstacle/mpc_CL_dynObs
/home/oli/Desktop/Oliver/Uni/MA/RepoTrajektorienfolgeregelung/MA-Trajektorienfolgeregelung/workspace/ros2_ws/install/mpc_obstacle/lib/mpc_obstacle/mpc_CL_dynObs2
/home/oli/Desktop/Oliver/Uni/MA/RepoTrajektorienfolgeregelung/MA-Trajektorienfolgeregelung/workspace/ros2_ws/install/mpc_obstacle/lib/mpc_obstacle/mpc_CL_obstacle
/home/oli/Desktop/Oliver/Uni/MA/RepoTrajektorienfolgeregelung/MA-Trajektorienfolgeregelung/workspace/ros2_ws/install/mpc_obstacle/lib/mpc_obstacle/slackMPC_CL
