/home/oli/Desktop/Oliver/Uni/MA/RepoTrajektorienfolgeregelung/MA-Trajektorienfolgeregelung/workspace/ros2_ws/install/MPC/lib/python3.12/site-packages/MPC/ActualPath.py
/home/oli/Desktop/Oliver/Uni/MA/RepoTrajektorienfolgeregelung/MA-Trajektorienfolgeregelung/workspace/ros2_ws/install/MPC/lib/python3.12/site-packages/MPC/MPC_ClosedLoop.py
/home/oli/Desktop/Oliver/Uni/MA/RepoTrajektorienfolgeregelung/MA-Trajektorienfolgeregelung/workspace/ros2_ws/install/MPC/lib/python3.12/site-packages/MPC/reformat_csv.py
/home/oli/Desktop/Oliver/Uni/MA/RepoTrajektorienfolgeregelung/MA-Trajektorienfolgeregelung/workspace/ros2_ws/install/MPC/lib/python3.12/site-packages/MPC/SaveData.py
/home/oli/Desktop/Oliver/Uni/MA/RepoTrajektorienfolgeregelung/MA-Trajektorienfolgeregelung/workspace/ros2_ws/install/MPC/lib/python3.12/site-packages/MPC/MPC_OpenLoopTrajectory.py
/home/oli/Desktop/Oliver/Uni/MA/RepoTrajektorienfolgeregelung/MA-Trajektorienfolgeregelung/workspace/ros2_ws/install/MPC/lib/python3.12/site-packages/MPC/GifPurePursuit.py
/home/oli/Desktop/Oliver/Uni/MA/RepoTrajektorienfolgeregelung/MA-Trajektorienfolgeregelung/workspace/ros2_ws/install/MPC/lib/python3.12/site-packages/MPC/MPC_ClosedLoopTrajectory.py
/home/oli/Desktop/Oliver/Uni/MA/RepoTrajektorienfolgeregelung/MA-Trajektorienfolgeregelung/workspace/ros2_ws/install/MPC/lib/python3.12/site-packages/MPC/Abweichung.py
/home/oli/Desktop/Oliver/Uni/MA/RepoTrajektorienfolgeregelung/MA-Trajektorienfolgeregelung/workspace/ros2_ws/install/MPC/lib/python3.12/site-packages/MPC/DynamicPlots.py
/home/oli/Desktop/Oliver/Uni/MA/RepoTrajektorienfolgeregelung/MA-Trajektorienfolgeregelung/workspace/ros2_ws/install/MPC/lib/python3.12/site-packages/MPC/DynamicPlotsReference.py
/home/oli/Desktop/Oliver/Uni/MA/RepoTrajektorienfolgeregelung/MA-Trajektorienfolgeregelung/workspace/ros2_ws/install/MPC/lib/python3.12/site-packages/MPC/MPC_OpenLoop.py
/home/oli/Desktop/Oliver/Uni/MA/RepoTrajektorienfolgeregelung/MA-Trajektorienfolgeregelung/workspace/ros2_ws/install/MPC/lib/python3.12/site-packages/MPC/__init__.py
/home/oli/Desktop/Oliver/Uni/MA/RepoTrajektorienfolgeregelung/MA-Trajektorienfolgeregelung/workspace/ros2_ws/install/MPC/lib/python3.12/site-packages/MPC/SystemModel.py
/home/oli/Desktop/Oliver/Uni/MA/RepoTrajektorienfolgeregelung/MA-Trajektorienfolgeregelung/workspace/ros2_ws/install/MPC/lib/python3.12/site-packages/MPC/CreatePlot.py
/home/oli/Desktop/Oliver/Uni/MA/RepoTrajektorienfolgeregelung/MA-Trajektorienfolgeregelung/workspace/ros2_ws/install/MPC/lib/python3.12/site-packages/MPC/__pycache__/ActualPath.cpython-312.pyc
/home/oli/Desktop/Oliver/Uni/MA/RepoTrajektorienfolgeregelung/MA-Trajektorienfolgeregelung/workspace/ros2_ws/install/MPC/lib/python3.12/site-packages/MPC/__pycache__/MPC_ClosedLoop.cpython-312.pyc
/home/oli/Desktop/Oliver/Uni/MA/RepoTrajektorienfolgeregelung/MA-Trajektorienfolgeregelung/workspace/ros2_ws/install/MPC/lib/python3.12/site-packages/MPC/__pycache__/reformat_csv.cpython-312.pyc
/home/oli/Desktop/Oliver/Uni/MA/RepoTrajektorienfolgeregelung/MA-Trajektorienfolgeregelung/workspace/ros2_ws/install/MPC/lib/python3.12/site-packages/MPC/__pycache__/SaveData.cpython-312.pyc
/home/oli/Desktop/Oliver/Uni/MA/RepoTrajektorienfolgeregelung/MA-Trajektorienfolgeregelung/workspace/ros2_ws/install/MPC/lib/python3.12/site-packages/MPC/__pycache__/MPC_OpenLoopTrajectory.cpython-312.pyc
/home/oli/Desktop/Oliver/Uni/MA/RepoTrajektorienfolgeregelung/MA-Trajektorienfolgeregelung/workspace/ros2_ws/install/MPC/lib/python3.12/site-packages/MPC/__pycache__/GifPurePursuit.cpython-312.pyc
/home/oli/Desktop/Oliver/Uni/MA/RepoTrajektorienfolgeregelung/MA-Trajektorienfolgeregelung/workspace/ros2_ws/install/MPC/lib/python3.12/site-packages/MPC/__pycache__/MPC_ClosedLoopTrajectory.cpython-312.pyc
/home/oli/Desktop/Oliver/Uni/MA/RepoTrajektorienfolgeregelung/MA-Trajektorienfolgeregelung/workspace/ros2_ws/install/MPC/lib/python3.12/site-packages/MPC/__pycache__/Abweichung.cpython-312.pyc
/home/oli/Desktop/Oliver/Uni/MA/RepoTrajektorienfolgeregelung/MA-Trajektorienfolgeregelung/workspace/ros2_ws/install/MPC/lib/python3.12/site-packages/MPC/__pycache__/DynamicPlots.cpython-312.pyc
/home/oli/Desktop/Oliver/Uni/MA/RepoTrajektorienfolgeregelung/MA-Trajektorienfolgeregelung/workspace/ros2_ws/install/MPC/lib/python3.12/site-packages/MPC/__pycache__/DynamicPlotsReference.cpython-312.pyc
/home/oli/Desktop/Oliver/Uni/MA/RepoTrajektorienfolgeregelung/MA-Trajektorienfolgeregelung/workspace/ros2_ws/install/MPC/lib/python3.12/site-packages/MPC/__pycache__/MPC_OpenLoop.cpython-312.pyc
/home/oli/Desktop/Oliver/Uni/MA/RepoTrajektorienfolgeregelung/MA-Trajektorienfolgeregelung/workspace/ros2_ws/install/MPC/lib/python3.12/site-packages/MPC/__pycache__/__init__.cpython-312.pyc
/home/oli/Desktop/Oliver/Uni/MA/RepoTrajektorienfolgeregelung/MA-Trajektorienfolgeregelung/workspace/ros2_ws/install/MPC/lib/python3.12/site-packages/MPC/__pycache__/SystemModel.cpython-312.pyc
/home/oli/Desktop/Oliver/Uni/MA/RepoTrajektorienfolgeregelung/MA-Trajektorienfolgeregelung/workspace/ros2_ws/install/MPC/lib/python3.12/site-packages/MPC/__pycache__/CreatePlot.cpython-312.pyc
/home/oli/Desktop/Oliver/Uni/MA/RepoTrajektorienfolgeregelung/MA-Trajektorienfolgeregelung/workspace/ros2_ws/install/MPC/share/ament_index/resource_index/packages/MPC
/home/oli/Desktop/Oliver/Uni/MA/RepoTrajektorienfolgeregelung/MA-Trajektorienfolgeregelung/workspace/ros2_ws/install/MPC/share/MPC/package.xml
/home/oli/Desktop/Oliver/Uni/MA/RepoTrajektorienfolgeregelung/MA-Trajektorienfolgeregelung/workspace/ros2_ws/install/MPC/lib/python3.12/site-packages/MPC-0.0.0-py3.12.egg-info/entry_points.txt
/home/oli/Desktop/Oliver/Uni/MA/RepoTrajektorienfolgeregelung/MA-Trajektorienfolgeregelung/workspace/ros2_ws/install/MPC/lib/python3.12/site-packages/MPC-0.0.0-py3.12.egg-info/zip-safe
/home/oli/Desktop/Oliver/Uni/MA/RepoTrajektorienfolgeregelung/MA-Trajektorienfolgeregelung/workspace/ros2_ws/install/MPC/lib/python3.12/site-packages/MPC-0.0.0-py3.12.egg-info/PKG-INFO
/home/oli/Desktop/Oliver/Uni/MA/RepoTrajektorienfolgeregelung/MA-Trajektorienfolgeregelung/workspace/ros2_ws/install/MPC/lib/python3.12/site-packages/MPC-0.0.0-py3.12.egg-info/top_level.txt
/home/oli/Desktop/Oliver/Uni/MA/RepoTrajektorienfolgeregelung/MA-Trajektorienfolgeregelung/workspace/ros2_ws/install/MPC/lib/python3.12/site-packages/MPC-0.0.0-py3.12.egg-info/dependency_links.txt
/home/oli/Desktop/Oliver/Uni/MA/RepoTrajektorienfolgeregelung/MA-Trajektorienfolgeregelung/workspace/ros2_ws/install/MPC/lib/python3.12/site-packages/MPC-0.0.0-py3.12.egg-info/SOURCES.txt
/home/oli/Desktop/Oliver/Uni/MA/RepoTrajektorienfolgeregelung/MA-Trajektorienfolgeregelung/workspace/ros2_ws/install/MPC/lib/python3.12/site-packages/MPC-0.0.0-py3.12.egg-info/requires.txt
/home/oli/Desktop/Oliver/Uni/MA/RepoTrajektorienfolgeregelung/MA-Trajektorienfolgeregelung/workspace/ros2_ws/install/MPC/lib/MPC/MPC_ClosedLoop
/home/oli/Desktop/Oliver/Uni/MA/RepoTrajektorienfolgeregelung/MA-Trajektorienfolgeregelung/workspace/ros2_ws/install/MPC/lib/MPC/MPC_ClosedLoopTrajectory
