[4.477s] Invoking command in '/home/oli/Desktop/Oliver/Uni/MA/RepoTrajektorienfolgeregelung/MA-Trajektorienfolgeregelung/workspace/ros2_ws/build/trajektorienfolgeregelung': DEBUGINFOD_URLS=https://debuginfod.ubuntu.com PYTHONPATH=/home/oli/Desktop/Oliver/Uni/MA/RepoTrajektorienfolgeregelung/MA-Trajektorienfolgeregelung/workspace/ros2_ws/build/trajektorienfolgeregelung/prefix_override:/usr/lib/python3/dist-packages/colcon_core/task/python/colcon_distutils_commands:/home/oli/Desktop/Oliver/Uni/MA/RepoTrajektorienfolgeregelung/MA-Trajektorienfolgeregelung/workspace/ros2_ws/install/trajektorienfolgeregelung/lib/python3.12/site-packages:${PYTHONPATH} VIRTUAL_ENV_PROMPT=(venv) /usr/bin/python3 -W ignore:setup.py install is deprecated -W ignore:easy_install command is deprecated setup.py develop --uninstall --editable --build-directory /home/oli/Desktop/Oliver/Uni/MA/RepoTrajektorienfolgeregelung/MA-Trajektorienfolgeregelung/workspace/ros2_ws/build/trajektorienfolgeregelung/build
[6.295s] running develop
[7.462s] Removing /home/oli/Desktop/Oliver/Uni/MA/RepoTrajektorienfolgeregelung/MA-Trajektorienfolgeregelung/workspace/ros2_ws/install/trajektorienfolgeregelung/lib/python3.12/site-packages/trajektorienfolgeregelung.egg-link (link to .)
[7.599s] Invoked command in '/home/oli/Desktop/Oliver/Uni/MA/RepoTrajektorienfolgeregelung/MA-Trajektorienfolgeregelung/workspace/ros2_ws/build/trajektorienfolgeregelung' returned '0': DEBUGINFOD_URLS=https://debuginfod.ubuntu.com PYTHONPATH=/home/oli/Desktop/Oliver/Uni/MA/RepoTrajektorienfolgeregelung/MA-Trajektorienfolgeregelung/workspace/ros2_ws/build/trajektorienfolgeregelung/prefix_override:/usr/lib/python3/dist-packages/colcon_core/task/python/colcon_distutils_commands:/home/oli/Desktop/Oliver/Uni/MA/RepoTrajektorienfolgeregelung/MA-Trajektorienfolgeregelung/workspace/ros2_ws/install/trajektorienfolgeregelung/lib/python3.12/site-packages:${PYTHONPATH} VIRTUAL_ENV_PROMPT=(venv) /usr/bin/python3 -W ignore:setup.py install is deprecated -W ignore:easy_install command is deprecated setup.py develop --uninstall --editable --build-directory /home/oli/Desktop/Oliver/Uni/MA/RepoTrajektorienfolgeregelung/MA-Trajektorienfolgeregelung/workspace/ros2_ws/build/trajektorienfolgeregelung/build
[7.603s] Invoking command in '/home/oli/Desktop/Oliver/Uni/MA/RepoTrajektorienfolgeregelung/MA-Trajektorienfolgeregelung/workspace/ros2_ws/src/trajektorienfolgeregelung': DEBUGINFOD_URLS=https://debuginfod.ubuntu.com PYTHONPATH=/home/oli/Desktop/Oliver/Uni/MA/RepoTrajektorienfolgeregelung/MA-Trajektorienfolgeregelung/workspace/ros2_ws/build/trajektorienfolgeregelung/prefix_override:/usr/lib/python3/dist-packages/colcon_core/task/python/colcon_distutils_commands:/home/oli/Desktop/Oliver/Uni/MA/RepoTrajektorienfolgeregelung/MA-Trajektorienfolgeregelung/workspace/ros2_ws/install/trajektorienfolgeregelung/lib/python3.12/site-packages:${PYTHONPATH} VIRTUAL_ENV_PROMPT=(venv) /usr/bin/python3 -W ignore:setup.py install is deprecated -W ignore:easy_install command is deprecated setup.py egg_info --egg-base ../../build/trajektorienfolgeregelung build --build-base /home/oli/Desktop/Oliver/Uni/MA/RepoTrajektorienfolgeregelung/MA-Trajektorienfolgeregelung/workspace/ros2_ws/build/trajektorienfolgeregelung/build install --record /home/oli/Desktop/Oliver/Uni/MA/RepoTrajektorienfolgeregelung/MA-Trajektorienfolgeregelung/workspace/ros2_ws/build/trajektorienfolgeregelung/install.log --single-version-externally-managed install_data --force
[8.995s] running egg_info
[9.141s] writing ../../build/trajektorienfolgeregelung/trajektorienfolgeregelung.egg-info/PKG-INFO
[9.142s] writing dependency_links to ../../build/trajektorienfolgeregelung/trajektorienfolgeregelung.egg-info/dependency_links.txt
[9.143s] writing entry points to ../../build/trajektorienfolgeregelung/trajektorienfolgeregelung.egg-info/entry_points.txt
[9.144s] writing requirements to ../../build/trajektorienfolgeregelung/trajektorienfolgeregelung.egg-info/requires.txt
[9.144s] writing top-level names to ../../build/trajektorienfolgeregelung/trajektorienfolgeregelung.egg-info/top_level.txt
[9.312s] reading manifest file '../../build/trajektorienfolgeregelung/trajektorienfolgeregelung.egg-info/SOURCES.txt'
[9.319s] adding license file 'LICENSE'
[9.319s] writing manifest file '../../build/trajektorienfolgeregelung/trajektorienfolgeregelung.egg-info/SOURCES.txt'
[9.319s] running build
[9.319s] running build_py
[9.320s] creating /home/oli/Desktop/Oliver/Uni/MA/RepoTrajektorienfolgeregelung/MA-Trajektorienfolgeregelung/workspace/ros2_ws/build/trajektorienfolgeregelung/build
[9.320s] creating /home/oli/Desktop/Oliver/Uni/MA/RepoTrajektorienfolgeregelung/MA-Trajektorienfolgeregelung/workspace/ros2_ws/build/trajektorienfolgeregelung/build/lib
[9.320s] creating /home/oli/Desktop/Oliver/Uni/MA/RepoTrajektorienfolgeregelung/MA-Trajektorienfolgeregelung/workspace/ros2_ws/build/trajektorienfolgeregelung/build/lib/trajektorienfolgeregelung
[9.320s] copying trajektorienfolgeregelung/trajectory_p_controller.py -> /home/oli/Desktop/Oliver/Uni/MA/RepoTrajektorienfolgeregelung/MA-Trajektorienfolgeregelung/workspace/ros2_ws/build/trajektorienfolgeregelung/build/lib/trajektorienfolgeregelung
[9.324s] copying trajektorienfolgeregelung/__init__.py -> /home/oli/Desktop/Oliver/Uni/MA/RepoTrajektorienfolgeregelung/MA-Trajektorienfolgeregelung/workspace/ros2_ws/build/trajektorienfolgeregelung/build/lib/trajektorienfolgeregelung
[9.324s] running install
[9.356s] running install_lib
[9.495s] creating /home/oli/Desktop/Oliver/Uni/MA/RepoTrajektorienfolgeregelung/MA-Trajektorienfolgeregelung/workspace/ros2_ws/install/trajektorienfolgeregelung/lib/python3.12/site-packages/trajektorienfolgeregelung
[9.497s] copying /home/oli/Desktop/Oliver/Uni/MA/RepoTrajektorienfolgeregelung/MA-Trajektorienfolgeregelung/workspace/ros2_ws/build/trajektorienfolgeregelung/build/lib/trajektorienfolgeregelung/trajectory_p_controller.py -> /home/oli/Desktop/Oliver/Uni/MA/RepoTrajektorienfolgeregelung/MA-Trajektorienfolgeregelung/workspace/ros2_ws/install/trajektorienfolgeregelung/lib/python3.12/site-packages/trajektorienfolgeregelung
[9.501s] copying /home/oli/Desktop/Oliver/Uni/MA/RepoTrajektorienfolgeregelung/MA-Trajektorienfolgeregelung/workspace/ros2_ws/build/trajektorienfolgeregelung/build/lib/trajektorienfolgeregelung/__init__.py -> /home/oli/Desktop/Oliver/Uni/MA/RepoTrajektorienfolgeregelung/MA-Trajektorienfolgeregelung/workspace/ros2_ws/install/trajektorienfolgeregelung/lib/python3.12/site-packages/trajektorienfolgeregelung
[9.504s] byte-compiling /home/oli/Desktop/Oliver/Uni/MA/RepoTrajektorienfolgeregelung/MA-Trajektorienfolgeregelung/workspace/ros2_ws/install/trajektorienfolgeregelung/lib/python3.12/site-packages/trajektorienfolgeregelung/trajectory_p_controller.py to trajectory_p_controller.cpython-312.pyc
[9.514s] byte-compiling /home/oli/Desktop/Oliver/Uni/MA/RepoTrajektorienfolgeregelung/MA-Trajektorienfolgeregelung/workspace/ros2_ws/install/trajektorienfolgeregelung/lib/python3.12/site-packages/trajektorienfolgeregelung/__init__.py to __init__.cpython-312.pyc
[9.518s] running install_data
[9.518s] copying resource/trajektorienfolgeregelung -> /home/oli/Desktop/Oliver/Uni/MA/RepoTrajektorienfolgeregelung/MA-Trajektorienfolgeregelung/workspace/ros2_ws/install/trajektorienfolgeregelung/share/ament_index/resource_index/packages
[9.518s] copying package.xml -> /home/oli/Desktop/Oliver/Uni/MA/RepoTrajektorienfolgeregelung/MA-Trajektorienfolgeregelung/workspace/ros2_ws/install/trajektorienfolgeregelung/share/trajektorienfolgeregelung
[9.518s] running install_egg_info
[9.642s] Copying ../../build/trajektorienfolgeregelung/trajektorienfolgeregelung.egg-info to /home/oli/Desktop/Oliver/Uni/MA/RepoTrajektorienfolgeregelung/MA-Trajektorienfolgeregelung/workspace/ros2_ws/install/trajektorienfolgeregelung/lib/python3.12/site-packages/trajektorienfolgeregelung-0.0.0-py3.12.egg-info
[9.652s] running install_scripts
[10.298s] Installing trajectory_p_controller script to /home/oli/Desktop/Oliver/Uni/MA/RepoTrajektorienfolgeregelung/MA-Trajektorienfolgeregelung/workspace/ros2_ws/install/trajektorienfolgeregelung/lib/trajektorienfolgeregelung
[10.299s] writing list of installed files to '/home/oli/Desktop/Oliver/Uni/MA/RepoTrajektorienfolgeregelung/MA-Trajektorienfolgeregelung/workspace/ros2_ws/build/trajektorienfolgeregelung/install.log'
[10.422s] Invoked command in '/home/oli/Desktop/Oliver/Uni/MA/RepoTrajektorienfolgeregelung/MA-Trajektorienfolgeregelung/workspace/ros2_ws/src/trajektorienfolgeregelung' returned '0': DEBUGINFOD_URLS=https://debuginfod.ubuntu.com PYTHONPATH=/home/oli/Desktop/Oliver/Uni/MA/RepoTrajektorienfolgeregelung/MA-Trajektorienfolgeregelung/workspace/ros2_ws/build/trajektorienfolgeregelung/prefix_override:/usr/lib/python3/dist-packages/colcon_core/task/python/colcon_distutils_commands:/home/oli/Desktop/Oliver/Uni/MA/RepoTrajektorienfolgeregelung/MA-Trajektorienfolgeregelung/workspace/ros2_ws/install/trajektorienfolgeregelung/lib/python3.12/site-packages:${PYTHONPATH} VIRTUAL_ENV_PROMPT=(venv) /usr/bin/python3 -W ignore:setup.py install is deprecated -W ignore:easy_install command is deprecated setup.py egg_info --egg-base ../../build/trajektorienfolgeregelung build --build-base /home/oli/Desktop/Oliver/Uni/MA/RepoTrajektorienfolgeregelung/MA-Trajektorienfolgeregelung/workspace/ros2_ws/build/trajektorienfolgeregelung/build install --record /home/oli/Desktop/Oliver/Uni/MA/RepoTrajektorienfolgeregelung/MA-Trajektorienfolgeregelung/workspace/ros2_ws/build/trajektorienfolgeregelung/install.log --single-version-externally-managed install_data --force
