[0.032s] Invoking command in '/home/ro01/workspace/ros2_ws/build/ldlidar_component': CMAKE_PREFIX_PATH=${CMAKE_PREFIX_PATH}:/home/ro01/workspace/ros2_ws/install/sdk:/home/ro01/workspace/ros2_ws/install/ros_robot_controller:/home/ro01/workspace/ros2_ws/install/peripherals:/home/ro01/workspace/ros2_ws/install/mentorpi_description:/home/ro01/workspace/ros2_ws/install/controller:/home/ro01/workspace/ros2_ws/install/calibration:/home/ro01/workspace2/ros2_ws/install/sdk:/home/ro01/workspace2/ros2_ws/install/ros_robot_controller:/home/ro01/workspace2/ros2_ws/install/peripherals:/home/ro01/workspace2/ros2_ws/install/mentorpi_description:/home/ro01/workspace2/ros2_ws/install/controller:/home/ro01/workspace2/ros2_ws/install/calibration:/opt/ros/jazzy DEBUGINFOD_URLS=https://debuginfod.ubuntu.com /usr/bin/cmake /home/ro01/workspace/ros2_ws/src/ldrobot-lidar-ros2/ldlidar_component -DCMAKE_INSTALL_PREFIX=/home/ro01/workspace/ros2_ws/install/ldlidar_component
[0.694s] -- The C compiler identification is GNU 13.2.0
[1.078s] -- The CXX compiler identification is GNU 13.2.0
[1.121s] -- Detecting C compiler ABI info
[1.334s] -- Detecting C compiler ABI info - done
[1.348s] -- Check for working C compiler: /usr/bin/cc - skipped
[1.349s] -- Detecting C compile features
[1.350s] -- Detecting C compile features - done
[1.371s] -- Detecting CXX compiler ABI info
[1.625s] -- Detecting CXX compiler ABI info - done
[1.642s] -- Check for working CXX compiler: /usr/bin/c++ - skipped
[1.642s] -- Detecting CXX compile features
[1.644s] -- Detecting CXX compile features - done
[1.644s] --  * Release Mode
[1.645s] -- * Found ROS2 jazzy
[1.645s] [33mCMake Warning at CMakeLists.txt:72 (message):
[1.645s]   ROS2 jazzy is not officially supported by this package.  Correct working is
[1.645s]   not guarantee.
[1.645s] 
[1.645s] [0m
[1.692s] -- Found ament_cmake: 2.5.2 (/opt/ros/jazzy/share/ament_cmake/cmake)
[2.172s] -- Found Python3: /usr/bin/python3 (found version "3.12.3") found components: Interpreter 
[2.667s] -- Found rclcpp_lifecycle: 28.1.5 (/opt/ros/jazzy/share/rclcpp_lifecycle/cmake)
[3.048s] -- Found rosidl_generator_c: 4.6.4 (/opt/ros/jazzy/share/rosidl_generator_c/cmake)
[3.109s] -- Found rosidl_generator_cpp: 4.6.4 (/opt/ros/jazzy/share/rosidl_generator_cpp/cmake)
[3.169s] -- Using all available rosidl_typesupport_c: rosidl_typesupport_fastrtps_c;rosidl_typesupport_introspection_c
[3.222s] -- Using all available rosidl_typesupport_cpp: rosidl_typesupport_fastrtps_cpp;rosidl_typesupport_introspection_cpp
[3.405s] -- Found rmw_implementation_cmake: 7.3.1 (/opt/ros/jazzy/share/rmw_implementation_cmake/cmake)
[3.411s] -- Found rmw_fastrtps_cpp: 8.4.1 (/opt/ros/jazzy/share/rmw_fastrtps_cpp/cmake)
[3.596s] -- Found OpenSSL: /usr/lib/aarch64-linux-gnu/libcrypto.so (found version "3.0.13")  
[3.633s] -- Found FastRTPS: /opt/ros/jazzy/include (Required is at least version "2.13") 
[3.677s] -- Using RMW implementation 'rmw_fastrtps_cpp' as default
[3.913s] -- Found rclcpp_components: 28.1.5 (/opt/ros/jazzy/share/rclcpp_components/cmake)
[4.012s] -- Found nav2_util: 1.3.3 (/opt/ros/jazzy/share/nav2_util/cmake)
[4.540s] -- Found eigen3_cmake_module: 0.3.0 (/opt/ros/jazzy/share/eigen3_cmake_module/cmake)
[4.542s] -- Found Eigen3: TRUE (found version "3.4.0") 
[4.542s] -- Ensuring Eigen3 include directory is part of orocos-kdl CMake target
[4.644s] -- Found sensor_msgs: 5.3.5 (/opt/ros/jazzy/share/sensor_msgs/cmake)
[4.684s] -- Found diagnostic_msgs: 5.3.5 (/opt/ros/jazzy/share/diagnostic_msgs/cmake)
[4.726s] -- Found diagnostic_updater: 4.2.1 (/opt/ros/jazzy/share/diagnostic_updater/cmake)
[4.758s] -- Found ament_lint_auto: 0.17.1 (/opt/ros/jazzy/share/ament_lint_auto/cmake)
[5.037s] -- Added test 'copyright' to check source files copyright and LICENSE
[5.041s] -- Added test 'cppcheck' to perform static code analysis on C / C++ code
[5.044s] -- Configured cppcheck include dirs: /home/ro01/workspace/ros2_ws/src/ldrobot-lidar-ros2/ldlidar_component/include;/home/ro01/workspace/ros2_ws/src/ldrobot-lidar-ros2/ldlidar_component/tools/include;/home/ro01/workspace/ros2_ws/src/ldrobot-lidar-ros2/ldlidar_component/component/include;/home/ro01/workspace/ros2_ws/src/ldrobot-lidar-ros2/ldlidar_component/ldlidar_driver/include/core;/home/ro01/workspace/ros2_ws/src/ldrobot-lidar-ros2/ldlidar_component/ldlidar_driver/include/dataprocess;/home/ro01/workspace/ros2_ws/src/ldrobot-lidar-ros2/ldlidar_component/ldlidar_driver/include/filter;/home/ro01/workspace/ros2_ws/src/ldrobot-lidar-ros2/ldlidar_component/ldlidar_driver/include/logger;/home/ro01/workspace/ros2_ws/src/ldrobot-lidar-ros2/ldlidar_component/ldlidar_driver/include/networkcom;/home/ro01/workspace/ros2_ws/src/ldrobot-lidar-ros2/ldlidar_component/ldlidar_driver/include/serialcom
[5.045s] -- Configured cppcheck exclude dirs and/or files: 
[5.051s] -- Added test 'cpplint' to check C / C++ code against the Google style
[5.053s] -- Configured cpplint exclude dirs and/or files: 
[5.056s] -- Added test 'lint_cmake' to check CMake code style
[5.061s] -- Added test 'uncrustify' to check C / C++ code style
[5.061s] -- Configured uncrustify additional arguments: 
[5.065s] -- Added test 'xmllint' to check XML markup files
[5.071s] -- Added test 'clang_format' to check C / C++ code style
[5.080s] -- Configuring done (5.0s)
[5.131s] -- Generating done (0.0s)
[5.143s] -- Build files have been written to: /home/ro01/workspace/ros2_ws/build/ldlidar_component
[5.179s] Invoked command in '/home/ro01/workspace/ros2_ws/build/ldlidar_component' returned '0': CMAKE_PREFIX_PATH=${CMAKE_PREFIX_PATH}:/home/ro01/workspace/ros2_ws/install/sdk:/home/ro01/workspace/ros2_ws/install/ros_robot_controller:/home/ro01/workspace/ros2_ws/install/peripherals:/home/ro01/workspace/ros2_ws/install/mentorpi_description:/home/ro01/workspace/ros2_ws/install/controller:/home/ro01/workspace/ros2_ws/install/calibration:/home/ro01/workspace2/ros2_ws/install/sdk:/home/ro01/workspace2/ros2_ws/install/ros_robot_controller:/home/ro01/workspace2/ros2_ws/install/peripherals:/home/ro01/workspace2/ros2_ws/install/mentorpi_description:/home/ro01/workspace2/ros2_ws/install/controller:/home/ro01/workspace2/ros2_ws/install/calibration:/opt/ros/jazzy DEBUGINFOD_URLS=https://debuginfod.ubuntu.com /usr/bin/cmake /home/ro01/workspace/ros2_ws/src/ldrobot-lidar-ros2/ldlidar_component -DCMAKE_INSTALL_PREFIX=/home/ro01/workspace/ros2_ws/install/ldlidar_component
[5.180s] Invoking command in '/home/ro01/workspace/ros2_ws/build/ldlidar_component': CMAKE_PREFIX_PATH=${CMAKE_PREFIX_PATH}:/home/ro01/workspace/ros2_ws/install/sdk:/home/ro01/workspace/ros2_ws/install/ros_robot_controller:/home/ro01/workspace/ros2_ws/install/peripherals:/home/ro01/workspace/ros2_ws/install/mentorpi_description:/home/ro01/workspace/ros2_ws/install/controller:/home/ro01/workspace/ros2_ws/install/calibration:/home/ro01/workspace2/ros2_ws/install/sdk:/home/ro01/workspace2/ros2_ws/install/ros_robot_controller:/home/ro01/workspace2/ros2_ws/install/peripherals:/home/ro01/workspace2/ros2_ws/install/mentorpi_description:/home/ro01/workspace2/ros2_ws/install/controller:/home/ro01/workspace2/ros2_ws/install/calibration:/opt/ros/jazzy DEBUGINFOD_URLS=https://debuginfod.ubuntu.com /usr/bin/cmake --build /home/ro01/workspace/ros2_ws/build/ldlidar_component -- -j4 -l4
[5.313s] [ 10%] [32mBuilding CXX object ldlidar_driver/CMakeFiles/ldlidar.dir/src/core/ldlidar_driver.cpp.o[0m
[5.315s] [ 20%] [32mBuilding CXX object ldlidar_driver/CMakeFiles/ldlidar.dir/src/logger/log_module.cpp.o[0m
[5.324s] [ 30%] [32mBuilding CXX object ldlidar_driver/CMakeFiles/ldlidar.dir/src/dataprocess/lipkg.cpp.o[0m
[5.325s] [ 40%] [32mBuilding CXX object ldlidar_driver/CMakeFiles/ldlidar.dir/src/filter/tofbf.cpp.o[0m
[7.059s] [ 50%] [32mBuilding CXX object ldlidar_driver/CMakeFiles/ldlidar.dir/src/networkcom/network_socket_interface_linux.cpp.o[0m
[8.276s] [ 60%] [32mBuilding CXX object ldlidar_driver/CMakeFiles/ldlidar.dir/src/serialcom/serial_interface_linux.cpp.o[0m
[10.103s] [ 70%] [32m[1mLinking CXX static library libldlidar.a[0m
[10.224s] [ 70%] Built target ldlidar
[10.274s] [ 80%] [32mBuilding CXX object CMakeFiles/ldlidar_component.dir/tools/src/ldlidar_tools.cpp.o[0m
[10.287s] [ 90%] [32mBuilding CXX object CMakeFiles/ldlidar_component.dir/component/src/ldlidar_component.cpp.o[0m
[37.998s] [100%] [32m[1mLinking CXX shared library libldlidar_component.so[0m
[40.441s] [100%] Built target ldlidar_component
[40.496s] Invoked command in '/home/ro01/workspace/ros2_ws/build/ldlidar_component' returned '0': CMAKE_PREFIX_PATH=${CMAKE_PREFIX_PATH}:/home/ro01/workspace/ros2_ws/install/sdk:/home/ro01/workspace/ros2_ws/install/ros_robot_controller:/home/ro01/workspace/ros2_ws/install/peripherals:/home/ro01/workspace/ros2_ws/install/mentorpi_description:/home/ro01/workspace/ros2_ws/install/controller:/home/ro01/workspace/ros2_ws/install/calibration:/home/ro01/workspace2/ros2_ws/install/sdk:/home/ro01/workspace2/ros2_ws/install/ros_robot_controller:/home/ro01/workspace2/ros2_ws/install/peripherals:/home/ro01/workspace2/ros2_ws/install/mentorpi_description:/home/ro01/workspace2/ros2_ws/install/controller:/home/ro01/workspace2/ros2_ws/install/calibration:/opt/ros/jazzy DEBUGINFOD_URLS=https://debuginfod.ubuntu.com /usr/bin/cmake --build /home/ro01/workspace/ros2_ws/build/ldlidar_component -- -j4 -l4
[40.544s] Invoking command in '/home/ro01/workspace/ros2_ws/build/ldlidar_component': CMAKE_PREFIX_PATH=${CMAKE_PREFIX_PATH}:/home/ro01/workspace/ros2_ws/install/sdk:/home/ro01/workspace/ros2_ws/install/ros_robot_controller:/home/ro01/workspace/ros2_ws/install/peripherals:/home/ro01/workspace/ros2_ws/install/mentorpi_description:/home/ro01/workspace/ros2_ws/install/controller:/home/ro01/workspace/ros2_ws/install/calibration:/home/ro01/workspace2/ros2_ws/install/sdk:/home/ro01/workspace2/ros2_ws/install/ros_robot_controller:/home/ro01/workspace2/ros2_ws/install/peripherals:/home/ro01/workspace2/ros2_ws/install/mentorpi_description:/home/ro01/workspace2/ros2_ws/install/controller:/home/ro01/workspace2/ros2_ws/install/calibration:/opt/ros/jazzy DEBUGINFOD_URLS=https://debuginfod.ubuntu.com /usr/bin/cmake --install /home/ro01/workspace/ros2_ws/build/ldlidar_component
[40.584s] -- Install configuration: "Release"
[40.587s] -- Installing: /home/ro01/workspace/ros2_ws/install/ldlidar_component/lib/libldlidar_component.so
[40.593s] -- Set non-toolchain portion of runtime path of "/home/ro01/workspace/ros2_ws/install/ldlidar_component/lib/libldlidar_component.so" to ""
[40.594s] -- Installing: /home/ro01/workspace/ros2_ws/install/ldlidar_component/include/ldlidar_component/
[40.594s] -- Installing: /home/ro01/workspace/ros2_ws/install/ldlidar_component/include/ldlidar_component//defines.hpp
[40.595s] -- Installing: /home/ro01/workspace/ros2_ws/install/ldlidar_component/include/ldlidar_component//ldlidar_component.hpp
[40.600s] -- Up-to-date: /home/ro01/workspace/ros2_ws/install/ldlidar_component/include/ldlidar_component/
[40.600s] -- Installing: /home/ro01/workspace/ros2_ws/install/ldlidar_component/include/ldlidar_component//ldlidar_tools.hpp
[40.600s] -- Up-to-date: /home/ro01/workspace/ros2_ws/install/ldlidar_component/include/ldlidar_component/
[40.600s] -- Installing: /home/ro01/workspace/ros2_ws/install/ldlidar_component/include/ldlidar_component//visibility_control.hpp
[40.601s] -- Up-to-date: /home/ro01/workspace/ros2_ws/install/ldlidar_component/include/ldlidar_component/
[40.601s] -- Installing: /home/ro01/workspace/ros2_ws/install/ldlidar_component/include/ldlidar_component//ldlidar_driver.h
[40.601s] -- Installing: /home/ro01/workspace/ros2_ws/install/ldlidar_component/include/ldlidar_component//ldlidar_datatype.h
[40.601s] -- Up-to-date: /home/ro01/workspace/ros2_ws/install/ldlidar_component/include/ldlidar_component/
[40.601s] -- Installing: /home/ro01/workspace/ros2_ws/install/ldlidar_component/include/ldlidar_component//lipkg.h
[40.601s] -- Up-to-date: /home/ro01/workspace/ros2_ws/install/ldlidar_component/include/ldlidar_component/
[40.601s] -- Installing: /home/ro01/workspace/ros2_ws/install/ldlidar_component/include/ldlidar_component//tofbf.h
[40.601s] -- Up-to-date: /home/ro01/workspace/ros2_ws/install/ldlidar_component/include/ldlidar_component/
[40.601s] -- Installing: /home/ro01/workspace/ros2_ws/install/ldlidar_component/include/ldlidar_component//log_module.h
[40.607s] -- Up-to-date: /home/ro01/workspace/ros2_ws/install/ldlidar_component/include/ldlidar_component/
[40.607s] -- Installing: /home/ro01/workspace/ros2_ws/install/ldlidar_component/include/ldlidar_component//network_socket_interface_linux.h
[40.607s] -- Up-to-date: /home/ro01/workspace/ros2_ws/install/ldlidar_component/include/ldlidar_component/
[40.607s] -- Installing: /home/ro01/workspace/ros2_ws/install/ldlidar_component/include/ldlidar_component//serial_interface_linux.h
[40.609s] -- Installing: /home/ro01/workspace/ros2_ws/install/ldlidar_component/share/ldlidar_component/environment/library_path.sh
[40.609s] -- Installing: /home/ro01/workspace/ros2_ws/install/ldlidar_component/share/ldlidar_component/environment/library_path.dsv
[40.610s] -- Installing: /home/ro01/workspace/ros2_ws/install/ldlidar_component/share/ament_index/resource_index/package_run_dependencies/ldlidar_component
[40.610s] -- Installing: /home/ro01/workspace/ros2_ws/install/ldlidar_component/share/ament_index/resource_index/parent_prefix_path/ldlidar_component
[40.611s] -- Installing: /home/ro01/workspace/ros2_ws/install/ldlidar_component/share/ldlidar_component/environment/ament_prefix_path.sh
[40.620s] -- Installing: /home/ro01/workspace/ros2_ws/install/ldlidar_component/share/ldlidar_component/environment/ament_prefix_path.dsv
[40.620s] -- Installing: /home/ro01/workspace/ros2_ws/install/ldlidar_component/share/ldlidar_component/environment/path.sh
[40.621s] -- Installing: /home/ro01/workspace/ros2_ws/install/ldlidar_component/share/ldlidar_component/environment/path.dsv
[40.621s] -- Installing: /home/ro01/workspace/ros2_ws/install/ldlidar_component/share/ldlidar_component/local_setup.bash
[40.621s] -- Installing: /home/ro01/workspace/ros2_ws/install/ldlidar_component/share/ldlidar_component/local_setup.sh
[40.621s] -- Installing: /home/ro01/workspace/ros2_ws/install/ldlidar_component/share/ldlidar_component/local_setup.zsh
[40.621s] -- Installing: /home/ro01/workspace/ros2_ws/install/ldlidar_component/share/ldlidar_component/local_setup.dsv
[40.625s] -- Installing: /home/ro01/workspace/ros2_ws/install/ldlidar_component/share/ldlidar_component/package.dsv
[40.626s] -- Installing: /home/ro01/workspace/ros2_ws/install/ldlidar_component/share/ament_index/resource_index/packages/ldlidar_component
[40.627s] -- Installing: /home/ro01/workspace/ros2_ws/install/ldlidar_component/share/ament_index/resource_index/rclcpp_components/ldlidar_component
[40.631s] -- Installing: /home/ro01/workspace/ros2_ws/install/ldlidar_component/share/ldlidar_component/cmake/ament_cmake_export_include_directories-extras.cmake
[40.632s] -- Installing: /home/ro01/workspace/ros2_ws/install/ldlidar_component/share/ldlidar_component/cmake/ament_cmake_export_libraries-extras.cmake
[40.632s] -- Installing: /home/ro01/workspace/ros2_ws/install/ldlidar_component/share/ldlidar_component/cmake/ament_cmake_export_dependencies-extras.cmake
[40.641s] -- Installing: /home/ro01/workspace/ros2_ws/install/ldlidar_component/share/ldlidar_component/cmake/ldlidar_componentConfig.cmake
[40.641s] -- Installing: /home/ro01/workspace/ros2_ws/install/ldlidar_component/share/ldlidar_component/cmake/ldlidar_componentConfig-version.cmake
[40.641s] -- Installing: /home/ro01/workspace/ros2_ws/install/ldlidar_component/share/ldlidar_component/package.xml
[40.656s] Invoked command in '/home/ro01/workspace/ros2_ws/build/ldlidar_component' returned '0': CMAKE_PREFIX_PATH=${CMAKE_PREFIX_PATH}:/home/ro01/workspace/ros2_ws/install/sdk:/home/ro01/workspace/ros2_ws/install/ros_robot_controller:/home/ro01/workspace/ros2_ws/install/peripherals:/home/ro01/workspace/ros2_ws/install/mentorpi_description:/home/ro01/workspace/ros2_ws/install/controller:/home/ro01/workspace/ros2_ws/install/calibration:/home/ro01/workspace2/ros2_ws/install/sdk:/home/ro01/workspace2/ros2_ws/install/ros_robot_controller:/home/ro01/workspace2/ros2_ws/install/peripherals:/home/ro01/workspace2/ros2_ws/install/mentorpi_description:/home/ro01/workspace2/ros2_ws/install/controller:/home/ro01/workspace2/ros2_ws/install/calibration:/opt/ros/jazzy DEBUGINFOD_URLS=https://debuginfod.ubuntu.com /usr/bin/cmake --install /home/ro01/workspace/ros2_ws/build/ldlidar_component
