/home/oli/Desktop/Oliver/Uni/MA/RepoTrajektorienfolgeregelung/MA-Trajektorienfolgeregelung/workspace/ros2_ws/install/lidar_obstacle_detection/lib/python3.12/site-packages/lidar_obstacle_detection/obstacle_clustering.py
/home/oli/Desktop/Oliver/Uni/MA/RepoTrajektorienfolgeregelung/MA-Trajektorienfolgeregelung/workspace/ros2_ws/install/lidar_obstacle_detection/lib/python3.12/site-packages/lidar_obstacle_detection/__init__.py
/home/oli/Desktop/Oliver/Uni/MA/RepoTrajektorienfolgeregelung/MA-Trajektorienfolgeregelung/workspace/ros2_ws/install/lidar_obstacle_detection/lib/python3.12/site-packages/lidar_obstacle_detection/obstacle_map.py
/home/oli/Desktop/Oliver/Uni/MA/RepoTrajektorienfolgeregelung/MA-Trajektorienfolgeregelung/workspace/ros2_ws/install/lidar_obstacle_detection/lib/python3.12/site-packages/lidar_obstacle_detection/obstacle_detection_map.py
/home/oli/Desktop/Oliver/Uni/MA/RepoTrajektorienfolgeregelung/MA-Trajektorienfolgeregelung/workspace/ros2_ws/install/lidar_obstacle_detection/lib/python3.12/site-packages/lidar_obstacle_detection/__pycache__/obstacle_clustering.cpython-312.pyc
/home/oli/Desktop/Oliver/Uni/MA/RepoTrajektorienfolgeregelung/MA-Trajektorienfolgeregelung/workspace/ros2_ws/install/lidar_obstacle_detection/lib/python3.12/site-packages/lidar_obstacle_detection/__pycache__/__init__.cpython-312.pyc
/home/oli/Desktop/Oliver/Uni/MA/RepoTrajektorienfolgeregelung/MA-Trajektorienfolgeregelung/workspace/ros2_ws/install/lidar_obstacle_detection/lib/python3.12/site-packages/lidar_obstacle_detection/__pycache__/obstacle_map.cpython-312.pyc
/home/oli/Desktop/Oliver/Uni/MA/RepoTrajektorienfolgeregelung/MA-Trajektorienfolgeregelung/workspace/ros2_ws/install/lidar_obstacle_detection/lib/python3.12/site-packages/lidar_obstacle_detection/__pycache__/obstacle_detection_map.cpython-312.pyc
/home/oli/Desktop/Oliver/Uni/MA/RepoTrajektorienfolgeregelung/MA-Trajektorienfolgeregelung/workspace/ros2_ws/install/lidar_obstacle_detection/share/ament_index/resource_index/packages/lidar_obstacle_detection
/home/oli/Desktop/Oliver/Uni/MA/RepoTrajektorienfolgeregelung/MA-Trajektorienfolgeregelung/workspace/ros2_ws/install/lidar_obstacle_detection/share/lidar_obstacle_detection/package.xml
/home/oli/Desktop/Oliver/Uni/MA/RepoTrajektorienfolgeregelung/MA-Trajektorienfolgeregelung/workspace/ros2_ws/install/lidar_obstacle_detection/lib/python3.12/site-packages/lidar_obstacle_detection-0.0.0-py3.12.egg-info/entry_points.txt
/home/oli/Desktop/Oliver/Uni/MA/RepoTrajektorienfolgeregelung/MA-Trajektorienfolgeregelung/workspace/ros2_ws/install/lidar_obstacle_detection/lib/python3.12/site-packages/lidar_obstacle_detection-0.0.0-py3.12.egg-info/zip-safe
/home/oli/Desktop/Oliver/Uni/MA/RepoTrajektorienfolgeregelung/MA-Trajektorienfolgeregelung/workspace/ros2_ws/install/lidar_obstacle_detection/lib/python3.12/site-packages/lidar_obstacle_detection-0.0.0-py3.12.egg-info/PKG-INFO
/home/oli/Desktop/Oliver/Uni/MA/RepoTrajektorienfolgeregelung/MA-Trajektorienfolgeregelung/workspace/ros2_ws/install/lidar_obstacle_detection/lib/python3.12/site-packages/lidar_obstacle_detection-0.0.0-py3.12.egg-info/top_level.txt
/home/oli/Desktop/Oliver/Uni/MA/RepoTrajektorienfolgeregelung/MA-Trajektorienfolgeregelung/workspace/ros2_ws/install/lidar_obstacle_detection/lib/python3.12/site-packages/lidar_obstacle_detection-0.0.0-py3.12.egg-info/dependency_links.txt
/home/oli/Desktop/Oliver/Uni/MA/RepoTrajektorienfolgeregelung/MA-Trajektorienfolgeregelung/workspace/ros2_ws/install/lidar_obstacle_detection/lib/python3.12/site-packages/lidar_obstacle_detection-0.0.0-py3.12.egg-info/SOURCES.txt
/home/oli/Desktop/Oliver/Uni/MA/RepoTrajektorienfolgeregelung/MA-Trajektorienfolgeregelung/workspace/ros2_ws/install/lidar_obstacle_detection/lib/python3.12/site-packages/lidar_obstacle_detection-0.0.0-py3.12.egg-info/requires.txt
/home/oli/Desktop/Oliver/Uni/MA/RepoTrajektorienfolgeregelung/MA-Trajektorienfolgeregelung/workspace/ros2_ws/install/lidar_obstacle_detection/lib/lidar_obstacle_detection/obstacle_clustering
/home/oli/Desktop/Oliver/Uni/MA/RepoTrajektorienfolgeregelung/MA-Trajektorienfolgeregelung/workspace/ros2_ws/install/lidar_obstacle_detection/lib/lidar_obstacle_detection/obstacle_detection_map
/home/oli/Desktop/Oliver/Uni/MA/RepoTrajektorienfolgeregelung/MA-Trajektorienfolgeregelung/workspace/ros2_ws/install/lidar_obstacle_detection/lib/lidar_obstacle_detection/obstacle_map
