[2.177s] Invoking command in '/home/ro01/workspace/ros2_ws/src/calibration': DEBUGINFOD_URLS=https://debuginfod.ubuntu.com PYTHONPATH=/home/ro01/workspace/ros2_ws/build/calibration/prefix_override:/usr/lib/python3/dist-packages/colcon_core/task/python/colcon_distutils_commands:/home/ro01/workspace/ros2_ws/install/calibration/lib/python3.12/site-packages:${PYTHONPATH} /usr/bin/python3 -W ignore:setup.py install is deprecated -W ignore:easy_install command is deprecated setup.py egg_info --egg-base ../../build/calibration build --build-base /home/ro01/workspace/ros2_ws/build/calibration/build install --record /home/ro01/workspace/ros2_ws/build/calibration/install.log --single-version-externally-managed install_data
[2.683s] running egg_info
[2.724s] writing ../../build/calibration/calibration.egg-info/PKG-INFO
[2.725s] writing dependency_links to ../../build/calibration/calibration.egg-info/dependency_links.txt
[2.732s] writing entry points to ../../build/calibration/calibration.egg-info/entry_points.txt
[2.732s] writing requirements to ../../build/calibration/calibration.egg-info/requires.txt
[2.733s] writing top-level names to ../../build/calibration/calibration.egg-info/top_level.txt
[2.811s] reading manifest file '../../build/calibration/calibration.egg-info/SOURCES.txt'
[2.812s] writing manifest file '../../build/calibration/calibration.egg-info/SOURCES.txt'
[2.814s] running build
[2.814s] running build_py
[2.815s] running install
[2.827s] running install_lib
[2.864s] running install_data
[2.864s] running install_egg_info
[2.903s] removing '/home/ro01/workspace/ros2_ws/install/calibration/lib/python3.12/site-packages/calibration-0.0.0-py3.12.egg-info' (and everything under it)
[2.903s] Copying ../../build/calibration/calibration.egg-info to /home/ro01/workspace/ros2_ws/install/calibration/lib/python3.12/site-packages/calibration-0.0.0-py3.12.egg-info
[2.909s] running install_scripts
[3.143s] Installing calibrate_angular script to /home/ro01/workspace/ros2_ws/install/calibration/lib/calibration
[3.143s] Installing calibrate_linear script to /home/ro01/workspace/ros2_ws/install/calibration/lib/calibration
[3.150s] writing list of installed files to '/home/ro01/workspace/ros2_ws/build/calibration/install.log'
[3.291s] Invoked command in '/home/ro01/workspace/ros2_ws/src/calibration' returned '0': DEBUGINFOD_URLS=https://debuginfod.ubuntu.com PYTHONPATH=/home/ro01/workspace/ros2_ws/build/calibration/prefix_override:/usr/lib/python3/dist-packages/colcon_core/task/python/colcon_distutils_commands:/home/ro01/workspace/ros2_ws/install/calibration/lib/python3.12/site-packages:${PYTHONPATH} /usr/bin/python3 -W ignore:setup.py install is deprecated -W ignore:easy_install command is deprecated setup.py egg_info --egg-base ../../build/calibration build --build-base /home/ro01/workspace/ros2_ws/build/calibration/build install --record /home/ro01/workspace/ros2_ws/build/calibration/install.log --single-version-externally-managed install_data
