[2.482s] Invoking command in '/home/ro01/workspace/ros2_ws/src/driver/controller': DEBUGINFOD_URLS=https://debuginfod.ubuntu.com PYTHONPATH=/home/ro01/workspace/ros2_ws/build/controller/prefix_override:/usr/lib/python3/dist-packages/colcon_core/task/python/colcon_distutils_commands:/home/ro01/workspace/ros2_ws/install/controller/lib/python3.12/site-packages:${PYTHONPATH} /usr/bin/python3 -W ignore:setup.py install is deprecated -W ignore:easy_install command is deprecated setup.py egg_info --egg-base ../../../build/controller build --build-base /home/ro01/workspace/ros2_ws/build/controller/build install --record /home/ro01/workspace/ros2_ws/build/controller/install.log --single-version-externally-managed install_data
[3.038s] running egg_info
[3.093s] writing ../../../build/controller/controller.egg-info/PKG-INFO
[3.094s] writing dependency_links to ../../../build/controller/controller.egg-info/dependency_links.txt
[3.101s] writing entry points to ../../../build/controller/controller.egg-info/entry_points.txt
[3.103s] writing requirements to ../../../build/controller/controller.egg-info/requires.txt
[3.104s] writing top-level names to ../../../build/controller/controller.egg-info/top_level.txt
[3.206s] reading manifest file '../../../build/controller/controller.egg-info/SOURCES.txt'
[3.210s] writing manifest file '../../../build/controller/controller.egg-info/SOURCES.txt'
[3.210s] running build
[3.211s] running build_py
[3.214s] running install
[3.232s] running install_lib
[3.275s] running install_data
[3.275s] running install_egg_info
[3.336s] removing '/home/ro01/workspace/ros2_ws/install/controller/lib/python3.12/site-packages/controller-0.0.0-py3.12.egg-info' (and everything under it)
[3.338s] Copying ../../../build/controller/controller.egg-info to /home/ro01/workspace/ros2_ws/install/controller/lib/python3.12/site-packages/controller-0.0.0-py3.12.egg-info
[3.341s] running install_scripts
[3.654s] Installing init_pose script to /home/ro01/workspace/ros2_ws/install/controller/lib/controller
[3.654s] Installing odom_publisher script to /home/ro01/workspace/ros2_ws/install/controller/lib/controller
[3.655s] writing list of installed files to '/home/ro01/workspace/ros2_ws/build/controller/install.log'
[4.104s] Invoked command in '/home/ro01/workspace/ros2_ws/src/driver/controller' returned '0': DEBUGINFOD_URLS=https://debuginfod.ubuntu.com PYTHONPATH=/home/ro01/workspace/ros2_ws/build/controller/prefix_override:/usr/lib/python3/dist-packages/colcon_core/task/python/colcon_distutils_commands:/home/ro01/workspace/ros2_ws/install/controller/lib/python3.12/site-packages:${PYTHONPATH} /usr/bin/python3 -W ignore:setup.py install is deprecated -W ignore:easy_install command is deprecated setup.py egg_info --egg-base ../../../build/controller build --build-base /home/ro01/workspace/ros2_ws/build/controller/build install --record /home/ro01/workspace/ros2_ws/build/controller/install.log --single-version-externally-managed install_data
