[0.051s] Invoking command in '/home/oli/Desktop/Oliver/Uni/MA/RepoTrajektorienfolgeregelung/MA-Trajektorienfolgeregelung/workspace/ros2_ws/build/ldlidar_node': AMENT_PREFIX_PATH=/home/oli/Desktop/Oliver/Uni/MA/RepoTrajektorienfolgeregelung/MA-Trajektorienfolgeregelung/workspace/ros2_ws/install/ldlidar_component:${AMENT_PREFIX_PATH} CMAKE_PREFIX_PATH=/home/oli/Desktop/Oliver/Uni/MA/RepoTrajektorienfolgeregelung/MA-Trajektorienfolgeregelung/workspace/ros2_ws/install/ldlidar_component:/home/oli/workspace/ros2_ws/install/ros_robot_controller_msgs:/home/oli/workspace/ros2_ws/install/orchestrator_launch:/home/oli/workspace/ros2_ws/install/ldlidar_stl_ros2:/home/oli/workspace/ros2_ws/install/ldlidar:/home/oli/workspace/ros2_ws/install/ldlidar_node:/home/oli/workspace/ros2_ws/install/ldlidar_component:/home/oli/workspace/ros2_ws/install/imu_calib:/opt/ros/jazzy/opt/sdformat_vendor:/opt/ros/jazzy/opt/gz_math_vendor:/opt/ros/jazzy/opt/gz_utils_vendor:/opt/ros/jazzy/opt/gz_tools_vendor:/opt/ros/jazzy/opt/gz_cmake_vendor:/home/oli/workspace/ros2_ws/install/sdk:/home/oli/workspace/ros2_ws/install/ros_robot_controller:/home/oli/workspace/ros2_ws/install/peripherals:/home/oli/workspace/ros2_ws/install/mentorpi_description:/home/oli/workspace/ros2_ws/install/controller:/home/oli/workspace/ros2_ws/install/calibration:/opt/ros/jazzy DEBUGINFOD_URLS=https://debuginfod.ubuntu.com LD_LIBRARY_PATH=/home/oli/Desktop/Oliver/Uni/MA/RepoTrajektorienfolgeregelung/MA-Trajektorienfolgeregelung/workspace/ros2_ws/install/ldlidar_component/lib:${LD_LIBRARY_PATH} VIRTUAL_ENV_PROMPT=(venv) /usr/bin/cmake /home/oli/Desktop/Oliver/Uni/MA/RepoTrajektorienfolgeregelung/MA-Trajektorienfolgeregelung/workspace/ros2_ws/src/ldrobot-lidar-ros2/ldlidar_node -DCMAKE_INSTALL_PREFIX=/home/oli/Desktop/Oliver/Uni/MA/RepoTrajektorienfolgeregelung/MA-Trajektorienfolgeregelung/workspace/ros2_ws/install/ldlidar_node
[0.133s] --  * Release Mode
[0.134s] -- * Found ROS2 jazzy
[0.135s] [33mCMake Warning at CMakeLists.txt:70 (message):
[0.135s]   ROS2 jazzy is not officially supported by this package.  Correct working is
[0.135s]   not guarantee.
[0.135s] 
[0.139s] [0m
[0.139s] -- Found ament_cmake: 2.5.3 (/opt/ros/jazzy/share/ament_cmake/cmake)
[0.902s] -- Override CMake install command with custom implementation using symlinks instead of copying resources
[0.935s] -- Found rclcpp: 28.1.6 (/opt/ros/jazzy/share/rclcpp/cmake)
[1.035s] -- Found rosidl_generator_c: 4.6.5 (/opt/ros/jazzy/share/rosidl_generator_c/cmake)
[1.061s] -- Found rosidl_generator_cpp: 4.6.5 (/opt/ros/jazzy/share/rosidl_generator_cpp/cmake)
[1.096s] -- Using all available rosidl_typesupport_c: rosidl_typesupport_fastrtps_c;rosidl_typesupport_introspection_c
[1.136s] -- Using all available rosidl_typesupport_cpp: rosidl_typesupport_fastrtps_cpp;rosidl_typesupport_introspection_cpp
[1.385s] -- Found rmw_implementation_cmake: 7.3.1 (/opt/ros/jazzy/share/rmw_implementation_cmake/cmake)
[1.395s] -- Found rmw_fastrtps_cpp: 8.4.1 (/opt/ros/jazzy/share/rmw_fastrtps_cpp/cmake)
[1.629s] -- Using RMW implementation 'rmw_fastrtps_cpp' as default
[1.897s] -- Found rclcpp_components: 28.1.6 (/opt/ros/jazzy/share/rclcpp_components/cmake)
[2.002s] -- Found rclcpp_lifecycle: 28.1.6 (/opt/ros/jazzy/share/rclcpp_lifecycle/cmake)
[2.098s] -- Found ldlidar_component: 0.2.0 (/home/oli/Desktop/Oliver/Uni/MA/RepoTrajektorienfolgeregelung/MA-Trajektorienfolgeregelung/workspace/ros2_ws/install/ldlidar_component/share/ldlidar_component/cmake)
[2.979s] -- Found eigen3_cmake_module: 0.3.0 (/opt/ros/jazzy/share/eigen3_cmake_module/cmake)
[2.988s] -- Ensuring Eigen3 include directory is part of orocos-kdl CMake target
[3.171s] -- Found ament_lint_auto: 0.17.1 (/opt/ros/jazzy/share/ament_lint_auto/cmake)
[3.715s] -- Found python_cmake_module: 0.11.1 (/opt/ros/jazzy/share/python_cmake_module/cmake)
[4.226s] -- Added test 'copyright' to check source files copyright and LICENSE
[4.355s] -- Added test 'cppcheck' to perform static code analysis on C / C++ code
[4.355s] -- Configured cppcheck include dirs: 
[4.355s] -- Configured cppcheck exclude dirs and/or files: 
[4.422s] -- Added test 'cpplint' to check C / C++ code against the Google style
[4.422s] -- Configured cpplint exclude dirs and/or files: 
[4.430s] -- Added test 'flake8' to check Python code syntax and style conventions
[4.435s] -- Configured 'flake8' exclude dirs and/or files: 
[4.445s] -- Added test 'lint_cmake' to check CMake code style
[4.453s] -- Added test 'pep257' to check Python code against some of the docstring style conventions in PEP 257
[4.508s] -- Added test 'uncrustify' to check C / C++ code style
[4.508s] -- Configured uncrustify additional arguments: 
[4.514s] -- Added test 'xmllint' to check XML markup files
[4.532s] -- Configuring done (4.4s)
[4.868s] -- Generating done (0.3s)
[4.925s] -- Build files have been written to: /home/oli/Desktop/Oliver/Uni/MA/RepoTrajektorienfolgeregelung/MA-Trajektorienfolgeregelung/workspace/ros2_ws/build/ldlidar_node
[4.982s] Invoked command in '/home/oli/Desktop/Oliver/Uni/MA/RepoTrajektorienfolgeregelung/MA-Trajektorienfolgeregelung/workspace/ros2_ws/build/ldlidar_node' returned '0': AMENT_PREFIX_PATH=/home/oli/Desktop/Oliver/Uni/MA/RepoTrajektorienfolgeregelung/MA-Trajektorienfolgeregelung/workspace/ros2_ws/install/ldlidar_component:${AMENT_PREFIX_PATH} CMAKE_PREFIX_PATH=/home/oli/Desktop/Oliver/Uni/MA/RepoTrajektorienfolgeregelung/MA-Trajektorienfolgeregelung/workspace/ros2_ws/install/ldlidar_component:/home/oli/workspace/ros2_ws/install/ros_robot_controller_msgs:/home/oli/workspace/ros2_ws/install/orchestrator_launch:/home/oli/workspace/ros2_ws/install/ldlidar_stl_ros2:/home/oli/workspace/ros2_ws/install/ldlidar:/home/oli/workspace/ros2_ws/install/ldlidar_node:/home/oli/workspace/ros2_ws/install/ldlidar_component:/home/oli/workspace/ros2_ws/install/imu_calib:/opt/ros/jazzy/opt/sdformat_vendor:/opt/ros/jazzy/opt/gz_math_vendor:/opt/ros/jazzy/opt/gz_utils_vendor:/opt/ros/jazzy/opt/gz_tools_vendor:/opt/ros/jazzy/opt/gz_cmake_vendor:/home/oli/workspace/ros2_ws/install/sdk:/home/oli/workspace/ros2_ws/install/ros_robot_controller:/home/oli/workspace/ros2_ws/install/peripherals:/home/oli/workspace/ros2_ws/install/mentorpi_description:/home/oli/workspace/ros2_ws/install/controller:/home/oli/workspace/ros2_ws/install/calibration:/opt/ros/jazzy DEBUGINFOD_URLS=https://debuginfod.ubuntu.com LD_LIBRARY_PATH=/home/oli/Desktop/Oliver/Uni/MA/RepoTrajektorienfolgeregelung/MA-Trajektorienfolgeregelung/workspace/ros2_ws/install/ldlidar_component/lib:${LD_LIBRARY_PATH} VIRTUAL_ENV_PROMPT=(venv) /usr/bin/cmake /home/oli/Desktop/Oliver/Uni/MA/RepoTrajektorienfolgeregelung/MA-Trajektorienfolgeregelung/workspace/ros2_ws/src/ldrobot-lidar-ros2/ldlidar_node -DCMAKE_INSTALL_PREFIX=/home/oli/Desktop/Oliver/Uni/MA/RepoTrajektorienfolgeregelung/MA-Trajektorienfolgeregelung/workspace/ros2_ws/install/ldlidar_node
[4.994s] Invoking command in '/home/oli/Desktop/Oliver/Uni/MA/RepoTrajektorienfolgeregelung/MA-Trajektorienfolgeregelung/workspace/ros2_ws/build/ldlidar_node': AMENT_PREFIX_PATH=/home/oli/Desktop/Oliver/Uni/MA/RepoTrajektorienfolgeregelung/MA-Trajektorienfolgeregelung/workspace/ros2_ws/install/ldlidar_component:${AMENT_PREFIX_PATH} CMAKE_PREFIX_PATH=/home/oli/Desktop/Oliver/Uni/MA/RepoTrajektorienfolgeregelung/MA-Trajektorienfolgeregelung/workspace/ros2_ws/install/ldlidar_component:/home/oli/workspace/ros2_ws/install/ros_robot_controller_msgs:/home/oli/workspace/ros2_ws/install/orchestrator_launch:/home/oli/workspace/ros2_ws/install/ldlidar_stl_ros2:/home/oli/workspace/ros2_ws/install/ldlidar:/home/oli/workspace/ros2_ws/install/ldlidar_node:/home/oli/workspace/ros2_ws/install/ldlidar_component:/home/oli/workspace/ros2_ws/install/imu_calib:/opt/ros/jazzy/opt/sdformat_vendor:/opt/ros/jazzy/opt/gz_math_vendor:/opt/ros/jazzy/opt/gz_utils_vendor:/opt/ros/jazzy/opt/gz_tools_vendor:/opt/ros/jazzy/opt/gz_cmake_vendor:/home/oli/workspace/ros2_ws/install/sdk:/home/oli/workspace/ros2_ws/install/ros_robot_controller:/home/oli/workspace/ros2_ws/install/peripherals:/home/oli/workspace/ros2_ws/install/mentorpi_description:/home/oli/workspace/ros2_ws/install/controller:/home/oli/workspace/ros2_ws/install/calibration:/opt/ros/jazzy DEBUGINFOD_URLS=https://debuginfod.ubuntu.com LD_LIBRARY_PATH=/home/oli/Desktop/Oliver/Uni/MA/RepoTrajektorienfolgeregelung/MA-Trajektorienfolgeregelung/workspace/ros2_ws/install/ldlidar_component/lib:${LD_LIBRARY_PATH} VIRTUAL_ENV_PROMPT=(venv) /usr/bin/cmake --build /home/oli/Desktop/Oliver/Uni/MA/RepoTrajektorienfolgeregelung/MA-Trajektorienfolgeregelung/workspace/ros2_ws/build/ldlidar_node -- -j8 -l8
[5.218s] [ 50%] [32mBuilding CXX object CMakeFiles/ldlidar_node.dir/src/ldlidar_container_node.cpp.o[0m
[13.520s] [100%] [32m[1mLinking CXX executable ldlidar_node[0m
[14.095s] [100%] Built target ldlidar_node
[14.125s] Invoked command in '/home/oli/Desktop/Oliver/Uni/MA/RepoTrajektorienfolgeregelung/MA-Trajektorienfolgeregelung/workspace/ros2_ws/build/ldlidar_node' returned '0': AMENT_PREFIX_PATH=/home/oli/Desktop/Oliver/Uni/MA/RepoTrajektorienfolgeregelung/MA-Trajektorienfolgeregelung/workspace/ros2_ws/install/ldlidar_component:${AMENT_PREFIX_PATH} CMAKE_PREFIX_PATH=/home/oli/Desktop/Oliver/Uni/MA/RepoTrajektorienfolgeregelung/MA-Trajektorienfolgeregelung/workspace/ros2_ws/install/ldlidar_component:/home/oli/workspace/ros2_ws/install/ros_robot_controller_msgs:/home/oli/workspace/ros2_ws/install/orchestrator_launch:/home/oli/workspace/ros2_ws/install/ldlidar_stl_ros2:/home/oli/workspace/ros2_ws/install/ldlidar:/home/oli/workspace/ros2_ws/install/ldlidar_node:/home/oli/workspace/ros2_ws/install/ldlidar_component:/home/oli/workspace/ros2_ws/install/imu_calib:/opt/ros/jazzy/opt/sdformat_vendor:/opt/ros/jazzy/opt/gz_math_vendor:/opt/ros/jazzy/opt/gz_utils_vendor:/opt/ros/jazzy/opt/gz_tools_vendor:/opt/ros/jazzy/opt/gz_cmake_vendor:/home/oli/workspace/ros2_ws/install/sdk:/home/oli/workspace/ros2_ws/install/ros_robot_controller:/home/oli/workspace/ros2_ws/install/peripherals:/home/oli/workspace/ros2_ws/install/mentorpi_description:/home/oli/workspace/ros2_ws/install/controller:/home/oli/workspace/ros2_ws/install/calibration:/opt/ros/jazzy DEBUGINFOD_URLS=https://debuginfod.ubuntu.com LD_LIBRARY_PATH=/home/oli/Desktop/Oliver/Uni/MA/RepoTrajektorienfolgeregelung/MA-Trajektorienfolgeregelung/workspace/ros2_ws/install/ldlidar_component/lib:${LD_LIBRARY_PATH} VIRTUAL_ENV_PROMPT=(venv) /usr/bin/cmake --build /home/oli/Desktop/Oliver/Uni/MA/RepoTrajektorienfolgeregelung/MA-Trajektorienfolgeregelung/workspace/ros2_ws/build/ldlidar_node -- -j8 -l8
[14.128s] Invoking command in '/home/oli/Desktop/Oliver/Uni/MA/RepoTrajektorienfolgeregelung/MA-Trajektorienfolgeregelung/workspace/ros2_ws/build/ldlidar_node': AMENT_PREFIX_PATH=/home/oli/Desktop/Oliver/Uni/MA/RepoTrajektorienfolgeregelung/MA-Trajektorienfolgeregelung/workspace/ros2_ws/install/ldlidar_component:${AMENT_PREFIX_PATH} CMAKE_PREFIX_PATH=/home/oli/Desktop/Oliver/Uni/MA/RepoTrajektorienfolgeregelung/MA-Trajektorienfolgeregelung/workspace/ros2_ws/install/ldlidar_component:/home/oli/workspace/ros2_ws/install/ros_robot_controller_msgs:/home/oli/workspace/ros2_ws/install/orchestrator_launch:/home/oli/workspace/ros2_ws/install/ldlidar_stl_ros2:/home/oli/workspace/ros2_ws/install/ldlidar:/home/oli/workspace/ros2_ws/install/ldlidar_node:/home/oli/workspace/ros2_ws/install/ldlidar_component:/home/oli/workspace/ros2_ws/install/imu_calib:/opt/ros/jazzy/opt/sdformat_vendor:/opt/ros/jazzy/opt/gz_math_vendor:/opt/ros/jazzy/opt/gz_utils_vendor:/opt/ros/jazzy/opt/gz_tools_vendor:/opt/ros/jazzy/opt/gz_cmake_vendor:/home/oli/workspace/ros2_ws/install/sdk:/home/oli/workspace/ros2_ws/install/ros_robot_controller:/home/oli/workspace/ros2_ws/install/peripherals:/home/oli/workspace/ros2_ws/install/mentorpi_description:/home/oli/workspace/ros2_ws/install/controller:/home/oli/workspace/ros2_ws/install/calibration:/opt/ros/jazzy DEBUGINFOD_URLS=https://debuginfod.ubuntu.com LD_LIBRARY_PATH=/home/oli/Desktop/Oliver/Uni/MA/RepoTrajektorienfolgeregelung/MA-Trajektorienfolgeregelung/workspace/ros2_ws/install/ldlidar_component/lib:${LD_LIBRARY_PATH} VIRTUAL_ENV_PROMPT=(venv) /usr/bin/cmake --install /home/oli/Desktop/Oliver/Uni/MA/RepoTrajektorienfolgeregelung/MA-Trajektorienfolgeregelung/workspace/ros2_ws/build/ldlidar_node
[14.148s] -- Install configuration: "Release"
[14.150s] -- Execute custom install script
[14.157s] -- Up-to-date symlink: /home/oli/Desktop/Oliver/Uni/MA/RepoTrajektorienfolgeregelung/MA-Trajektorienfolgeregelung/workspace/ros2_ws/install/ldlidar_node/lib/ldlidar_node/ldlidar_node
[14.157s] -- Up-to-date symlink: /home/oli/Desktop/Oliver/Uni/MA/RepoTrajektorienfolgeregelung/MA-Trajektorienfolgeregelung/workspace/ros2_ws/install/ldlidar_node/share/ldlidar_node/params/ldlidar.yaml
[14.158s] -- Up-to-date symlink: /home/oli/Desktop/Oliver/Uni/MA/RepoTrajektorienfolgeregelung/MA-Trajektorienfolgeregelung/workspace/ros2_ws/install/ldlidar_node/share/ldlidar_node/params/lifecycle_mgr.yaml
[14.159s] -- Up-to-date symlink: /home/oli/Desktop/Oliver/Uni/MA/RepoTrajektorienfolgeregelung/MA-Trajektorienfolgeregelung/workspace/ros2_ws/install/ldlidar_node/share/ldlidar_node/params/lifecycle_mgr_slam.yaml
[14.160s] -- Up-to-date symlink: /home/oli/Desktop/Oliver/Uni/MA/RepoTrajektorienfolgeregelung/MA-Trajektorienfolgeregelung/workspace/ros2_ws/install/ldlidar_node/share/ldlidar_node/params/slam_toolbox.yaml
[14.161s] -- Up-to-date symlink: /home/oli/Desktop/Oliver/Uni/MA/RepoTrajektorienfolgeregelung/MA-Trajektorienfolgeregelung/workspace/ros2_ws/install/ldlidar_node/share/ldlidar_node/config/ldlidar.rviz
[14.161s] -- Up-to-date symlink: /home/oli/Desktop/Oliver/Uni/MA/RepoTrajektorienfolgeregelung/MA-Trajektorienfolgeregelung/workspace/ros2_ws/install/ldlidar_node/share/ldlidar_node/config/ldlidar_slam.rviz
[14.164s] -- Up-to-date symlink: /home/oli/Desktop/Oliver/Uni/MA/RepoTrajektorienfolgeregelung/MA-Trajektorienfolgeregelung/workspace/ros2_ws/install/ldlidar_node/share/ldlidar_node/urdf/ldlidar_descr.urdf.xml
[14.164s] -- Up-to-date symlink: /home/oli/Desktop/Oliver/Uni/MA/RepoTrajektorienfolgeregelung/MA-Trajektorienfolgeregelung/workspace/ros2_ws/install/ldlidar_node/share/ldlidar_node/urdf/model/LD19.stl
[14.164s] -- Up-to-date symlink: /home/oli/Desktop/Oliver/Uni/MA/RepoTrajektorienfolgeregelung/MA-Trajektorienfolgeregelung/workspace/ros2_ws/install/ldlidar_node/share/ldlidar_node/launch/__pycache__/ldlidar.launch.cpython-312.pyc
[14.164s] -- Up-to-date symlink: /home/oli/Desktop/Oliver/Uni/MA/RepoTrajektorienfolgeregelung/MA-Trajektorienfolgeregelung/workspace/ros2_ws/install/ldlidar_node/share/ldlidar_node/launch/ldlidar.launch.py
[14.165s] -- Up-to-date symlink: /home/oli/Desktop/Oliver/Uni/MA/RepoTrajektorienfolgeregelung/MA-Trajektorienfolgeregelung/workspace/ros2_ws/install/ldlidar_node/share/ldlidar_node/launch/ldlidar_rviz2.launch.py
[14.165s] -- Up-to-date symlink: /home/oli/Desktop/Oliver/Uni/MA/RepoTrajektorienfolgeregelung/MA-Trajektorienfolgeregelung/workspace/ros2_ws/install/ldlidar_node/share/ldlidar_node/launch/ldlidar_slam.launch.py
[14.165s] -- Up-to-date symlink: /home/oli/Desktop/Oliver/Uni/MA/RepoTrajektorienfolgeregelung/MA-Trajektorienfolgeregelung/workspace/ros2_ws/install/ldlidar_node/share/ldlidar_node/launch/ldlidar_slam_only.launch.py
[14.166s] -- Up-to-date symlink: /home/oli/Desktop/Oliver/Uni/MA/RepoTrajektorienfolgeregelung/MA-Trajektorienfolgeregelung/workspace/ros2_ws/install/ldlidar_node/share/ldlidar_node/launch/ldlidar_with_mgr.launch.py
[14.167s] -- Up-to-date symlink: /home/oli/Desktop/Oliver/Uni/MA/RepoTrajektorienfolgeregelung/MA-Trajektorienfolgeregelung/workspace/ros2_ws/install/ldlidar_node/share/ament_index/resource_index/package_run_dependencies/ldlidar_node
[14.168s] -- Up-to-date symlink: /home/oli/Desktop/Oliver/Uni/MA/RepoTrajektorienfolgeregelung/MA-Trajektorienfolgeregelung/workspace/ros2_ws/install/ldlidar_node/share/ament_index/resource_index/parent_prefix_path/ldlidar_node
[14.168s] -- Up-to-date symlink: /home/oli/Desktop/Oliver/Uni/MA/RepoTrajektorienfolgeregelung/MA-Trajektorienfolgeregelung/workspace/ros2_ws/install/ldlidar_node/share/ldlidar_node/environment/ament_prefix_path.sh
[14.168s] -- Up-to-date symlink: /home/oli/Desktop/Oliver/Uni/MA/RepoTrajektorienfolgeregelung/MA-Trajektorienfolgeregelung/workspace/ros2_ws/install/ldlidar_node/share/ldlidar_node/environment/ament_prefix_path.dsv
[14.169s] -- Up-to-date symlink: /home/oli/Desktop/Oliver/Uni/MA/RepoTrajektorienfolgeregelung/MA-Trajektorienfolgeregelung/workspace/ros2_ws/install/ldlidar_node/share/ldlidar_node/environment/path.sh
[14.169s] -- Up-to-date symlink: /home/oli/Desktop/Oliver/Uni/MA/RepoTrajektorienfolgeregelung/MA-Trajektorienfolgeregelung/workspace/ros2_ws/install/ldlidar_node/share/ldlidar_node/environment/path.dsv
[14.169s] -- Up-to-date symlink: /home/oli/Desktop/Oliver/Uni/MA/RepoTrajektorienfolgeregelung/MA-Trajektorienfolgeregelung/workspace/ros2_ws/install/ldlidar_node/share/ldlidar_node/local_setup.bash
[14.169s] -- Up-to-date symlink: /home/oli/Desktop/Oliver/Uni/MA/RepoTrajektorienfolgeregelung/MA-Trajektorienfolgeregelung/workspace/ros2_ws/install/ldlidar_node/share/ldlidar_node/local_setup.sh
[14.170s] -- Up-to-date symlink: /home/oli/Desktop/Oliver/Uni/MA/RepoTrajektorienfolgeregelung/MA-Trajektorienfolgeregelung/workspace/ros2_ws/install/ldlidar_node/share/ldlidar_node/local_setup.zsh
[14.170s] -- Up-to-date symlink: /home/oli/Desktop/Oliver/Uni/MA/RepoTrajektorienfolgeregelung/MA-Trajektorienfolgeregelung/workspace/ros2_ws/install/ldlidar_node/share/ldlidar_node/local_setup.dsv
[14.170s] -- Symlinking: /home/oli/Desktop/Oliver/Uni/MA/RepoTrajektorienfolgeregelung/MA-Trajektorienfolgeregelung/workspace/ros2_ws/install/ldlidar_node/share/ldlidar_node/package.dsv
[14.191s] -- Up-to-date symlink: /home/oli/Desktop/Oliver/Uni/MA/RepoTrajektorienfolgeregelung/MA-Trajektorienfolgeregelung/workspace/ros2_ws/install/ldlidar_node/share/ament_index/resource_index/packages/ldlidar_node
[14.194s] -- Up-to-date symlink: /home/oli/Desktop/Oliver/Uni/MA/RepoTrajektorienfolgeregelung/MA-Trajektorienfolgeregelung/workspace/ros2_ws/install/ldlidar_node/share/ldlidar_node/cmake/ldlidar_nodeConfig.cmake
[14.194s] -- Up-to-date symlink: /home/oli/Desktop/Oliver/Uni/MA/RepoTrajektorienfolgeregelung/MA-Trajektorienfolgeregelung/workspace/ros2_ws/install/ldlidar_node/share/ldlidar_node/cmake/ldlidar_nodeConfig-version.cmake
[14.195s] -- Up-to-date symlink: /home/oli/Desktop/Oliver/Uni/MA/RepoTrajektorienfolgeregelung/MA-Trajektorienfolgeregelung/workspace/ros2_ws/install/ldlidar_node/share/ldlidar_node/package.xml
[14.201s] Invoked command in '/home/oli/Desktop/Oliver/Uni/MA/RepoTrajektorienfolgeregelung/MA-Trajektorienfolgeregelung/workspace/ros2_ws/build/ldlidar_node' returned '0': AMENT_PREFIX_PATH=/home/oli/Desktop/Oliver/Uni/MA/RepoTrajektorienfolgeregelung/MA-Trajektorienfolgeregelung/workspace/ros2_ws/install/ldlidar_component:${AMENT_PREFIX_PATH} CMAKE_PREFIX_PATH=/home/oli/Desktop/Oliver/Uni/MA/RepoTrajektorienfolgeregelung/MA-Trajektorienfolgeregelung/workspace/ros2_ws/install/ldlidar_component:/home/oli/workspace/ros2_ws/install/ros_robot_controller_msgs:/home/oli/workspace/ros2_ws/install/orchestrator_launch:/home/oli/workspace/ros2_ws/install/ldlidar_stl_ros2:/home/oli/workspace/ros2_ws/install/ldlidar:/home/oli/workspace/ros2_ws/install/ldlidar_node:/home/oli/workspace/ros2_ws/install/ldlidar_component:/home/oli/workspace/ros2_ws/install/imu_calib:/opt/ros/jazzy/opt/sdformat_vendor:/opt/ros/jazzy/opt/gz_math_vendor:/opt/ros/jazzy/opt/gz_utils_vendor:/opt/ros/jazzy/opt/gz_tools_vendor:/opt/ros/jazzy/opt/gz_cmake_vendor:/home/oli/workspace/ros2_ws/install/sdk:/home/oli/workspace/ros2_ws/install/ros_robot_controller:/home/oli/workspace/ros2_ws/install/peripherals:/home/oli/workspace/ros2_ws/install/mentorpi_description:/home/oli/workspace/ros2_ws/install/controller:/home/oli/workspace/ros2_ws/install/calibration:/opt/ros/jazzy DEBUGINFOD_URLS=https://debuginfod.ubuntu.com LD_LIBRARY_PATH=/home/oli/Desktop/Oliver/Uni/MA/RepoTrajektorienfolgeregelung/MA-Trajektorienfolgeregelung/workspace/ros2_ws/install/ldlidar_component/lib:${LD_LIBRARY_PATH} VIRTUAL_ENV_PROMPT=(venv) /usr/bin/cmake --install /home/oli/Desktop/Oliver/Uni/MA/RepoTrajektorienfolgeregelung/MA-Trajektorienfolgeregelung/workspace/ros2_ws/build/ldlidar_node
