[1.972s] Invoking command in '/home/ro01/workspace/ros2_ws/src/driver/controller': DEBUGINFOD_URLS=https://debuginfod.ubuntu.com PYTHONPATH=/home/ro01/workspace/ros2_ws/build/controller/prefix_override:/usr/lib/python3/dist-packages/colcon_core/task/python/colcon_distutils_commands:/home/ro01/workspace/ros2_ws/install/controller/lib/python3.12/site-packages:${PYTHONPATH} /usr/bin/python3 -W ignore:setup.py install is deprecated -W ignore:easy_install command is deprecated setup.py egg_info --egg-base ../../../build/controller build --build-base /home/ro01/workspace/ros2_ws/build/controller/build install --record /home/ro01/workspace/ros2_ws/build/controller/install.log --single-version-externally-managed install_data
[2.423s] running egg_info
[2.447s] writing ../../../build/controller/controller.egg-info/PKG-INFO
[2.448s] writing dependency_links to ../../../build/controller/controller.egg-info/dependency_links.txt
[2.455s] writing entry points to ../../../build/controller/controller.egg-info/entry_points.txt
[2.456s] writing requirements to ../../../build/controller/controller.egg-info/requires.txt
[2.457s] writing top-level names to ../../../build/controller/controller.egg-info/top_level.txt
[2.531s] reading manifest file '../../../build/controller/controller.egg-info/SOURCES.txt'
[2.531s] writing manifest file '../../../build/controller/controller.egg-info/SOURCES.txt'
[2.532s] running build
[2.532s] running build_py
[2.533s] running install
[2.545s] running install_lib
[2.584s] running install_data
[2.584s] running install_egg_info
[2.618s] removing '/home/ro01/workspace/ros2_ws/install/controller/lib/python3.12/site-packages/controller-0.0.0-py3.12.egg-info' (and everything under it)
[2.618s] Copying ../../../build/controller/controller.egg-info to /home/ro01/workspace/ros2_ws/install/controller/lib/python3.12/site-packages/controller-0.0.0-py3.12.egg-info
[2.620s] running install_scripts
[2.834s] Installing init_pose script to /home/ro01/workspace/ros2_ws/install/controller/lib/controller
[2.835s] Installing odom_publisher script to /home/ro01/workspace/ros2_ws/install/controller/lib/controller
[2.836s] writing list of installed files to '/home/ro01/workspace/ros2_ws/build/controller/install.log'
[2.983s] Invoked command in '/home/ro01/workspace/ros2_ws/src/driver/controller' returned '0': DEBUGINFOD_URLS=https://debuginfod.ubuntu.com PYTHONPATH=/home/ro01/workspace/ros2_ws/build/controller/prefix_override:/usr/lib/python3/dist-packages/colcon_core/task/python/colcon_distutils_commands:/home/ro01/workspace/ros2_ws/install/controller/lib/python3.12/site-packages:${PYTHONPATH} /usr/bin/python3 -W ignore:setup.py install is deprecated -W ignore:easy_install command is deprecated setup.py egg_info --egg-base ../../../build/controller build --build-base /home/ro01/workspace/ros2_ws/build/controller/build install --record /home/ro01/workspace/ros2_ws/build/controller/install.log --single-version-externally-managed install_data
