running egg_info
creating ../../build/MPC_Trajektorienfolgeregelung/MPC_Trajektorienfolgeregelung.egg-info
writing ../../build/MPC_Trajektorienfolgeregelung/MPC_Trajektorienfolgeregelung.egg-info/PKG-INFO
writing dependency_links to ../../build/MPC_Trajektorienfolgeregelung/MPC_Trajektorienfolgeregelung.egg-info/dependency_links.txt
writing entry points to ../../build/MPC_Trajektorienfolgeregelung/MPC_Trajektorienfolgeregelung.egg-info/entry_points.txt
writing requirements to ../../build/MPC_Trajektorienfolgeregelung/MPC_Trajektorienfolgeregelung.egg-info/requires.txt
writing top-level names to ../../build/MPC_Trajektorienfolgeregelung/MPC_Trajektorienfolgeregelung.egg-info/top_level.txt
writing manifest file '../../build/MPC_Trajektorienfolgeregelung/MPC_Trajektorienfolgeregelung.egg-info/SOURCES.txt'
reading manifest file '../../build/MPC_Trajektorienfolgeregelung/MPC_Trajektorienfolgeregelung.egg-info/SOURCES.txt'
adding license file 'LICENSE'
writing manifest file '../../build/MPC_Trajektorienfolgeregelung/MPC_Trajektorienfolgeregelung.egg-info/SOURCES.txt'
running build
running build_py
creating /home/oli/Desktop/Oliver/Uni/MA/RepoTrajektorienfolgeregelung/MA-Trajektorienfolgeregelung/workspace/ros2_ws/build/MPC_Trajektorienfolgeregelung/build
creating /home/oli/Desktop/Oliver/Uni/MA/RepoTrajektorienfolgeregelung/MA-Trajektorienfolgeregelung/workspace/ros2_ws/build/MPC_Trajektorienfolgeregelung/build/lib
creating /home/oli/Desktop/Oliver/Uni/MA/RepoTrajektorienfolgeregelung/MA-Trajektorienfolgeregelung/workspace/ros2_ws/build/MPC_Trajektorienfolgeregelung/build/lib/Trajektorienfolgeregelung
copying Trajektorienfolgeregelung/mpc_PD_controller.py -> /home/oli/Desktop/Oliver/Uni/MA/RepoTrajektorienfolgeregelung/MA-Trajektorienfolgeregelung/workspace/ros2_ws/build/MPC_Trajektorienfolgeregelung/build/lib/Trajektorienfolgeregelung
copying Trajektorienfolgeregelung/trajectoryPControllerTime.py -> /home/oli/Desktop/Oliver/Uni/MA/RepoTrajektorienfolgeregelung/MA-Trajektorienfolgeregelung/workspace/ros2_ws/build/MPC_Trajektorienfolgeregelung/build/lib/Trajektorienfolgeregelung
copying Trajektorienfolgeregelung/CreateTrajectory.py -> /home/oli/Desktop/Oliver/Uni/MA/RepoTrajektorienfolgeregelung/MA-Trajektorienfolgeregelung/workspace/ros2_ws/build/MPC_Trajektorienfolgeregelung/build/lib/Trajektorienfolgeregelung
copying Trajektorienfolgeregelung/Trajectorytracking.py -> /home/oli/Desktop/Oliver/Uni/MA/RepoTrajektorienfolgeregelung/MA-Trajektorienfolgeregelung/workspace/ros2_ws/build/MPC_Trajektorienfolgeregelung/build/lib/Trajektorienfolgeregelung
copying Trajektorienfolgeregelung/__init__.py -> /home/oli/Desktop/Oliver/Uni/MA/RepoTrajektorienfolgeregelung/MA-Trajektorienfolgeregelung/workspace/ros2_ws/build/MPC_Trajektorienfolgeregelung/build/lib/Trajektorienfolgeregelung
copying Trajektorienfolgeregelung/PurePursuit.py -> /home/oli/Desktop/Oliver/Uni/MA/RepoTrajektorienfolgeregelung/MA-Trajektorienfolgeregelung/workspace/ros2_ws/build/MPC_Trajektorienfolgeregelung/build/lib/Trajektorienfolgeregelung
copying Trajektorienfolgeregelung/mpc_trajectory.py -> /home/oli/Desktop/Oliver/Uni/MA/RepoTrajektorienfolgeregelung/MA-Trajektorienfolgeregelung/workspace/ros2_ws/build/MPC_Trajektorienfolgeregelung/build/lib/Trajektorienfolgeregelung
running install
running install_lib
creating /home/oli/Desktop/Oliver/Uni/MA/RepoTrajektorienfolgeregelung/MA-Trajektorienfolgeregelung/workspace/ros2_ws/install/MPC_Trajektorienfolgeregelung/lib/python3.12/site-packages/Trajektorienfolgeregelung
copying /home/oli/Desktop/Oliver/Uni/MA/RepoTrajektorienfolgeregelung/MA-Trajektorienfolgeregelung/workspace/ros2_ws/build/MPC_Trajektorienfolgeregelung/build/lib/Trajektorienfolgeregelung/mpc_PD_controller.py -> /home/oli/Desktop/Oliver/Uni/MA/RepoTrajektorienfolgeregelung/MA-Trajektorienfolgeregelung/workspace/ros2_ws/install/MPC_Trajektorienfolgeregelung/lib/python3.12/site-packages/Trajektorienfolgeregelung
copying /home/oli/Desktop/Oliver/Uni/MA/RepoTrajektorienfolgeregelung/MA-Trajektorienfolgeregelung/workspace/ros2_ws/build/MPC_Trajektorienfolgeregelung/build/lib/Trajektorienfolgeregelung/trajectoryPControllerTime.py -> /home/oli/Desktop/Oliver/Uni/MA/RepoTrajektorienfolgeregelung/MA-Trajektorienfolgeregelung/workspace/ros2_ws/install/MPC_Trajektorienfolgeregelung/lib/python3.12/site-packages/Trajektorienfolgeregelung
copying /home/oli/Desktop/Oliver/Uni/MA/RepoTrajektorienfolgeregelung/MA-Trajektorienfolgeregelung/workspace/ros2_ws/build/MPC_Trajektorienfolgeregelung/build/lib/Trajektorienfolgeregelung/CreateTrajectory.py -> /home/oli/Desktop/Oliver/Uni/MA/RepoTrajektorienfolgeregelung/MA-Trajektorienfolgeregelung/workspace/ros2_ws/install/MPC_Trajektorienfolgeregelung/lib/python3.12/site-packages/Trajektorienfolgeregelung
copying /home/oli/Desktop/Oliver/Uni/MA/RepoTrajektorienfolgeregelung/MA-Trajektorienfolgeregelung/workspace/ros2_ws/build/MPC_Trajektorienfolgeregelung/build/lib/Trajektorienfolgeregelung/Trajectorytracking.py -> /home/oli/Desktop/Oliver/Uni/MA/RepoTrajektorienfolgeregelung/MA-Trajektorienfolgeregelung/workspace/ros2_ws/install/MPC_Trajektorienfolgeregelung/lib/python3.12/site-packages/Trajektorienfolgeregelung
copying /home/oli/Desktop/Oliver/Uni/MA/RepoTrajektorienfolgeregelung/MA-Trajektorienfolgeregelung/workspace/ros2_ws/build/MPC_Trajektorienfolgeregelung/build/lib/Trajektorienfolgeregelung/__init__.py -> /home/oli/Desktop/Oliver/Uni/MA/RepoTrajektorienfolgeregelung/MA-Trajektorienfolgeregelung/workspace/ros2_ws/install/MPC_Trajektorienfolgeregelung/lib/python3.12/site-packages/Trajektorienfolgeregelung
copying /home/oli/Desktop/Oliver/Uni/MA/RepoTrajektorienfolgeregelung/MA-Trajektorienfolgeregelung/workspace/ros2_ws/build/MPC_Trajektorienfolgeregelung/build/lib/Trajektorienfolgeregelung/PurePursuit.py -> /home/oli/Desktop/Oliver/Uni/MA/RepoTrajektorienfolgeregelung/MA-Trajektorienfolgeregelung/workspace/ros2_ws/install/MPC_Trajektorienfolgeregelung/lib/python3.12/site-packages/Trajektorienfolgeregelung
copying /home/oli/Desktop/Oliver/Uni/MA/RepoTrajektorienfolgeregelung/MA-Trajektorienfolgeregelung/workspace/ros2_ws/build/MPC_Trajektorienfolgeregelung/build/lib/Trajektorienfolgeregelung/mpc_trajectory.py -> /home/oli/Desktop/Oliver/Uni/MA/RepoTrajektorienfolgeregelung/MA-Trajektorienfolgeregelung/workspace/ros2_ws/install/MPC_Trajektorienfolgeregelung/lib/python3.12/site-packages/Trajektorienfolgeregelung
byte-compiling /home/oli/Desktop/Oliver/Uni/MA/RepoTrajektorienfolgeregelung/MA-Trajektorienfolgeregelung/workspace/ros2_ws/install/MPC_Trajektorienfolgeregelung/lib/python3.12/site-packages/Trajektorienfolgeregelung/mpc_PD_controller.py to mpc_PD_controller.cpython-312.pyc
byte-compiling /home/oli/Desktop/Oliver/Uni/MA/RepoTrajektorienfolgeregelung/MA-Trajektorienfolgeregelung/workspace/ros2_ws/install/MPC_Trajektorienfolgeregelung/lib/python3.12/site-packages/Trajektorienfolgeregelung/trajectoryPControllerTime.py to trajectoryPControllerTime.cpython-312.pyc
byte-compiling /home/oli/Desktop/Oliver/Uni/MA/RepoTrajektorienfolgeregelung/MA-Trajektorienfolgeregelung/workspace/ros2_ws/install/MPC_Trajektorienfolgeregelung/lib/python3.12/site-packages/Trajektorienfolgeregelung/CreateTrajectory.py to CreateTrajectory.cpython-312.pyc
byte-compiling /home/oli/Desktop/Oliver/Uni/MA/RepoTrajektorienfolgeregelung/MA-Trajektorienfolgeregelung/workspace/ros2_ws/install/MPC_Trajektorienfolgeregelung/lib/python3.12/site-packages/Trajektorienfolgeregelung/Trajectorytracking.py to Trajectorytracking.cpython-312.pyc
byte-compiling /home/oli/Desktop/Oliver/Uni/MA/RepoTrajektorienfolgeregelung/MA-Trajektorienfolgeregelung/workspace/ros2_ws/install/MPC_Trajektorienfolgeregelung/lib/python3.12/site-packages/Trajektorienfolgeregelung/__init__.py to __init__.cpython-312.pyc
byte-compiling /home/oli/Desktop/Oliver/Uni/MA/RepoTrajektorienfolgeregelung/MA-Trajektorienfolgeregelung/workspace/ros2_ws/install/MPC_Trajektorienfolgeregelung/lib/python3.12/site-packages/Trajektorienfolgeregelung/PurePursuit.py to PurePursuit.cpython-312.pyc
byte-compiling /home/oli/Desktop/Oliver/Uni/MA/RepoTrajektorienfolgeregelung/MA-Trajektorienfolgeregelung/workspace/ros2_ws/install/MPC_Trajektorienfolgeregelung/lib/python3.12/site-packages/Trajektorienfolgeregelung/mpc_trajectory.py to mpc_trajectory.cpython-312.pyc
running install_data
creating /home/oli/Desktop/Oliver/Uni/MA/RepoTrajektorienfolgeregelung/MA-Trajektorienfolgeregelung/workspace/ros2_ws/install/MPC_Trajektorienfolgeregelung/share/ament_index
creating /home/oli/Desktop/Oliver/Uni/MA/RepoTrajektorienfolgeregelung/MA-Trajektorienfolgeregelung/workspace/ros2_ws/install/MPC_Trajektorienfolgeregelung/share/ament_index/resource_index
creating /home/oli/Desktop/Oliver/Uni/MA/RepoTrajektorienfolgeregelung/MA-Trajektorienfolgeregelung/workspace/ros2_ws/install/MPC_Trajektorienfolgeregelung/share/ament_index/resource_index/packages
copying resource/MPC_Trajektorienfolgeregelung -> /home/oli/Desktop/Oliver/Uni/MA/RepoTrajektorienfolgeregelung/MA-Trajektorienfolgeregelung/workspace/ros2_ws/install/MPC_Trajektorienfolgeregelung/share/ament_index/resource_index/packages
copying package.xml -> /home/oli/Desktop/Oliver/Uni/MA/RepoTrajektorienfolgeregelung/MA-Trajektorienfolgeregelung/workspace/ros2_ws/install/MPC_Trajektorienfolgeregelung/share/MPC_Trajektorienfolgeregelung
running install_egg_info
Copying ../../build/MPC_Trajektorienfolgeregelung/MPC_Trajektorienfolgeregelung.egg-info to /home/oli/Desktop/Oliver/Uni/MA/RepoTrajektorienfolgeregelung/MA-Trajektorienfolgeregelung/workspace/ros2_ws/install/MPC_Trajektorienfolgeregelung/lib/python3.12/site-packages/MPC_Trajektorienfolgeregelung-0.0.0-py3.12.egg-info
running install_scripts
Installing PurePursuit script to /home/oli/Desktop/Oliver/Uni/MA/RepoTrajektorienfolgeregelung/MA-Trajektorienfolgeregelung/workspace/ros2_ws/install/MPC_Trajektorienfolgeregelung/lib/MPC_Trajektorienfolgeregelung
Installing Trajectorytracking script to /home/oli/Desktop/Oliver/Uni/MA/RepoTrajektorienfolgeregelung/MA-Trajektorienfolgeregelung/workspace/ros2_ws/install/MPC_Trajektorienfolgeregelung/lib/MPC_Trajektorienfolgeregelung
Installing mpc_PD_controller script to /home/oli/Desktop/Oliver/Uni/MA/RepoTrajektorienfolgeregelung/MA-Trajektorienfolgeregelung/workspace/ros2_ws/install/MPC_Trajektorienfolgeregelung/lib/MPC_Trajektorienfolgeregelung
Installing trajectoryPControllerTime script to /home/oli/Desktop/Oliver/Uni/MA/RepoTrajektorienfolgeregelung/MA-Trajektorienfolgeregelung/workspace/ros2_ws/install/MPC_Trajektorienfolgeregelung/lib/MPC_Trajektorienfolgeregelung
writing list of installed files to '/home/oli/Desktop/Oliver/Uni/MA/RepoTrajektorienfolgeregelung/MA-Trajektorienfolgeregelung/workspace/ros2_ws/build/MPC_Trajektorienfolgeregelung/install.log'
