[5.582s] Invoking command in '/home/oli/Desktop/Oliver/Uni/MA/RepoTrajektorienfolgeregelung/MA-Trajektorienfolgeregelung/workspace/ros2_ws/src/Trajektorienfolgeregelung': DEBUGINFOD_URLS=https://debuginfod.ubuntu.com PYTHONPATH=/home/oli/Desktop/Oliver/Uni/MA/RepoTrajektorienfolgeregelung/MA-Trajektorienfolgeregelung/workspace/ros2_ws/build/MPC_Trajektorienfolgeregelung/prefix_override:/usr/lib/python3/dist-packages/colcon_core/task/python/colcon_distutils_commands:/home/oli/Desktop/Oliver/Uni/MA/RepoTrajektorienfolgeregelung/MA-Trajektorienfolgeregelung/workspace/ros2_ws/install/MPC_Trajektorienfolgeregelung/lib/python3.12/site-packages:${PYTHONPATH} VIRTUAL_ENV_PROMPT=(venv) /usr/bin/python3 -W ignore:setup.py install is deprecated -W ignore:easy_install command is deprecated setup.py egg_info --egg-base ../../build/MPC_Trajektorienfolgeregelung build --build-base /home/oli/Desktop/Oliver/Uni/MA/RepoTrajektorienfolgeregelung/MA-Trajektorienfolgeregelung/workspace/ros2_ws/build/MPC_Trajektorienfolgeregelung/build install --record /home/oli/Desktop/Oliver/Uni/MA/RepoTrajektorienfolgeregelung/MA-Trajektorienfolgeregelung/workspace/ros2_ws/build/MPC_Trajektorienfolgeregelung/install.log --single-version-externally-managed install_data
[7.837s] running egg_info
[7.838s] creating ../../build/MPC_Trajektorienfolgeregelung/MPC_Trajektorienfolgeregelung.egg-info
[7.988s] writing ../../build/MPC_Trajektorienfolgeregelung/MPC_Trajektorienfolgeregelung.egg-info/PKG-INFO
[7.988s] writing dependency_links to ../../build/MPC_Trajektorienfolgeregelung/MPC_Trajektorienfolgeregelung.egg-info/dependency_links.txt
[7.989s] writing entry points to ../../build/MPC_Trajektorienfolgeregelung/MPC_Trajektorienfolgeregelung.egg-info/entry_points.txt
[7.991s] writing requirements to ../../build/MPC_Trajektorienfolgeregelung/MPC_Trajektorienfolgeregelung.egg-info/requires.txt
[7.991s] writing top-level names to ../../build/MPC_Trajektorienfolgeregelung/MPC_Trajektorienfolgeregelung.egg-info/top_level.txt
[7.991s] writing manifest file '../../build/MPC_Trajektorienfolgeregelung/MPC_Trajektorienfolgeregelung.egg-info/SOURCES.txt'
[8.334s] reading manifest file '../../build/MPC_Trajektorienfolgeregelung/MPC_Trajektorienfolgeregelung.egg-info/SOURCES.txt'
[8.335s] adding license file 'LICENSE'
[8.340s] writing manifest file '../../build/MPC_Trajektorienfolgeregelung/MPC_Trajektorienfolgeregelung.egg-info/SOURCES.txt'
[8.341s] running build
[8.341s] running build_py
[8.341s] creating /home/oli/Desktop/Oliver/Uni/MA/RepoTrajektorienfolgeregelung/MA-Trajektorienfolgeregelung/workspace/ros2_ws/build/MPC_Trajektorienfolgeregelung/build
[8.341s] creating /home/oli/Desktop/Oliver/Uni/MA/RepoTrajektorienfolgeregelung/MA-Trajektorienfolgeregelung/workspace/ros2_ws/build/MPC_Trajektorienfolgeregelung/build/lib
[8.342s] creating /home/oli/Desktop/Oliver/Uni/MA/RepoTrajektorienfolgeregelung/MA-Trajektorienfolgeregelung/workspace/ros2_ws/build/MPC_Trajektorienfolgeregelung/build/lib/Trajektorienfolgeregelung
[8.342s] copying Trajektorienfolgeregelung/mpc_PD_controller.py -> /home/oli/Desktop/Oliver/Uni/MA/RepoTrajektorienfolgeregelung/MA-Trajektorienfolgeregelung/workspace/ros2_ws/build/MPC_Trajektorienfolgeregelung/build/lib/Trajektorienfolgeregelung
[8.342s] copying Trajektorienfolgeregelung/trajectoryPControllerTime.py -> /home/oli/Desktop/Oliver/Uni/MA/RepoTrajektorienfolgeregelung/MA-Trajektorienfolgeregelung/workspace/ros2_ws/build/MPC_Trajektorienfolgeregelung/build/lib/Trajektorienfolgeregelung
[8.342s] copying Trajektorienfolgeregelung/CreateTrajectory.py -> /home/oli/Desktop/Oliver/Uni/MA/RepoTrajektorienfolgeregelung/MA-Trajektorienfolgeregelung/workspace/ros2_ws/build/MPC_Trajektorienfolgeregelung/build/lib/Trajektorienfolgeregelung
[8.342s] copying Trajektorienfolgeregelung/Trajectorytracking.py -> /home/oli/Desktop/Oliver/Uni/MA/RepoTrajektorienfolgeregelung/MA-Trajektorienfolgeregelung/workspace/ros2_ws/build/MPC_Trajektorienfolgeregelung/build/lib/Trajektorienfolgeregelung
[8.342s] copying Trajektorienfolgeregelung/__init__.py -> /home/oli/Desktop/Oliver/Uni/MA/RepoTrajektorienfolgeregelung/MA-Trajektorienfolgeregelung/workspace/ros2_ws/build/MPC_Trajektorienfolgeregelung/build/lib/Trajektorienfolgeregelung
[8.343s] copying Trajektorienfolgeregelung/PurePursuit.py -> /home/oli/Desktop/Oliver/Uni/MA/RepoTrajektorienfolgeregelung/MA-Trajektorienfolgeregelung/workspace/ros2_ws/build/MPC_Trajektorienfolgeregelung/build/lib/Trajektorienfolgeregelung
[8.353s] copying Trajektorienfolgeregelung/mpc_trajectory.py -> /home/oli/Desktop/Oliver/Uni/MA/RepoTrajektorienfolgeregelung/MA-Trajektorienfolgeregelung/workspace/ros2_ws/build/MPC_Trajektorienfolgeregelung/build/lib/Trajektorienfolgeregelung
[8.353s] running install
[8.392s] running install_lib
[8.497s] creating /home/oli/Desktop/Oliver/Uni/MA/RepoTrajektorienfolgeregelung/MA-Trajektorienfolgeregelung/workspace/ros2_ws/install/MPC_Trajektorienfolgeregelung/lib/python3.12/site-packages/Trajektorienfolgeregelung
[8.504s] copying /home/oli/Desktop/Oliver/Uni/MA/RepoTrajektorienfolgeregelung/MA-Trajektorienfolgeregelung/workspace/ros2_ws/build/MPC_Trajektorienfolgeregelung/build/lib/Trajektorienfolgeregelung/mpc_PD_controller.py -> /home/oli/Desktop/Oliver/Uni/MA/RepoTrajektorienfolgeregelung/MA-Trajektorienfolgeregelung/workspace/ros2_ws/install/MPC_Trajektorienfolgeregelung/lib/python3.12/site-packages/Trajektorienfolgeregelung
[8.505s] copying /home/oli/Desktop/Oliver/Uni/MA/RepoTrajektorienfolgeregelung/MA-Trajektorienfolgeregelung/workspace/ros2_ws/build/MPC_Trajektorienfolgeregelung/build/lib/Trajektorienfolgeregelung/trajectoryPControllerTime.py -> /home/oli/Desktop/Oliver/Uni/MA/RepoTrajektorienfolgeregelung/MA-Trajektorienfolgeregelung/workspace/ros2_ws/install/MPC_Trajektorienfolgeregelung/lib/python3.12/site-packages/Trajektorienfolgeregelung
[8.505s] copying /home/oli/Desktop/Oliver/Uni/MA/RepoTrajektorienfolgeregelung/MA-Trajektorienfolgeregelung/workspace/ros2_ws/build/MPC_Trajektorienfolgeregelung/build/lib/Trajektorienfolgeregelung/CreateTrajectory.py -> /home/oli/Desktop/Oliver/Uni/MA/RepoTrajektorienfolgeregelung/MA-Trajektorienfolgeregelung/workspace/ros2_ws/install/MPC_Trajektorienfolgeregelung/lib/python3.12/site-packages/Trajektorienfolgeregelung
[8.507s] copying /home/oli/Desktop/Oliver/Uni/MA/RepoTrajektorienfolgeregelung/MA-Trajektorienfolgeregelung/workspace/ros2_ws/build/MPC_Trajektorienfolgeregelung/build/lib/Trajektorienfolgeregelung/Trajectorytracking.py -> /home/oli/Desktop/Oliver/Uni/MA/RepoTrajektorienfolgeregelung/MA-Trajektorienfolgeregelung/workspace/ros2_ws/install/MPC_Trajektorienfolgeregelung/lib/python3.12/site-packages/Trajektorienfolgeregelung
[8.507s] copying /home/oli/Desktop/Oliver/Uni/MA/RepoTrajektorienfolgeregelung/MA-Trajektorienfolgeregelung/workspace/ros2_ws/build/MPC_Trajektorienfolgeregelung/build/lib/Trajektorienfolgeregelung/__init__.py -> /home/oli/Desktop/Oliver/Uni/MA/RepoTrajektorienfolgeregelung/MA-Trajektorienfolgeregelung/workspace/ros2_ws/install/MPC_Trajektorienfolgeregelung/lib/python3.12/site-packages/Trajektorienfolgeregelung
[8.508s] copying /home/oli/Desktop/Oliver/Uni/MA/RepoTrajektorienfolgeregelung/MA-Trajektorienfolgeregelung/workspace/ros2_ws/build/MPC_Trajektorienfolgeregelung/build/lib/Trajektorienfolgeregelung/PurePursuit.py -> /home/oli/Desktop/Oliver/Uni/MA/RepoTrajektorienfolgeregelung/MA-Trajektorienfolgeregelung/workspace/ros2_ws/install/MPC_Trajektorienfolgeregelung/lib/python3.12/site-packages/Trajektorienfolgeregelung
[8.510s] copying /home/oli/Desktop/Oliver/Uni/MA/RepoTrajektorienfolgeregelung/MA-Trajektorienfolgeregelung/workspace/ros2_ws/build/MPC_Trajektorienfolgeregelung/build/lib/Trajektorienfolgeregelung/mpc_trajectory.py -> /home/oli/Desktop/Oliver/Uni/MA/RepoTrajektorienfolgeregelung/MA-Trajektorienfolgeregelung/workspace/ros2_ws/install/MPC_Trajektorienfolgeregelung/lib/python3.12/site-packages/Trajektorienfolgeregelung
[8.514s] byte-compiling /home/oli/Desktop/Oliver/Uni/MA/RepoTrajektorienfolgeregelung/MA-Trajektorienfolgeregelung/workspace/ros2_ws/install/MPC_Trajektorienfolgeregelung/lib/python3.12/site-packages/Trajektorienfolgeregelung/mpc_PD_controller.py to mpc_PD_controller.cpython-312.pyc
[8.522s] byte-compiling /home/oli/Desktop/Oliver/Uni/MA/RepoTrajektorienfolgeregelung/MA-Trajektorienfolgeregelung/workspace/ros2_ws/install/MPC_Trajektorienfolgeregelung/lib/python3.12/site-packages/Trajektorienfolgeregelung/trajectoryPControllerTime.py to trajectoryPControllerTime.cpython-312.pyc
[8.540s] byte-compiling /home/oli/Desktop/Oliver/Uni/MA/RepoTrajektorienfolgeregelung/MA-Trajektorienfolgeregelung/workspace/ros2_ws/install/MPC_Trajektorienfolgeregelung/lib/python3.12/site-packages/Trajektorienfolgeregelung/CreateTrajectory.py to CreateTrajectory.cpython-312.pyc
[8.543s] byte-compiling /home/oli/Desktop/Oliver/Uni/MA/RepoTrajektorienfolgeregelung/MA-Trajektorienfolgeregelung/workspace/ros2_ws/install/MPC_Trajektorienfolgeregelung/lib/python3.12/site-packages/Trajektorienfolgeregelung/Trajectorytracking.py to Trajectorytracking.cpython-312.pyc
[8.563s] byte-compiling /home/oli/Desktop/Oliver/Uni/MA/RepoTrajektorienfolgeregelung/MA-Trajektorienfolgeregelung/workspace/ros2_ws/install/MPC_Trajektorienfolgeregelung/lib/python3.12/site-packages/Trajektorienfolgeregelung/__init__.py to __init__.cpython-312.pyc
[8.564s] byte-compiling /home/oli/Desktop/Oliver/Uni/MA/RepoTrajektorienfolgeregelung/MA-Trajektorienfolgeregelung/workspace/ros2_ws/install/MPC_Trajektorienfolgeregelung/lib/python3.12/site-packages/Trajektorienfolgeregelung/PurePursuit.py to PurePursuit.cpython-312.pyc
[8.581s] byte-compiling /home/oli/Desktop/Oliver/Uni/MA/RepoTrajektorienfolgeregelung/MA-Trajektorienfolgeregelung/workspace/ros2_ws/install/MPC_Trajektorienfolgeregelung/lib/python3.12/site-packages/Trajektorienfolgeregelung/mpc_trajectory.py to mpc_trajectory.cpython-312.pyc
[8.601s] running install_data
[8.602s] creating /home/oli/Desktop/Oliver/Uni/MA/RepoTrajektorienfolgeregelung/MA-Trajektorienfolgeregelung/workspace/ros2_ws/install/MPC_Trajektorienfolgeregelung/share/ament_index
[8.602s] creating /home/oli/Desktop/Oliver/Uni/MA/RepoTrajektorienfolgeregelung/MA-Trajektorienfolgeregelung/workspace/ros2_ws/install/MPC_Trajektorienfolgeregelung/share/ament_index/resource_index
[8.602s] creating /home/oli/Desktop/Oliver/Uni/MA/RepoTrajektorienfolgeregelung/MA-Trajektorienfolgeregelung/workspace/ros2_ws/install/MPC_Trajektorienfolgeregelung/share/ament_index/resource_index/packages
[8.602s] copying resource/MPC_Trajektorienfolgeregelung -> /home/oli/Desktop/Oliver/Uni/MA/RepoTrajektorienfolgeregelung/MA-Trajektorienfolgeregelung/workspace/ros2_ws/install/MPC_Trajektorienfolgeregelung/share/ament_index/resource_index/packages
[8.602s] copying package.xml -> /home/oli/Desktop/Oliver/Uni/MA/RepoTrajektorienfolgeregelung/MA-Trajektorienfolgeregelung/workspace/ros2_ws/install/MPC_Trajektorienfolgeregelung/share/MPC_Trajektorienfolgeregelung
[8.603s] running install_egg_info
[8.760s] Copying ../../build/MPC_Trajektorienfolgeregelung/MPC_Trajektorienfolgeregelung.egg-info to /home/oli/Desktop/Oliver/Uni/MA/RepoTrajektorienfolgeregelung/MA-Trajektorienfolgeregelung/workspace/ros2_ws/install/MPC_Trajektorienfolgeregelung/lib/python3.12/site-packages/MPC_Trajektorienfolgeregelung-0.0.0-py3.12.egg-info
[8.766s] running install_scripts
[9.459s] Installing PurePursuit script to /home/oli/Desktop/Oliver/Uni/MA/RepoTrajektorienfolgeregelung/MA-Trajektorienfolgeregelung/workspace/ros2_ws/install/MPC_Trajektorienfolgeregelung/lib/MPC_Trajektorienfolgeregelung
[9.460s] Installing Trajectorytracking script to /home/oli/Desktop/Oliver/Uni/MA/RepoTrajektorienfolgeregelung/MA-Trajektorienfolgeregelung/workspace/ros2_ws/install/MPC_Trajektorienfolgeregelung/lib/MPC_Trajektorienfolgeregelung
[9.460s] Installing mpc_PD_controller script to /home/oli/Desktop/Oliver/Uni/MA/RepoTrajektorienfolgeregelung/MA-Trajektorienfolgeregelung/workspace/ros2_ws/install/MPC_Trajektorienfolgeregelung/lib/MPC_Trajektorienfolgeregelung
[9.460s] Installing trajectoryPControllerTime script to /home/oli/Desktop/Oliver/Uni/MA/RepoTrajektorienfolgeregelung/MA-Trajektorienfolgeregelung/workspace/ros2_ws/install/MPC_Trajektorienfolgeregelung/lib/MPC_Trajektorienfolgeregelung
[9.463s] writing list of installed files to '/home/oli/Desktop/Oliver/Uni/MA/RepoTrajektorienfolgeregelung/MA-Trajektorienfolgeregelung/workspace/ros2_ws/build/MPC_Trajektorienfolgeregelung/install.log'
[9.759s] Invoked command in '/home/oli/Desktop/Oliver/Uni/MA/RepoTrajektorienfolgeregelung/MA-Trajektorienfolgeregelung/workspace/ros2_ws/src/Trajektorienfolgeregelung' returned '0': DEBUGINFOD_URLS=https://debuginfod.ubuntu.com PYTHONPATH=/home/oli/Desktop/Oliver/Uni/MA/RepoTrajektorienfolgeregelung/MA-Trajektorienfolgeregelung/workspace/ros2_ws/build/MPC_Trajektorienfolgeregelung/prefix_override:/usr/lib/python3/dist-packages/colcon_core/task/python/colcon_distutils_commands:/home/oli/Desktop/Oliver/Uni/MA/RepoTrajektorienfolgeregelung/MA-Trajektorienfolgeregelung/workspace/ros2_ws/install/MPC_Trajektorienfolgeregelung/lib/python3.12/site-packages:${PYTHONPATH} VIRTUAL_ENV_PROMPT=(venv) /usr/bin/python3 -W ignore:setup.py install is deprecated -W ignore:easy_install command is deprecated setup.py egg_info --egg-base ../../build/MPC_Trajektorienfolgeregelung build --build-base /home/oli/Desktop/Oliver/Uni/MA/RepoTrajektorienfolgeregelung/MA-Trajektorienfolgeregelung/workspace/ros2_ws/build/MPC_Trajektorienfolgeregelung/build install --record /home/oli/Desktop/Oliver/Uni/MA/RepoTrajektorienfolgeregelung/MA-Trajektorienfolgeregelung/workspace/ros2_ws/build/MPC_Trajektorienfolgeregelung/install.log --single-version-externally-managed install_data
