--  * Release Mode
-- * Found ROS2 jazzy
-- Found ament_cmake: 2.5.3 (/opt/ros/jazzy/share/ament_cmake/cmake)
-- Override CMake install command with custom implementation using symlinks instead of copying resources
-- Found rclcpp_lifecycle: 28.1.6 (/opt/ros/jazzy/share/rclcpp_lifecycle/cmake)
-- Found rosidl_generator_c: 4.6.5 (/opt/ros/jazzy/share/rosidl_generator_c/cmake)
-- Found rosidl_generator_cpp: 4.6.5 (/opt/ros/jazzy/share/rosidl_generator_cpp/cmake)
-- Using all available rosidl_typesupport_c: rosidl_typesupport_fastrtps_c;rosidl_typesupport_introspection_c
-- Using all available rosidl_typesupport_cpp: rosidl_typesupport_fastrtps_cpp;rosidl_typesupport_introspection_cpp
-- Found rmw_implementation_cmake: 7.3.1 (/opt/ros/jazzy/share/rmw_implementation_cmake/cmake)
-- Found rmw_fastrtps_cpp: 8.4.1 (/opt/ros/jazzy/share/rmw_fastrtps_cpp/cmake)
-- Using RMW implementation 'rmw_fastrtps_cpp' as default
-- Found rclcpp_components: 28.1.6 (/opt/ros/jazzy/share/rclcpp_components/cmake)
-- Found nav2_util: 1.3.4 (/opt/ros/jazzy/share/nav2_util/cmake)
-- Found eigen3_cmake_module: 0.3.0 (/opt/ros/jazzy/share/eigen3_cmake_module/cmake)
-- Ensuring Eigen3 include directory is part of orocos-kdl CMake target
-- Found sensor_msgs: 5.3.5 (/opt/ros/jazzy/share/sensor_msgs/cmake)
-- Found diagnostic_msgs: 5.3.5 (/opt/ros/jazzy/share/diagnostic_msgs/cmake)
-- Found diagnostic_updater: 4.2.1 (/opt/ros/jazzy/share/diagnostic_updater/cmake)
-- Found ament_lint_auto: 0.17.1 (/opt/ros/jazzy/share/ament_lint_auto/cmake)
-- Added test 'copyright' to check source files copyright and LICENSE
-- Added test 'cppcheck' to perform static code analysis on C / C++ code
-- Configured cppcheck include dirs: /home/oli/Desktop/Oliver/Uni/MA/RepoTrajektorienfolgeregelung/MA-Trajektorienfolgeregelung/workspace/ros2_ws/src/ldrobot-lidar-ros2/ldlidar_component/include;/home/oli/Desktop/Oliver/Uni/MA/RepoTrajektorienfolgeregelung/MA-Trajektorienfolgeregelung/workspace/ros2_ws/src/ldrobot-lidar-ros2/ldlidar_component/tools/include;/home/oli/Desktop/Oliver/Uni/MA/RepoTrajektorienfolgeregelung/MA-Trajektorienfolgeregelung/workspace/ros2_ws/src/ldrobot-lidar-ros2/ldlidar_component/component/include;/home/oli/Desktop/Oliver/Uni/MA/RepoTrajektorienfolgeregelung/MA-Trajektorienfolgeregelung/workspace/ros2_ws/src/ldrobot-lidar-ros2/ldlidar_component/ldlidar_driver/include/core;/home/oli/Desktop/Oliver/Uni/MA/RepoTrajektorienfolgeregelung/MA-Trajektorienfolgeregelung/workspace/ros2_ws/src/ldrobot-lidar-ros2/ldlidar_component/ldlidar_driver/include/dataprocess;/home/oli/Desktop/Oliver/Uni/MA/RepoTrajektorienfolgeregelung/MA-Trajektorienfolgeregelung/workspace/ros2_ws/src/ldrobot-lidar-ros2/ldlidar_component/ldlidar_driver/include/filter;/home/oli/Desktop/Oliver/Uni/MA/RepoTrajektorienfolgeregelung/MA-Trajektorienfolgeregelung/workspace/ros2_ws/src/ldrobot-lidar-ros2/ldlidar_component/ldlidar_driver/include/logger;/home/oli/Desktop/Oliver/Uni/MA/RepoTrajektorienfolgeregelung/MA-Trajektorienfolgeregelung/workspace/ros2_ws/src/ldrobot-lidar-ros2/ldlidar_component/ldlidar_driver/include/networkcom;/home/oli/Desktop/Oliver/Uni/MA/RepoTrajektorienfolgeregelung/MA-Trajektorienfolgeregelung/workspace/ros2_ws/src/ldrobot-lidar-ros2/ldlidar_component/ldlidar_driver/include/serialcom
-- Configured cppcheck exclude dirs and/or files: 
-- Added test 'cpplint' to check C / C++ code against the Google style
-- Configured cpplint exclude dirs and/or files: 
-- Added test 'lint_cmake' to check CMake code style
-- Added test 'uncrustify' to check C / C++ code style
-- Configured uncrustify additional arguments: 
-- Added test 'xmllint' to check XML markup files
-- Configuring done (2.3s)
-- Generating done (0.1s)
-- Build files have been written to: /home/oli/Desktop/Oliver/Uni/MA/RepoTrajektorienfolgeregelung/MA-Trajektorienfolgeregelung/workspace/ros2_ws/build/ldlidar_component
[ 10%] [32mBuilding CXX object ldlidar_driver/CMakeFiles/ldlidar.dir/src/core/ldlidar_driver.cpp.o[0m
[ 30%] [32mBuilding CXX object ldlidar_driver/CMakeFiles/ldlidar.dir/src/logger/log_module.cpp.o[0m
[ 40%] [32mBuilding CXX object ldlidar_driver/CMakeFiles/ldlidar.dir/src/networkcom/network_socket_interface_linux.cpp.o[0m
[ 50%] [32mBuilding CXX object ldlidar_driver/CMakeFiles/ldlidar.dir/src/serialcom/serial_interface_linux.cpp.o[0m
[ 50%] [32mBuilding CXX object ldlidar_driver/CMakeFiles/ldlidar.dir/src/filter/tofbf.cpp.o[0m
[ 60%] [32mBuilding CXX object ldlidar_driver/CMakeFiles/ldlidar.dir/src/dataprocess/lipkg.cpp.o[0m
[ 70%] [32m[1mLinking CXX static library libldlidar.a[0m
[ 70%] Built target ldlidar
[ 80%] [32mBuilding CXX object CMakeFiles/ldlidar_component.dir/tools/src/ldlidar_tools.cpp.o[0m
[ 90%] [32mBuilding CXX object CMakeFiles/ldlidar_component.dir/component/src/ldlidar_component.cpp.o[0m
[100%] [32m[1mLinking CXX shared library libldlidar_component.so[0m
[100%] Built target ldlidar_component
-- Install configuration: "Release"
-- Execute custom install script
-- Up-to-date symlink: /home/oli/Desktop/Oliver/Uni/MA/RepoTrajektorienfolgeregelung/MA-Trajektorienfolgeregelung/workspace/ros2_ws/install/ldlidar_component/lib/libldlidar_component.so
-- Up-to-date symlink: /home/oli/Desktop/Oliver/Uni/MA/RepoTrajektorienfolgeregelung/MA-Trajektorienfolgeregelung/workspace/ros2_ws/install/ldlidar_component/include/ldlidar_component//defines.hpp
-- Up-to-date symlink: /home/oli/Desktop/Oliver/Uni/MA/RepoTrajektorienfolgeregelung/MA-Trajektorienfolgeregelung/workspace/ros2_ws/install/ldlidar_component/include/ldlidar_component//ldlidar_component.hpp
-- Up-to-date symlink: /home/oli/Desktop/Oliver/Uni/MA/RepoTrajektorienfolgeregelung/MA-Trajektorienfolgeregelung/workspace/ros2_ws/install/ldlidar_component/include/ldlidar_component//ldlidar_tools.hpp
-- Up-to-date symlink: /home/oli/Desktop/Oliver/Uni/MA/RepoTrajektorienfolgeregelung/MA-Trajektorienfolgeregelung/workspace/ros2_ws/install/ldlidar_component/include/ldlidar_component//visibility_control.hpp
-- Up-to-date symlink: /home/oli/Desktop/Oliver/Uni/MA/RepoTrajektorienfolgeregelung/MA-Trajektorienfolgeregelung/workspace/ros2_ws/install/ldlidar_component/include/ldlidar_component//ldlidar_datatype.h
-- Up-to-date symlink: /home/oli/Desktop/Oliver/Uni/MA/RepoTrajektorienfolgeregelung/MA-Trajektorienfolgeregelung/workspace/ros2_ws/install/ldlidar_component/include/ldlidar_component//ldlidar_driver.h
-- Up-to-date symlink: /home/oli/Desktop/Oliver/Uni/MA/RepoTrajektorienfolgeregelung/MA-Trajektorienfolgeregelung/workspace/ros2_ws/install/ldlidar_component/include/ldlidar_component//lipkg.h
-- Up-to-date symlink: /home/oli/Desktop/Oliver/Uni/MA/RepoTrajektorienfolgeregelung/MA-Trajektorienfolgeregelung/workspace/ros2_ws/install/ldlidar_component/include/ldlidar_component//tofbf.h
-- Up-to-date symlink: /home/oli/Desktop/Oliver/Uni/MA/RepoTrajektorienfolgeregelung/MA-Trajektorienfolgeregelung/workspace/ros2_ws/install/ldlidar_component/include/ldlidar_component//log_module.h
-- Up-to-date symlink: /home/oli/Desktop/Oliver/Uni/MA/RepoTrajektorienfolgeregelung/MA-Trajektorienfolgeregelung/workspace/ros2_ws/install/ldlidar_component/include/ldlidar_component//network_socket_interface_linux.h
-- Up-to-date symlink: /home/oli/Desktop/Oliver/Uni/MA/RepoTrajektorienfolgeregelung/MA-Trajektorienfolgeregelung/workspace/ros2_ws/install/ldlidar_component/include/ldlidar_component//serial_interface_linux.h
-- Up-to-date symlink: /home/oli/Desktop/Oliver/Uni/MA/RepoTrajektorienfolgeregelung/MA-Trajektorienfolgeregelung/workspace/ros2_ws/install/ldlidar_component/share/ldlidar_component/environment/library_path.sh
-- Up-to-date symlink: /home/oli/Desktop/Oliver/Uni/MA/RepoTrajektorienfolgeregelung/MA-Trajektorienfolgeregelung/workspace/ros2_ws/install/ldlidar_component/share/ldlidar_component/environment/library_path.dsv
-- Up-to-date symlink: /home/oli/Desktop/Oliver/Uni/MA/RepoTrajektorienfolgeregelung/MA-Trajektorienfolgeregelung/workspace/ros2_ws/install/ldlidar_component/share/ament_index/resource_index/package_run_dependencies/ldlidar_component
-- Up-to-date symlink: /home/oli/Desktop/Oliver/Uni/MA/RepoTrajektorienfolgeregelung/MA-Trajektorienfolgeregelung/workspace/ros2_ws/install/ldlidar_component/share/ament_index/resource_index/parent_prefix_path/ldlidar_component
-- Up-to-date symlink: /home/oli/Desktop/Oliver/Uni/MA/RepoTrajektorienfolgeregelung/MA-Trajektorienfolgeregelung/workspace/ros2_ws/install/ldlidar_component/share/ldlidar_component/environment/ament_prefix_path.sh
-- Up-to-date symlink: /home/oli/Desktop/Oliver/Uni/MA/RepoTrajektorienfolgeregelung/MA-Trajektorienfolgeregelung/workspace/ros2_ws/install/ldlidar_component/share/ldlidar_component/environment/ament_prefix_path.dsv
-- Up-to-date symlink: /home/oli/Desktop/Oliver/Uni/MA/RepoTrajektorienfolgeregelung/MA-Trajektorienfolgeregelung/workspace/ros2_ws/install/ldlidar_component/share/ldlidar_component/environment/path.sh
-- Up-to-date symlink: /home/oli/Desktop/Oliver/Uni/MA/RepoTrajektorienfolgeregelung/MA-Trajektorienfolgeregelung/workspace/ros2_ws/install/ldlidar_component/share/ldlidar_component/environment/path.dsv
-- Up-to-date symlink: /home/oli/Desktop/Oliver/Uni/MA/RepoTrajektorienfolgeregelung/MA-Trajektorienfolgeregelung/workspace/ros2_ws/install/ldlidar_component/share/ldlidar_component/local_setup.bash
-- Up-to-date symlink: /home/oli/Desktop/Oliver/Uni/MA/RepoTrajektorienfolgeregelung/MA-Trajektorienfolgeregelung/workspace/ros2_ws/install/ldlidar_component/share/ldlidar_component/local_setup.sh
-- Up-to-date symlink: /home/oli/Desktop/Oliver/Uni/MA/RepoTrajektorienfolgeregelung/MA-Trajektorienfolgeregelung/workspace/ros2_ws/install/ldlidar_component/share/ldlidar_component/local_setup.zsh
-- Up-to-date symlink: /home/oli/Desktop/Oliver/Uni/MA/RepoTrajektorienfolgeregelung/MA-Trajektorienfolgeregelung/workspace/ros2_ws/install/ldlidar_component/share/ldlidar_component/local_setup.dsv
-- Symlinking: /home/oli/Desktop/Oliver/Uni/MA/RepoTrajektorienfolgeregelung/MA-Trajektorienfolgeregelung/workspace/ros2_ws/install/ldlidar_component/share/ldlidar_component/package.dsv
-- Up-to-date symlink: /home/oli/Desktop/Oliver/Uni/MA/RepoTrajektorienfolgeregelung/MA-Trajektorienfolgeregelung/workspace/ros2_ws/install/ldlidar_component/share/ament_index/resource_index/packages/ldlidar_component
-- Up-to-date symlink: /home/oli/Desktop/Oliver/Uni/MA/RepoTrajektorienfolgeregelung/MA-Trajektorienfolgeregelung/workspace/ros2_ws/install/ldlidar_component/share/ament_index/resource_index/rclcpp_components/ldlidar_component
-- Up-to-date symlink: /home/oli/Desktop/Oliver/Uni/MA/RepoTrajektorienfolgeregelung/MA-Trajektorienfolgeregelung/workspace/ros2_ws/install/ldlidar_component/share/ldlidar_component/cmake/ament_cmake_export_include_directories-extras.cmake
-- Up-to-date symlink: /home/oli/Desktop/Oliver/Uni/MA/RepoTrajektorienfolgeregelung/MA-Trajektorienfolgeregelung/workspace/ros2_ws/install/ldlidar_component/share/ldlidar_component/cmake/ament_cmake_export_libraries-extras.cmake
-- Up-to-date symlink: /home/oli/Desktop/Oliver/Uni/MA/RepoTrajektorienfolgeregelung/MA-Trajektorienfolgeregelung/workspace/ros2_ws/install/ldlidar_component/share/ldlidar_component/cmake/ament_cmake_export_dependencies-extras.cmake
-- Up-to-date symlink: /home/oli/Desktop/Oliver/Uni/MA/RepoTrajektorienfolgeregelung/MA-Trajektorienfolgeregelung/workspace/ros2_ws/install/ldlidar_component/share/ldlidar_component/cmake/ldlidar_componentConfig.cmake
-- Up-to-date symlink: /home/oli/Desktop/Oliver/Uni/MA/RepoTrajektorienfolgeregelung/MA-Trajektorienfolgeregelung/workspace/ros2_ws/install/ldlidar_component/share/ldlidar_component/cmake/ldlidar_componentConfig-version.cmake
-- Up-to-date symlink: /home/oli/Desktop/Oliver/Uni/MA/RepoTrajektorienfolgeregelung/MA-Trajektorienfolgeregelung/workspace/ros2_ws/install/ldlidar_component/share/ldlidar_component/package.xml
