-- The C compiler identification is GNU 13.3.0
-- The CXX compiler identification is GNU 13.3.0
-- Detecting C compiler ABI info
-- Detecting C compiler ABI info - done
-- Check for working C compiler: /usr/bin/cc - skipped
-- Detecting C compile features
-- Detecting C compile features - done
-- Detecting CXX compiler ABI info
-- Detecting CXX compiler ABI info - done
-- Check for working CXX compiler: /usr/bin/c++ - skipped
-- Detecting CXX compile features
-- Detecting CXX compile features - done
-- Found ament_cmake: 2.5.3 (/opt/ros/jazzy/share/ament_cmake/cmake)
-- Found Python3: /usr/bin/python3 (found version "3.12.3") found components: Interpreter 
-- Override CMake install command with custom implementation using symlinks instead of copying resources
-- Found rclcpp: 28.1.6 (/opt/ros/jazzy/share/rclcpp/cmake)
-- Found rosidl_generator_c: 4.6.5 (/opt/ros/jazzy/share/rosidl_generator_c/cmake)
-- Found rosidl_generator_cpp: 4.6.5 (/opt/ros/jazzy/share/rosidl_generator_cpp/cmake)
-- Using all available rosidl_typesupport_c: rosidl_typesupport_fastrtps_c;rosidl_typesupport_introspection_c
-- Using all available rosidl_typesupport_cpp: rosidl_typesupport_fastrtps_cpp;rosidl_typesupport_introspection_cpp
-- Found rmw_implementation_cmake: 7.3.1 (/opt/ros/jazzy/share/rmw_implementation_cmake/cmake)
-- Found rmw_fastrtps_cpp: 8.4.1 (/opt/ros/jazzy/share/rmw_fastrtps_cpp/cmake)
-- Found OpenSSL: /usr/lib/x86_64-linux-gnu/libcrypto.so (found version "3.0.13")  
-- Found FastRTPS: /opt/ros/jazzy/include (Required is at least version "2.13") 
-- Using RMW implementation 'rmw_fastrtps_cpp' as default
-- Found sensor_msgs: 5.3.5 (/opt/ros/jazzy/share/sensor_msgs/cmake)
-- Found ament_lint_auto: 0.17.1 (/opt/ros/jazzy/share/ament_lint_auto/cmake)
-- Added test 'copyright' to check source files copyright and LICENSE
-- Added test 'cppcheck' to perform static code analysis on C / C++ code
-- Configured cppcheck include dirs: /home/oli/Desktop/Oliver/Uni/MA/RepoTrajektorienfolgeregelung/MA-Trajektorienfolgeregelung/workspace/ros2_ws/src/ldlidar_stl_ros2/include;/home/oli/Desktop/Oliver/Uni/MA/RepoTrajektorienfolgeregelung/MA-Trajektorienfolgeregelung/workspace/ros2_ws/src/ldlidar_stl_ros2/ldlidar_driver/include/core;/home/oli/Desktop/Oliver/Uni/MA/RepoTrajektorienfolgeregelung/MA-Trajektorienfolgeregelung/workspace/ros2_ws/src/ldlidar_stl_ros2/ldlidar_driver/include/dataprocess;/home/oli/Desktop/Oliver/Uni/MA/RepoTrajektorienfolgeregelung/MA-Trajektorienfolgeregelung/workspace/ros2_ws/src/ldlidar_stl_ros2/ldlidar_driver/include/filter;/home/oli/Desktop/Oliver/Uni/MA/RepoTrajektorienfolgeregelung/MA-Trajektorienfolgeregelung/workspace/ros2_ws/src/ldlidar_stl_ros2/ldlidar_driver/include/logger;/home/oli/Desktop/Oliver/Uni/MA/RepoTrajektorienfolgeregelung/MA-Trajektorienfolgeregelung/workspace/ros2_ws/src/ldlidar_stl_ros2/ldlidar_driver/include/networkcom;/home/oli/Desktop/Oliver/Uni/MA/RepoTrajektorienfolgeregelung/MA-Trajektorienfolgeregelung/workspace/ros2_ws/src/ldlidar_stl_ros2/ldlidar_driver/include/serialcom
-- Configured cppcheck exclude dirs and/or files: 
-- Added test 'cpplint' to check C / C++ code against the Google style
-- Configured cpplint exclude dirs and/or files: 
-- Added test 'flake8' to check Python code syntax and style conventions
-- Configured 'flake8' exclude dirs and/or files: 
-- Added test 'lint_cmake' to check CMake code style
-- Added test 'pep257' to check Python code against some of the docstring style conventions in PEP 257
-- Added test 'uncrustify' to check C / C++ code style
-- Configured uncrustify additional arguments: 
-- Added test 'xmllint' to check XML markup files
-- Configuring done (3.7s)
-- Generating done (0.0s)
-- Build files have been written to: /home/oli/Desktop/Oliver/Uni/MA/RepoTrajektorienfolgeregelung/MA-Trajektorienfolgeregelung/workspace/ros2_ws/build/ldlidar_stl_ros2
[ 12%] Building CXX object CMakeFiles/ldlidar_stl_ros2_node.dir/ldlidar_driver/src/core/ldlidar_driver.cpp.o
[ 25%] Building CXX object CMakeFiles/ldlidar_stl_ros2_node.dir/ldlidar_driver/src/filter/tofbf.cpp.o
[ 37%] Building CXX object CMakeFiles/ldlidar_stl_ros2_node.dir/ldlidar_driver/src/dataprocess/lipkg.cpp.o
[ 50%] Building CXX object CMakeFiles/ldlidar_stl_ros2_node.dir/ldlidar_driver/src/serialcom/serial_interface_linux.cpp.o
[ 62%] Building CXX object CMakeFiles/ldlidar_stl_ros2_node.dir/src/demo.cpp.o
[ 75%] Building CXX object CMakeFiles/ldlidar_stl_ros2_node.dir/ldlidar_driver/src/logger/log_module.cpp.o
[ 87%] Building CXX object CMakeFiles/ldlidar_stl_ros2_node.dir/ldlidar_driver/src/networkcom/network_socket_interface_linux.cpp.o
[100%] Linking CXX executable ldlidar_stl_ros2_node
[100%] Built target ldlidar_stl_ros2_node
-- Install configuration: ""
-- Execute custom install script
-- Symlinking: /home/oli/Desktop/Oliver/Uni/MA/RepoTrajektorienfolgeregelung/MA-Trajektorienfolgeregelung/workspace/ros2_ws/install/ldlidar_stl_ros2/lib/ldlidar_stl_ros2/ldlidar_stl_ros2_node
-- Symlinking: /home/oli/Desktop/Oliver/Uni/MA/RepoTrajektorienfolgeregelung/MA-Trajektorienfolgeregelung/workspace/ros2_ws/install/ldlidar_stl_ros2/share/ldlidar_stl_ros2//launch/__pycache__/ld19.launch.cpython-310.pyc
-- Symlinking: /home/oli/Desktop/Oliver/Uni/MA/RepoTrajektorienfolgeregelung/MA-Trajektorienfolgeregelung/workspace/ros2_ws/install/ldlidar_stl_ros2/share/ldlidar_stl_ros2//launch/__pycache__/viewer_ld19.launch.cpython-310.pyc
-- Symlinking: /home/oli/Desktop/Oliver/Uni/MA/RepoTrajektorienfolgeregelung/MA-Trajektorienfolgeregelung/workspace/ros2_ws/install/ldlidar_stl_ros2/share/ldlidar_stl_ros2//launch/ld06.launch.py
-- Symlinking: /home/oli/Desktop/Oliver/Uni/MA/RepoTrajektorienfolgeregelung/MA-Trajektorienfolgeregelung/workspace/ros2_ws/install/ldlidar_stl_ros2/share/ldlidar_stl_ros2//launch/ld19.launch.py
-- Symlinking: /home/oli/Desktop/Oliver/Uni/MA/RepoTrajektorienfolgeregelung/MA-Trajektorienfolgeregelung/workspace/ros2_ws/install/ldlidar_stl_ros2/share/ldlidar_stl_ros2//launch/stl27l.launch.py
-- Symlinking: /home/oli/Desktop/Oliver/Uni/MA/RepoTrajektorienfolgeregelung/MA-Trajektorienfolgeregelung/workspace/ros2_ws/install/ldlidar_stl_ros2/share/ldlidar_stl_ros2//launch/viewer_ld06.launch.py
-- Symlinking: /home/oli/Desktop/Oliver/Uni/MA/RepoTrajektorienfolgeregelung/MA-Trajektorienfolgeregelung/workspace/ros2_ws/install/ldlidar_stl_ros2/share/ldlidar_stl_ros2//launch/viewer_ld19.launch.py
-- Symlinking: /home/oli/Desktop/Oliver/Uni/MA/RepoTrajektorienfolgeregelung/MA-Trajektorienfolgeregelung/workspace/ros2_ws/install/ldlidar_stl_ros2/share/ldlidar_stl_ros2//launch/viewer_stl27l.launch.py
-- Symlinking: /home/oli/Desktop/Oliver/Uni/MA/RepoTrajektorienfolgeregelung/MA-Trajektorienfolgeregelung/workspace/ros2_ws/install/ldlidar_stl_ros2/share/ldlidar_stl_ros2//rviz2/ldlidar.rviz
-- Symlinking: /home/oli/Desktop/Oliver/Uni/MA/RepoTrajektorienfolgeregelung/MA-Trajektorienfolgeregelung/workspace/ros2_ws/install/ldlidar_stl_ros2/share/ament_index/resource_index/package_run_dependencies/ldlidar_stl_ros2
-- Symlinking: /home/oli/Desktop/Oliver/Uni/MA/RepoTrajektorienfolgeregelung/MA-Trajektorienfolgeregelung/workspace/ros2_ws/install/ldlidar_stl_ros2/share/ament_index/resource_index/parent_prefix_path/ldlidar_stl_ros2
-- Symlinking: /home/oli/Desktop/Oliver/Uni/MA/RepoTrajektorienfolgeregelung/MA-Trajektorienfolgeregelung/workspace/ros2_ws/install/ldlidar_stl_ros2/share/ldlidar_stl_ros2/environment/ament_prefix_path.sh
-- Symlinking: /home/oli/Desktop/Oliver/Uni/MA/RepoTrajektorienfolgeregelung/MA-Trajektorienfolgeregelung/workspace/ros2_ws/install/ldlidar_stl_ros2/share/ldlidar_stl_ros2/environment/ament_prefix_path.dsv
-- Symlinking: /home/oli/Desktop/Oliver/Uni/MA/RepoTrajektorienfolgeregelung/MA-Trajektorienfolgeregelung/workspace/ros2_ws/install/ldlidar_stl_ros2/share/ldlidar_stl_ros2/environment/path.sh
-- Symlinking: /home/oli/Desktop/Oliver/Uni/MA/RepoTrajektorienfolgeregelung/MA-Trajektorienfolgeregelung/workspace/ros2_ws/install/ldlidar_stl_ros2/share/ldlidar_stl_ros2/environment/path.dsv
-- Symlinking: /home/oli/Desktop/Oliver/Uni/MA/RepoTrajektorienfolgeregelung/MA-Trajektorienfolgeregelung/workspace/ros2_ws/install/ldlidar_stl_ros2/share/ldlidar_stl_ros2/local_setup.bash
-- Symlinking: /home/oli/Desktop/Oliver/Uni/MA/RepoTrajektorienfolgeregelung/MA-Trajektorienfolgeregelung/workspace/ros2_ws/install/ldlidar_stl_ros2/share/ldlidar_stl_ros2/local_setup.sh
-- Symlinking: /home/oli/Desktop/Oliver/Uni/MA/RepoTrajektorienfolgeregelung/MA-Trajektorienfolgeregelung/workspace/ros2_ws/install/ldlidar_stl_ros2/share/ldlidar_stl_ros2/local_setup.zsh
-- Symlinking: /home/oli/Desktop/Oliver/Uni/MA/RepoTrajektorienfolgeregelung/MA-Trajektorienfolgeregelung/workspace/ros2_ws/install/ldlidar_stl_ros2/share/ldlidar_stl_ros2/local_setup.dsv
-- Symlinking: /home/oli/Desktop/Oliver/Uni/MA/RepoTrajektorienfolgeregelung/MA-Trajektorienfolgeregelung/workspace/ros2_ws/install/ldlidar_stl_ros2/share/ldlidar_stl_ros2/package.dsv
-- Symlinking: /home/oli/Desktop/Oliver/Uni/MA/RepoTrajektorienfolgeregelung/MA-Trajektorienfolgeregelung/workspace/ros2_ws/install/ldlidar_stl_ros2/share/ament_index/resource_index/packages/ldlidar_stl_ros2
-- Symlinking: /home/oli/Desktop/Oliver/Uni/MA/RepoTrajektorienfolgeregelung/MA-Trajektorienfolgeregelung/workspace/ros2_ws/install/ldlidar_stl_ros2/share/ldlidar_stl_ros2/cmake/ldlidar_stl_ros2Config.cmake
-- Symlinking: /home/oli/Desktop/Oliver/Uni/MA/RepoTrajektorienfolgeregelung/MA-Trajektorienfolgeregelung/workspace/ros2_ws/install/ldlidar_stl_ros2/share/ldlidar_stl_ros2/cmake/ldlidar_stl_ros2Config-version.cmake
-- Symlinking: /home/oli/Desktop/Oliver/Uni/MA/RepoTrajektorienfolgeregelung/MA-Trajektorienfolgeregelung/workspace/ros2_ws/install/ldlidar_stl_ros2/share/ldlidar_stl_ros2/package.xml
