[2.015s] Invoking command in '/home/ro01/workspace/ros2_ws/src/driver/controller': DEBUGINFOD_URLS=https://debuginfod.ubuntu.com PYTHONPATH=/home/ro01/workspace/ros2_ws/build/controller/prefix_override:/usr/lib/python3/dist-packages/colcon_core/task/python/colcon_distutils_commands:/home/ro01/workspace/ros2_ws/install/controller/lib/python3.12/site-packages:${PYTHONPATH} /usr/bin/python3 -W ignore:setup.py install is deprecated -W ignore:easy_install command is deprecated setup.py egg_info --egg-base ../../../build/controller build --build-base /home/ro01/workspace/ros2_ws/build/controller/build install --record /home/ro01/workspace/ros2_ws/build/controller/install.log --single-version-externally-managed install_data
[2.472s] running egg_info
[2.507s] writing ../../../build/controller/controller.egg-info/PKG-INFO
[2.509s] writing dependency_links to ../../../build/controller/controller.egg-info/dependency_links.txt
[2.511s] writing entry points to ../../../build/controller/controller.egg-info/entry_points.txt
[2.511s] writing requirements to ../../../build/controller/controller.egg-info/requires.txt
[2.513s] writing top-level names to ../../../build/controller/controller.egg-info/top_level.txt
[2.588s] reading manifest file '../../../build/controller/controller.egg-info/SOURCES.txt'
[2.588s] writing manifest file '../../../build/controller/controller.egg-info/SOURCES.txt'
[2.589s] running build
[2.589s] running build_py
[2.590s] running install
[2.602s] running install_lib
[2.636s] running install_data
[2.638s] running install_egg_info
[2.669s] removing '/home/ro01/workspace/ros2_ws/install/controller/lib/python3.12/site-packages/controller-0.0.0-py3.12.egg-info' (and everything under it)
[2.670s] Copying ../../../build/controller/controller.egg-info to /home/ro01/workspace/ros2_ws/install/controller/lib/python3.12/site-packages/controller-0.0.0-py3.12.egg-info
[2.671s] running install_scripts
[2.884s] Installing init_pose script to /home/ro01/workspace/ros2_ws/install/controller/lib/controller
[2.886s] Installing odom_publisher script to /home/ro01/workspace/ros2_ws/install/controller/lib/controller
[2.888s] writing list of installed files to '/home/ro01/workspace/ros2_ws/build/controller/install.log'
[3.061s] Invoked command in '/home/ro01/workspace/ros2_ws/src/driver/controller' returned '0': DEBUGINFOD_URLS=https://debuginfod.ubuntu.com PYTHONPATH=/home/ro01/workspace/ros2_ws/build/controller/prefix_override:/usr/lib/python3/dist-packages/colcon_core/task/python/colcon_distutils_commands:/home/ro01/workspace/ros2_ws/install/controller/lib/python3.12/site-packages:${PYTHONPATH} /usr/bin/python3 -W ignore:setup.py install is deprecated -W ignore:easy_install command is deprecated setup.py egg_info --egg-base ../../../build/controller build --build-base /home/ro01/workspace/ros2_ws/build/controller/build install --record /home/ro01/workspace/ros2_ws/build/controller/install.log --single-version-externally-managed install_data
