[2.161s] Invoking command in '/home/ro01/workspace/ros2_ws/src/driver/controller': DEBUGINFOD_URLS=https://debuginfod.ubuntu.com PYTHONPATH=/home/ro01/workspace/ros2_ws/build/controller/prefix_override:/usr/lib/python3/dist-packages/colcon_core/task/python/colcon_distutils_commands:/home/ro01/workspace/ros2_ws/install/controller/lib/python3.12/site-packages:${PYTHONPATH} /usr/bin/python3 -W ignore:setup.py install is deprecated -W ignore:easy_install command is deprecated setup.py egg_info --egg-base ../../../build/controller build --build-base /home/ro01/workspace/ros2_ws/build/controller/build install --record /home/ro01/workspace/ros2_ws/build/controller/install.log --single-version-externally-managed install_data
[2.669s] running egg_info
[2.709s] writing ../../../build/controller/controller.egg-info/PKG-INFO
[2.709s] writing dependency_links to ../../../build/controller/controller.egg-info/dependency_links.txt
[2.716s] writing entry points to ../../../build/controller/controller.egg-info/entry_points.txt
[2.716s] writing requirements to ../../../build/controller/controller.egg-info/requires.txt
[2.718s] writing top-level names to ../../../build/controller/controller.egg-info/top_level.txt
[2.802s] reading manifest file '../../../build/controller/controller.egg-info/SOURCES.txt'
[2.803s] writing manifest file '../../../build/controller/controller.egg-info/SOURCES.txt'
[2.803s] running build
[2.804s] running build_py
[2.805s] running install
[2.818s] running install_lib
[2.850s] running install_data
[2.851s] running install_egg_info
[2.886s] removing '/home/ro01/workspace/ros2_ws/install/controller/lib/python3.12/site-packages/controller-0.0.0-py3.12.egg-info' (and everything under it)
[2.887s] Copying ../../../build/controller/controller.egg-info to /home/ro01/workspace/ros2_ws/install/controller/lib/python3.12/site-packages/controller-0.0.0-py3.12.egg-info
[2.889s] running install_scripts
[3.120s] Installing init_pose script to /home/ro01/workspace/ros2_ws/install/controller/lib/controller
[3.120s] Installing odom_publisher script to /home/ro01/workspace/ros2_ws/install/controller/lib/controller
[3.128s] writing list of installed files to '/home/ro01/workspace/ros2_ws/build/controller/install.log'
[3.263s] Invoked command in '/home/ro01/workspace/ros2_ws/src/driver/controller' returned '0': DEBUGINFOD_URLS=https://debuginfod.ubuntu.com PYTHONPATH=/home/ro01/workspace/ros2_ws/build/controller/prefix_override:/usr/lib/python3/dist-packages/colcon_core/task/python/colcon_distutils_commands:/home/ro01/workspace/ros2_ws/install/controller/lib/python3.12/site-packages:${PYTHONPATH} /usr/bin/python3 -W ignore:setup.py install is deprecated -W ignore:easy_install command is deprecated setup.py egg_info --egg-base ../../../build/controller build --build-base /home/ro01/workspace/ros2_ws/build/controller/build install --record /home/ro01/workspace/ros2_ws/build/controller/install.log --single-version-externally-managed install_data
