[0.065s] Invoking command in '/home/ro01/workspace/ros2_ws/build/ldlidar_component': CMAKE_PREFIX_PATH=${CMAKE_PREFIX_PATH}:/home/ro01/workspace/ros2_ws/install/sdk:/home/ro01/workspace/ros2_ws/install/ros_robot_controller:/home/ro01/workspace/ros2_ws/install/peripherals:/home/ro01/workspace/ros2_ws/install/mentorpi_description:/home/ro01/workspace/ros2_ws/install/controller:/home/ro01/workspace/ros2_ws/install/calibration:/opt/ros/jazzy DEBUGINFOD_URLS=https://debuginfod.ubuntu.com /usr/bin/cmake --build /home/ro01/workspace/ros2_ws/build/ldlidar_component -- -j4 -l4
[1.103s] [ 70%] Built target ldlidar
[1.104s] [100%] Built target ldlidar_component
[1.106s] Invoked command in '/home/ro01/workspace/ros2_ws/build/ldlidar_component' returned '0': CMAKE_PREFIX_PATH=${CMAKE_PREFIX_PATH}:/home/ro01/workspace/ros2_ws/install/sdk:/home/ro01/workspace/ros2_ws/install/ros_robot_controller:/home/ro01/workspace/ros2_ws/install/peripherals:/home/ro01/workspace/ros2_ws/install/mentorpi_description:/home/ro01/workspace/ros2_ws/install/controller:/home/ro01/workspace/ros2_ws/install/calibration:/opt/ros/jazzy DEBUGINFOD_URLS=https://debuginfod.ubuntu.com /usr/bin/cmake --build /home/ro01/workspace/ros2_ws/build/ldlidar_component -- -j4 -l4
[1.135s] Invoking command in '/home/ro01/workspace/ros2_ws/build/ldlidar_component': CMAKE_PREFIX_PATH=${CMAKE_PREFIX_PATH}:/home/ro01/workspace/ros2_ws/install/sdk:/home/ro01/workspace/ros2_ws/install/ros_robot_controller:/home/ro01/workspace/ros2_ws/install/peripherals:/home/ro01/workspace/ros2_ws/install/mentorpi_description:/home/ro01/workspace/ros2_ws/install/controller:/home/ro01/workspace/ros2_ws/install/calibration:/opt/ros/jazzy DEBUGINFOD_URLS=https://debuginfod.ubuntu.com /usr/bin/cmake --install /home/ro01/workspace/ros2_ws/build/ldlidar_component
[1.167s] -- Install configuration: "Release"
[1.170s] -- Up-to-date: /home/ro01/workspace/ros2_ws/install/ldlidar_component/lib/libldlidar_component.so
[1.172s] -- Up-to-date: /home/ro01/workspace/ros2_ws/install/ldlidar_component/include/ldlidar_component/
[1.174s] -- Up-to-date: /home/ro01/workspace/ros2_ws/install/ldlidar_component/include/ldlidar_component//defines.hpp
[1.176s] -- Up-to-date: /home/ro01/workspace/ros2_ws/install/ldlidar_component/include/ldlidar_component//ldlidar_component.hpp
[1.179s] -- Up-to-date: /home/ro01/workspace/ros2_ws/install/ldlidar_component/include/ldlidar_component/
[1.179s] -- Up-to-date: /home/ro01/workspace/ros2_ws/install/ldlidar_component/include/ldlidar_component//ldlidar_tools.hpp
[1.179s] -- Up-to-date: /home/ro01/workspace/ros2_ws/install/ldlidar_component/include/ldlidar_component/
[1.180s] -- Up-to-date: /home/ro01/workspace/ros2_ws/install/ldlidar_component/include/ldlidar_component//visibility_control.hpp
[1.180s] -- Up-to-date: /home/ro01/workspace/ros2_ws/install/ldlidar_component/include/ldlidar_component/
[1.180s] -- Up-to-date: /home/ro01/workspace/ros2_ws/install/ldlidar_component/include/ldlidar_component//ldlidar_driver.h
[1.180s] -- Up-to-date: /home/ro01/workspace/ros2_ws/install/ldlidar_component/include/ldlidar_component//ldlidar_datatype.h
[1.180s] -- Up-to-date: /home/ro01/workspace/ros2_ws/install/ldlidar_component/include/ldlidar_component/
[1.181s] -- Up-to-date: /home/ro01/workspace/ros2_ws/install/ldlidar_component/include/ldlidar_component//lipkg.h
[1.181s] -- Up-to-date: /home/ro01/workspace/ros2_ws/install/ldlidar_component/include/ldlidar_component/
[1.181s] -- Up-to-date: /home/ro01/workspace/ros2_ws/install/ldlidar_component/include/ldlidar_component//tofbf.h
[1.181s] -- Up-to-date: /home/ro01/workspace/ros2_ws/install/ldlidar_component/include/ldlidar_component/
[1.181s] -- Up-to-date: /home/ro01/workspace/ros2_ws/install/ldlidar_component/include/ldlidar_component//log_module.h
[1.184s] -- Up-to-date: /home/ro01/workspace/ros2_ws/install/ldlidar_component/include/ldlidar_component/
[1.185s] -- Up-to-date: /home/ro01/workspace/ros2_ws/install/ldlidar_component/include/ldlidar_component//network_socket_interface_linux.h
[1.185s] -- Up-to-date: /home/ro01/workspace/ros2_ws/install/ldlidar_component/include/ldlidar_component/
[1.185s] -- Up-to-date: /home/ro01/workspace/ros2_ws/install/ldlidar_component/include/ldlidar_component//serial_interface_linux.h
[1.185s] -- Up-to-date: /home/ro01/workspace/ros2_ws/install/ldlidar_component/share/ldlidar_component/environment/library_path.sh
[1.186s] -- Up-to-date: /home/ro01/workspace/ros2_ws/install/ldlidar_component/share/ldlidar_component/environment/library_path.dsv
[1.186s] -- Up-to-date: /home/ro01/workspace/ros2_ws/install/ldlidar_component/share/ament_index/resource_index/package_run_dependencies/ldlidar_component
[1.186s] -- Up-to-date: /home/ro01/workspace/ros2_ws/install/ldlidar_component/share/ament_index/resource_index/parent_prefix_path/ldlidar_component
[1.186s] -- Up-to-date: /home/ro01/workspace/ros2_ws/install/ldlidar_component/share/ldlidar_component/environment/ament_prefix_path.sh
[1.186s] -- Up-to-date: /home/ro01/workspace/ros2_ws/install/ldlidar_component/share/ldlidar_component/environment/ament_prefix_path.dsv
[1.186s] -- Up-to-date: /home/ro01/workspace/ros2_ws/install/ldlidar_component/share/ldlidar_component/environment/path.sh
[1.188s] -- Up-to-date: /home/ro01/workspace/ros2_ws/install/ldlidar_component/share/ldlidar_component/environment/path.dsv
[1.191s] -- Up-to-date: /home/ro01/workspace/ros2_ws/install/ldlidar_component/share/ldlidar_component/local_setup.bash
[1.191s] -- Up-to-date: /home/ro01/workspace/ros2_ws/install/ldlidar_component/share/ldlidar_component/local_setup.sh
[1.191s] -- Up-to-date: /home/ro01/workspace/ros2_ws/install/ldlidar_component/share/ldlidar_component/local_setup.zsh
[1.191s] -- Up-to-date: /home/ro01/workspace/ros2_ws/install/ldlidar_component/share/ldlidar_component/local_setup.dsv
[1.191s] -- Installing: /home/ro01/workspace/ros2_ws/install/ldlidar_component/share/ldlidar_component/package.dsv
[1.191s] -- Up-to-date: /home/ro01/workspace/ros2_ws/install/ldlidar_component/share/ament_index/resource_index/packages/ldlidar_component
[1.192s] -- Up-to-date: /home/ro01/workspace/ros2_ws/install/ldlidar_component/share/ament_index/resource_index/rclcpp_components/ldlidar_component
[1.192s] -- Up-to-date: /home/ro01/workspace/ros2_ws/install/ldlidar_component/share/ldlidar_component/cmake/ament_cmake_export_include_directories-extras.cmake
[1.192s] -- Up-to-date: /home/ro01/workspace/ros2_ws/install/ldlidar_component/share/ldlidar_component/cmake/ament_cmake_export_libraries-extras.cmake
[1.192s] -- Up-to-date: /home/ro01/workspace/ros2_ws/install/ldlidar_component/share/ldlidar_component/cmake/ament_cmake_export_dependencies-extras.cmake
[1.192s] -- Up-to-date: /home/ro01/workspace/ros2_ws/install/ldlidar_component/share/ldlidar_component/cmake/ldlidar_componentConfig.cmake
[1.192s] -- Up-to-date: /home/ro01/workspace/ros2_ws/install/ldlidar_component/share/ldlidar_component/cmake/ldlidar_componentConfig-version.cmake
[1.192s] -- Up-to-date: /home/ro01/workspace/ros2_ws/install/ldlidar_component/share/ldlidar_component/package.xml
[1.198s] Invoked command in '/home/ro01/workspace/ros2_ws/build/ldlidar_component' returned '0': CMAKE_PREFIX_PATH=${CMAKE_PREFIX_PATH}:/home/ro01/workspace/ros2_ws/install/sdk:/home/ro01/workspace/ros2_ws/install/ros_robot_controller:/home/ro01/workspace/ros2_ws/install/peripherals:/home/ro01/workspace/ros2_ws/install/mentorpi_description:/home/ro01/workspace/ros2_ws/install/controller:/home/ro01/workspace/ros2_ws/install/calibration:/opt/ros/jazzy DEBUGINFOD_URLS=https://debuginfod.ubuntu.com /usr/bin/cmake --install /home/ro01/workspace/ros2_ws/build/ldlidar_component
