[0.110s] Invoking command in '/home/oli/Desktop/Oliver/Uni/MA/RepoTrajektorienfolgeregelung/MA-Trajektorienfolgeregelung/workspace/ros2_ws/build/ldlidar_component': CMAKE_PREFIX_PATH=${CMAKE_PREFIX_PATH}:/home/oli/Desktop/Oliver/Uni/MA/GithubRepo/MA-HiWonder-MPC/workspace/ros2_ws/install/sdk:/home/oli/Desktop/Oliver/Uni/MA/GithubRepo/MA-HiWonder-MPC/workspace/ros2_ws/install/ros_robot_controller:/home/oli/Desktop/Oliver/Uni/MA/GithubRepo/MA-HiWonder-MPC/workspace/ros2_ws/install/peripherals:/home/oli/Desktop/Oliver/Uni/MA/GithubRepo/MA-HiWonder-MPC/workspace/ros2_ws/install/mentorpi_description:/home/oli/Desktop/Oliver/Uni/MA/GithubRepo/MA-HiWonder-MPC/workspace/ros2_ws/install/controller:/home/oli/Desktop/Oliver/Uni/MA/GithubRepo/MA-HiWonder-MPC/workspace/ros2_ws/install/calibration:/home/oli/Desktop/Oliver/Uni/MA/GithubRepo/MA-HiWonder-MPC/workspace/ros2_ws/install/Trajektorienfolgeregelung:/opt/ros/jazzy DEBUGINFOD_URLS=https://debuginfod.ubuntu.com /usr/bin/cmake --build /home/oli/Desktop/Oliver/Uni/MA/RepoTrajektorienfolgeregelung/MA-Trajektorienfolgeregelung/workspace/ros2_ws/build/ldlidar_component -- -j8 -l8
[1.895s] [ 70%] Built target ldlidar
[1.896s] [100%] Built target ldlidar_component
[2.307s] Invoked command in '/home/oli/Desktop/Oliver/Uni/MA/RepoTrajektorienfolgeregelung/MA-Trajektorienfolgeregelung/workspace/ros2_ws/build/ldlidar_component' returned '0': CMAKE_PREFIX_PATH=${CMAKE_PREFIX_PATH}:/home/oli/Desktop/Oliver/Uni/MA/GithubRepo/MA-HiWonder-MPC/workspace/ros2_ws/install/sdk:/home/oli/Desktop/Oliver/Uni/MA/GithubRepo/MA-HiWonder-MPC/workspace/ros2_ws/install/ros_robot_controller:/home/oli/Desktop/Oliver/Uni/MA/GithubRepo/MA-HiWonder-MPC/workspace/ros2_ws/install/peripherals:/home/oli/Desktop/Oliver/Uni/MA/GithubRepo/MA-HiWonder-MPC/workspace/ros2_ws/install/mentorpi_description:/home/oli/Desktop/Oliver/Uni/MA/GithubRepo/MA-HiWonder-MPC/workspace/ros2_ws/install/controller:/home/oli/Desktop/Oliver/Uni/MA/GithubRepo/MA-HiWonder-MPC/workspace/ros2_ws/install/calibration:/home/oli/Desktop/Oliver/Uni/MA/GithubRepo/MA-HiWonder-MPC/workspace/ros2_ws/install/Trajektorienfolgeregelung:/opt/ros/jazzy DEBUGINFOD_URLS=https://debuginfod.ubuntu.com /usr/bin/cmake --build /home/oli/Desktop/Oliver/Uni/MA/RepoTrajektorienfolgeregelung/MA-Trajektorienfolgeregelung/workspace/ros2_ws/build/ldlidar_component -- -j8 -l8
[2.325s] Invoking command in '/home/oli/Desktop/Oliver/Uni/MA/RepoTrajektorienfolgeregelung/MA-Trajektorienfolgeregelung/workspace/ros2_ws/build/ldlidar_component': CMAKE_PREFIX_PATH=${CMAKE_PREFIX_PATH}:/home/oli/Desktop/Oliver/Uni/MA/GithubRepo/MA-HiWonder-MPC/workspace/ros2_ws/install/sdk:/home/oli/Desktop/Oliver/Uni/MA/GithubRepo/MA-HiWonder-MPC/workspace/ros2_ws/install/ros_robot_controller:/home/oli/Desktop/Oliver/Uni/MA/GithubRepo/MA-HiWonder-MPC/workspace/ros2_ws/install/peripherals:/home/oli/Desktop/Oliver/Uni/MA/GithubRepo/MA-HiWonder-MPC/workspace/ros2_ws/install/mentorpi_description:/home/oli/Desktop/Oliver/Uni/MA/GithubRepo/MA-HiWonder-MPC/workspace/ros2_ws/install/controller:/home/oli/Desktop/Oliver/Uni/MA/GithubRepo/MA-HiWonder-MPC/workspace/ros2_ws/install/calibration:/home/oli/Desktop/Oliver/Uni/MA/GithubRepo/MA-HiWonder-MPC/workspace/ros2_ws/install/Trajektorienfolgeregelung:/opt/ros/jazzy DEBUGINFOD_URLS=https://debuginfod.ubuntu.com /usr/bin/cmake --install /home/oli/Desktop/Oliver/Uni/MA/RepoTrajektorienfolgeregelung/MA-Trajektorienfolgeregelung/workspace/ros2_ws/build/ldlidar_component
[2.345s] -- Install configuration: "Release"
[2.346s] -- Up-to-date: /home/oli/Desktop/Oliver/Uni/MA/RepoTrajektorienfolgeregelung/MA-Trajektorienfolgeregelung/workspace/ros2_ws/install/ldlidar_component/lib/libldlidar_component.so
[2.347s] -- Up-to-date: /home/oli/Desktop/Oliver/Uni/MA/RepoTrajektorienfolgeregelung/MA-Trajektorienfolgeregelung/workspace/ros2_ws/install/ldlidar_component/include/ldlidar_component/
[2.347s] -- Up-to-date: /home/oli/Desktop/Oliver/Uni/MA/RepoTrajektorienfolgeregelung/MA-Trajektorienfolgeregelung/workspace/ros2_ws/install/ldlidar_component/include/ldlidar_component//defines.hpp
[2.349s] -- Up-to-date: /home/oli/Desktop/Oliver/Uni/MA/RepoTrajektorienfolgeregelung/MA-Trajektorienfolgeregelung/workspace/ros2_ws/install/ldlidar_component/include/ldlidar_component//ldlidar_component.hpp
[2.350s] -- Up-to-date: /home/oli/Desktop/Oliver/Uni/MA/RepoTrajektorienfolgeregelung/MA-Trajektorienfolgeregelung/workspace/ros2_ws/install/ldlidar_component/include/ldlidar_component/
[2.351s] -- Up-to-date: /home/oli/Desktop/Oliver/Uni/MA/RepoTrajektorienfolgeregelung/MA-Trajektorienfolgeregelung/workspace/ros2_ws/install/ldlidar_component/include/ldlidar_component//ldlidar_tools.hpp
[2.351s] -- Up-to-date: /home/oli/Desktop/Oliver/Uni/MA/RepoTrajektorienfolgeregelung/MA-Trajektorienfolgeregelung/workspace/ros2_ws/install/ldlidar_component/include/ldlidar_component/
[2.353s] -- Up-to-date: /home/oli/Desktop/Oliver/Uni/MA/RepoTrajektorienfolgeregelung/MA-Trajektorienfolgeregelung/workspace/ros2_ws/install/ldlidar_component/include/ldlidar_component//visibility_control.hpp
[2.353s] -- Up-to-date: /home/oli/Desktop/Oliver/Uni/MA/RepoTrajektorienfolgeregelung/MA-Trajektorienfolgeregelung/workspace/ros2_ws/install/ldlidar_component/include/ldlidar_component/
[2.354s] -- Up-to-date: /home/oli/Desktop/Oliver/Uni/MA/RepoTrajektorienfolgeregelung/MA-Trajektorienfolgeregelung/workspace/ros2_ws/install/ldlidar_component/include/ldlidar_component//ldlidar_driver.h
[2.355s] -- Up-to-date: /home/oli/Desktop/Oliver/Uni/MA/RepoTrajektorienfolgeregelung/MA-Trajektorienfolgeregelung/workspace/ros2_ws/install/ldlidar_component/include/ldlidar_component//ldlidar_datatype.h
[2.355s] -- Up-to-date: /home/oli/Desktop/Oliver/Uni/MA/RepoTrajektorienfolgeregelung/MA-Trajektorienfolgeregelung/workspace/ros2_ws/install/ldlidar_component/include/ldlidar_component/
[2.355s] -- Up-to-date: /home/oli/Desktop/Oliver/Uni/MA/RepoTrajektorienfolgeregelung/MA-Trajektorienfolgeregelung/workspace/ros2_ws/install/ldlidar_component/include/ldlidar_component//lipkg.h
[2.356s] -- Up-to-date: /home/oli/Desktop/Oliver/Uni/MA/RepoTrajektorienfolgeregelung/MA-Trajektorienfolgeregelung/workspace/ros2_ws/install/ldlidar_component/include/ldlidar_component/
[2.356s] -- Up-to-date: /home/oli/Desktop/Oliver/Uni/MA/RepoTrajektorienfolgeregelung/MA-Trajektorienfolgeregelung/workspace/ros2_ws/install/ldlidar_component/include/ldlidar_component//tofbf.h
[2.356s] -- Up-to-date: /home/oli/Desktop/Oliver/Uni/MA/RepoTrajektorienfolgeregelung/MA-Trajektorienfolgeregelung/workspace/ros2_ws/install/ldlidar_component/include/ldlidar_component/
[2.356s] -- Up-to-date: /home/oli/Desktop/Oliver/Uni/MA/RepoTrajektorienfolgeregelung/MA-Trajektorienfolgeregelung/workspace/ros2_ws/install/ldlidar_component/include/ldlidar_component//log_module.h
[2.357s] -- Up-to-date: /home/oli/Desktop/Oliver/Uni/MA/RepoTrajektorienfolgeregelung/MA-Trajektorienfolgeregelung/workspace/ros2_ws/install/ldlidar_component/include/ldlidar_component/
[2.358s] -- Up-to-date: /home/oli/Desktop/Oliver/Uni/MA/RepoTrajektorienfolgeregelung/MA-Trajektorienfolgeregelung/workspace/ros2_ws/install/ldlidar_component/include/ldlidar_component//network_socket_interface_linux.h
[2.358s] -- Up-to-date: /home/oli/Desktop/Oliver/Uni/MA/RepoTrajektorienfolgeregelung/MA-Trajektorienfolgeregelung/workspace/ros2_ws/install/ldlidar_component/include/ldlidar_component/
[2.359s] -- Up-to-date: /home/oli/Desktop/Oliver/Uni/MA/RepoTrajektorienfolgeregelung/MA-Trajektorienfolgeregelung/workspace/ros2_ws/install/ldlidar_component/include/ldlidar_component//serial_interface_linux.h
[2.360s] -- Up-to-date: /home/oli/Desktop/Oliver/Uni/MA/RepoTrajektorienfolgeregelung/MA-Trajektorienfolgeregelung/workspace/ros2_ws/install/ldlidar_component/share/ldlidar_component/environment/library_path.sh
[2.361s] -- Up-to-date: /home/oli/Desktop/Oliver/Uni/MA/RepoTrajektorienfolgeregelung/MA-Trajektorienfolgeregelung/workspace/ros2_ws/install/ldlidar_component/share/ldlidar_component/environment/library_path.dsv
[2.362s] -- Up-to-date: /home/oli/Desktop/Oliver/Uni/MA/RepoTrajektorienfolgeregelung/MA-Trajektorienfolgeregelung/workspace/ros2_ws/install/ldlidar_component/share/ament_index/resource_index/package_run_dependencies/ldlidar_component
[2.363s] -- Up-to-date: /home/oli/Desktop/Oliver/Uni/MA/RepoTrajektorienfolgeregelung/MA-Trajektorienfolgeregelung/workspace/ros2_ws/install/ldlidar_component/share/ament_index/resource_index/parent_prefix_path/ldlidar_component
[2.364s] -- Up-to-date: /home/oli/Desktop/Oliver/Uni/MA/RepoTrajektorienfolgeregelung/MA-Trajektorienfolgeregelung/workspace/ros2_ws/install/ldlidar_component/share/ldlidar_component/environment/ament_prefix_path.sh
[2.365s] -- Up-to-date: /home/oli/Desktop/Oliver/Uni/MA/RepoTrajektorienfolgeregelung/MA-Trajektorienfolgeregelung/workspace/ros2_ws/install/ldlidar_component/share/ldlidar_component/environment/ament_prefix_path.dsv
[2.365s] -- Up-to-date: /home/oli/Desktop/Oliver/Uni/MA/RepoTrajektorienfolgeregelung/MA-Trajektorienfolgeregelung/workspace/ros2_ws/install/ldlidar_component/share/ldlidar_component/environment/path.sh
[2.366s] -- Up-to-date: /home/oli/Desktop/Oliver/Uni/MA/RepoTrajektorienfolgeregelung/MA-Trajektorienfolgeregelung/workspace/ros2_ws/install/ldlidar_component/share/ldlidar_component/environment/path.dsv
[2.368s] -- Up-to-date: /home/oli/Desktop/Oliver/Uni/MA/RepoTrajektorienfolgeregelung/MA-Trajektorienfolgeregelung/workspace/ros2_ws/install/ldlidar_component/share/ldlidar_component/local_setup.bash
[2.369s] -- Up-to-date: /home/oli/Desktop/Oliver/Uni/MA/RepoTrajektorienfolgeregelung/MA-Trajektorienfolgeregelung/workspace/ros2_ws/install/ldlidar_component/share/ldlidar_component/local_setup.sh
[2.369s] -- Up-to-date: /home/oli/Desktop/Oliver/Uni/MA/RepoTrajektorienfolgeregelung/MA-Trajektorienfolgeregelung/workspace/ros2_ws/install/ldlidar_component/share/ldlidar_component/local_setup.zsh
[2.370s] -- Up-to-date: /home/oli/Desktop/Oliver/Uni/MA/RepoTrajektorienfolgeregelung/MA-Trajektorienfolgeregelung/workspace/ros2_ws/install/ldlidar_component/share/ldlidar_component/local_setup.dsv
[2.370s] -- Installing: /home/oli/Desktop/Oliver/Uni/MA/RepoTrajektorienfolgeregelung/MA-Trajektorienfolgeregelung/workspace/ros2_ws/install/ldlidar_component/share/ldlidar_component/package.dsv
[2.371s] -- Up-to-date: /home/oli/Desktop/Oliver/Uni/MA/RepoTrajektorienfolgeregelung/MA-Trajektorienfolgeregelung/workspace/ros2_ws/install/ldlidar_component/share/ament_index/resource_index/packages/ldlidar_component
[2.372s] -- Up-to-date: /home/oli/Desktop/Oliver/Uni/MA/RepoTrajektorienfolgeregelung/MA-Trajektorienfolgeregelung/workspace/ros2_ws/install/ldlidar_component/share/ament_index/resource_index/rclcpp_components/ldlidar_component
[2.373s] -- Up-to-date: /home/oli/Desktop/Oliver/Uni/MA/RepoTrajektorienfolgeregelung/MA-Trajektorienfolgeregelung/workspace/ros2_ws/install/ldlidar_component/share/ldlidar_component/cmake/ament_cmake_export_include_directories-extras.cmake
[2.373s] -- Up-to-date: /home/oli/Desktop/Oliver/Uni/MA/RepoTrajektorienfolgeregelung/MA-Trajektorienfolgeregelung/workspace/ros2_ws/install/ldlidar_component/share/ldlidar_component/cmake/ament_cmake_export_libraries-extras.cmake
[2.373s] -- Up-to-date: /home/oli/Desktop/Oliver/Uni/MA/RepoTrajektorienfolgeregelung/MA-Trajektorienfolgeregelung/workspace/ros2_ws/install/ldlidar_component/share/ldlidar_component/cmake/ament_cmake_export_dependencies-extras.cmake
[2.374s] -- Up-to-date: /home/oli/Desktop/Oliver/Uni/MA/RepoTrajektorienfolgeregelung/MA-Trajektorienfolgeregelung/workspace/ros2_ws/install/ldlidar_component/share/ldlidar_component/cmake/ldlidar_componentConfig.cmake
[2.375s] -- Up-to-date: /home/oli/Desktop/Oliver/Uni/MA/RepoTrajektorienfolgeregelung/MA-Trajektorienfolgeregelung/workspace/ros2_ws/install/ldlidar_component/share/ldlidar_component/cmake/ldlidar_componentConfig-version.cmake
[2.377s] -- Up-to-date: /home/oli/Desktop/Oliver/Uni/MA/RepoTrajektorienfolgeregelung/MA-Trajektorienfolgeregelung/workspace/ros2_ws/install/ldlidar_component/share/ldlidar_component/package.xml
[2.398s] Invoked command in '/home/oli/Desktop/Oliver/Uni/MA/RepoTrajektorienfolgeregelung/MA-Trajektorienfolgeregelung/workspace/ros2_ws/build/ldlidar_component' returned '0': CMAKE_PREFIX_PATH=${CMAKE_PREFIX_PATH}:/home/oli/Desktop/Oliver/Uni/MA/GithubRepo/MA-HiWonder-MPC/workspace/ros2_ws/install/sdk:/home/oli/Desktop/Oliver/Uni/MA/GithubRepo/MA-HiWonder-MPC/workspace/ros2_ws/install/ros_robot_controller:/home/oli/Desktop/Oliver/Uni/MA/GithubRepo/MA-HiWonder-MPC/workspace/ros2_ws/install/peripherals:/home/oli/Desktop/Oliver/Uni/MA/GithubRepo/MA-HiWonder-MPC/workspace/ros2_ws/install/mentorpi_description:/home/oli/Desktop/Oliver/Uni/MA/GithubRepo/MA-HiWonder-MPC/workspace/ros2_ws/install/controller:/home/oli/Desktop/Oliver/Uni/MA/GithubRepo/MA-HiWonder-MPC/workspace/ros2_ws/install/calibration:/home/oli/Desktop/Oliver/Uni/MA/GithubRepo/MA-HiWonder-MPC/workspace/ros2_ws/install/Trajektorienfolgeregelung:/opt/ros/jazzy DEBUGINFOD_URLS=https://debuginfod.ubuntu.com /usr/bin/cmake --install /home/oli/Desktop/Oliver/Uni/MA/RepoTrajektorienfolgeregelung/MA-Trajektorienfolgeregelung/workspace/ros2_ws/build/ldlidar_component
