running egg_info
creating ../../../build/sdk/sdk.egg-info
writing ../../../build/sdk/sdk.egg-info/PKG-INFO
writing dependency_links to ../../../build/sdk/sdk.egg-info/dependency_links.txt
writing requirements to ../../../build/sdk/sdk.egg-info/requires.txt
writing top-level names to ../../../build/sdk/sdk.egg-info/top_level.txt
writing manifest file '../../../build/sdk/sdk.egg-info/SOURCES.txt'
reading manifest file '../../../build/sdk/sdk.egg-info/SOURCES.txt'
writing manifest file '../../../build/sdk/sdk.egg-info/SOURCES.txt'
running build
running build_py
creating /home/ro01/workspace/ros2_ws/build/sdk/build
creating /home/ro01/workspace/ros2_ws/build/sdk/build/lib
creating /home/ro01/workspace/ros2_ws/build/sdk/build/lib/sdk
copying sdk/fps.py -> /home/ro01/workspace/ros2_ws/build/sdk/build/lib/sdk
copying sdk/__init__.py -> /home/ro01/workspace/ros2_ws/build/sdk/build/lib/sdk
copying sdk/common.py -> /home/ro01/workspace/ros2_ws/build/sdk/build/lib/sdk
copying sdk/pid.py -> /home/ro01/workspace/ros2_ws/build/sdk/build/lib/sdk
copying sdk/led.py -> /home/ro01/workspace/ros2_ws/build/sdk/build/lib/sdk
running install
running install_lib
creating /home/ro01/workspace/ros2_ws/install/sdk/lib/python3.12/site-packages/sdk
copying /home/ro01/workspace/ros2_ws/build/sdk/build/lib/sdk/fps.py -> /home/ro01/workspace/ros2_ws/install/sdk/lib/python3.12/site-packages/sdk
copying /home/ro01/workspace/ros2_ws/build/sdk/build/lib/sdk/__init__.py -> /home/ro01/workspace/ros2_ws/install/sdk/lib/python3.12/site-packages/sdk
copying /home/ro01/workspace/ros2_ws/build/sdk/build/lib/sdk/common.py -> /home/ro01/workspace/ros2_ws/install/sdk/lib/python3.12/site-packages/sdk
copying /home/ro01/workspace/ros2_ws/build/sdk/build/lib/sdk/pid.py -> /home/ro01/workspace/ros2_ws/install/sdk/lib/python3.12/site-packages/sdk
copying /home/ro01/workspace/ros2_ws/build/sdk/build/lib/sdk/led.py -> /home/ro01/workspace/ros2_ws/install/sdk/lib/python3.12/site-packages/sdk
byte-compiling /home/ro01/workspace/ros2_ws/install/sdk/lib/python3.12/site-packages/sdk/fps.py to fps.cpython-312.pyc
byte-compiling /home/ro01/workspace/ros2_ws/install/sdk/lib/python3.12/site-packages/sdk/__init__.py to __init__.cpython-312.pyc
byte-compiling /home/ro01/workspace/ros2_ws/install/sdk/lib/python3.12/site-packages/sdk/common.py to common.cpython-312.pyc
byte-compiling /home/ro01/workspace/ros2_ws/install/sdk/lib/python3.12/site-packages/sdk/pid.py to pid.cpython-312.pyc
/home/ro01/workspace/ros2_ws/install/sdk/lib/python3.12/site-packages/sdk/pid.py:38: SyntaxWarning: invalid escape sequence '\i'
  """Calculates PID value for given reference feedback
byte-compiling /home/ro01/workspace/ros2_ws/install/sdk/lib/python3.12/site-packages/sdk/led.py to led.cpython-312.pyc
running install_data
creating /home/ro01/workspace/ros2_ws/install/sdk/share/ament_index
creating /home/ro01/workspace/ros2_ws/install/sdk/share/ament_index/resource_index
creating /home/ro01/workspace/ros2_ws/install/sdk/share/ament_index/resource_index/packages
copying resource/sdk -> /home/ro01/workspace/ros2_ws/install/sdk/share/ament_index/resource_index/packages
copying package.xml -> /home/ro01/workspace/ros2_ws/install/sdk/share/sdk
running install_egg_info
Copying ../../../build/sdk/sdk.egg-info to /home/ro01/workspace/ros2_ws/install/sdk/lib/python3.12/site-packages/sdk-0.0.0-py3.12.egg-info
running install_scripts
writing list of installed files to '/home/ro01/workspace/ros2_ws/build/sdk/install.log'
