[2.140s] Invoking command in '/home/ro01/workspace/ros2_ws/src/driver/sdk': DEBUGINFOD_URLS=https://debuginfod.ubuntu.com PYTHONPATH=/home/ro01/workspace/ros2_ws/build/sdk/prefix_override:/usr/lib/python3/dist-packages/colcon_core/task/python/colcon_distutils_commands:/home/ro01/workspace/ros2_ws/install/sdk/lib/python3.12/site-packages:${PYTHONPATH} /usr/bin/python3 -W ignore:setup.py install is deprecated -W ignore:easy_install command is deprecated setup.py egg_info --egg-base ../../../build/sdk build --build-base /home/ro01/workspace/ros2_ws/build/sdk/build install --record /home/ro01/workspace/ros2_ws/build/sdk/install.log --single-version-externally-managed install_data
[2.924s] running egg_info
[2.925s] creating ../../../build/sdk/sdk.egg-info
[2.967s] writing ../../../build/sdk/sdk.egg-info/PKG-INFO
[2.968s] writing dependency_links to ../../../build/sdk/sdk.egg-info/dependency_links.txt
[2.969s] writing requirements to ../../../build/sdk/sdk.egg-info/requires.txt
[2.969s] writing top-level names to ../../../build/sdk/sdk.egg-info/top_level.txt
[2.969s] writing manifest file '../../../build/sdk/sdk.egg-info/SOURCES.txt'
[3.123s] reading manifest file '../../../build/sdk/sdk.egg-info/SOURCES.txt'
[3.123s] writing manifest file '../../../build/sdk/sdk.egg-info/SOURCES.txt'
[3.123s] running build
[3.123s] running build_py
[3.124s] creating /home/ro01/workspace/ros2_ws/build/sdk/build
[3.124s] creating /home/ro01/workspace/ros2_ws/build/sdk/build/lib
[3.124s] creating /home/ro01/workspace/ros2_ws/build/sdk/build/lib/sdk
[3.124s] copying sdk/fps.py -> /home/ro01/workspace/ros2_ws/build/sdk/build/lib/sdk
[3.134s] copying sdk/__init__.py -> /home/ro01/workspace/ros2_ws/build/sdk/build/lib/sdk
[3.134s] copying sdk/common.py -> /home/ro01/workspace/ros2_ws/build/sdk/build/lib/sdk
[3.134s] copying sdk/pid.py -> /home/ro01/workspace/ros2_ws/build/sdk/build/lib/sdk
[3.135s] copying sdk/led.py -> /home/ro01/workspace/ros2_ws/build/sdk/build/lib/sdk
[3.136s] running install
[3.162s] running install_lib
[3.278s] creating /home/ro01/workspace/ros2_ws/install/sdk/lib/python3.12/site-packages/sdk
[3.278s] copying /home/ro01/workspace/ros2_ws/build/sdk/build/lib/sdk/fps.py -> /home/ro01/workspace/ros2_ws/install/sdk/lib/python3.12/site-packages/sdk
[3.279s] copying /home/ro01/workspace/ros2_ws/build/sdk/build/lib/sdk/__init__.py -> /home/ro01/workspace/ros2_ws/install/sdk/lib/python3.12/site-packages/sdk
[3.279s] copying /home/ro01/workspace/ros2_ws/build/sdk/build/lib/sdk/common.py -> /home/ro01/workspace/ros2_ws/install/sdk/lib/python3.12/site-packages/sdk
[3.279s] copying /home/ro01/workspace/ros2_ws/build/sdk/build/lib/sdk/pid.py -> /home/ro01/workspace/ros2_ws/install/sdk/lib/python3.12/site-packages/sdk
[3.279s] copying /home/ro01/workspace/ros2_ws/build/sdk/build/lib/sdk/led.py -> /home/ro01/workspace/ros2_ws/install/sdk/lib/python3.12/site-packages/sdk
[3.286s] byte-compiling /home/ro01/workspace/ros2_ws/install/sdk/lib/python3.12/site-packages/sdk/fps.py to fps.cpython-312.pyc
[3.286s] byte-compiling /home/ro01/workspace/ros2_ws/install/sdk/lib/python3.12/site-packages/sdk/__init__.py to __init__.cpython-312.pyc
[3.289s] byte-compiling /home/ro01/workspace/ros2_ws/install/sdk/lib/python3.12/site-packages/sdk/common.py to common.cpython-312.pyc
[3.298s] byte-compiling /home/ro01/workspace/ros2_ws/install/sdk/lib/python3.12/site-packages/sdk/pid.py to pid.cpython-312.pyc
[3.302s] /home/ro01/workspace/ros2_ws/install/sdk/lib/python3.12/site-packages/sdk/pid.py:38: SyntaxWarning: invalid escape sequence '\i'
[3.302s]   """Calculates PID value for given reference feedback
[3.303s] byte-compiling /home/ro01/workspace/ros2_ws/install/sdk/lib/python3.12/site-packages/sdk/led.py to led.cpython-312.pyc
[3.304s] running install_data
[3.306s] creating /home/ro01/workspace/ros2_ws/install/sdk/share/ament_index
[3.306s] creating /home/ro01/workspace/ros2_ws/install/sdk/share/ament_index/resource_index
[3.307s] creating /home/ro01/workspace/ros2_ws/install/sdk/share/ament_index/resource_index/packages
[3.308s] copying resource/sdk -> /home/ro01/workspace/ros2_ws/install/sdk/share/ament_index/resource_index/packages
[3.309s] copying package.xml -> /home/ro01/workspace/ros2_ws/install/sdk/share/sdk
[3.309s] running install_egg_info
[3.362s] Copying ../../../build/sdk/sdk.egg-info to /home/ro01/workspace/ros2_ws/install/sdk/lib/python3.12/site-packages/sdk-0.0.0-py3.12.egg-info
[3.362s] running install_scripts
[3.753s] writing list of installed files to '/home/ro01/workspace/ros2_ws/build/sdk/install.log'
[3.981s] Invoked command in '/home/ro01/workspace/ros2_ws/src/driver/sdk' returned '0': DEBUGINFOD_URLS=https://debuginfod.ubuntu.com PYTHONPATH=/home/ro01/workspace/ros2_ws/build/sdk/prefix_override:/usr/lib/python3/dist-packages/colcon_core/task/python/colcon_distutils_commands:/home/ro01/workspace/ros2_ws/install/sdk/lib/python3.12/site-packages:${PYTHONPATH} /usr/bin/python3 -W ignore:setup.py install is deprecated -W ignore:easy_install command is deprecated setup.py egg_info --egg-base ../../../build/sdk build --build-base /home/ro01/workspace/ros2_ws/build/sdk/build install --record /home/ro01/workspace/ros2_ws/build/sdk/install.log --single-version-externally-managed install_data
