[0.059s] Invoking command in '/home/ro01/workspace/ros2_ws/build/ldlidar_component': CMAKE_PREFIX_PATH=${CMAKE_PREFIX_PATH}:/home/ro01/workspace/ros2_ws/install/sdk:/home/ro01/workspace/ros2_ws/install/ros_robot_controller:/home/ro01/workspace/ros2_ws/install/peripherals:/home/ro01/workspace/ros2_ws/install/mentorpi_description:/home/ro01/workspace/ros2_ws/install/controller:/home/ro01/workspace/ros2_ws/install/calibration:/opt/ros/jazzy DEBUGINFOD_URLS=https://debuginfod.ubuntu.com /usr/bin/cmake --build /home/ro01/workspace/ros2_ws/build/ldlidar_component -- -j4 -l4
[0.784s] [ 70%] Built target ldlidar
[0.784s] [100%] Built target ldlidar_component
[0.785s] Invoked command in '/home/ro01/workspace/ros2_ws/build/ldlidar_component' returned '0': CMAKE_PREFIX_PATH=${CMAKE_PREFIX_PATH}:/home/ro01/workspace/ros2_ws/install/sdk:/home/ro01/workspace/ros2_ws/install/ros_robot_controller:/home/ro01/workspace/ros2_ws/install/peripherals:/home/ro01/workspace/ros2_ws/install/mentorpi_description:/home/ro01/workspace/ros2_ws/install/controller:/home/ro01/workspace/ros2_ws/install/calibration:/opt/ros/jazzy DEBUGINFOD_URLS=https://debuginfod.ubuntu.com /usr/bin/cmake --build /home/ro01/workspace/ros2_ws/build/ldlidar_component -- -j4 -l4
[0.813s] Invoking command in '/home/ro01/workspace/ros2_ws/build/ldlidar_component': CMAKE_PREFIX_PATH=${CMAKE_PREFIX_PATH}:/home/ro01/workspace/ros2_ws/install/sdk:/home/ro01/workspace/ros2_ws/install/ros_robot_controller:/home/ro01/workspace/ros2_ws/install/peripherals:/home/ro01/workspace/ros2_ws/install/mentorpi_description:/home/ro01/workspace/ros2_ws/install/controller:/home/ro01/workspace/ros2_ws/install/calibration:/opt/ros/jazzy DEBUGINFOD_URLS=https://debuginfod.ubuntu.com /usr/bin/cmake --install /home/ro01/workspace/ros2_ws/build/ldlidar_component
[0.836s] -- Install configuration: "Release"
[0.837s] -- Up-to-date: /home/ro01/workspace/ros2_ws/install/ldlidar_component/lib/libldlidar_component.so
[0.839s] -- Up-to-date: /home/ro01/workspace/ros2_ws/install/ldlidar_component/include/ldlidar_component/
[0.839s] -- Up-to-date: /home/ro01/workspace/ros2_ws/install/ldlidar_component/include/ldlidar_component//defines.hpp
[0.840s] -- Up-to-date: /home/ro01/workspace/ros2_ws/install/ldlidar_component/include/ldlidar_component//ldlidar_component.hpp
[0.840s] -- Up-to-date: /home/ro01/workspace/ros2_ws/install/ldlidar_component/include/ldlidar_component/
[0.840s] -- Up-to-date: /home/ro01/workspace/ros2_ws/install/ldlidar_component/include/ldlidar_component//ldlidar_tools.hpp
[0.840s] -- Up-to-date: /home/ro01/workspace/ros2_ws/install/ldlidar_component/include/ldlidar_component/
[0.841s] -- Up-to-date: /home/ro01/workspace/ros2_ws/install/ldlidar_component/include/ldlidar_component//visibility_control.hpp
[0.841s] -- Up-to-date: /home/ro01/workspace/ros2_ws/install/ldlidar_component/include/ldlidar_component/
[0.841s] -- Up-to-date: /home/ro01/workspace/ros2_ws/install/ldlidar_component/include/ldlidar_component//ldlidar_driver.h
[0.841s] -- Up-to-date: /home/ro01/workspace/ros2_ws/install/ldlidar_component/include/ldlidar_component//ldlidar_datatype.h
[0.842s] -- Up-to-date: /home/ro01/workspace/ros2_ws/install/ldlidar_component/include/ldlidar_component/
[0.842s] -- Up-to-date: /home/ro01/workspace/ros2_ws/install/ldlidar_component/include/ldlidar_component//lipkg.h
[0.842s] -- Up-to-date: /home/ro01/workspace/ros2_ws/install/ldlidar_component/include/ldlidar_component/
[0.843s] -- Up-to-date: /home/ro01/workspace/ros2_ws/install/ldlidar_component/include/ldlidar_component//tofbf.h
[0.843s] -- Up-to-date: /home/ro01/workspace/ros2_ws/install/ldlidar_component/include/ldlidar_component/
[0.843s] -- Up-to-date: /home/ro01/workspace/ros2_ws/install/ldlidar_component/include/ldlidar_component//log_module.h
[0.844s] -- Up-to-date: /home/ro01/workspace/ros2_ws/install/ldlidar_component/include/ldlidar_component/
[0.844s] -- Up-to-date: /home/ro01/workspace/ros2_ws/install/ldlidar_component/include/ldlidar_component//network_socket_interface_linux.h
[0.844s] -- Up-to-date: /home/ro01/workspace/ros2_ws/install/ldlidar_component/include/ldlidar_component/
[0.844s] -- Up-to-date: /home/ro01/workspace/ros2_ws/install/ldlidar_component/include/ldlidar_component//serial_interface_linux.h
[0.845s] -- Up-to-date: /home/ro01/workspace/ros2_ws/install/ldlidar_component/share/ldlidar_component/environment/library_path.sh
[0.846s] -- Up-to-date: /home/ro01/workspace/ros2_ws/install/ldlidar_component/share/ldlidar_component/environment/library_path.dsv
[0.846s] -- Up-to-date: /home/ro01/workspace/ros2_ws/install/ldlidar_component/share/ament_index/resource_index/package_run_dependencies/ldlidar_component
[0.846s] -- Up-to-date: /home/ro01/workspace/ros2_ws/install/ldlidar_component/share/ament_index/resource_index/parent_prefix_path/ldlidar_component
[0.846s] -- Up-to-date: /home/ro01/workspace/ros2_ws/install/ldlidar_component/share/ldlidar_component/environment/ament_prefix_path.sh
[0.847s] -- Up-to-date: /home/ro01/workspace/ros2_ws/install/ldlidar_component/share/ldlidar_component/environment/ament_prefix_path.dsv
[0.847s] -- Up-to-date: /home/ro01/workspace/ros2_ws/install/ldlidar_component/share/ldlidar_component/environment/path.sh
[0.848s] -- Up-to-date: /home/ro01/workspace/ros2_ws/install/ldlidar_component/share/ldlidar_component/environment/path.dsv
[0.848s] -- Up-to-date: /home/ro01/workspace/ros2_ws/install/ldlidar_component/share/ldlidar_component/local_setup.bash
[0.848s] -- Up-to-date: /home/ro01/workspace/ros2_ws/install/ldlidar_component/share/ldlidar_component/local_setup.sh
[0.848s] -- Up-to-date: /home/ro01/workspace/ros2_ws/install/ldlidar_component/share/ldlidar_component/local_setup.zsh
[0.849s] -- Up-to-date: /home/ro01/workspace/ros2_ws/install/ldlidar_component/share/ldlidar_component/local_setup.dsv
[0.849s] -- Installing: /home/ro01/workspace/ros2_ws/install/ldlidar_component/share/ldlidar_component/package.dsv
[0.849s] -- Up-to-date: /home/ro01/workspace/ros2_ws/install/ldlidar_component/share/ament_index/resource_index/packages/ldlidar_component
[0.850s] -- Up-to-date: /home/ro01/workspace/ros2_ws/install/ldlidar_component/share/ament_index/resource_index/rclcpp_components/ldlidar_component
[0.850s] -- Up-to-date: /home/ro01/workspace/ros2_ws/install/ldlidar_component/share/ldlidar_component/cmake/ament_cmake_export_include_directories-extras.cmake
[0.851s] -- Up-to-date: /home/ro01/workspace/ros2_ws/install/ldlidar_component/share/ldlidar_component/cmake/ament_cmake_export_libraries-extras.cmake
[0.851s] -- Up-to-date: /home/ro01/workspace/ros2_ws/install/ldlidar_component/share/ldlidar_component/cmake/ament_cmake_export_dependencies-extras.cmake
[0.851s] -- Up-to-date: /home/ro01/workspace/ros2_ws/install/ldlidar_component/share/ldlidar_component/cmake/ldlidar_componentConfig.cmake
[0.852s] -- Up-to-date: /home/ro01/workspace/ros2_ws/install/ldlidar_component/share/ldlidar_component/cmake/ldlidar_componentConfig-version.cmake
[0.852s] -- Up-to-date: /home/ro01/workspace/ros2_ws/install/ldlidar_component/share/ldlidar_component/package.xml
[0.857s] Invoked command in '/home/ro01/workspace/ros2_ws/build/ldlidar_component' returned '0': CMAKE_PREFIX_PATH=${CMAKE_PREFIX_PATH}:/home/ro01/workspace/ros2_ws/install/sdk:/home/ro01/workspace/ros2_ws/install/ros_robot_controller:/home/ro01/workspace/ros2_ws/install/peripherals:/home/ro01/workspace/ros2_ws/install/mentorpi_description:/home/ro01/workspace/ros2_ws/install/controller:/home/ro01/workspace/ros2_ws/install/calibration:/opt/ros/jazzy DEBUGINFOD_URLS=https://debuginfod.ubuntu.com /usr/bin/cmake --install /home/ro01/workspace/ros2_ws/build/ldlidar_component
