[1.983s] Invoking command in '/home/ro01/workspace/ros2_ws/src/peripherals': DEBUGINFOD_URLS=https://debuginfod.ubuntu.com PYTHONPATH=/home/ro01/workspace/ros2_ws/build/peripherals/prefix_override:/usr/lib/python3/dist-packages/colcon_core/task/python/colcon_distutils_commands:/home/ro01/workspace/ros2_ws/install/peripherals/lib/python3.12/site-packages:${PYTHONPATH} /usr/bin/python3 -W ignore:setup.py install is deprecated -W ignore:easy_install command is deprecated setup.py egg_info --egg-base ../../build/peripherals build --build-base /home/ro01/workspace/ros2_ws/build/peripherals/build install --record /home/ro01/workspace/ros2_ws/build/peripherals/install.log --single-version-externally-managed install_data
[2.635s] running egg_info
[2.678s] writing ../../build/peripherals/peripherals.egg-info/PKG-INFO
[2.678s] writing dependency_links to ../../build/peripherals/peripherals.egg-info/dependency_links.txt
[2.686s] writing entry points to ../../build/peripherals/peripherals.egg-info/entry_points.txt
[2.686s] writing requirements to ../../build/peripherals/peripherals.egg-info/requires.txt
[2.688s] writing top-level names to ../../build/peripherals/peripherals.egg-info/top_level.txt
[2.781s] reading manifest file '../../build/peripherals/peripherals.egg-info/SOURCES.txt'
[2.783s] writing manifest file '../../build/peripherals/peripherals.egg-info/SOURCES.txt'
[2.784s] running build
[2.784s] running build_py
[2.785s] running install
[2.797s] running install_lib
[2.864s] running install_data
[2.866s] running install_egg_info
[2.927s] removing '/home/ro01/workspace/ros2_ws/install/peripherals/lib/python3.12/site-packages/peripherals-0.0.0-py3.12.egg-info' (and everything under it)
[2.927s] Copying ../../build/peripherals/peripherals.egg-info to /home/ro01/workspace/ros2_ws/install/peripherals/lib/python3.12/site-packages/peripherals-0.0.0-py3.12.egg-info
[2.931s] running install_scripts
[3.237s] Installing joystick_control script to /home/ro01/workspace/ros2_ws/install/peripherals/lib/peripherals
[3.238s] Installing teleop_key_control script to /home/ro01/workspace/ros2_ws/install/peripherals/lib/peripherals
[3.244s] Installing tf_broadcaster_imu script to /home/ro01/workspace/ros2_ws/install/peripherals/lib/peripherals
[3.248s] writing list of installed files to '/home/ro01/workspace/ros2_ws/build/peripherals/install.log'
[3.426s] Invoked command in '/home/ro01/workspace/ros2_ws/src/peripherals' returned '0': DEBUGINFOD_URLS=https://debuginfod.ubuntu.com PYTHONPATH=/home/ro01/workspace/ros2_ws/build/peripherals/prefix_override:/usr/lib/python3/dist-packages/colcon_core/task/python/colcon_distutils_commands:/home/ro01/workspace/ros2_ws/install/peripherals/lib/python3.12/site-packages:${PYTHONPATH} /usr/bin/python3 -W ignore:setup.py install is deprecated -W ignore:easy_install command is deprecated setup.py egg_info --egg-base ../../build/peripherals build --build-base /home/ro01/workspace/ros2_ws/build/peripherals/build install --record /home/ro01/workspace/ros2_ws/build/peripherals/install.log --single-version-externally-managed install_data
