/home/ro01/workspace/ros2_ws/install/calibration/lib/python3.12/site-packages/calibration/__init__.py
/home/ro01/workspace/ros2_ws/install/calibration/lib/python3.12/site-packages/calibration/calibrate_angular.py
/home/ro01/workspace/ros2_ws/install/calibration/lib/python3.12/site-packages/calibration/calibrate_linear.py
/home/ro01/workspace/ros2_ws/install/calibration/lib/python3.12/site-packages/calibration/__pycache__/__init__.cpython-312.pyc
/home/ro01/workspace/ros2_ws/install/calibration/lib/python3.12/site-packages/calibration/__pycache__/calibrate_angular.cpython-312.pyc
/home/ro01/workspace/ros2_ws/install/calibration/lib/python3.12/site-packages/calibration/__pycache__/calibrate_linear.cpython-312.pyc
/home/ro01/workspace/ros2_ws/install/calibration/share/ament_index/resource_index/packages/calibration
/home/ro01/workspace/ros2_ws/install/calibration/share/calibration/package.xml
/home/ro01/workspace/ros2_ws/install/calibration/share/calibration/launch/linear_calib.launch.py
/home/ro01/workspace/ros2_ws/install/calibration/share/calibration/launch/angular_calib.launch.py
/home/ro01/workspace/ros2_ws/install/calibration/share/calibration/config/imu_calib.yaml
/home/ro01/workspace/ros2_ws/install/calibration/share/calibration/config/bk.yaml
/home/ro01/workspace/ros2_ws/install/calibration/lib/python3.12/site-packages/calibration-0.0.0-py3.12.egg-info/SOURCES.txt
/home/ro01/workspace/ros2_ws/install/calibration/lib/python3.12/site-packages/calibration-0.0.0-py3.12.egg-info/top_level.txt
/home/ro01/workspace/ros2_ws/install/calibration/lib/python3.12/site-packages/calibration-0.0.0-py3.12.egg-info/PKG-INFO
/home/ro01/workspace/ros2_ws/install/calibration/lib/python3.12/site-packages/calibration-0.0.0-py3.12.egg-info/zip-safe
/home/ro01/workspace/ros2_ws/install/calibration/lib/python3.12/site-packages/calibration-0.0.0-py3.12.egg-info/requires.txt
/home/ro01/workspace/ros2_ws/install/calibration/lib/python3.12/site-packages/calibration-0.0.0-py3.12.egg-info/dependency_links.txt
/home/ro01/workspace/ros2_ws/install/calibration/lib/python3.12/site-packages/calibration-0.0.0-py3.12.egg-info/entry_points.txt
/home/ro01/workspace/ros2_ws/install/calibration/lib/calibration/calibrate_angular
/home/ro01/workspace/ros2_ws/install/calibration/lib/calibration/calibrate_linear
