[3.152s] Invoking command in '/home/ro01/workspace/ros2_ws/src/driver/controller': DEBUGINFOD_URLS=https://debuginfod.ubuntu.com PYTHONPATH=/home/ro01/workspace/ros2_ws/build/controller/prefix_override:/usr/lib/python3/dist-packages/colcon_core/task/python/colcon_distutils_commands:/home/ro01/workspace/ros2_ws/install/controller/lib/python3.12/site-packages:${PYTHONPATH} /usr/bin/python3 -W ignore:setup.py install is deprecated -W ignore:easy_install command is deprecated setup.py egg_info --egg-base ../../../build/controller build --build-base /home/ro01/workspace/ros2_ws/build/controller/build install --record /home/ro01/workspace/ros2_ws/build/controller/install.log --single-version-externally-managed install_data
[3.979s] running egg_info
[4.027s] writing ../../../build/controller/controller.egg-info/PKG-INFO
[4.029s] writing dependency_links to ../../../build/controller/controller.egg-info/dependency_links.txt
[4.040s] writing entry points to ../../../build/controller/controller.egg-info/entry_points.txt
[4.041s] writing requirements to ../../../build/controller/controller.egg-info/requires.txt
[4.041s] writing top-level names to ../../../build/controller/controller.egg-info/top_level.txt
[4.178s] reading manifest file '../../../build/controller/controller.egg-info/SOURCES.txt'
[4.179s] writing manifest file '../../../build/controller/controller.egg-info/SOURCES.txt'
[4.179s] running build
[4.179s] running build_py
[4.179s] running install
[4.196s] running install_lib
[4.255s] running install_data
[4.256s] running install_egg_info
[4.300s] removing '/home/ro01/workspace/ros2_ws/install/controller/lib/python3.12/site-packages/controller-0.0.0-py3.12.egg-info' (and everything under it)
[4.302s] Copying ../../../build/controller/controller.egg-info to /home/ro01/workspace/ros2_ws/install/controller/lib/python3.12/site-packages/controller-0.0.0-py3.12.egg-info
[4.307s] running install_scripts
[4.717s] Installing init_pose script to /home/ro01/workspace/ros2_ws/install/controller/lib/controller
[4.719s] Installing odom_publisher script to /home/ro01/workspace/ros2_ws/install/controller/lib/controller
[4.730s] writing list of installed files to '/home/ro01/workspace/ros2_ws/build/controller/install.log'
[5.019s] Invoked command in '/home/ro01/workspace/ros2_ws/src/driver/controller' returned '0': DEBUGINFOD_URLS=https://debuginfod.ubuntu.com PYTHONPATH=/home/ro01/workspace/ros2_ws/build/controller/prefix_override:/usr/lib/python3/dist-packages/colcon_core/task/python/colcon_distutils_commands:/home/ro01/workspace/ros2_ws/install/controller/lib/python3.12/site-packages:${PYTHONPATH} /usr/bin/python3 -W ignore:setup.py install is deprecated -W ignore:easy_install command is deprecated setup.py egg_info --egg-base ../../../build/controller build --build-base /home/ro01/workspace/ros2_ws/build/controller/build install --record /home/ro01/workspace/ros2_ws/build/controller/install.log --single-version-externally-managed install_data
