-- Install configuration: ""
-- Up-to-date: /home/oli/Desktop/Oliver/Uni/MA/RepoTrajektorienfolgeregelung/MA-Trajektorienfolgeregelung/workspace/ros2_ws/install/orchestrator_launch/share/orchestrator_launch/launch
-- Up-to-date: /home/oli/Desktop/Oliver/Uni/MA/RepoTrajektorienfolgeregelung/MA-Trajektorienfolgeregelung/workspace/ros2_ws/install/orchestrator_launch/share/orchestrator_launch/launch/__pycache__
-- Up-to-date: /home/oli/Desktop/Oliver/Uni/MA/RepoTrajektorienfolgeregelung/MA-Trajektorienfolgeregelung/workspace/ros2_ws/install/orchestrator_launch/share/orchestrator_launch/launch/__pycache__/slam_toolbox.launch.cpython-312.pyc
-- Up-to-date: /home/oli/Desktop/Oliver/Uni/MA/RepoTrajektorienfolgeregelung/MA-Trajektorienfolgeregelung/workspace/ros2_ws/install/orchestrator_launch/share/orchestrator_launch/launch/slam_toolbox.launch.py
-- Up-to-date: /home/oli/Desktop/Oliver/Uni/MA/RepoTrajektorienfolgeregelung/MA-Trajektorienfolgeregelung/workspace/ros2_ws/install/orchestrator_launch/share/orchestrator_launch/launch/launch_full_slam_stack.launch.py
-- Up-to-date: /home/oli/Desktop/Oliver/Uni/MA/RepoTrajektorienfolgeregelung/MA-Trajektorienfolgeregelung/workspace/ros2_ws/install/orchestrator_launch/share/ament_index/resource_index/package_run_dependencies/orchestrator_launch
-- Up-to-date: /home/oli/Desktop/Oliver/Uni/MA/RepoTrajektorienfolgeregelung/MA-Trajektorienfolgeregelung/workspace/ros2_ws/install/orchestrator_launch/share/ament_index/resource_index/parent_prefix_path/orchestrator_launch
-- Up-to-date: /home/oli/Desktop/Oliver/Uni/MA/RepoTrajektorienfolgeregelung/MA-Trajektorienfolgeregelung/workspace/ros2_ws/install/orchestrator_launch/share/orchestrator_launch/environment/ament_prefix_path.sh
-- Up-to-date: /home/oli/Desktop/Oliver/Uni/MA/RepoTrajektorienfolgeregelung/MA-Trajektorienfolgeregelung/workspace/ros2_ws/install/orchestrator_launch/share/orchestrator_launch/environment/ament_prefix_path.dsv
-- Up-to-date: /home/oli/Desktop/Oliver/Uni/MA/RepoTrajektorienfolgeregelung/MA-Trajektorienfolgeregelung/workspace/ros2_ws/install/orchestrator_launch/share/orchestrator_launch/environment/path.sh
-- Up-to-date: /home/oli/Desktop/Oliver/Uni/MA/RepoTrajektorienfolgeregelung/MA-Trajektorienfolgeregelung/workspace/ros2_ws/install/orchestrator_launch/share/orchestrator_launch/environment/path.dsv
-- Up-to-date: /home/oli/Desktop/Oliver/Uni/MA/RepoTrajektorienfolgeregelung/MA-Trajektorienfolgeregelung/workspace/ros2_ws/install/orchestrator_launch/share/orchestrator_launch/local_setup.bash
-- Up-to-date: /home/oli/Desktop/Oliver/Uni/MA/RepoTrajektorienfolgeregelung/MA-Trajektorienfolgeregelung/workspace/ros2_ws/install/orchestrator_launch/share/orchestrator_launch/local_setup.sh
-- Up-to-date: /home/oli/Desktop/Oliver/Uni/MA/RepoTrajektorienfolgeregelung/MA-Trajektorienfolgeregelung/workspace/ros2_ws/install/orchestrator_launch/share/orchestrator_launch/local_setup.zsh
-- Up-to-date: /home/oli/Desktop/Oliver/Uni/MA/RepoTrajektorienfolgeregelung/MA-Trajektorienfolgeregelung/workspace/ros2_ws/install/orchestrator_launch/share/orchestrator_launch/local_setup.dsv
-- Installing: /home/oli/Desktop/Oliver/Uni/MA/RepoTrajektorienfolgeregelung/MA-Trajektorienfolgeregelung/workspace/ros2_ws/install/orchestrator_launch/share/orchestrator_launch/package.dsv
-- Up-to-date: /home/oli/Desktop/Oliver/Uni/MA/RepoTrajektorienfolgeregelung/MA-Trajektorienfolgeregelung/workspace/ros2_ws/install/orchestrator_launch/share/ament_index/resource_index/packages/orchestrator_launch
-- Up-to-date: /home/oli/Desktop/Oliver/Uni/MA/RepoTrajektorienfolgeregelung/MA-Trajektorienfolgeregelung/workspace/ros2_ws/install/orchestrator_launch/share/orchestrator_launch/cmake/orchestrator_launchConfig.cmake
-- Up-to-date: /home/oli/Desktop/Oliver/Uni/MA/RepoTrajektorienfolgeregelung/MA-Trajektorienfolgeregelung/workspace/ros2_ws/install/orchestrator_launch/share/orchestrator_launch/cmake/orchestrator_launchConfig-version.cmake
-- Up-to-date: /home/oli/Desktop/Oliver/Uni/MA/RepoTrajektorienfolgeregelung/MA-Trajektorienfolgeregelung/workspace/ros2_ws/install/orchestrator_launch/share/orchestrator_launch/package.xml
