[0.049s] Invoking command in '/home/ro01/workspace/ros2_ws/build/ldlidar_node': AMENT_PREFIX_PATH=/home/ro01/workspace/ros2_ws/install/ldlidar_component:${AMENT_PREFIX_PATH} CMAKE_PREFIX_PATH=/home/ro01/workspace/ros2_ws/install/ldlidar_component:/home/ro01/workspace/ros2_ws/install/ros_robot_controller_msgs:/home/ro01/workspace/ros2_ws/install/ldlidar:/home/ro01/workspace/ros2_ws/install/ldlidar_node:/home/ro01/workspace/ros2_ws/install/imu_calib:/home/ro01/workspace2/ros2_ws/install/ros_robot_controller_msgs:/home/ro01/workspace2/ros2_ws/install/ldlidar:/home/ro01/workspace2/ros2_ws/install/ldlidar_node:/home/ro01/workspace2/ros2_ws/install/ldlidar_component:/home/ro01/workspace2/ros2_ws/install/imu_calib:/opt/ros/jazzy/opt/gz_math_vendor:/opt/ros/jazzy/opt/gz_utils_vendor:/opt/ros/jazzy/opt/gz_cmake_vendor:/home/ro01/workspace/ros2_ws/install/sdk:/home/ro01/workspace/ros2_ws/install/ros_robot_controller:/home/ro01/workspace/ros2_ws/install/peripherals:/home/ro01/workspace/ros2_ws/install/mentorpi_description:/home/ro01/workspace/ros2_ws/install/controller:/home/ro01/workspace/ros2_ws/install/calibration:/home/ro01/workspace2/ros2_ws/install/sdk:/home/ro01/workspace2/ros2_ws/install/ros_robot_controller:/home/ro01/workspace2/ros2_ws/install/peripherals:/home/ro01/workspace2/ros2_ws/install/mentorpi_description:/home/ro01/workspace2/ros2_ws/install/controller:/home/ro01/workspace2/ros2_ws/install/calibration:/opt/ros/jazzy DEBUGINFOD_URLS=https://debuginfod.ubuntu.com LD_LIBRARY_PATH=/home/ro01/workspace/ros2_ws/install/ldlidar_component/lib:/home/ro01/workspace/ros2_ws/install/ros_robot_controller_msgs/lib:/home/ro01/workspace2/ros2_ws/install/ros_robot_controller_msgs/lib:/home/ro01/workspace2/ros2_ws/install/ldlidar_component/lib:/opt/ros/jazzy/opt/rviz_ogre_vendor/lib:/opt/ros/jazzy/lib/aarch64-linux-gnu:/opt/ros/jazzy/opt/gz_math_vendor/lib:/opt/ros/jazzy/opt/gz_utils_vendor/lib:/opt/ros/jazzy/opt/gz_cmake_vendor/lib:/opt/ros/jazzy/lib /usr/bin/cmake /home/ro01/workspace/ros2_ws/src/ldrobot-lidar-ros2/ldlidar_node -DCMAKE_INSTALL_PREFIX=/home/ro01/workspace/ros2_ws/install/ldlidar_node
[0.360s] -- The C compiler identification is GNU 13.2.0
[0.551s] -- The CXX compiler identification is GNU 13.2.0
[0.621s] -- Detecting C compiler ABI info
[1.106s] -- Detecting C compiler ABI info - done
[1.142s] -- Check for working C compiler: /usr/bin/cc - skipped
[1.144s] -- Detecting C compile features
[1.145s] -- Detecting C compile features - done
[1.181s] -- Detecting CXX compiler ABI info
[1.606s] -- Detecting CXX compiler ABI info - done
[1.643s] -- Check for working CXX compiler: /usr/bin/c++ - skipped
[1.648s] -- Detecting CXX compile features
[1.648s] -- Detecting CXX compile features - done
[1.656s] --  * Release Mode
[1.656s] -- * Found ROS2 jazzy
[1.657s] [33mCMake Warning at CMakeLists.txt:70 (message):
[1.657s]   ROS2 jazzy is not officially supported by this package.  Correct working is
[1.657s]   not guarantee.
[1.657s] 
[1.657s] [0m
[1.663s] -- Found ament_cmake: 2.5.2 (/opt/ros/jazzy/share/ament_cmake/cmake)
[2.487s] -- Found Python3: /usr/bin/python3 (found version "3.12.3") found components: Interpreter 
[2.980s] -- Found rclcpp: 28.1.5 (/opt/ros/jazzy/share/rclcpp/cmake)
[3.174s] -- Found rosidl_generator_c: 4.6.4 (/opt/ros/jazzy/share/rosidl_generator_c/cmake)
[3.288s] -- Found rosidl_generator_cpp: 4.6.4 (/opt/ros/jazzy/share/rosidl_generator_cpp/cmake)
[3.381s] -- Using all available rosidl_typesupport_c: rosidl_typesupport_fastrtps_c;rosidl_typesupport_introspection_c
[3.536s] -- Using all available rosidl_typesupport_cpp: rosidl_typesupport_fastrtps_cpp;rosidl_typesupport_introspection_cpp
[4.070s] -- Found rmw_implementation_cmake: 7.3.1 (/opt/ros/jazzy/share/rmw_implementation_cmake/cmake)
[4.100s] -- Found rmw_fastrtps_cpp: 8.4.1 (/opt/ros/jazzy/share/rmw_fastrtps_cpp/cmake)
[4.577s] -- Found OpenSSL: /usr/lib/aarch64-linux-gnu/libcrypto.so (found version "3.0.13")  
[4.656s] -- Found FastRTPS: /opt/ros/jazzy/include (Required is at least version "2.13") 
[4.776s] -- Using RMW implementation 'rmw_fastrtps_cpp' as default
[5.240s] -- Found rclcpp_components: 28.1.5 (/opt/ros/jazzy/share/rclcpp_components/cmake)
[5.406s] -- Found rclcpp_lifecycle: 28.1.5 (/opt/ros/jazzy/share/rclcpp_lifecycle/cmake)
[5.534s] -- Found ldlidar_component: 0.2.0 (/home/ro01/workspace/ros2_ws/install/ldlidar_component/share/ldlidar_component/cmake)
[6.314s] -- Found eigen3_cmake_module: 0.3.0 (/opt/ros/jazzy/share/eigen3_cmake_module/cmake)
[6.318s] -- Found Eigen3: TRUE (found version "3.4.0") 
[6.319s] -- Ensuring Eigen3 include directory is part of orocos-kdl CMake target
[6.493s] -- Found ament_lint_auto: 0.17.1 (/opt/ros/jazzy/share/ament_lint_auto/cmake)
[9.580s] -- Found python_cmake_module: 0.11.1 (/opt/ros/jazzy/share/python_cmake_module/cmake)
[10.404s] -- Found PythonExtra: /usr/bin/python3  
[10.436s] -- Added test 'copyright' to check source files copyright and LICENSE
[10.443s] -- Added test 'cppcheck' to perform static code analysis on C / C++ code
[10.443s] -- Configured cppcheck include dirs: 
[10.449s] -- Configured cppcheck exclude dirs and/or files: 
[10.456s] -- Added test 'cpplint' to check C / C++ code against the Google style
[10.459s] -- Configured cpplint exclude dirs and/or files: 
[10.463s] -- Added test 'flake8' to check Python code syntax and style conventions
[10.468s] -- Configured 'flake8' exclude dirs and/or files: 
[10.469s] -- Added test 'lint_cmake' to check CMake code style
[10.475s] -- Added test 'pep257' to check Python code against some of the docstring style conventions in PEP 257
[10.484s] -- Added test 'uncrustify' to check C / C++ code style
[10.486s] -- Configured uncrustify additional arguments: 
[10.490s] -- Added test 'xmllint' to check XML markup files
[10.503s] -- Configuring done (10.4s)
[10.749s] -- Generating done (0.2s)
[10.772s] -- Build files have been written to: /home/ro01/workspace/ros2_ws/build/ldlidar_node
[10.814s] Invoked command in '/home/ro01/workspace/ros2_ws/build/ldlidar_node' returned '0': AMENT_PREFIX_PATH=/home/ro01/workspace/ros2_ws/install/ldlidar_component:${AMENT_PREFIX_PATH} CMAKE_PREFIX_PATH=/home/ro01/workspace/ros2_ws/install/ldlidar_component:/home/ro01/workspace/ros2_ws/install/ros_robot_controller_msgs:/home/ro01/workspace/ros2_ws/install/ldlidar:/home/ro01/workspace/ros2_ws/install/ldlidar_node:/home/ro01/workspace/ros2_ws/install/imu_calib:/home/ro01/workspace2/ros2_ws/install/ros_robot_controller_msgs:/home/ro01/workspace2/ros2_ws/install/ldlidar:/home/ro01/workspace2/ros2_ws/install/ldlidar_node:/home/ro01/workspace2/ros2_ws/install/ldlidar_component:/home/ro01/workspace2/ros2_ws/install/imu_calib:/opt/ros/jazzy/opt/gz_math_vendor:/opt/ros/jazzy/opt/gz_utils_vendor:/opt/ros/jazzy/opt/gz_cmake_vendor:/home/ro01/workspace/ros2_ws/install/sdk:/home/ro01/workspace/ros2_ws/install/ros_robot_controller:/home/ro01/workspace/ros2_ws/install/peripherals:/home/ro01/workspace/ros2_ws/install/mentorpi_description:/home/ro01/workspace/ros2_ws/install/controller:/home/ro01/workspace/ros2_ws/install/calibration:/home/ro01/workspace2/ros2_ws/install/sdk:/home/ro01/workspace2/ros2_ws/install/ros_robot_controller:/home/ro01/workspace2/ros2_ws/install/peripherals:/home/ro01/workspace2/ros2_ws/install/mentorpi_description:/home/ro01/workspace2/ros2_ws/install/controller:/home/ro01/workspace2/ros2_ws/install/calibration:/opt/ros/jazzy DEBUGINFOD_URLS=https://debuginfod.ubuntu.com LD_LIBRARY_PATH=/home/ro01/workspace/ros2_ws/install/ldlidar_component/lib:/home/ro01/workspace/ros2_ws/install/ros_robot_controller_msgs/lib:/home/ro01/workspace2/ros2_ws/install/ros_robot_controller_msgs/lib:/home/ro01/workspace2/ros2_ws/install/ldlidar_component/lib:/opt/ros/jazzy/opt/rviz_ogre_vendor/lib:/opt/ros/jazzy/lib/aarch64-linux-gnu:/opt/ros/jazzy/opt/gz_math_vendor/lib:/opt/ros/jazzy/opt/gz_utils_vendor/lib:/opt/ros/jazzy/opt/gz_cmake_vendor/lib:/opt/ros/jazzy/lib /usr/bin/cmake /home/ro01/workspace/ros2_ws/src/ldrobot-lidar-ros2/ldlidar_node -DCMAKE_INSTALL_PREFIX=/home/ro01/workspace/ros2_ws/install/ldlidar_node
[10.815s] Invoking command in '/home/ro01/workspace/ros2_ws/build/ldlidar_node': AMENT_PREFIX_PATH=/home/ro01/workspace/ros2_ws/install/ldlidar_component:${AMENT_PREFIX_PATH} CMAKE_PREFIX_PATH=/home/ro01/workspace/ros2_ws/install/ldlidar_component:/home/ro01/workspace/ros2_ws/install/ros_robot_controller_msgs:/home/ro01/workspace/ros2_ws/install/ldlidar:/home/ro01/workspace/ros2_ws/install/ldlidar_node:/home/ro01/workspace/ros2_ws/install/imu_calib:/home/ro01/workspace2/ros2_ws/install/ros_robot_controller_msgs:/home/ro01/workspace2/ros2_ws/install/ldlidar:/home/ro01/workspace2/ros2_ws/install/ldlidar_node:/home/ro01/workspace2/ros2_ws/install/ldlidar_component:/home/ro01/workspace2/ros2_ws/install/imu_calib:/opt/ros/jazzy/opt/gz_math_vendor:/opt/ros/jazzy/opt/gz_utils_vendor:/opt/ros/jazzy/opt/gz_cmake_vendor:/home/ro01/workspace/ros2_ws/install/sdk:/home/ro01/workspace/ros2_ws/install/ros_robot_controller:/home/ro01/workspace/ros2_ws/install/peripherals:/home/ro01/workspace/ros2_ws/install/mentorpi_description:/home/ro01/workspace/ros2_ws/install/controller:/home/ro01/workspace/ros2_ws/install/calibration:/home/ro01/workspace2/ros2_ws/install/sdk:/home/ro01/workspace2/ros2_ws/install/ros_robot_controller:/home/ro01/workspace2/ros2_ws/install/peripherals:/home/ro01/workspace2/ros2_ws/install/mentorpi_description:/home/ro01/workspace2/ros2_ws/install/controller:/home/ro01/workspace2/ros2_ws/install/calibration:/opt/ros/jazzy DEBUGINFOD_URLS=https://debuginfod.ubuntu.com LD_LIBRARY_PATH=/home/ro01/workspace/ros2_ws/install/ldlidar_component/lib:/home/ro01/workspace/ros2_ws/install/ros_robot_controller_msgs/lib:/home/ro01/workspace2/ros2_ws/install/ros_robot_controller_msgs/lib:/home/ro01/workspace2/ros2_ws/install/ldlidar_component/lib:/opt/ros/jazzy/opt/rviz_ogre_vendor/lib:/opt/ros/jazzy/lib/aarch64-linux-gnu:/opt/ros/jazzy/opt/gz_math_vendor/lib:/opt/ros/jazzy/opt/gz_utils_vendor/lib:/opt/ros/jazzy/opt/gz_cmake_vendor/lib:/opt/ros/jazzy/lib /usr/bin/cmake --build /home/ro01/workspace/ros2_ws/build/ldlidar_node -- -j4 -l4
[11.088s] [ 50%] [32mBuilding CXX object CMakeFiles/ldlidar_node.dir/src/ldlidar_container_node.cpp.o[0m
[26.451s] [100%] [32m[1mLinking CXX executable ldlidar_node[0m
[27.735s] [100%] Built target ldlidar_node
[27.833s] Invoked command in '/home/ro01/workspace/ros2_ws/build/ldlidar_node' returned '0': AMENT_PREFIX_PATH=/home/ro01/workspace/ros2_ws/install/ldlidar_component:${AMENT_PREFIX_PATH} CMAKE_PREFIX_PATH=/home/ro01/workspace/ros2_ws/install/ldlidar_component:/home/ro01/workspace/ros2_ws/install/ros_robot_controller_msgs:/home/ro01/workspace/ros2_ws/install/ldlidar:/home/ro01/workspace/ros2_ws/install/ldlidar_node:/home/ro01/workspace/ros2_ws/install/imu_calib:/home/ro01/workspace2/ros2_ws/install/ros_robot_controller_msgs:/home/ro01/workspace2/ros2_ws/install/ldlidar:/home/ro01/workspace2/ros2_ws/install/ldlidar_node:/home/ro01/workspace2/ros2_ws/install/ldlidar_component:/home/ro01/workspace2/ros2_ws/install/imu_calib:/opt/ros/jazzy/opt/gz_math_vendor:/opt/ros/jazzy/opt/gz_utils_vendor:/opt/ros/jazzy/opt/gz_cmake_vendor:/home/ro01/workspace/ros2_ws/install/sdk:/home/ro01/workspace/ros2_ws/install/ros_robot_controller:/home/ro01/workspace/ros2_ws/install/peripherals:/home/ro01/workspace/ros2_ws/install/mentorpi_description:/home/ro01/workspace/ros2_ws/install/controller:/home/ro01/workspace/ros2_ws/install/calibration:/home/ro01/workspace2/ros2_ws/install/sdk:/home/ro01/workspace2/ros2_ws/install/ros_robot_controller:/home/ro01/workspace2/ros2_ws/install/peripherals:/home/ro01/workspace2/ros2_ws/install/mentorpi_description:/home/ro01/workspace2/ros2_ws/install/controller:/home/ro01/workspace2/ros2_ws/install/calibration:/opt/ros/jazzy DEBUGINFOD_URLS=https://debuginfod.ubuntu.com LD_LIBRARY_PATH=/home/ro01/workspace/ros2_ws/install/ldlidar_component/lib:/home/ro01/workspace/ros2_ws/install/ros_robot_controller_msgs/lib:/home/ro01/workspace2/ros2_ws/install/ros_robot_controller_msgs/lib:/home/ro01/workspace2/ros2_ws/install/ldlidar_component/lib:/opt/ros/jazzy/opt/rviz_ogre_vendor/lib:/opt/ros/jazzy/lib/aarch64-linux-gnu:/opt/ros/jazzy/opt/gz_math_vendor/lib:/opt/ros/jazzy/opt/gz_utils_vendor/lib:/opt/ros/jazzy/opt/gz_cmake_vendor/lib:/opt/ros/jazzy/lib /usr/bin/cmake --build /home/ro01/workspace/ros2_ws/build/ldlidar_node -- -j4 -l4
[27.834s] Invoking command in '/home/ro01/workspace/ros2_ws/build/ldlidar_node': AMENT_PREFIX_PATH=/home/ro01/workspace/ros2_ws/install/ldlidar_component:${AMENT_PREFIX_PATH} CMAKE_PREFIX_PATH=/home/ro01/workspace/ros2_ws/install/ldlidar_component:/home/ro01/workspace/ros2_ws/install/ros_robot_controller_msgs:/home/ro01/workspace/ros2_ws/install/ldlidar:/home/ro01/workspace/ros2_ws/install/ldlidar_node:/home/ro01/workspace/ros2_ws/install/imu_calib:/home/ro01/workspace2/ros2_ws/install/ros_robot_controller_msgs:/home/ro01/workspace2/ros2_ws/install/ldlidar:/home/ro01/workspace2/ros2_ws/install/ldlidar_node:/home/ro01/workspace2/ros2_ws/install/ldlidar_component:/home/ro01/workspace2/ros2_ws/install/imu_calib:/opt/ros/jazzy/opt/gz_math_vendor:/opt/ros/jazzy/opt/gz_utils_vendor:/opt/ros/jazzy/opt/gz_cmake_vendor:/home/ro01/workspace/ros2_ws/install/sdk:/home/ro01/workspace/ros2_ws/install/ros_robot_controller:/home/ro01/workspace/ros2_ws/install/peripherals:/home/ro01/workspace/ros2_ws/install/mentorpi_description:/home/ro01/workspace/ros2_ws/install/controller:/home/ro01/workspace/ros2_ws/install/calibration:/home/ro01/workspace2/ros2_ws/install/sdk:/home/ro01/workspace2/ros2_ws/install/ros_robot_controller:/home/ro01/workspace2/ros2_ws/install/peripherals:/home/ro01/workspace2/ros2_ws/install/mentorpi_description:/home/ro01/workspace2/ros2_ws/install/controller:/home/ro01/workspace2/ros2_ws/install/calibration:/opt/ros/jazzy DEBUGINFOD_URLS=https://debuginfod.ubuntu.com LD_LIBRARY_PATH=/home/ro01/workspace/ros2_ws/install/ldlidar_component/lib:/home/ro01/workspace/ros2_ws/install/ros_robot_controller_msgs/lib:/home/ro01/workspace2/ros2_ws/install/ros_robot_controller_msgs/lib:/home/ro01/workspace2/ros2_ws/install/ldlidar_component/lib:/opt/ros/jazzy/opt/rviz_ogre_vendor/lib:/opt/ros/jazzy/lib/aarch64-linux-gnu:/opt/ros/jazzy/opt/gz_math_vendor/lib:/opt/ros/jazzy/opt/gz_utils_vendor/lib:/opt/ros/jazzy/opt/gz_cmake_vendor/lib:/opt/ros/jazzy/lib /usr/bin/cmake --install /home/ro01/workspace/ros2_ws/build/ldlidar_node
[27.883s] -- Install configuration: "Release"
[27.883s] -- Installing: /home/ro01/workspace/ros2_ws/install/ldlidar_node/lib/ldlidar_node/ldlidar_node
[27.888s] -- Set non-toolchain portion of runtime path of "/home/ro01/workspace/ros2_ws/install/ldlidar_node/lib/ldlidar_node/ldlidar_node" to ""
[27.888s] -- Installing: /home/ro01/workspace/ros2_ws/install/ldlidar_node/share/ldlidar_node/params
[27.888s] -- Installing: /home/ro01/workspace/ros2_ws/install/ldlidar_node/share/ldlidar_node/params/slam_toolbox.yaml
[27.889s] -- Installing: /home/ro01/workspace/ros2_ws/install/ldlidar_node/share/ldlidar_node/params/lifecycle_mgr.yaml
[27.889s] -- Installing: /home/ro01/workspace/ros2_ws/install/ldlidar_node/share/ldlidar_node/params/lifecycle_mgr_slam.yaml
[27.892s] -- Installing: /home/ro01/workspace/ros2_ws/install/ldlidar_node/share/ldlidar_node/params/ldlidar.yaml
[27.897s] -- Installing: /home/ro01/workspace/ros2_ws/install/ldlidar_node/share/ldlidar_node/config
[27.898s] -- Installing: /home/ro01/workspace/ros2_ws/install/ldlidar_node/share/ldlidar_node/config/ldlidar_slam.rviz
[27.898s] -- Installing: /home/ro01/workspace/ros2_ws/install/ldlidar_node/share/ldlidar_node/config/ldlidar.rviz
[27.898s] -- Installing: /home/ro01/workspace/ros2_ws/install/ldlidar_node/share/ldlidar_node/urdf
[27.898s] -- Installing: /home/ro01/workspace/ros2_ws/install/ldlidar_node/share/ldlidar_node/urdf/ldlidar_descr.urdf.xml
[27.899s] -- Installing: /home/ro01/workspace/ros2_ws/install/ldlidar_node/share/ldlidar_node/urdf/model
[27.899s] -- Installing: /home/ro01/workspace/ros2_ws/install/ldlidar_node/share/ldlidar_node/urdf/model/LD19.stl
[27.908s] -- Installing: /home/ro01/workspace/ros2_ws/install/ldlidar_node/share/ldlidar_node/launch
[27.911s] -- Installing: /home/ro01/workspace/ros2_ws/install/ldlidar_node/share/ldlidar_node/launch/ldlidar_with_mgr.launch.py
[27.911s] -- Installing: /home/ro01/workspace/ros2_ws/install/ldlidar_node/share/ldlidar_node/launch/ldlidar.launch.py
[27.915s] -- Installing: /home/ro01/workspace/ros2_ws/install/ldlidar_node/share/ldlidar_node/launch/ldlidar_rviz2.launch.py
[27.915s] -- Installing: /home/ro01/workspace/ros2_ws/install/ldlidar_node/share/ldlidar_node/launch/ldlidar_slam.launch.py
[27.915s] -- Installing: /home/ro01/workspace/ros2_ws/install/ldlidar_node/share/ament_index/resource_index/package_run_dependencies/ldlidar_node
[27.916s] -- Installing: /home/ro01/workspace/ros2_ws/install/ldlidar_node/share/ament_index/resource_index/parent_prefix_path/ldlidar_node
[27.916s] -- Installing: /home/ro01/workspace/ros2_ws/install/ldlidar_node/share/ldlidar_node/environment/ament_prefix_path.sh
[27.916s] -- Installing: /home/ro01/workspace/ros2_ws/install/ldlidar_node/share/ldlidar_node/environment/ament_prefix_path.dsv
[27.916s] -- Installing: /home/ro01/workspace/ros2_ws/install/ldlidar_node/share/ldlidar_node/environment/path.sh
[27.916s] -- Installing: /home/ro01/workspace/ros2_ws/install/ldlidar_node/share/ldlidar_node/environment/path.dsv
[27.916s] -- Installing: /home/ro01/workspace/ros2_ws/install/ldlidar_node/share/ldlidar_node/local_setup.bash
[27.917s] -- Installing: /home/ro01/workspace/ros2_ws/install/ldlidar_node/share/ldlidar_node/local_setup.sh
[27.917s] -- Installing: /home/ro01/workspace/ros2_ws/install/ldlidar_node/share/ldlidar_node/local_setup.zsh
[27.917s] -- Installing: /home/ro01/workspace/ros2_ws/install/ldlidar_node/share/ldlidar_node/local_setup.dsv
[27.917s] -- Installing: /home/ro01/workspace/ros2_ws/install/ldlidar_node/share/ldlidar_node/package.dsv
[27.918s] -- Installing: /home/ro01/workspace/ros2_ws/install/ldlidar_node/share/ament_index/resource_index/packages/ldlidar_node
[27.918s] -- Installing: /home/ro01/workspace/ros2_ws/install/ldlidar_node/share/ldlidar_node/cmake/ldlidar_nodeConfig.cmake
[27.921s] -- Installing: /home/ro01/workspace/ros2_ws/install/ldlidar_node/share/ldlidar_node/cmake/ldlidar_nodeConfig-version.cmake
[27.921s] -- Installing: /home/ro01/workspace/ros2_ws/install/ldlidar_node/share/ldlidar_node/package.xml
[27.939s] Invoked command in '/home/ro01/workspace/ros2_ws/build/ldlidar_node' returned '0': AMENT_PREFIX_PATH=/home/ro01/workspace/ros2_ws/install/ldlidar_component:${AMENT_PREFIX_PATH} CMAKE_PREFIX_PATH=/home/ro01/workspace/ros2_ws/install/ldlidar_component:/home/ro01/workspace/ros2_ws/install/ros_robot_controller_msgs:/home/ro01/workspace/ros2_ws/install/ldlidar:/home/ro01/workspace/ros2_ws/install/ldlidar_node:/home/ro01/workspace/ros2_ws/install/imu_calib:/home/ro01/workspace2/ros2_ws/install/ros_robot_controller_msgs:/home/ro01/workspace2/ros2_ws/install/ldlidar:/home/ro01/workspace2/ros2_ws/install/ldlidar_node:/home/ro01/workspace2/ros2_ws/install/ldlidar_component:/home/ro01/workspace2/ros2_ws/install/imu_calib:/opt/ros/jazzy/opt/gz_math_vendor:/opt/ros/jazzy/opt/gz_utils_vendor:/opt/ros/jazzy/opt/gz_cmake_vendor:/home/ro01/workspace/ros2_ws/install/sdk:/home/ro01/workspace/ros2_ws/install/ros_robot_controller:/home/ro01/workspace/ros2_ws/install/peripherals:/home/ro01/workspace/ros2_ws/install/mentorpi_description:/home/ro01/workspace/ros2_ws/install/controller:/home/ro01/workspace/ros2_ws/install/calibration:/home/ro01/workspace2/ros2_ws/install/sdk:/home/ro01/workspace2/ros2_ws/install/ros_robot_controller:/home/ro01/workspace2/ros2_ws/install/peripherals:/home/ro01/workspace2/ros2_ws/install/mentorpi_description:/home/ro01/workspace2/ros2_ws/install/controller:/home/ro01/workspace2/ros2_ws/install/calibration:/opt/ros/jazzy DEBUGINFOD_URLS=https://debuginfod.ubuntu.com LD_LIBRARY_PATH=/home/ro01/workspace/ros2_ws/install/ldlidar_component/lib:/home/ro01/workspace/ros2_ws/install/ros_robot_controller_msgs/lib:/home/ro01/workspace2/ros2_ws/install/ros_robot_controller_msgs/lib:/home/ro01/workspace2/ros2_ws/install/ldlidar_component/lib:/opt/ros/jazzy/opt/rviz_ogre_vendor/lib:/opt/ros/jazzy/lib/aarch64-linux-gnu:/opt/ros/jazzy/opt/gz_math_vendor/lib:/opt/ros/jazzy/opt/gz_utils_vendor/lib:/opt/ros/jazzy/opt/gz_cmake_vendor/lib:/opt/ros/jazzy/lib /usr/bin/cmake --install /home/ro01/workspace/ros2_ws/build/ldlidar_node
