[1.890s] Invoking command in '/home/ro01/workspace/ros2_ws/src/driver/ros_robot_controller': DEBUGINFOD_URLS=https://debuginfod.ubuntu.com PYTHONPATH=/home/ro01/workspace/ros2_ws/build/ros_robot_controller/prefix_override:/usr/lib/python3/dist-packages/colcon_core/task/python/colcon_distutils_commands:/home/ro01/workspace/ros2_ws/install/ros_robot_controller/lib/python3.12/site-packages:${PYTHONPATH} /usr/bin/python3 -W ignore:setup.py install is deprecated -W ignore:easy_install command is deprecated setup.py egg_info --egg-base ../../../build/ros_robot_controller build --build-base /home/ro01/workspace/ros2_ws/build/ros_robot_controller/build install --record /home/ro01/workspace/ros2_ws/build/ros_robot_controller/install.log --single-version-externally-managed install_data
[2.302s] running egg_info
[2.327s] writing ../../../build/ros_robot_controller/ros_robot_controller.egg-info/PKG-INFO
[2.327s] writing dependency_links to ../../../build/ros_robot_controller/ros_robot_controller.egg-info/dependency_links.txt
[2.327s] writing entry points to ../../../build/ros_robot_controller/ros_robot_controller.egg-info/entry_points.txt
[2.327s] writing requirements to ../../../build/ros_robot_controller/ros_robot_controller.egg-info/requires.txt
[2.327s] writing top-level names to ../../../build/ros_robot_controller/ros_robot_controller.egg-info/top_level.txt
[2.378s] reading manifest file '../../../build/ros_robot_controller/ros_robot_controller.egg-info/SOURCES.txt'
[2.379s] writing manifest file '../../../build/ros_robot_controller/ros_robot_controller.egg-info/SOURCES.txt'
[2.379s] running build
[2.379s] running build_py
[2.379s] copying ros_robot_controller/ros_robot_controller_node.py -> /home/ro01/workspace/ros2_ws/build/ros_robot_controller/build/lib/ros_robot_controller
[2.380s] running install
[2.389s] running install_lib
[2.421s] copying /home/ro01/workspace/ros2_ws/build/ros_robot_controller/build/lib/ros_robot_controller/ros_robot_controller_node.py -> /home/ro01/workspace/ros2_ws/install/ros_robot_controller/lib/python3.12/site-packages/ros_robot_controller
[2.422s] byte-compiling /home/ro01/workspace/ros2_ws/install/ros_robot_controller/lib/python3.12/site-packages/ros_robot_controller/ros_robot_controller_node.py to ros_robot_controller_node.cpython-312.pyc
[2.428s] running install_data
[2.430s] running install_egg_info
[2.458s] removing '/home/ro01/workspace/ros2_ws/install/ros_robot_controller/lib/python3.12/site-packages/ros_robot_controller-0.0.0-py3.12.egg-info' (and everything under it)
[2.459s] Copying ../../../build/ros_robot_controller/ros_robot_controller.egg-info to /home/ro01/workspace/ros2_ws/install/ros_robot_controller/lib/python3.12/site-packages/ros_robot_controller-0.0.0-py3.12.egg-info
[2.460s] running install_scripts
[2.685s] Installing ros_robot_controller script to /home/ro01/workspace/ros2_ws/install/ros_robot_controller/lib/ros_robot_controller
[2.702s] writing list of installed files to '/home/ro01/workspace/ros2_ws/build/ros_robot_controller/install.log'
[2.800s] Invoked command in '/home/ro01/workspace/ros2_ws/src/driver/ros_robot_controller' returned '0': DEBUGINFOD_URLS=https://debuginfod.ubuntu.com PYTHONPATH=/home/ro01/workspace/ros2_ws/build/ros_robot_controller/prefix_override:/usr/lib/python3/dist-packages/colcon_core/task/python/colcon_distutils_commands:/home/ro01/workspace/ros2_ws/install/ros_robot_controller/lib/python3.12/site-packages:${PYTHONPATH} /usr/bin/python3 -W ignore:setup.py install is deprecated -W ignore:easy_install command is deprecated setup.py egg_info --egg-base ../../../build/ros_robot_controller build --build-base /home/ro01/workspace/ros2_ws/build/ros_robot_controller/build install --record /home/ro01/workspace/ros2_ws/build/ros_robot_controller/install.log --single-version-externally-managed install_data
